Log file open, 11/02/16 20:58:17
LogInit:Display: Running engine for game: Greg
LogPlatformFile: Not using cached read wrapper
LogInit:Display: RandInit(-1556255580) SRandInit(-1556255580).
LogTaskGraph: Started task graph with 5 named threads and 8 total threads with 1 sets of task threads.
LogStats: Stats thread started at 0.073305
LogPluginManager: Loaded Plugin Paper2D, From F:/Epic Games/Epic Games/4.13/Engine/Plugins/2D/Paper2D/Paper2D.uplugin
LogPluginManager: Loaded Plugin LightPropagationVolume, From F:/Epic Games/Epic Games/4.13/Engine/Plugins/Blendables/LightPropagationVolume/LightPropagationVolume.uplugin
LogPluginManager: Loaded Plugin BlankPlugin, From F:/Epic Games/Epic Games/4.13/Engine/Plugins/Developer/BlankPlugin/BlankPlugin.uplugin
LogPluginManager: Loaded Plugin CodeLiteSourceCodeAccess, From F:/Epic Games/Epic Games/4.13/Engine/Plugins/Developer/CodeLiteSourceCodeAccess/CodeLiteSourceCodeAccess.uplugin
LogPluginManager: Loaded Plugin GitSourceControl, From F:/Epic Games/Epic Games/4.13/Engine/Plugins/Developer/GitSourceControl/GitSourceControl.uplugin
LogPluginManager: Loaded Plugin KDevelopSourceCodeAccess, From F:/Epic Games/Epic Games/4.13/Engine/Plugins/Developer/KDevelopSourceCodeAccess/KDevelopSourceCodeAccess.uplugin
LogPluginManager: Loaded Plugin NullSourceCodeAccess, From F:/Epic Games/Epic Games/4.13/Engine/Plugins/Developer/NullSourceCodeAccess/NullSourceCodeAccess.uplugin
LogPluginManager: Loaded Plugin OneSkyLocalizationService, From F:/Epic Games/Epic Games/4.13/Engine/Plugins/Developer/OneSkyLocalizationService/OneSkyLocalizationService.uplugin
LogPluginManager: Loaded Plugin PerforceSourceControl, From F:/Epic Games/Epic Games/4.13/Engine/Plugins/Developer/PerforceSourceControl/PerforceSourceControl.uplugin
LogPluginManager: Loaded Plugin SubversionSourceControl, From F:/Epic Games/Epic Games/4.13/Engine/Plugins/Developer/SubversionSourceControl/SubversionSourceControl.uplugin
LogPluginManager: Loaded Plugin UObjectPlugin, From F:/Epic Games/Epic Games/4.13/Engine/Plugins/Developer/UObjectPlugin/UObjectPlugin.uplugin
LogPluginManager: Loaded Plugin VisualStudioSourceCodeAccess, From F:/Epic Games/Epic Games/4.13/Engine/Plugins/Developer/VisualStudioSourceCodeAccess/VisualStudioSourceCodeAccess.uplugin
LogPluginManager: Loaded Plugin XCodeSourceCodeAccess, From F:/Epic Games/Epic Games/4.13/Engine/Plugins/Developer/XCodeSourceCodeAccess/XCodeSourceCodeAccess.uplugin
LogPluginManager: Loaded Plugin EpicSurvey, From F:/Epic Games/Epic Games/4.13/Engine/Plugins/Editor/EpicSurvey/EpicSurvey.uplugin
LogPluginManager: Loaded Plugin MacGraphicsSwitching, From F:/Epic Games/Epic Games/4.13/Engine/Plugins/Editor/MacGraphicsSwitching/MacGraphicsSwitching.uplugin
LogPluginManager: Loaded Plugin MobileLauncherProfileWizard, From F:/Epic Games/Epic Games/4.13/Engine/Plugins/Editor/MobileLauncherProfileWizard/MobileLauncherProfileWizard.uplugin
LogPluginManager: Loaded Plugin PluginBrowser, From F:/Epic Games/Epic Games/4.13/Engine/Plugins/Editor/PluginBrowser/PluginBrowser.uplugin
LogPluginManager: Loaded Plugin SpeedTreeImporter, From F:/Epic Games/Epic Games/4.13/Engine/Plugins/Editor/SpeedTreeImporter/SpeedTreeImporter.uplugin
LogPluginManager: Loaded Plugin SuperSearchEditor, From F:/Epic Games/Epic Games/4.13/Engine/Plugins/Editor/SuperSearchEditor/SuperSearchEditor.uplugin
LogPluginManager: Loaded Plugin AlembicImporter, From F:/Epic Games/Epic Games/4.13/Engine/Plugins/Experimental/AlembicImporter/AlembicImporter.uplugin
LogPluginManager: Loaded Plugin BlueprintStats, From F:/Epic Games/Epic Games/4.13/Engine/Plugins/Experimental/BlueprintStats/BlueprintStats.uplugin
LogPluginManager: Loaded Plugin CharacterAI, From F:/Epic Games/Epic Games/4.13/Engine/Plugins/Experimental/CharacterAI/CharacterAI.uplugin
LogPluginManager: Loaded Plugin CodeEditor, From F:/Epic Games/Epic Games/4.13/Engine/Plugins/Experimental/CodeEditor/CodeEditor.uplugin
LogPluginManager: Loaded Plugin CodeView, From F:/Epic Games/Epic Games/4.13/Engine/Plugins/Experimental/CodeView/CodeView.uplugin
LogPluginManager: Loaded Plugin HTML5Networking, From F:/Epic Games/Epic Games/4.13/Engine/Plugins/Experimental/HTML5Networking/HTML5Networking.uplugin
LogPluginManager: Loaded Plugin LiveEditor, From F:/Epic Games/Epic Games/4.13/Engine/Plugins/Experimental/LiveEditor/LiveEditor.uplugin
LogPluginManager: Loaded Plugin OSVR, From F:/Epic Games/Epic Games/4.13/Engine/Plugins/Experimental/OSVR/OSVR.uplugin
LogPluginManager: Loaded Plugin Phya, From F:/Epic Games/Epic Games/4.13/Engine/Plugins/Experimental/Phya/Phya.uplugin
LogPluginManager: Loaded Plugin SignificanceManager, From F:/Epic Games/Epic Games/4.13/Engine/Plugins/Experimental/SignificanceManager/SignificanceManager.uplugin
LogPluginManager: Loaded Plugin SimpleHMD, From F:/Epic Games/Epic Games/4.13/Engine/Plugins/Experimental/SimpleHMD/SimpleHMD.uplugin
LogPluginManager: Loaded Plugin StereoPanorama, From F:/Epic Games/Epic Games/4.13/Engine/Plugins/Experimental/StereoPanorama/StereoPanorama.uplugin
LogPluginManager: Loaded Plugin StructBox, From F:/Epic Games/Epic Games/4.13/Engine/Plugins/Experimental/StructBox/StructBox.uplugin
LogPluginManager: Loaded Plugin AndroidMedia, From F:/Epic Games/Epic Games/4.13/Engine/Plugins/Media/AndroidMedia/AndroidMedia.uplugin
LogPluginManager: Loaded Plugin AvfMedia, From F:/Epic Games/Epic Games/4.13/Engine/Plugins/Media/AvfMedia/AvfMedia.uplugin
LogPluginManager: Loaded Plugin MediaPlayerEditor, From F:/Epic Games/Epic Games/4.13/Engine/Plugins/Media/MediaPlayerEditor/MediaPlayerEditor.uplugin
LogPluginManager: Loaded Plugin WmfMedia, From F:/Epic Games/Epic Games/4.13/Engine/Plugins/Media/WmfMedia/WmfMedia.uplugin
LogPluginManager: Loaded Plugin MessagingDebugger, From F:/Epic Games/Epic Games/4.13/Engine/Plugins/Messaging/MessagingDebugger/MessagingDebugger.uplugin
LogPluginManager: Loaded Plugin TcpMessaging, From F:/Epic Games/Epic Games/4.13/Engine/Plugins/Messaging/TcpMessaging/TcpMessaging.uplugin
LogPluginManager: Loaded Plugin UdpMessaging, From F:/Epic Games/Epic Games/4.13/Engine/Plugins/Messaging/UdpMessaging/UdpMessaging.uplugin
LogPluginManager: Loaded Plugin LevelSequenceEditor, From F:/Epic Games/Epic Games/4.13/Engine/Plugins/MovieScene/LevelSequenceEditor/LevelSequenceEditor.uplugin
LogPluginManager: Loaded Plugin MatineeToLevelSequence, From F:/Epic Games/Epic Games/4.13/Engine/Plugins/MovieScene/MatineeToLevelSequence/MatineeToLevelSequence.uplugin
LogPluginManager: Loaded Plugin NetcodeUnitTest, From F:/Epic Games/Epic Games/4.13/Engine/Plugins/NetcodeUnitTest/NetcodeUnitTest/NetcodeUnitTest.uplugin
LogPluginManager: Loaded Plugin NUTUnrealEngine4, From F:/Epic Games/Epic Games/4.13/Engine/Plugins/NetcodeUnitTest/NUTUnrealEngine4/NUTUnrealEngine4.uplugin
LogPluginManager: Loaded Plugin OnlineSubsystemGooglePlay, From F:/Epic Games/Epic Games/4.13/Engine/Plugins/Online/Android/OnlineSubsystemGooglePlay/OnlineSubsystemGooglePlay.uplugin
LogPluginManager: Loaded Plugin OnlineSubsystemIOS, From F:/Epic Games/Epic Games/4.13/Engine/Plugins/Online/IOS/OnlineSubsystemIOS/OnlineSubsystemIOS.uplugin
LogPluginManager: Loaded Plugin OnlineFramework, From F:/Epic Games/Epic Games/4.13/Engine/Plugins/Online/OnlineFramework/OnlineFramework.uplugin
LogPluginManager: Loaded Plugin OnlineSubsystem, From F:/Epic Games/Epic Games/4.13/Engine/Plugins/Online/OnlineSubsystem/OnlineSubsystem.uplugin
LogPluginManager: Loaded Plugin OnlineSubsystemAmazon, From F:/Epic Games/Epic Games/4.13/Engine/Plugins/Online/OnlineSubsystemAmazon/OnlineSubsystemAmazon.uplugin
LogPluginManager: Loaded Plugin OnlineSubsystemFacebook, From F:/Epic Games/Epic Games/4.13/Engine/Plugins/Online/OnlineSubsystemFacebook/OnlineSubsystemFacebook.uplugin
LogPluginManager: Loaded Plugin OnlineSubsystemNull, From F:/Epic Games/Epic Games/4.13/Engine/Plugins/Online/OnlineSubsystemNull/OnlineSubsystemNull.uplugin
LogPluginManager: Loaded Plugin OnlineSubsystemOculus, From F:/Epic Games/Epic Games/4.13/Engine/Plugins/Online/OnlineSubsystemOculus/OnlineSubsystemOculus.uplugin
LogPluginManager: Loaded Plugin OnlineSubsystemSteam, From F:/Epic Games/Epic Games/4.13/Engine/Plugins/Online/OnlineSubsystemSteam/OnlineSubsystemSteam.uplugin
LogPluginManager: Loaded Plugin OnlineSubsystemUtils, From F:/Epic Games/Epic Games/4.13/Engine/Plugins/Online/OnlineSubsystemUtils/OnlineSubsystemUtils.uplugin
LogPluginManager: Loaded Plugin IOSTapJoy, From F:/Epic Games/Epic Games/4.13/Engine/Plugins/Runtime/Advertising/IOSTapJoy/IOSTapJoy.uplugin
LogPluginManager: Loaded Plugin AnalyticsBlueprintLibrary, From F:/Epic Games/Epic Games/4.13/Engine/Plugins/Runtime/Analytics/AnalyticsBlueprintLibrary/AnalyticsBlueprintLibrary.uplugin
LogPluginManager: Loaded Plugin AnalyticsMulticast, From F:/Epic Games/Epic Games/4.13/Engine/Plugins/Runtime/Analytics/AnalyticsMulticast/AnalyticsMulticast.uplugin
LogPluginManager: Loaded Plugin Apsalar, From F:/Epic Games/Epic Games/4.13/Engine/Plugins/Runtime/Analytics/Apsalar/Apsalar.uplugin
LogPluginManager: Loaded Plugin FileLogging, From F:/Epic Games/Epic Games/4.13/Engine/Plugins/Runtime/Analytics/FileLogging/FileLogging.uplugin
LogPluginManager: Loaded Plugin Flurry, From F:/Epic Games/Epic Games/4.13/Engine/Plugins/Runtime/Analytics/Flurry/Flurry.uplugin
LogPluginManager: Loaded Plugin AndroidDeviceProfileSelector, From F:/Epic Games/Epic Games/4.13/Engine/Plugins/Runtime/AndroidDeviceProfileSelector/AndroidDeviceProfileSelector.uplugin
LogPluginManager: Loaded Plugin AndroidMoviePlayer, From F:/Epic Games/Epic Games/4.13/Engine/Plugins/Runtime/AndroidMoviePlayer/AndroidMoviePlayer.uplugin
LogPluginManager: Loaded Plugin AppleMoviePlayer, From F:/Epic Games/Epic Games/4.13/Engine/Plugins/Runtime/AppleMoviePlayer/AppleMoviePlayer.uplugin
LogPluginManager: Loaded Plugin ArchVisCharacter, From F:/Epic Games/Epic Games/4.13/Engine/Plugins/Runtime/ArchVisCharacter/ArchVisCharacter.uplugin
LogPluginManager: Loaded Plugin CableComponent, From F:/Epic Games/Epic Games/4.13/Engine/Plugins/Runtime/CableComponent/CableComponent.uplugin
LogPluginManager: Loaded Plugin CustomMeshComponent, From F:/Epic Games/Epic Games/4.13/Engine/Plugins/Runtime/CustomMeshComponent/CustomMeshComponent.uplugin
LogPluginManager: Loaded Plugin ExampleDeviceProfileSelector, From F:/Epic Games/Epic Games/4.13/Engine/Plugins/Runtime/ExampleDeviceProfileSelector/ExampleDeviceProfileSelector.uplugin
LogPluginManager: Loaded Plugin GearVR, From F:/Epic Games/Epic Games/4.13/Engine/Plugins/Runtime/GearVR/GearVR.uplugin
LogPluginManager: Loaded Plugin GoogleVRController, From F:/Epic Games/Epic Games/4.13/Engine/Plugins/Runtime/GoogleVR/GoogleVRController/GoogleVRController.uplugin
LogPluginManager: Loaded Plugin GoogleVRHMD, From F:/Epic Games/Epic Games/4.13/Engine/Plugins/Runtime/GoogleVR/GoogleVRHMD/GoogleVRHMD.uplugin
LogPluginManager: Loaded Plugin IOSDeviceProfileSelector, From F:/Epic Games/Epic Games/4.13/Engine/Plugins/Runtime/IOSDeviceProfileSelector/IOSDeviceProfileSelector.uplugin
LogPluginManager: Loaded Plugin LeapMotion, From F:/Epic Games/Epic Games/4.13/Engine/Plugins/Runtime/LeapMotion/LeapMotion.uplugin
LogPluginManager: Loaded Plugin LinuxDeviceProfileSelector, From F:/Epic Games/Epic Games/4.13/Engine/Plugins/Runtime/LinuxDeviceProfileSelector/LinuxDeviceProfileSelector.uplugin
LogPluginManager: Loaded Plugin LiveEditorListenServer, From F:/Epic Games/Epic Games/4.13/Engine/Plugins/Runtime/LiveEditorListenServer/LiveEditorListenServer.uplugin
LogPluginManager: Loaded Plugin OculusAudio, From F:/Epic Games/Epic Games/4.13/Engine/Plugins/Runtime/OculusAudio/OculusAudio.uplugin
LogPluginManager: Loaded Plugin OculusInput, From F:/Epic Games/Epic Games/4.13/Engine/Plugins/Runtime/OculusInput/OculusInput.uplugin
LogPluginManager: Loaded Plugin OculusLibrary, From F:/Epic Games/Epic Games/4.13/Engine/Plugins/Runtime/OculusLibrary/OculusLibrary.uplugin
LogPluginManager: Loaded Plugin OculusRift, From F:/Epic Games/Epic Games/4.13/Engine/Plugins/Runtime/OculusRift/OculusRift.uplugin
LogPluginManager: Loaded Plugin Oodle, From F:/Epic Games/Epic Games/4.13/Engine/Plugins/Runtime/PacketHandlers/CompressionComponents/Oodle/Oodle.uplugin
LogPluginManager: Loaded Plugin ProceduralMeshComponent, From F:/Epic Games/Epic Games/4.13/Engine/Plugins/Runtime/ProceduralMeshComponent/ProceduralMeshComponent.uplugin
LogPluginManager: Loaded Plugin SoundMod, From F:/Epic Games/Epic Games/4.13/Engine/Plugins/Runtime/SoundMod/SoundMod.uplugin
LogPluginManager: Loaded Plugin SoundVisualizations, From F:/Epic Games/Epic Games/4.13/Engine/Plugins/Runtime/SoundVisualizations/SoundVisualizations.uplugin
LogPluginManager: Loaded Plugin SteamController, From F:/Epic Games/Epic Games/4.13/Engine/Plugins/Runtime/Steam/SteamController/SteamController.uplugin
LogPluginManager: Loaded Plugin SteamVR, From F:/Epic Games/Epic Games/4.13/Engine/Plugins/Runtime/Steam/SteamVR/SteamVR.uplugin
LogPluginManager: Loaded Plugin WebBrowserWidget, From F:/Epic Games/Epic Games/4.13/Engine/Plugins/Runtime/WebBrowserWidget/WebBrowserWidget.uplugin
LogPluginManager: Loaded Plugin WindowsDeviceProfileSelector, From F:/Epic Games/Epic Games/4.13/Engine/Plugins/Runtime/WindowsDeviceProfileSelector/WindowsDeviceProfileSelector.uplugin
LogPluginManager: Loaded Plugin WindowsMoviePlayer, From F:/Epic Games/Epic Games/4.13/Engine/Plugins/Runtime/WindowsMoviePlayer/WindowsMoviePlayer.uplugin
LogPluginManager: Loaded Plugin ScriptPlugin, From F:/Epic Games/Epic Games/4.13/Engine/Plugins/ScriptPlugin/ScriptPlugin.uplugin
LogPluginManager: Loaded Plugin SlateRemote, From F:/Epic Games/Epic Games/4.13/Engine/Plugins/Slate/SlateRemote/SlateRemote.uplugin
LogInit: Using libcurl 7.47.1
LogInit:  - built for x86_64-pc-win32
LogInit:  - supports SSL with WinSSL
LogInit:  - other features:
LogInit:      CURL_VERSION_SSL
LogInit:      CURL_VERSION_IPV6
LogInit:      CURL_VERSION_ASYNCHDNS
LogInit:      CURL_VERSION_LARGEFILE
LogInit:      CURL_VERSION_IDN
LogInit:  CurlRequestOptions (configurable via config and command line):
LogInit:  - bVerifyPeer = false  - Libcurl will NOT verify peer certificate
LogInit:  - bUseHttpProxy = false  - Libcurl will NOT use HTTP proxy
LogInit:  - bDontReuseConnections = false  - Libcurl will reuse connections
LogInit:  - CertBundlePath = nullptr  - Libcurl will use whatever was configured at build time.
LogInit: Build: ++UE4+Release-4.13-CL-3172292
LogInit: Engine Version: 4.13.2-3172292+++UE4+Release-4.13
LogInit: Compatible Engine Version: 4.13.0-3106830+++UE4+Release-4.13
LogInit: Net CL: 3172292
LogDevObjectVersion: Number of dev versions registered: 13
LogDevObjectVersion:   Dev-Blueprints (B0D832E4-1F89-4F0D-ACCF-7EB736FD4AA2): 5
LogDevObjectVersion:   Dev-Build (E1C64328-A22C-4D53-A36C-8E866417BD8C): 0
LogDevObjectVersion:   Dev-Core (375EC13C-06E4-48FB-B500-84F0262A717E): 1
LogDevObjectVersion:   Dev-Editor (E4B068ED-F494-42E9-A231-DA0B2E46BB41): 6
LogDevObjectVersion:   Dev-Framework (CFFC743F-43B0-4480-9391-14DF171D2073): 12
LogDevObjectVersion:   Dev-Mobile (B02B49B5-BB20-44E9-A304-32B752E40360): 0
LogDevObjectVersion:   Dev-Networking (A4E4105C-59A1-49B5-A7C5-40C4547EDFEE): 0
LogDevObjectVersion:   Dev-Online (39C831C9-5AE6-47DC-9A44-9C173E1C8E7C): 0
LogDevObjectVersion:   Dev-Physics (78F01B33-EBEA-4F98-B9B4-84EACCB95AA2): 0
LogDevObjectVersion:   Dev-Platform (6631380F-2D4D-43E0-8009-CF276956A95A): 0
LogDevObjectVersion:   Dev-Rendering (12F88B9F-8875-4AFC-A67C-D90C383ABD29): 4
LogDevObjectVersion:   Dev-Sequencer (7B5AE74C-D270-4C10-A958-57980B212A5A): 0
LogDevObjectVersion:   Dev-VR (D7296918-1DD6-4BDD-9DE2-64A83CC13884): 0
LogInit: Compiled (64-bit): Oct 24 2016 14:29:06
LogInit: Compiled with Visual C++: 19.00.23026.00
LogInit: Build Configuration: Development
LogInit: Branch Name: ++UE4+Release-4.13
LogInit: Command line:  
LogInit: Base directory: F:/Epic Games/Epic Games/4.13/Engine/Binaries/Win64/
LogInit: Installed Engine Build: 1
LogInit: Presizing for max 8388607 objects, including 0 objects not considered by GC, pre-allocating 0 bytes for permanent pool.
LogInit: Object subsystem initialized
[2016.11.03-03.58.17:855][  0]LogInit: Selected Device Profile: [Windows]
[2016.11.03-03.58.17:855][  0]LogInit: Applying CVar settings loaded from the selected device profile: [Windows]
[2016.11.03-03.58.17:863][  0]LogInit: Computer: DESKTOP-WIN10
[2016.11.03-03.58.17:863][  0]LogInit: User: Thomas
[2016.11.03-03.58.17:863][  0]LogInit: CPU Page size=65536, Cores=4
[2016.11.03-03.58.17:863][  0]LogInit: High frequency timer resolution =3.312644 MHz
[2016.11.03-03.58.17:863][  0]LogMemory: Memory total: Physical=15.6GB (16GB approx)
[2016.11.03-03.58.17:863][  0]LogMemory: Platform Memory Stats for Windows
[2016.11.03-03.58.17:863][  0]LogMemory: Process Physical Memory: 255.70 MB used, 255.70 MB peak
[2016.11.03-03.58.17:863][  0]LogMemory: Process Virtual Memory: 259.85 MB used, 259.85 MB peak
[2016.11.03-03.58.17:863][  0]LogMemory: Physical Memory: 5686.18 MB used, 16015.83 MB total
[2016.11.03-03.58.17:863][  0]LogMemory: Virtual Memory: 622.36 MB used, 134217728.00 MB total
[2016.11.03-03.58.17:884][  0]LogTextLocalizationManager: No specific translations for ('en-US') exist, so ('en') translations will be used.
[2016.11.03-03.58.18:415][  0]LogD3D11RHI: D3D11 adapters:
[2016.11.03-03.58.18:426][  0]LogD3D11RHI:    0. 'AMD Radeon R9 200 Series' (Feature Level 11_0)
[2016.11.03-03.58.18:427][  0]LogD3D11RHI:       3052/0/8007 MB DedicatedVideo/DedicatedSystem/SharedSystem, Outputs:2, VendorId:0x1002
[2016.11.03-03.58.18:431][  0]LogD3D11RHI:    1. 'Intel(R) HD Graphics 4600' (Feature Level 11_0)
[2016.11.03-03.58.18:431][  0]LogD3D11RHI:       112/0/2048 MB DedicatedVideo/DedicatedSystem/SharedSystem, Outputs:1, VendorId:0x8086
[2016.11.03-03.58.18:432][  0]LogD3D11RHI:    2. 'Microsoft Basic Render Driver' (Feature Level 11_0)
[2016.11.03-03.58.18:432][  0]LogD3D11RHI:       0/0/8007 MB DedicatedVideo/DedicatedSystem/SharedSystem, Outputs:0, VendorId:0x1414
[2016.11.03-03.58.18:432][  0]LogD3D11RHI: Chosen D3D11 Adapter: 0
[2016.11.03-03.58.18:435][  0]LogD3D11RHI: Creating new Direct3DDevice
[2016.11.03-03.58.18:435][  0]LogD3D11RHI:     GPU DeviceId: 0x6798 (for the marketing name, search the web for "GPU Device Id")
[2016.11.03-03.58.18:435][  0]LogWindows: EnumDisplayDevices:
[2016.11.03-03.58.18:435][  0]LogWindows:    0. 'AMD Radeon R9 200 Series' (P:1 D:1)
[2016.11.03-03.58.18:435][  0]LogWindows:    1. 'AMD Radeon R9 200 Series' (P:0 D:1)
[2016.11.03-03.58.18:435][  0]LogWindows:    2. 'AMD Radeon R9 200 Series' (P:0 D:0)
[2016.11.03-03.58.18:436][  0]LogWindows:    3. 'AMD Radeon R9 200 Series' (P:0 D:0)
[2016.11.03-03.58.18:436][  0]LogWindows:    4. 'AMD Radeon R9 200 Series' (P:0 D:0)
[2016.11.03-03.58.18:436][  0]LogWindows:    5. 'AMD Radeon R9 200 Series' (P:0 D:0)
[2016.11.03-03.58.18:436][  0]LogWindows:    6. 'Intel(R) HD Graphics 4600' (P:0 D:1)
[2016.11.03-03.58.18:436][  0]LogWindows:    7. 'Intel(R) HD Graphics 4600' (P:0 D:0)
[2016.11.03-03.58.18:436][  0]LogWindows:    8. 'Intel(R) HD Graphics 4600' (P:0 D:0)
[2016.11.03-03.58.18:436][  0]LogWindows: DebugString: PrimaryIsNotTheChoosenAdapter PrimaryIsNotTheChoosenAdapter PrimaryIsNotTheChoosenAdapter FoundDriverCount:6 
[2016.11.03-03.58.18:437][  0]LogD3D11RHI:     Adapter Name: AMD Radeon R9 200 Series
[2016.11.03-03.58.18:437][  0]LogD3D11RHI:   Driver Version: Crimson 16.6 (internal:21.19.137.1, unified:21.19.137.1)
[2016.11.03-03.58.18:437][  0]LogD3D11RHI:      Driver Date: 9-16-2016
[2016.11.03-03.58.18:437][  0]LogRHI: Texture pool is 1361 MB (70% of 1945 MB)
[2016.11.03-03.58.18:444][  0]LogD3D11RHI: Async texture creation enabled
[2016.11.03-03.58.18:455][  0]LogD3D11RHI: GPU Timing Frequency: 27.000000 (Debug: 2 1)
[2016.11.03-03.58.18:456][  0]LogShaderCompilers: Guid format shader working directory is 11 characters bigger than the processId version (C:/Users/Thomas/Desktop/GitHub/Greg/Intermediate/Shaders/WorkingDirectory/11716/).
[2016.11.03-03.58.18:456][  0]LogShaderCompilers: Cleaned the shader compiler working directory 'C:/Users/Thomas/AppData/Local/Temp/UnrealShaderWorkingDir/CF6651944CA266B190CC4B95458515E1/'.
[2016.11.03-03.58.18:456][  0]LogShaderCompilers:Display: Using Local Shader Compiler.
[2016.11.03-03.58.19:234][  0]LogTemp:Display: Loaded TP AllDesktopTargetPlatform
[2016.11.03-03.58.19:242][  0]LogTemp:Display: Loaded TP WindowsClientTargetPlatform
[2016.11.03-03.58.19:251][  0]LogTemp:Display: Loaded TP WindowsNoEditorTargetPlatform
[2016.11.03-03.58.19:261][  0]LogTemp:Display: Loaded TP WindowsServerTargetPlatform
[2016.11.03-03.58.19:269][  0]LogTemp:Display: Loaded TP WindowsTargetPlatform
[2016.11.03-03.58.19:275][  0]LogTemp:Display: Loaded TP AndroidTargetPlatform
[2016.11.03-03.58.19:281][  0]LogTemp:Display: Loaded TP Android_ASTCTargetPlatform
[2016.11.03-03.58.19:286][  0]LogTemp:Display: Loaded TP Android_ATCTargetPlatform
[2016.11.03-03.58.19:292][  0]LogTemp:Display: Loaded TP Android_DXTTargetPlatform
[2016.11.03-03.58.19:298][  0]LogTemp:Display: Loaded TP Android_ETC1TargetPlatform
[2016.11.03-03.58.19:304][  0]LogTemp:Display: Loaded TP Android_ETC2TargetPlatform
[2016.11.03-03.58.19:315][  0]LogTemp:Display: Loaded TP Android_MultiTargetPlatform
[2016.11.03-03.58.19:315][  0]LogTemp:Display: Loaded TP Android_PVRTCTargetPlatform
[2016.11.03-03.58.19:316][  0]LogTemp:Display: Loaded TP HTML5TargetPlatform
[2016.11.03-03.58.19:335][  0]LogTemp:Display: Loaded TP IOSTargetPlatform
[2016.11.03-03.58.19:340][  0]LogTemp:Display: Loaded TP TVOSTargetPlatform
[2016.11.03-03.58.19:345][  0]LogTemp:Display: Loaded TP LinuxClientTargetPlatform
[2016.11.03-03.58.19:350][  0]LogTemp:Display: Loaded TP LinuxNoEditorTargetPlatform
[2016.11.03-03.58.19:356][  0]LogTemp:Display: Loaded TP LinuxServerTargetPlatform
[2016.11.03-03.58.19:362][  0]LogTemp:Display: Loaded TP LinuxTargetPlatform
[2016.11.03-03.58.19:362][  0]LogTargetPlatformManager:Display: Building Assets For Windows
[2016.11.03-03.58.19:448][  0]LogDerivedDataCache:Display: Max Cache Size: 512 MB
[2016.11.03-03.58.19:496][  0]LogDerivedDataCache: Loaded boot cache 0.05s 62MB C:/Users/Thomas/AppData/Local/UnrealEngine/4.13/DerivedDataCache/Boot.ddc.
[2016.11.03-03.58.19:496][  0]LogDerivedDataCache:Display: Loaded Boot cache: C:/Users/Thomas/AppData/Local/UnrealEngine/4.13/DerivedDataCache/Boot.ddc
[2016.11.03-03.58.19:496][  0]LogDerivedDataCache: FDerivedDataBackendGraph:  Pak pak cache file C:/Users/Thomas/Desktop/GitHub/Greg/DerivedDataCache/DDC.ddp not found, will not use a pak cache.
[2016.11.03-03.58.19:496][  0]LogDerivedDataCache: Unable to find inner node Pak for hierarchical cache Hierarchy.
[2016.11.03-03.58.19:496][  0]LogDerivedDataCache: FDerivedDataBackendGraph:  CompressedPak pak cache file C:/Users/Thomas/Desktop/GitHub/Greg/DerivedDataCache/Compressed.ddp not found, will not use a pak cache.
[2016.11.03-03.58.19:496][  0]LogDerivedDataCache: Unable to find inner node CompressedPak for hierarchical cache Hierarchy.
[2016.11.03-03.58.19:510][  0]LogDerivedDataCache:Display: Pak cache opened for reading ../../../Engine/DerivedDataCache/Compressed.ddp.
[2016.11.03-03.58.19:521][  0]LogDerivedDataCache: Using Local data cache path C:/Users/Thomas/AppData/Local/UnrealEngine/Common/DerivedDataCache: Writable
[2016.11.03-03.58.19:702][  0]LogInit: Selected Device Profile: [Windows]
[2016.11.03-03.58.19:705][  0]LogContentStreaming: Texture pool size is 0.00 MB
[2016.11.03-03.58.19:789][  0]LogMeshUtilities: No automatic mesh reduction module available
[2016.11.03-03.58.19:789][  0]LogMeshUtilities: No automatic mesh merging module available
[2016.11.03-03.58.19:789][  0]LogMeshUtilities: No distributed automatic mesh merging module available
[2016.11.03-03.58.19:847][  0]LogMaterial: Uniform references updated for custom material expression Custom.
[2016.11.03-03.58.20:090][  0]LogNetVersion: GetLocalNetworkVersion: CL: 3106830, ProjectName: greg, ProjectVersion: , EngineNetworkVersion: 1, GameNetworkVersion: 0, NetworkChecksum: 3459958176
[2016.11.03-03.58.20:123][  0]LogAssetRegistry: FAssetRegistry took 0.0212 seconds to start up
[2016.11.03-03.58.20:142][  0]LogPackageLocalizationCache: Processed 3 localized package path(s) for 2 prioritized culture(s) in 0.016700 seconds
[2016.11.03-03.58.20:147][  0]LogUObjectArray: 29778 objects as part of root set at end of initial load.
[2016.11.03-03.58.20:147][  0]LogUObjectAllocator: 6125448 out of 0 bytes used by permanent object pool.
[2016.11.03-03.58.20:147][  0]LogUObjectArray: CloseDisregardForGC: 0/0 objects in disregard for GC pool
[2016.11.03-03.58.20:154][  0]LogInit: WinSock: version 1.1 (2.2), MaxSocks=32767, MaxUdp=65467
[2016.11.03-03.58.20:354][  0]LogSlate: SlateFontCache - WITH_FREETYPE: 1, WITH_HARFBUZZ: 1
[2016.11.03-03.58.20:354][  0]LogSlate: SlateFontCache - WITH_FREETYPE: 1, WITH_HARFBUZZ: 1
[2016.11.03-03.58.20:972][  0]LogTcpMessaging: Initializing TcpMessaging bridge
[2016.11.03-03.58.20:996][  0]LogUdpMessaging: Initializing bridge on interface 0.0.0.0:0 to multicast group 230.0.0.1:6666.
[2016.11.03-03.58.21:220][  0]SourceControl: Info Source control is disabled
[2016.11.03-03.58.21:221][  0]SourceControl: Info Source control is disabled
[2016.11.03-03.58.21:233][  0]SourceControl: Info Source control is disabled
[2016.11.03-03.58.21:245][  0]SourceControl: Info Source control is disabled
[2016.11.03-03.58.21:589][  0]LogEngine: Initializing Engine...
[2016.11.03-03.58.21:590][  0]LogHMD: Failed to initialize OpenVR with code 100
[2016.11.03-03.58.21:700][  0]LogAIModule: Creating AISystem for world Untitled
[2016.11.03-03.58.21:710][  0]LogInit: XAudio2 using 'Speakers (2- High Definition Audio Device)' : 2 channels at 44.1 kHz using 16 bits per sample (channel mask 0x3)
[2016.11.03-03.58.21:720][  0]LogInit: FAudioDevice initialized.
[2016.11.03-03.58.21:744][  0]LogDerivedDataCache: Saved boot cache 0.02s 62MB C:/Users/Thomas/AppData/Local/UnrealEngine/4.13/DerivedDataCache/Boot.ddc.
[2016.11.03-03.58.21:751][  0]LogInit: Texture streaming: Enabled
[2016.11.03-03.58.21:775][  0]LogInit: Transaction tracking system initialized
[2016.11.03-03.58.21:810][  0]BlueprintLog: New page: Editor Load
[2016.11.03-03.58.21:884][  0]LocalizationService: Info Localization service is disabled
[2016.11.03-03.58.21:962][  0]LogConsoleResponse:Display: 
[2016.11.03-03.58.22:054][  0]LogCook:Display: Max memory allowance for cook 16384mb min free memory 0mb
[2016.11.03-03.58.22:054][  0]LogCook:Display: Mobile HDR setting 1
[2016.11.03-03.58.22:237][  0]LogFileCache: Scanning file cache for directory 'C:/Users/Thomas/Desktop/GitHub/Greg/Content/' took 0.01s
[2016.11.03-03.58.22:237][  0]SourceControl: Info Source control is disabled
[2016.11.03-03.58.22:237][  0]Cmd: MAP LOAD FILE="C:/Users/Thomas/Desktop/GitHub/Greg/Content/FirstPersonBP/Maps/FirstPersonExampleMap.umap" TEMPLATE=0 SHOWPROGRESS=1 FEATURELEVEL=3
[2016.11.03-03.58.22:237][  0]LightingResults: New page: Lighting Build
[2016.11.03-03.58.22:240][  0]MapCheck: New page: Map Check
[2016.11.03-03.58.22:240][  0]LightingResults: New page: Lighting Build
[2016.11.03-03.58.22:767][  0]LogAIModule: Creating AISystem for world FirstPersonExampleMap
[2016.11.03-03.58.22:774][  0]LogEditorServer: Finished looking for orphan Actors (0.000 secs)
[2016.11.03-03.58.22:774][  0]Cmd: MAP CHECKDEP NOCLEARLOG
[2016.11.03-03.58.22:841][  0]MapCheck: Info Map check complete: 0 Error(s), 0 Warning(s), took 66.448ms to complete.
[2016.11.03-03.58.22:841][  0]LogFileHelpers: Loading map 'FirstPersonExampleMap' took 0.604
[2016.11.03-03.58.22:961][  0]LogCollectionManager: Loaded 0 collections in 0.001879 seconds
[2016.11.03-03.58.23:005][  0]LogFileCache: Scanning file cache for directory 'C:/Users/Thomas/Desktop/GitHub/Greg/Saved/Collections/' took 0.01s
[2016.11.03-03.58.23:005][  0]LogFileCache: Scanning file cache for directory 'C:/Users/Thomas/Desktop/GitHub/Greg/Content/Developers/Thomas/Collections/' took 0.01s
[2016.11.03-03.58.23:005][  0]LogFileCache: Scanning file cache for directory 'C:/Users/Thomas/Desktop/GitHub/Greg/Content/Collections/' took 0.01s
[2016.11.03-03.58.23:005][  0]LogCollectionManager: Rebuilt the GUID cache for 0 collections in 0.000002 seconds
[2016.11.03-03.58.23:011][  0]LogContentBrowser: Native class hierarchy populated in 0.0065 seconds. Added 2141 classes and 415 folders.
[2016.11.03-03.58.23:014][  0]LogStats: UGameplayTagsManager::ConstructGameplayTagTree: Construct from data asset -  0.000 s
[2016.11.03-03.58.23:014][  0]LogStats: UGameplayTagsManager::ConstructGameplayTagTree: GameplayTagTreeChangedEvent.Broadcast -  0.000 s
[2016.11.03-03.58.23:015][  0]LogContentBrowser: Native class hierarchy updated for 'GameplayTags' in 0.0004 seconds. Added 12 classes and 0 folders.
[2016.11.03-03.58.23:019][  0]LogContentBrowser: Native class hierarchy updated for 'WidgetCarousel' in 0.0003 seconds. Added 0 classes and 0 folders.
[2016.11.03-03.58.23:069][  0]LogContentBrowser: Native class hierarchy updated for 'AddContentDialog' in 0.0003 seconds. Added 0 classes and 0 folders.
[2016.11.03-03.58.23:073][  0]LogContentBrowser: Native class hierarchy updated for 'SceneOutliner' in 0.0003 seconds. Added 1 classes and 2 folders.
[2016.11.03-03.58.23:084][  0]LogCrashTracker: Crashtracker disabled due to settings.
[2016.11.03-03.58.23:091][  0]LogUObjectGlobals:Warning: Failed to find object 'Class None.'
[2016.11.03-03.58.23:117][  0]LogContentBrowser: Native class hierarchy updated for 'HierarchicalLODOutliner' in 0.0004 seconds. Added 1 classes and 2 folders.
[2016.11.03-03.58.23:117][  0]LogLoad: (Engine Initialization) Total time: 6.19 seconds
[2016.11.03-03.58.23:117][  0]LogLoad: (Engine Initialization) Total Blueprint compile time: 0.25 seconds
[2016.11.03-03.58.23:117][  0]LogExternalProfiler: Found external profiler: VSPerf
[2016.11.03-03.58.23:117][  0]LogExternalProfiler: Using external profiler: VSPerf
[2016.11.03-03.58.23:126][  0]LogWindowsTextInputMethodSystem:Display: IME system now deactivated.
[2016.11.03-03.58.23:127][  0]LogOcInput: OculusInput pre-init called
[2016.11.03-03.58.23:144][  0]LogContentStreaming: Texture pool size now 1000 MB
[2016.11.03-03.58.23:266][  0]LogRenderer: Reallocating scene render targets to support 1208x600 (Frame:2).
[2016.11.03-03.58.23:325][  1]LogAssetRegistry: Asset discovery search completed in 3.2227 seconds
[2016.11.03-03.58.23:325][  1]LogCollectionManager: Rebuilt the object cache for 0 collections in 0.000000 seconds (found 0 objects)
[2016.11.03-03.58.23:325][  1]LogCollectionManager: Fixed up redirectors for 0 collections in 0.000015 seconds (updated 0 objects)
[2016.11.03-03.59.01:871][449]LogBlueprintUserMessages: Early PlayInEditor Detection: Level '/Game/FirstPersonBP/Maps/FirstPersonExampleMap.FirstPersonExampleMap:PersistentLevel' has LevelScriptBlueprint '/Game/FirstPersonBP/Maps/FirstPersonExampleMap.FirstPersonExampleMap:PersistentLevel.FirstPersonExampleMap' with GeneratedClass '/Game/FirstPersonBP/Maps/FirstPersonExampleMap.FirstPersonExampleMap_C' with ClassGeneratedBy '/Game/FirstPersonBP/Maps/FirstPersonExampleMap.FirstPersonExampleMap:PersistentLevel.FirstPersonExampleMap'
[2016.11.03-03.59.01:871][449]LogPlayLevel: PlayLevel: No blueprints needed recompiling
[2016.11.03-03.59.01:872][449]PIE: New page: PIE session: FirstPersonExampleMap (Nov 2, 2016, 12:59:01 PM)
[2016.11.03-03.59.01:873][449]LogPlayLevel: Creating play world package: /Game/FirstPersonBP/Maps/UEDPIE_0_FirstPersonExampleMap
[2016.11.03-03.59.01:891][449]LogPlayLevel: PIE: StaticDuplicateObject took: (0.018555s)
[2016.11.03-03.59.01:892][449]LogAIModule: Creating AISystem for world FirstPersonExampleMap
[2016.11.03-03.59.01:892][449]LogPlayLevel: PIE: World Init took: (0.001064s)
[2016.11.03-03.59.01:892][449]LogPlayLevel: PIE: Created PIE world by copying editor world from /Game/FirstPersonBP/Maps/FirstPersonExampleMap.FirstPersonExampleMap to /Game/FirstPersonBP/Maps/UEDPIE_0_FirstPersonExampleMap.FirstPersonExampleMap (0.019894s)
[2016.11.03-03.59.01:915][449]LogInit: XAudio2 using 'Speakers (2- High Definition Audio Device)' : 2 channels at 44.1 kHz using 16 bits per sample (channel mask 0x3)
[2016.11.03-03.59.01:920][449]LogInit: FAudioDevice initialized.
[2016.11.03-03.59.01:964][449]LogWorld: Game class is 'FirstPersonGameMode_C'
[2016.11.03-03.59.01:967][449]LogWorld: Bringing World /Game/FirstPersonBP/Maps/UEDPIE_0_FirstPersonExampleMap.FirstPersonExampleMap up for play (max tick rate 0) at 2016.11.02-20.59.01
[2016.11.03-03.59.01:968][449]LogWorld: Bringing up level for play took: 0.003699
[2016.11.03-03.59.01:972][449]LogContentBrowser: Native class hierarchy updated for 'MovieSceneCapture' in 0.0004 seconds. Added 11 classes and 0 folders.
[2016.11.03-03.59.01:972][449]LogGameMode:Display: Match State Changed from EnteringMap to WaitingToStart
[2016.11.03-03.59.01:972][449]LogGameState: Match State Changed from EnteringMap to WaitingToStart
[2016.11.03-03.59.01:972][449]LogGameMode:Display: Match State Changed from WaitingToStart to InProgress
[2016.11.03-03.59.01:972][449]LogGameState: Match State Changed from WaitingToStart to InProgress
[2016.11.03-03.59.01:972][449]PIE: Info Play in editor start time for /Game/FirstPersonBP/Maps/UEDPIE_0_FirstPersonExampleMap 0.869
[2016.11.03-03.59.01:972][449]LogBlueprintUserMessages: Late PlayInEditor Detection: Level '/Game/FirstPersonBP/Maps/FirstPersonExampleMap.FirstPersonExampleMap:PersistentLevel' has LevelScriptBlueprint '/Game/FirstPersonBP/Maps/FirstPersonExampleMap.FirstPersonExampleMap:PersistentLevel.FirstPersonExampleMap' with GeneratedClass '/Game/FirstPersonBP/Maps/FirstPersonExampleMap.FirstPersonExampleMap_C' with ClassGeneratedBy '/Game/FirstPersonBP/Maps/FirstPersonExampleMap.FirstPersonExampleMap:PersistentLevel.FirstPersonExampleMap'
[2016.11.03-03.59.14:197][736]LogBlueprintUserMessages: Early EndPlayMap Detection: Level '/Game/FirstPersonBP/Maps/FirstPersonExampleMap.FirstPersonExampleMap:PersistentLevel' has LevelScriptBlueprint '/Game/FirstPersonBP/Maps/FirstPersonExampleMap.FirstPersonExampleMap:PersistentLevel.FirstPersonExampleMap' with GeneratedClass '/Game/FirstPersonBP/Maps/FirstPersonExampleMap.FirstPersonExampleMap_C' with ClassGeneratedBy '/Game/FirstPersonBP/Maps/FirstPersonExampleMap.FirstPersonExampleMap:PersistentLevel.FirstPersonExampleMap'
[2016.11.03-03.59.14:254][736]LogBlueprintUserMessages: Late EndPlayMap Detection: Level '/Game/FirstPersonBP/Maps/FirstPersonExampleMap.FirstPersonExampleMap:PersistentLevel' has LevelScriptBlueprint '/Game/FirstPersonBP/Maps/FirstPersonExampleMap.FirstPersonExampleMap:PersistentLevel.FirstPersonExampleMap' with GeneratedClass '/Game/FirstPersonBP/Maps/FirstPersonExampleMap.FirstPersonExampleMap_C' with ClassGeneratedBy '/Game/FirstPersonBP/Maps/FirstPersonExampleMap.FirstPersonExampleMap:PersistentLevel.FirstPersonExampleMap'
[2016.11.03-03.59.26:373][925]LogBlueprintUserMessages: Early PlayInEditor Detection: Level '/Game/FirstPersonBP/Maps/FirstPersonExampleMap.FirstPersonExampleMap:PersistentLevel' has LevelScriptBlueprint '/Game/FirstPersonBP/Maps/FirstPersonExampleMap.FirstPersonExampleMap:PersistentLevel.FirstPersonExampleMap' with GeneratedClass '/Game/FirstPersonBP/Maps/FirstPersonExampleMap.FirstPersonExampleMap_C' with ClassGeneratedBy '/Game/FirstPersonBP/Maps/FirstPersonExampleMap.FirstPersonExampleMap:PersistentLevel.FirstPersonExampleMap'
[2016.11.03-03.59.26:376][925]LogPlayLevel: PlayLevel: No blueprints needed recompiling
[2016.11.03-03.59.26:376][925]PIE: New page: PIE session: FirstPersonExampleMap (Nov 2, 2016, 12:59:26 PM)
[2016.11.03-03.59.26:376][925]LogPlayLevel: Creating play world package: /Game/FirstPersonBP/Maps/UEDPIE_0_FirstPersonExampleMap
[2016.11.03-03.59.26:394][925]LogPlayLevel: PIE: StaticDuplicateObject took: (0.017507s)
[2016.11.03-03.59.26:394][925]LogAIModule: Creating AISystem for world FirstPersonExampleMap
[2016.11.03-03.59.26:395][925]LogPlayLevel: PIE: World Init took: (0.000884s)
[2016.11.03-03.59.26:395][925]LogPlayLevel: PIE: Created PIE world by copying editor world from /Game/FirstPersonBP/Maps/FirstPersonExampleMap.FirstPersonExampleMap to /Game/FirstPersonBP/Maps/UEDPIE_0_FirstPersonExampleMap.FirstPersonExampleMap (0.018642s)
[2016.11.03-03.59.26:408][925]LogInit: XAudio2 using 'Speakers (2- High Definition Audio Device)' : 2 channels at 44.1 kHz using 16 bits per sample (channel mask 0x3)
[2016.11.03-03.59.26:414][925]LogInit: FAudioDevice initialized.
[2016.11.03-03.59.26:440][925]LogWorld: Game class is 'FirstPersonGameMode_C'
[2016.11.03-03.59.26:444][925]LogWorld: Bringing World /Game/FirstPersonBP/Maps/UEDPIE_0_FirstPersonExampleMap.FirstPersonExampleMap up for play (max tick rate 0) at 2016.11.02-20.59.26
[2016.11.03-03.59.26:445][925]LogWorld: Bringing up level for play took: 0.003921
[2016.11.03-03.59.26:445][925]LogGameMode:Display: Match State Changed from EnteringMap to WaitingToStart
[2016.11.03-03.59.26:445][925]LogGameState: Match State Changed from EnteringMap to WaitingToStart
[2016.11.03-03.59.26:445][925]LogGameMode:Display: Match State Changed from WaitingToStart to InProgress
[2016.11.03-03.59.26:446][925]LogGameState: Match State Changed from WaitingToStart to InProgress
[2016.11.03-03.59.26:446][925]PIE: Info Play in editor start time for /Game/FirstPersonBP/Maps/UEDPIE_0_FirstPersonExampleMap -0.657
[2016.11.03-03.59.26:446][925]LogBlueprintUserMessages: Late PlayInEditor Detection: Level '/Game/FirstPersonBP/Maps/FirstPersonExampleMap.FirstPersonExampleMap:PersistentLevel' has LevelScriptBlueprint '/Game/FirstPersonBP/Maps/FirstPersonExampleMap.FirstPersonExampleMap:PersistentLevel.FirstPersonExampleMap' with GeneratedClass '/Game/FirstPersonBP/Maps/FirstPersonExampleMap.FirstPersonExampleMap_C' with ClassGeneratedBy '/Game/FirstPersonBP/Maps/FirstPersonExampleMap.FirstPersonExampleMap:PersistentLevel.FirstPersonExampleMap'
[2016.11.03-04.00.15:303][203]LogContentBrowser: Native class hierarchy updated for 'BlueprintGraph' in 0.0006 seconds. Added 112 classes and 0 folders.
[2016.11.03-04.00.43:657][885]LogBlueprintUserMessages: Early EndPlayMap Detection: Level '/Game/FirstPersonBP/Maps/FirstPersonExampleMap.FirstPersonExampleMap:PersistentLevel' has LevelScriptBlueprint '/Game/FirstPersonBP/Maps/FirstPersonExampleMap.FirstPersonExampleMap:PersistentLevel.FirstPersonExampleMap' with GeneratedClass '/Game/FirstPersonBP/Maps/FirstPersonExampleMap.FirstPersonExampleMap_C' with ClassGeneratedBy '/Game/FirstPersonBP/Maps/FirstPersonExampleMap.FirstPersonExampleMap:PersistentLevel.FirstPersonExampleMap'
[2016.11.03-04.00.43:716][885]LogBlueprintUserMessages: Late EndPlayMap Detection: Level '/Game/FirstPersonBP/Maps/FirstPersonExampleMap.FirstPersonExampleMap:PersistentLevel' has LevelScriptBlueprint '/Game/FirstPersonBP/Maps/FirstPersonExampleMap.FirstPersonExampleMap:PersistentLevel.FirstPersonExampleMap' with GeneratedClass '/Game/FirstPersonBP/Maps/FirstPersonExampleMap.FirstPersonExampleMap_C' with ClassGeneratedBy '/Game/FirstPersonBP/Maps/FirstPersonExampleMap.FirstPersonExampleMap:PersistentLevel.FirstPersonExampleMap'
[2016.11.03-04.01.18:707][671]BlueprintLog: New page: Compile AI
[2016.11.03-04.01.19:746][715]Cmd: OBJ SAVEPACKAGE PACKAGE="/Game/ThirdPersonBP/Blueprints/AI" FILE="C:/Users/Thomas/Desktop/GitHub/Greg/Content/ThirdPersonBP/Blueprints/AI.uasset" SILENT=true
[2016.11.03-04.01.19:775][715]LogSavePackage: Save=24.28ms
[2016.11.03-04.01.19:775][715]LogSavePackage: Moving 'C:/Users/Thomas/Desktop/GitHub/Greg/Saved/AIA221ECF8492516C33D3DFD982FE5067D.tmp' to 'C:/Users/Thomas/Desktop/GitHub/Greg/Content/ThirdPersonBP/Blueprints/AI.uasset'
[2016.11.03-04.01.19:776][715]LogSavePackage:Display: Finished SavePackage C:/Users/Thomas/Desktop/GitHub/Greg/Content/ThirdPersonBP/Blueprints/AI.uasset
[2016.11.03-04.01.20:871][794]LogBlueprintUserMessages: Early PlayInEditor Detection: Level '/Game/FirstPersonBP/Maps/FirstPersonExampleMap.FirstPersonExampleMap:PersistentLevel' has LevelScriptBlueprint '/Game/FirstPersonBP/Maps/FirstPersonExampleMap.FirstPersonExampleMap:PersistentLevel.FirstPersonExampleMap' with GeneratedClass '/Game/FirstPersonBP/Maps/FirstPersonExampleMap.FirstPersonExampleMap_C' with ClassGeneratedBy '/Game/FirstPersonBP/Maps/FirstPersonExampleMap.FirstPersonExampleMap:PersistentLevel.FirstPersonExampleMap'
[2016.11.03-04.01.20:874][794]LogPlayLevel: PlayLevel: No blueprints needed recompiling
[2016.11.03-04.01.20:874][794]PIE: New page: PIE session: FirstPersonExampleMap (Nov 2, 2016, 1:01:20 PM)
[2016.11.03-04.01.20:874][794]LogPlayLevel: Creating play world package: /Game/FirstPersonBP/Maps/UEDPIE_0_FirstPersonExampleMap
[2016.11.03-04.01.20:892][794]LogPlayLevel: PIE: StaticDuplicateObject took: (0.016885s)
[2016.11.03-04.01.20:893][794]LogAIModule: Creating AISystem for world FirstPersonExampleMap
[2016.11.03-04.01.20:893][794]LogPlayLevel: PIE: World Init took: (0.001639s)
[2016.11.03-04.01.20:894][794]LogPlayLevel: PIE: Created PIE world by copying editor world from /Game/FirstPersonBP/Maps/FirstPersonExampleMap.FirstPersonExampleMap to /Game/FirstPersonBP/Maps/UEDPIE_0_FirstPersonExampleMap.FirstPersonExampleMap (0.018930s)
[2016.11.03-04.01.20:910][794]LogInit: XAudio2 using 'Speakers (2- High Definition Audio Device)' : 2 channels at 44.1 kHz using 16 bits per sample (channel mask 0x3)
[2016.11.03-04.01.20:916][794]LogInit: FAudioDevice initialized.
[2016.11.03-04.01.20:948][794]LogWorld: Game class is 'FirstPersonGameMode_C'
[2016.11.03-04.01.20:952][794]LogWorld: Bringing World /Game/FirstPersonBP/Maps/UEDPIE_0_FirstPersonExampleMap.FirstPersonExampleMap up for play (max tick rate 0) at 2016.11.02-21.01.20
[2016.11.03-04.01.20:953][794]LogWorld: Bringing up level for play took: 0.003675
[2016.11.03-04.01.20:953][794]LogGameMode:Display: Match State Changed from EnteringMap to WaitingToStart
[2016.11.03-04.01.20:953][794]LogGameState: Match State Changed from EnteringMap to WaitingToStart
[2016.11.03-04.01.20:953][794]LogGameMode:Display: Match State Changed from WaitingToStart to InProgress
[2016.11.03-04.01.20:954][794]LogGameState: Match State Changed from WaitingToStart to InProgress
[2016.11.03-04.01.20:954][794]PIE: Info Play in editor start time for /Game/FirstPersonBP/Maps/UEDPIE_0_FirstPersonExampleMap -0.15
[2016.11.03-04.01.20:954][794]LogBlueprintUserMessages: Late PlayInEditor Detection: Level '/Game/FirstPersonBP/Maps/FirstPersonExampleMap.FirstPersonExampleMap:PersistentLevel' has LevelScriptBlueprint '/Game/FirstPersonBP/Maps/FirstPersonExampleMap.FirstPersonExampleMap:PersistentLevel.FirstPersonExampleMap' with GeneratedClass '/Game/FirstPersonBP/Maps/FirstPersonExampleMap.FirstPersonExampleMap_C' with ClassGeneratedBy '/Game/FirstPersonBP/Maps/FirstPersonExampleMap.FirstPersonExampleMap:PersistentLevel.FirstPersonExampleMap'
[2016.11.03-04.01.27:751][394]LogBlueprintUserMessages: Early EndPlayMap Detection: Level '/Game/FirstPersonBP/Maps/FirstPersonExampleMap.FirstPersonExampleMap:PersistentLevel' has LevelScriptBlueprint '/Game/FirstPersonBP/Maps/FirstPersonExampleMap.FirstPersonExampleMap:PersistentLevel.FirstPersonExampleMap' with GeneratedClass '/Game/FirstPersonBP/Maps/FirstPersonExampleMap.FirstPersonExampleMap_C' with ClassGeneratedBy '/Game/FirstPersonBP/Maps/FirstPersonExampleMap.FirstPersonExampleMap:PersistentLevel.FirstPersonExampleMap'
[2016.11.03-04.01.27:812][394]LogBlueprintUserMessages: Late EndPlayMap Detection: Level '/Game/FirstPersonBP/Maps/FirstPersonExampleMap.FirstPersonExampleMap:PersistentLevel' has LevelScriptBlueprint '/Game/FirstPersonBP/Maps/FirstPersonExampleMap.FirstPersonExampleMap:PersistentLevel.FirstPersonExampleMap' with GeneratedClass '/Game/FirstPersonBP/Maps/FirstPersonExampleMap.FirstPersonExampleMap_C' with ClassGeneratedBy '/Game/FirstPersonBP/Maps/FirstPersonExampleMap.FirstPersonExampleMap:PersistentLevel.FirstPersonExampleMap'
[2016.11.03-04.01.30:592][593]LogBlueprintUserMessages: Early PlayInEditor Detection: Level '/Game/FirstPersonBP/Maps/FirstPersonExampleMap.FirstPersonExampleMap:PersistentLevel' has LevelScriptBlueprint '/Game/FirstPersonBP/Maps/FirstPersonExampleMap.FirstPersonExampleMap:PersistentLevel.FirstPersonExampleMap' with GeneratedClass '/Game/FirstPersonBP/Maps/FirstPersonExampleMap.FirstPersonExampleMap_C' with ClassGeneratedBy '/Game/FirstPersonBP/Maps/FirstPersonExampleMap.FirstPersonExampleMap:PersistentLevel.FirstPersonExampleMap'
[2016.11.03-04.01.30:595][593]LogPlayLevel: PlayLevel: No blueprints needed recompiling
[2016.11.03-04.01.30:595][593]PIE: New page: PIE session: FirstPersonExampleMap (Nov 2, 2016, 1:01:30 PM)
[2016.11.03-04.01.30:595][593]LogPlayLevel: Creating play world package: /Game/FirstPersonBP/Maps/UEDPIE_0_FirstPersonExampleMap
[2016.11.03-04.01.30:612][593]LogPlayLevel: PIE: StaticDuplicateObject took: (0.016867s)
[2016.11.03-04.01.30:613][593]LogAIModule: Creating AISystem for world FirstPersonExampleMap
[2016.11.03-04.01.30:613][593]LogPlayLevel: PIE: World Init took: (0.000862s)
[2016.11.03-04.01.30:613][593]LogPlayLevel: PIE: Created PIE world by copying editor world from /Game/FirstPersonBP/Maps/FirstPersonExampleMap.FirstPersonExampleMap to /Game/FirstPersonBP/Maps/UEDPIE_0_FirstPersonExampleMap.FirstPersonExampleMap (0.018006s)
[2016.11.03-04.01.30:638][593]LogInit: XAudio2 using 'Speakers (2- High Definition Audio Device)' : 2 channels at 44.1 kHz using 16 bits per sample (channel mask 0x3)
[2016.11.03-04.01.30:643][593]LogInit: FAudioDevice initialized.
[2016.11.03-04.01.30:674][593]LogWorld: Game class is 'FirstPersonGameMode_C'
[2016.11.03-04.01.30:678][593]LogWorld: Bringing World /Game/FirstPersonBP/Maps/UEDPIE_0_FirstPersonExampleMap.FirstPersonExampleMap up for play (max tick rate 0) at 2016.11.02-21.01.30
[2016.11.03-04.01.30:678][593]LogWorld: Bringing up level for play took: 0.003648
[2016.11.03-04.01.30:679][593]LogGameMode:Display: Match State Changed from EnteringMap to WaitingToStart
[2016.11.03-04.01.30:679][593]LogGameState: Match State Changed from EnteringMap to WaitingToStart
[2016.11.03-04.01.30:679][593]LogGameMode:Display: Match State Changed from WaitingToStart to InProgress
[2016.11.03-04.01.30:679][593]LogGameState: Match State Changed from WaitingToStart to InProgress
[2016.11.03-04.01.30:679][593]PIE: Info Play in editor start time for /Game/FirstPersonBP/Maps/UEDPIE_0_FirstPersonExampleMap -0.424
[2016.11.03-04.01.30:679][593]LogBlueprintUserMessages: Late PlayInEditor Detection: Level '/Game/FirstPersonBP/Maps/FirstPersonExampleMap.FirstPersonExampleMap:PersistentLevel' has LevelScriptBlueprint '/Game/FirstPersonBP/Maps/FirstPersonExampleMap.FirstPersonExampleMap:PersistentLevel.FirstPersonExampleMap' with GeneratedClass '/Game/FirstPersonBP/Maps/FirstPersonExampleMap.FirstPersonExampleMap_C' with ClassGeneratedBy '/Game/FirstPersonBP/Maps/FirstPersonExampleMap.FirstPersonExampleMap:PersistentLevel.FirstPersonExampleMap'
[2016.11.03-04.01.34:852][985]LogBlueprintUserMessages: Early EndPlayMap Detection: Level '/Game/FirstPersonBP/Maps/FirstPersonExampleMap.FirstPersonExampleMap:PersistentLevel' has LevelScriptBlueprint '/Game/FirstPersonBP/Maps/FirstPersonExampleMap.FirstPersonExampleMap:PersistentLevel.FirstPersonExampleMap' with GeneratedClass '/Game/FirstPersonBP/Maps/FirstPersonExampleMap.FirstPersonExampleMap_C' with ClassGeneratedBy '/Game/FirstPersonBP/Maps/FirstPersonExampleMap.FirstPersonExampleMap:PersistentLevel.FirstPersonExampleMap'
[2016.11.03-04.01.34:914][985]LogBlueprintUserMessages: Late EndPlayMap Detection: Level '/Game/FirstPersonBP/Maps/FirstPersonExampleMap.FirstPersonExampleMap:PersistentLevel' has LevelScriptBlueprint '/Game/FirstPersonBP/Maps/FirstPersonExampleMap.FirstPersonExampleMap:PersistentLevel.FirstPersonExampleMap' with GeneratedClass '/Game/FirstPersonBP/Maps/FirstPersonExampleMap.FirstPersonExampleMap_C' with ClassGeneratedBy '/Game/FirstPersonBP/Maps/FirstPersonExampleMap.FirstPersonExampleMap:PersistentLevel.FirstPersonExampleMap'
[2016.11.03-04.01.58:891][883]LogBlueprintUserMessages: Early PlayInEditor Detection: Level '/Game/FirstPersonBP/Maps/FirstPersonExampleMap.FirstPersonExampleMap:PersistentLevel' has LevelScriptBlueprint '/Game/FirstPersonBP/Maps/FirstPersonExampleMap.FirstPersonExampleMap:PersistentLevel.FirstPersonExampleMap' with GeneratedClass '/Game/FirstPersonBP/Maps/FirstPersonExampleMap.FirstPersonExampleMap_C' with ClassGeneratedBy '/Game/FirstPersonBP/Maps/FirstPersonExampleMap.FirstPersonExampleMap:PersistentLevel.FirstPersonExampleMap'
[2016.11.03-04.01.58:894][883]LogPlayLevel: PlayLevel: No blueprints needed recompiling
[2016.11.03-04.01.58:894][883]PIE: New page: PIE session: FirstPersonExampleMap (Nov 2, 2016, 1:01:58 PM)
[2016.11.03-04.01.58:894][883]LogPlayLevel: Creating play world package: /Game/FirstPersonBP/Maps/UEDPIE_0_FirstPersonExampleMap
[2016.11.03-04.01.58:911][883]LogPlayLevel: PIE: StaticDuplicateObject took: (0.017356s)
[2016.11.03-04.01.58:913][883]LogAIModule: Creating AISystem for world FirstPersonExampleMap
[2016.11.03-04.01.58:913][883]LogPlayLevel: PIE: World Init took: (0.001758s)
[2016.11.03-04.01.58:913][883]LogPlayLevel: PIE: Created PIE world by copying editor world from /Game/FirstPersonBP/Maps/FirstPersonExampleMap.FirstPersonExampleMap to /Game/FirstPersonBP/Maps/UEDPIE_0_FirstPersonExampleMap.FirstPersonExampleMap (0.019474s)
[2016.11.03-04.01.58:931][883]LogInit: XAudio2 using 'Speakers (2- High Definition Audio Device)' : 2 channels at 44.1 kHz using 16 bits per sample (channel mask 0x3)
[2016.11.03-04.01.58:936][883]LogInit: FAudioDevice initialized.
[2016.11.03-04.01.58:969][883]LogWorld: Game class is 'FirstPersonGameMode_C'
[2016.11.03-04.01.58:972][883]LogWorld: Bringing World /Game/FirstPersonBP/Maps/UEDPIE_0_FirstPersonExampleMap.FirstPersonExampleMap up for play (max tick rate 0) at 2016.11.02-21.01.58
[2016.11.03-04.01.58:973][883]LogWorld: Bringing up level for play took: 0.003762
[2016.11.03-04.01.58:973][883]LogGameMode:Display: Match State Changed from EnteringMap to WaitingToStart
[2016.11.03-04.01.58:973][883]LogGameState: Match State Changed from EnteringMap to WaitingToStart
[2016.11.03-04.01.58:973][883]LogGameMode:Display: Match State Changed from WaitingToStart to InProgress
[2016.11.03-04.01.58:974][883]LogGameState: Match State Changed from WaitingToStart to InProgress
[2016.11.03-04.01.58:974][883]PIE: Info Play in editor start time for /Game/FirstPersonBP/Maps/UEDPIE_0_FirstPersonExampleMap -0.129
[2016.11.03-04.01.58:974][883]LogBlueprintUserMessages: Late PlayInEditor Detection: Level '/Game/FirstPersonBP/Maps/FirstPersonExampleMap.FirstPersonExampleMap:PersistentLevel' has LevelScriptBlueprint '/Game/FirstPersonBP/Maps/FirstPersonExampleMap.FirstPersonExampleMap:PersistentLevel.FirstPersonExampleMap' with GeneratedClass '/Game/FirstPersonBP/Maps/FirstPersonExampleMap.FirstPersonExampleMap_C' with ClassGeneratedBy '/Game/FirstPersonBP/Maps/FirstPersonExampleMap.FirstPersonExampleMap:PersistentLevel.FirstPersonExampleMap'
[2016.11.03-04.02.19:176][682]LogBlueprintUserMessages: Early EndPlayMap Detection: Level '/Game/FirstPersonBP/Maps/FirstPersonExampleMap.FirstPersonExampleMap:PersistentLevel' has LevelScriptBlueprint '/Game/FirstPersonBP/Maps/FirstPersonExampleMap.FirstPersonExampleMap:PersistentLevel.FirstPersonExampleMap' with GeneratedClass '/Game/FirstPersonBP/Maps/FirstPersonExampleMap.FirstPersonExampleMap_C' with ClassGeneratedBy '/Game/FirstPersonBP/Maps/FirstPersonExampleMap.FirstPersonExampleMap:PersistentLevel.FirstPersonExampleMap'
[2016.11.03-04.02.19:235][682]LogBlueprintUserMessages: Late EndPlayMap Detection: Level '/Game/FirstPersonBP/Maps/FirstPersonExampleMap.FirstPersonExampleMap:PersistentLevel' has LevelScriptBlueprint '/Game/FirstPersonBP/Maps/FirstPersonExampleMap.FirstPersonExampleMap:PersistentLevel.FirstPersonExampleMap' with GeneratedClass '/Game/FirstPersonBP/Maps/FirstPersonExampleMap.FirstPersonExampleMap_C' with ClassGeneratedBy '/Game/FirstPersonBP/Maps/FirstPersonExampleMap.FirstPersonExampleMap:PersistentLevel.FirstPersonExampleMap'
[2016.11.03-04.02.33:058][785]LogBlueprintUserMessages: Early PlayInEditor Detection: Level '/Game/FirstPersonBP/Maps/FirstPersonExampleMap.FirstPersonExampleMap:PersistentLevel' has LevelScriptBlueprint '/Game/FirstPersonBP/Maps/FirstPersonExampleMap.FirstPersonExampleMap:PersistentLevel.FirstPersonExampleMap' with GeneratedClass '/Game/FirstPersonBP/Maps/FirstPersonExampleMap.FirstPersonExampleMap_C' with ClassGeneratedBy '/Game/FirstPersonBP/Maps/FirstPersonExampleMap.FirstPersonExampleMap:PersistentLevel.FirstPersonExampleMap'
[2016.11.03-04.02.33:061][785]LogPlayLevel: PlayLevel: No blueprints needed recompiling
[2016.11.03-04.02.33:061][785]PIE: New page: PIE session: FirstPersonExampleMap (Nov 2, 2016, 1:02:33 PM)
[2016.11.03-04.02.33:061][785]LogPlayLevel: Creating play world package: /Game/FirstPersonBP/Maps/UEDPIE_0_FirstPersonExampleMap
[2016.11.03-04.02.33:078][785]LogPlayLevel: PIE: StaticDuplicateObject took: (0.016835s)
[2016.11.03-04.02.33:079][785]LogAIModule: Creating AISystem for world FirstPersonExampleMap
[2016.11.03-04.02.33:079][785]LogPlayLevel: PIE: World Init took: (0.001042s)
[2016.11.03-04.02.33:079][785]LogPlayLevel: PIE: Created PIE world by copying editor world from /Game/FirstPersonBP/Maps/FirstPersonExampleMap.FirstPersonExampleMap to /Game/FirstPersonBP/Maps/UEDPIE_0_FirstPersonExampleMap.FirstPersonExampleMap (0.018087s)
[2016.11.03-04.02.33:094][785]LogInit: XAudio2 using 'Speakers (2- High Definition Audio Device)' : 2 channels at 44.1 kHz using 16 bits per sample (channel mask 0x3)
[2016.11.03-04.02.33:100][785]LogInit: FAudioDevice initialized.
[2016.11.03-04.02.33:129][785]LogWorld: Game class is 'FirstPersonGameMode_C'
[2016.11.03-04.02.33:133][785]LogWorld: Bringing World /Game/FirstPersonBP/Maps/UEDPIE_0_FirstPersonExampleMap.FirstPersonExampleMap up for play (max tick rate 0) at 2016.11.02-21.02.33
[2016.11.03-04.02.33:133][785]LogWorld: Bringing up level for play took: 0.003690
[2016.11.03-04.02.33:134][785]LogGameMode:Display: Match State Changed from EnteringMap to WaitingToStart
[2016.11.03-04.02.33:134][785]LogGameState: Match State Changed from EnteringMap to WaitingToStart
[2016.11.03-04.02.33:134][785]LogGameMode:Display: Match State Changed from WaitingToStart to InProgress
[2016.11.03-04.02.33:134][785]LogGameState: Match State Changed from WaitingToStart to InProgress
[2016.11.03-04.02.33:134][785]PIE: Info Play in editor start time for /Game/FirstPersonBP/Maps/UEDPIE_0_FirstPersonExampleMap 0.031
[2016.11.03-04.02.33:135][785]LogBlueprintUserMessages: Late PlayInEditor Detection: Level '/Game/FirstPersonBP/Maps/FirstPersonExampleMap.FirstPersonExampleMap:PersistentLevel' has LevelScriptBlueprint '/Game/FirstPersonBP/Maps/FirstPersonExampleMap.FirstPersonExampleMap:PersistentLevel.FirstPersonExampleMap' with GeneratedClass '/Game/FirstPersonBP/Maps/FirstPersonExampleMap.FirstPersonExampleMap_C' with ClassGeneratedBy '/Game/FirstPersonBP/Maps/FirstPersonExampleMap.FirstPersonExampleMap:PersistentLevel.FirstPersonExampleMap'
[2016.11.03-04.02.34:939][955]LogBlueprintUserMessages: Early EndPlayMap Detection: Level '/Game/FirstPersonBP/Maps/FirstPersonExampleMap.FirstPersonExampleMap:PersistentLevel' has LevelScriptBlueprint '/Game/FirstPersonBP/Maps/FirstPersonExampleMap.FirstPersonExampleMap:PersistentLevel.FirstPersonExampleMap' with GeneratedClass '/Game/FirstPersonBP/Maps/FirstPersonExampleMap.FirstPersonExampleMap_C' with ClassGeneratedBy '/Game/FirstPersonBP/Maps/FirstPersonExampleMap.FirstPersonExampleMap:PersistentLevel.FirstPersonExampleMap'
[2016.11.03-04.02.35:001][955]LogBlueprintUserMessages: Late EndPlayMap Detection: Level '/Game/FirstPersonBP/Maps/FirstPersonExampleMap.FirstPersonExampleMap:PersistentLevel' has LevelScriptBlueprint '/Game/FirstPersonBP/Maps/FirstPersonExampleMap.FirstPersonExampleMap:PersistentLevel.FirstPersonExampleMap' with GeneratedClass '/Game/FirstPersonBP/Maps/FirstPersonExampleMap.FirstPersonExampleMap_C' with ClassGeneratedBy '/Game/FirstPersonBP/Maps/FirstPersonExampleMap.FirstPersonExampleMap:PersistentLevel.FirstPersonExampleMap'
[2016.11.03-04.02.37:524][169]LogBlueprintUserMessages: Early PlayInEditor Detection: Level '/Game/FirstPersonBP/Maps/FirstPersonExampleMap.FirstPersonExampleMap:PersistentLevel' has LevelScriptBlueprint '/Game/FirstPersonBP/Maps/FirstPersonExampleMap.FirstPersonExampleMap:PersistentLevel.FirstPersonExampleMap' with GeneratedClass '/Game/FirstPersonBP/Maps/FirstPersonExampleMap.FirstPersonExampleMap_C' with ClassGeneratedBy '/Game/FirstPersonBP/Maps/FirstPersonExampleMap.FirstPersonExampleMap:PersistentLevel.FirstPersonExampleMap'
[2016.11.03-04.02.37:527][169]LogPlayLevel: PlayLevel: No blueprints needed recompiling
[2016.11.03-04.02.37:527][169]PIE: New page: PIE session: FirstPersonExampleMap (Nov 2, 2016, 1:02:37 PM)
[2016.11.03-04.02.37:527][169]LogPlayLevel: Creating play world package: /Game/FirstPersonBP/Maps/UEDPIE_0_FirstPersonExampleMap
[2016.11.03-04.02.37:541][169]LogPlayLevel: PIE: StaticDuplicateObject took: (0.014070s)
[2016.11.03-04.02.37:542][169]LogAIModule: Creating AISystem for world FirstPersonExampleMap
[2016.11.03-04.02.37:542][169]LogPlayLevel: PIE: World Init took: (0.001081s)
[2016.11.03-04.02.37:543][169]LogPlayLevel: PIE: Created PIE world by copying editor world from /Game/FirstPersonBP/Maps/FirstPersonExampleMap.FirstPersonExampleMap to /Game/FirstPersonBP/Maps/UEDPIE_0_FirstPersonExampleMap.FirstPersonExampleMap (0.015468s)
[2016.11.03-04.02.37:567][169]LogInit: XAudio2 using 'Speakers (2- High Definition Audio Device)' : 2 channels at 44.1 kHz using 16 bits per sample (channel mask 0x3)
[2016.11.03-04.02.37:574][169]LogInit: FAudioDevice initialized.
[2016.11.03-04.02.37:606][169]LogWorld: Game class is 'FirstPersonGameMode_C'
[2016.11.03-04.02.37:610][169]LogWorld: Bringing World /Game/FirstPersonBP/Maps/UEDPIE_0_FirstPersonExampleMap.FirstPersonExampleMap up for play (max tick rate 0) at 2016.11.02-21.02.37
[2016.11.03-04.02.37:610][169]LogWorld: Bringing up level for play took: 0.003748
[2016.11.03-04.02.37:611][169]LogGameMode:Display: Match State Changed from EnteringMap to WaitingToStart
[2016.11.03-04.02.37:611][169]LogGameState: Match State Changed from EnteringMap to WaitingToStart
[2016.11.03-04.02.37:611][169]LogGameMode:Display: Match State Changed from WaitingToStart to InProgress
[2016.11.03-04.02.37:612][169]LogGameState: Match State Changed from WaitingToStart to InProgress
[2016.11.03-04.02.37:612][169]PIE: Info Play in editor start time for /Game/FirstPersonBP/Maps/UEDPIE_0_FirstPersonExampleMap 0.508
[2016.11.03-04.02.37:612][169]LogBlueprintUserMessages: Late PlayInEditor Detection: Level '/Game/FirstPersonBP/Maps/FirstPersonExampleMap.FirstPersonExampleMap:PersistentLevel' has LevelScriptBlueprint '/Game/FirstPersonBP/Maps/FirstPersonExampleMap.FirstPersonExampleMap:PersistentLevel.FirstPersonExampleMap' with GeneratedClass '/Game/FirstPersonBP/Maps/FirstPersonExampleMap.FirstPersonExampleMap_C' with ClassGeneratedBy '/Game/FirstPersonBP/Maps/FirstPersonExampleMap.FirstPersonExampleMap:PersistentLevel.FirstPersonExampleMap'
[2016.11.03-04.02.57:788][371]LogBlueprintUserMessages: Early EndPlayMap Detection: Level '/Game/FirstPersonBP/Maps/FirstPersonExampleMap.FirstPersonExampleMap:PersistentLevel' has LevelScriptBlueprint '/Game/FirstPersonBP/Maps/FirstPersonExampleMap.FirstPersonExampleMap:PersistentLevel.FirstPersonExampleMap' with GeneratedClass '/Game/FirstPersonBP/Maps/FirstPersonExampleMap.FirstPersonExampleMap_C' with ClassGeneratedBy '/Game/FirstPersonBP/Maps/FirstPersonExampleMap.FirstPersonExampleMap:PersistentLevel.FirstPersonExampleMap'
[2016.11.03-04.02.57:850][371]LogBlueprintUserMessages: Late EndPlayMap Detection: Level '/Game/FirstPersonBP/Maps/FirstPersonExampleMap.FirstPersonExampleMap:PersistentLevel' has LevelScriptBlueprint '/Game/FirstPersonBP/Maps/FirstPersonExampleMap.FirstPersonExampleMap:PersistentLevel.FirstPersonExampleMap' with GeneratedClass '/Game/FirstPersonBP/Maps/FirstPersonExampleMap.FirstPersonExampleMap_C' with ClassGeneratedBy '/Game/FirstPersonBP/Maps/FirstPersonExampleMap.FirstPersonExampleMap:PersistentLevel.FirstPersonExampleMap'
[2016.11.03-04.03.03:264][774]LogUProjectInfo: Found projects:
[2016.11.03-04.03.04:489][870]Cmd: CLOSE_SLATE_MAINFRAME
[2016.11.03-04.03.07:413][870]LogSavePackage: Save=1000.14ms
[2016.11.03-04.03.07:413][870]LogSavePackage: Moving 'C:/Users/Thomas/Desktop/GitHub/Greg/Saved/FirstPersonExampleMap0ADBDA994099F7E1124F0FA4E8FB93D2.tmp' to 'C:/Users/Thomas/Desktop/GitHub/Greg/Content/FirstPersonBP/Maps/FirstPersonExampleMap.umap'
[2016.11.03-04.03.07:416][870]LogSavePackage:Display: Finished SavePackage C:/Users/Thomas/Desktop/GitHub/Greg/Content/FirstPersonBP/Maps/FirstPersonExampleMap.umap
[2016.11.03-04.03.07:433][870]LogFileHelpers: Saving map 'FirstPersonExampleMap' took 1.125
[2016.11.03-04.03.07:506][870]LogWindowsTextInputMethodSystem:Display: IME system now deactivated.
[2016.11.03-04.03.07:676][871]Cmd: QUIT_EDITOR
[2016.11.03-04.03.08:122][871]LogExit: Preparing to exit.
[2016.11.03-04.03.09:240][871]LogExit: Editor shut down
[2016.11.03-04.03.09:240][871]LogExit: Transaction tracking system shut down
[2016.11.03-04.03.09:394][871]LogObj: Freed 0b from 0 cluster array pools.
[2016.11.03-04.03.09:395][871]LogExit: Object subsystem successfully closed.
[2016.11.03-04.03.09:450][871]LogD3D11RHI: Shutdown
[2016.11.03-04.03.09:450][871]LogD3D11RHI: CleanupD3DDevice
[2016.11.03-04.03.09:543][871]LogD3D11RHI: ~FD3D11DynamicRHI
[2016.11.03-04.03.09:832][871]LogModuleManager: Shutting down and abandoning module BlueprintGraph (236)
[2016.11.03-04.03.09:832][871]LogModuleManager: Shutting down and abandoning module BlueprintProfiler (235)
[2016.11.03-04.03.09:833][871]LogModuleManager: Shutting down and abandoning module MovieSceneCapture (234)
[2016.11.03-04.03.09:833][871]LogModuleManager: Shutting down and abandoning module HierarchicalLODOutliner (233)
[2016.11.03-04.03.09:833][871]LogModuleManager: Shutting down and abandoning module CrashTracker (232)
[2016.11.03-04.03.09:833][871]LogModuleManager: Shutting down and abandoning module SceneOutliner (231)
[2016.11.03-04.03.09:833][871]LogModuleManager: Shutting down and abandoning module WidgetCarousel (230)
[2016.11.03-04.03.09:833][871]LogModuleManager: Shutting down and abandoning module AddContentDialog (229)
[2016.11.03-04.03.09:833][871]LogDirectoryWatcher: A directory notification for 'F:/Epic Games/Epic Games/4.13/FeaturePacks/' was aborted.
[2016.11.03-04.03.09:833][871]LogModuleManager: Shutting down and abandoning module GameplayTags (228)
[2016.11.03-04.03.09:833][871]LogModuleManager: Shutting down and abandoning module EditorWidgets (227)
[2016.11.03-04.03.09:833][871]LogModuleManager: Shutting down and abandoning module CollectionManager (226)
[2016.11.03-04.03.09:834][871]LogDirectoryWatcher: A directory notification for 'C:/Users/Thomas/Desktop/GitHub/Greg/Content/Collections/' was aborted.
[2016.11.03-04.03.09:834][871]LogDirectoryWatcher: A directory notification for 'C:/Users/Thomas/Desktop/GitHub/Greg/Content/Developers/Thomas/Collections/' was aborted.
[2016.11.03-04.03.09:834][871]LogDirectoryWatcher: A directory notification for 'C:/Users/Thomas/Desktop/GitHub/Greg/Saved/Collections/' was aborted.
[2016.11.03-04.03.09:834][871]LogModuleManager: Shutting down and abandoning module StatsViewer (225)
[2016.11.03-04.03.09:834][871]LogModuleManager: Shutting down and abandoning module FoliageEdit (224)
[2016.11.03-04.03.09:834][871]LogModuleManager: Shutting down and abandoning module LandscapeEditor (223)
[2016.11.03-04.03.09:834][871]LogModuleManager: Shutting down and abandoning module SceneDepthPickerMode (222)
[2016.11.03-04.03.09:834][871]LogModuleManager: Shutting down and abandoning module ActorPickerMode (221)
[2016.11.03-04.03.09:834][871]LogModuleManager: Shutting down and abandoning module GeometryMode (220)
[2016.11.03-04.03.09:834][871]LogModuleManager: Shutting down and abandoning module TextureAlignMode (219)
[2016.11.03-04.03.09:834][871]LogModuleManager: Shutting down and abandoning module BspMode (218)
[2016.11.03-04.03.09:834][871]LogModuleManager: Shutting down and abandoning module HardwareSurvey (217)
[2016.11.03-04.03.09:834][871]LogModuleManager: Shutting down and abandoning module SequenceRecorderSections (216)
[2016.11.03-04.03.09:834][871]LogModuleManager: Shutting down and abandoning module SequenceRecorder (215)
[2016.11.03-04.03.09:834][871]LogModuleManager: Shutting down and abandoning module AutomationWorker (214)
[2016.11.03-04.03.09:834][871]LogModuleManager: Shutting down and abandoning module MatineeToLevelSequence (213)
[2016.11.03-04.03.09:834][871]LogModuleManager: Shutting down and abandoning module PlacementMode (212)
[2016.11.03-04.03.09:834][871]LogModuleManager: Shutting down and abandoning module LevelSequenceEditor (211)
[2016.11.03-04.03.09:834][871]LogModuleManager: Shutting down and abandoning module WmfMediaFactory (210)
[2016.11.03-04.03.09:834][871]LogModuleManager: Shutting down and abandoning module WmfMediaEditor (209)
[2016.11.03-04.03.09:834][871]LogModuleManager: Shutting down and abandoning module AvfMediaFactory (208)
[2016.11.03-04.03.09:834][871]LogModuleManager: Shutting down and abandoning module AvfMediaEditor (207)
[2016.11.03-04.03.09:834][871]LogModuleManager: Shutting down and abandoning module Media (206)
[2016.11.03-04.03.09:834][871]LogModuleManager: Shutting down and abandoning module AndroidMediaFactory (205)
[2016.11.03-04.03.09:834][871]LogModuleManager: Shutting down and abandoning module AndroidMediaEditor (204)
[2016.11.03-04.03.09:834][871]LogModuleManager: Shutting down and abandoning module CharacterAI (203)
[2016.11.03-04.03.09:834][871]LogModuleManager: Shutting down and abandoning module SmartSnapping (202)
[2016.11.03-04.03.09:834][871]LogModuleManager: Shutting down and abandoning module SessionServices (201)
[2016.11.03-04.03.09:834][871]LogModuleManager: Shutting down and abandoning module ViewportSnapping (200)
[2016.11.03-04.03.09:834][871]LogModuleManager: Shutting down and abandoning module ViewportInteraction (199)
[2016.11.03-04.03.09:834][871]LogModuleManager: Shutting down and abandoning module LogVisualizer (198)
[2016.11.03-04.03.09:834][871]LogModuleManager: Shutting down and abandoning module GameProjectGeneration (197)
[2016.11.03-04.03.09:834][871]LogModuleManager: Shutting down and abandoning module IntroTutorials (196)
[2016.11.03-04.03.09:834][871]LogModuleManager: Shutting down and abandoning module EditorLiveStreaming (195)
[2016.11.03-04.03.09:834][871]LogModuleManager: Shutting down and abandoning module IOSPlatformEditor (194)
[2016.11.03-04.03.09:834][871]LogModuleManager: Shutting down and abandoning module HTML5PlatformEditor (193)
[2016.11.03-04.03.09:834][871]LogModuleManager: Shutting down and abandoning module AndroidDeviceDetection (192)
[2016.11.03-04.03.10:011][871]LogModuleManager: Shutting down and abandoning module AndroidPlatformEditor (191)
[2016.11.03-04.03.10:011][871]LogModuleManager: Shutting down and abandoning module IOSRuntimeSettings (190)
[2016.11.03-04.03.10:011][871]LogModuleManager: Shutting down and abandoning module AndroidRuntimeSettings (189)
[2016.11.03-04.03.10:011][871]LogModuleManager: Shutting down and abandoning module NiagaraEditor (188)
[2016.11.03-04.03.10:011][871]LogModuleManager: Shutting down and abandoning module MergeActors (187)
[2016.11.03-04.03.10:011][871]LogModuleManager: Shutting down and abandoning module SizeMap (186)
[2016.11.03-04.03.10:011][871]LogModuleManager: Shutting down and abandoning module TreeMap (185)
[2016.11.03-04.03.10:011][871]LogModuleManager: Shutting down and abandoning module ReferenceViewer (184)
[2016.11.03-04.03.10:012][871]LogModuleManager: Shutting down and abandoning module LocalizationService (183)
[2016.11.03-04.03.10:012][871]LogModuleManager: Shutting down and abandoning module LocalizationDashboard (182)
[2016.11.03-04.03.10:012][871]LogModuleManager: Shutting down and abandoning module HardwareTargeting (181)
[2016.11.03-04.03.10:012][871]LogModuleManager: Shutting down and abandoning module DeviceProfileEditor (180)
[2016.11.03-04.03.10:012][871]LogModuleManager: Shutting down and abandoning module UndoHistory (179)
[2016.11.03-04.03.10:012][871]LogModuleManager: Shutting down and abandoning module UserFeedback (178)
[2016.11.03-04.03.10:012][871]LogModuleManager: Shutting down and abandoning module XmlParser (177)
[2016.11.03-04.03.10:012][871]LogModuleManager: Shutting down and abandoning module Blutility (176)
[2016.11.03-04.03.10:012][871]LogModuleManager: Shutting down and abandoning module ProjectTargetPlatformEditor (175)
[2016.11.03-04.03.10:012][871]LogModuleManager: Shutting down and abandoning module ProjectSettingsViewer (174)
[2016.11.03-04.03.10:012][871]LogModuleManager: Shutting down and abandoning module InputBindingEditor (173)
[2016.11.03-04.03.10:012][871]LogModuleManager: Shutting down and abandoning module EditorSettingsViewer (172)
[2016.11.03-04.03.10:012][871]LogModuleManager: Shutting down and abandoning module SettingsEditor (171)
[2016.11.03-04.03.10:012][871]LogModuleManager: Shutting down and abandoning module ProjectLauncher (170)
[2016.11.03-04.03.10:012][871]LogModuleManager: Shutting down and abandoning module SessionFrontend (169)
[2016.11.03-04.03.10:012][871]LogModuleManager: Shutting down and abandoning module ProfilerClient (168)
[2016.11.03-04.03.10:012][871]LogModuleManager: Shutting down and abandoning module TargetDeviceServices (167)
[2016.11.03-04.03.10:012][871]LogModuleManager: Shutting down and abandoning module DeviceManager (166)
[2016.11.03-04.03.10:064][871]LogModuleManager: Shutting down and abandoning module AutomationController (165)
[2016.11.03-04.03.10:064][871]LogModuleManager: Shutting down and abandoning module AutomationWindow (164)
[2016.11.03-04.03.10:064][871]LogModuleManager: Shutting down and abandoning module Layers (163)
[2016.11.03-04.03.10:064][871]LogModuleManager: Shutting down and abandoning module ComponentVisualizers (162)
[2016.11.03-04.03.10:064][871]LogModuleManager: Shutting down and abandoning module DetailCustomizations (161)
[2016.11.03-04.03.10:064][871]LogModuleManager: Shutting down and abandoning module PackagesDialog (160)
[2016.11.03-04.03.10:064][871]LogModuleManager: Shutting down and abandoning module AnimGraph (159)
[2016.11.03-04.03.10:064][871]LogModuleManager: Shutting down and abandoning module Persona (158)
[2016.11.03-04.03.10:064][871]LogModuleManager: Shutting down and abandoning module Kismet (157)
[2016.11.03-04.03.10:068][871]LogModuleManager: Shutting down and abandoning module GraphEditor (156)
[2016.11.03-04.03.10:069][871]LogModuleManager: Shutting down and abandoning module ClassViewer (155)
[2016.11.03-04.03.10:069][871]LogModuleManager: Shutting down and abandoning module Toolbox (154)
[2016.11.03-04.03.10:069][871]LogModuleManager: Shutting down and abandoning module ModuleUI (153)
[2016.11.03-04.03.10:069][871]LogModuleManager: Shutting down and abandoning module MovieSceneTools (152)
[2016.11.03-04.03.10:070][871]LogModuleManager: Shutting down and abandoning module OutputLog (151)
[2016.11.03-04.03.10:070][871]LogModuleManager: Shutting down and abandoning module GammaUI (150)
[2016.11.03-04.03.10:070][871]LogModuleManager: Shutting down and abandoning module Documentation (149)
[2016.11.03-04.03.10:070][871]LogModuleManager: Shutting down and abandoning module Niagara (148)
[2016.11.03-04.03.10:070][871]LogModuleManager: Shutting down and abandoning module StreamingPauseRendering (147)
[2016.11.03-04.03.10:070][871]LogModuleManager: Shutting down and abandoning module AnalyticsET (146)
[2016.11.03-04.03.10:070][871]LogModuleManager: Shutting down and abandoning module PortalServices (145)
[2016.11.03-04.03.10:070][871]LogModuleManager: Shutting down and abandoning module PortalRpc (144)
[2016.11.03-04.03.10:070][871]LogModuleManager: Shutting down and abandoning module MessagingRpc (143)
[2016.11.03-04.03.10:070][871]LogModuleManager: Shutting down and abandoning module GameplayDebugger (142)
[2016.11.03-04.03.10:070][871]LogModuleManager: Shutting down and abandoning module AITestSuite (141)
[2016.11.03-04.03.10:070][871]LogModuleManager: Shutting down and abandoning module AIModule (140)
[2016.11.03-04.03.10:070][871]LogModuleManager: Shutting down and abandoning module ProfilerService (139)
[2016.11.03-04.03.10:118][871]LogModuleManager: Shutting down and abandoning module TaskGraph (138)
[2016.11.03-04.03.10:118][871]LogModuleManager: Shutting down and abandoning module SlateRemote (137)
[2016.11.03-04.03.10:118][871]LogModuleManager: Shutting down and abandoning module SteamVRController (136)
[2016.11.03-04.03.10:118][871]LogModuleManager: Shutting down and abandoning module SteamVR (135)
[2016.11.03-04.03.10:118][871]LogModuleManager: Shutting down and abandoning module ProceduralMeshComponentEditor (134)
[2016.11.03-04.03.10:118][871]LogModuleManager: Shutting down and abandoning module ProceduralMeshComponent (133)
[2016.11.03-04.03.10:119][871]LogModuleManager: Shutting down and abandoning module OculusLibrary (132)
[2016.11.03-04.03.10:119][871]LogModuleManager: Shutting down and abandoning module OculusInput (131)
[2016.11.03-04.03.10:119][871]LogModuleManager: Shutting down and abandoning module CustomMeshComponent (130)
[2016.11.03-04.03.10:119][871]LogModuleManager: Shutting down and abandoning module CableComponent (129)
[2016.11.03-04.03.10:119][871]LogModuleManager: Shutting down and abandoning module ArchVisCharacter (128)
[2016.11.03-04.03.10:119][871]LogModuleManager: Shutting down and abandoning module MediaPlayerEditor (126)
[2016.11.03-04.03.10:119][871]LogModuleManager: Shutting down and abandoning module HTML5Networking (125)
[2016.11.03-04.03.10:119][871]LogModuleManager: Shutting down and abandoning module GeometryCacheEd (124)
[2016.11.03-04.03.10:119][871]LogModuleManager: Shutting down and abandoning module GeometryCache (123)
[2016.11.03-04.03.10:119][871]LogModuleManager: Shutting down and abandoning module AlembicLibrary (122)
[2016.11.03-04.03.10:119][871]LogModuleManager: Shutting down and abandoning module AlembicImporter (121)
[2016.11.03-04.03.10:119][871]LogModuleManager: Shutting down and abandoning module SuperSearch (120)
[2016.11.03-04.03.10:119][871]LogModuleManager: Shutting down and abandoning module SuperSearchEditor (119)
[2016.11.03-04.03.10:119][871]LogModuleManager: Shutting down and abandoning module SpeedTreeImporter (118)
[2016.11.03-04.03.10:119][871]LogModuleManager: Shutting down and abandoning module PluginBrowser (117)
[2016.11.03-04.03.10:119][871]LogModuleManager: Shutting down and abandoning module MobileLauncherProfileWizard (116)
[2016.11.03-04.03.10:119][871]LogModuleManager: Shutting down and abandoning module EpicSurvey (115)
[2016.11.03-04.03.10:119][871]LogModuleManager: Shutting down and abandoning module DesktopPlatform (114)
[2016.11.03-04.03.10:119][871]LogModuleManager: Shutting down and abandoning module VisualStudioSourceCodeAccess (113)
[2016.11.03-04.03.10:119][871]LogModuleManager: Shutting down and abandoning module UObjectPlugin (112)
[2016.11.03-04.03.10:119][871]LogModuleManager: Shutting down and abandoning module SubversionSourceControl (111)
[2016.11.03-04.03.10:119][871]LogModuleManager: Shutting down and abandoning module PerforceSourceControl (110)
[2016.11.03-04.03.10:119][871]LogModuleManager: Shutting down and abandoning module SourceControl (109)
[2016.11.03-04.03.10:119][871]LogModuleManager: Shutting down and abandoning module GitSourceControl (108)
[2016.11.03-04.03.10:119][871]LogModuleManager: Shutting down and abandoning module LightPropagationVolumeEditor (107)
[2016.11.03-04.03.10:119][871]LogModuleManager: Shutting down and abandoning module PaperTiledImporter (106)
[2016.11.03-04.03.10:119][871]LogModuleManager: Shutting down and abandoning module PaperSpriteSheetImporter (105)
[2016.11.03-04.03.10:119][871]LogModuleManager: Shutting down and abandoning module MeshPaint (104)
[2016.11.03-04.03.10:119][871]LogModuleManager: Shutting down and abandoning module FbxAutomationBuilderModule (103)
[2016.11.03-04.03.10:119][871]LogModuleManager: Shutting down and abandoning module PixelInspectorModule (102)
[2016.11.03-04.03.10:119][871]LogModuleManager: Shutting down and abandoning module HotReload (101)
[2016.11.03-04.03.10:119][871]LogModuleManager: Shutting down and abandoning module MainFrame (100)
[2016.11.03-04.03.10:119][871]LogModuleManager: Shutting down and abandoning module LevelEditor (99)
[2016.11.03-04.03.10:120][871]LogModuleManager: Shutting down and abandoning module ContentBrowser (98)
[2016.11.03-04.03.10:121][871]LogModuleManager: Shutting down and abandoning module Paper2DEditor (97)
[2016.11.03-04.03.10:121][871]LogModuleManager: Shutting down and abandoning module UdpMessaging (96)
[2016.11.03-04.03.10:221][871]LogModuleManager: Shutting down and abandoning module TcpMessaging (95)
[2016.11.03-04.03.10:322][871]LogModuleManager: Shutting down and abandoning module LightPropagationVolumeRuntime (94)
[2016.11.03-04.03.10:322][871]LogModuleManager: Shutting down and abandoning module Paper2D (93)
[2016.11.03-04.03.10:322][871]LogModuleManager: Shutting down and abandoning module WindowsMoviePlayer (92)
[2016.11.03-04.03.10:322][871]LogModuleManager: Shutting down and abandoning module WmfMedia (91)
[2016.11.03-04.03.10:322][871]LogModuleManager: Shutting down and abandoning module MediaAssets (90)
[2016.11.03-04.03.10:322][871]LogModuleManager: Shutting down and abandoning module GameLiveStreaming (89)
[2016.11.03-04.03.10:323][871]LogModuleManager: Shutting down and abandoning module GameplayTagsEditor (88)
[2016.11.03-04.03.10:323][871]LogModuleManager: Shutting down and abandoning module VREditor (87)
[2016.11.03-04.03.10:323][871]LogModuleManager: Shutting down and abandoning module GameplayTasksEditor (86)
[2016.11.03-04.03.10:323][871]LogModuleManager: Shutting down and abandoning module PropertyEditor (85)
[2016.11.03-04.03.10:323][871]LogModuleManager: Shutting down and abandoning module BehaviorTreeEditor (84)
[2016.11.03-04.03.10:323][871]LogModuleManager: Shutting down and abandoning module FunctionalTesting (83)
[2016.11.03-04.03.10:323][871]LogModuleManager: Shutting down and abandoning module CollisionAnalyzer (82)
[2016.11.03-04.03.10:323][871]LogModuleManager: Shutting down and abandoning module Sequencer (81)
[2016.11.03-04.03.10:323][871]LogModuleManager: Shutting down and abandoning module WorkspaceMenuStructure (80)
[2016.11.03-04.03.10:323][871]LogModuleManager: Shutting down and abandoning module MessageLog (79)
[2016.11.03-04.03.10:323][871]LogModuleManager: Shutting down and abandoning module AssetTools (78)
[2016.11.03-04.03.10:323][871]LogModuleManager: Shutting down and abandoning module UMGEditor (77)
[2016.11.03-04.03.10:323][871]LogModuleManager: Shutting down and abandoning module UMG (76)
[2016.11.03-04.03.10:323][871]LogModuleManager: Shutting down and abandoning module SlateReflector (75)
[2016.11.03-04.03.10:323][871]LogModuleManager: Shutting down and abandoning module Slate (74)
[2016.11.03-04.03.10:323][871]LogModuleManager: Shutting down and abandoning module EditorStyle (73)
[2016.11.03-04.03.10:327][871]LogModuleManager: Shutting down and abandoning module SourceCodeAccess (72)
[2016.11.03-04.03.10:327][871]LogModuleManager: Shutting down and abandoning module HeadMountedDisplay (71)
[2016.11.03-04.03.10:327][871]LogModuleManager: Shutting down and abandoning module XAudio2 (70)
[2016.11.03-04.03.10:327][871]LogModuleManager: Shutting down and abandoning module Networking (68)
[2016.11.03-04.03.10:327][871]LogModuleManager: Shutting down and abandoning module Core (67)
[2016.11.03-04.03.10:327][871]LogModuleManager: Shutting down and abandoning module DirectoryWatcher (66)
[2016.11.03-04.03.10:327][871]LogDirectoryWatcher: A directory notification for '../../../Engine/Content/' was aborted.
[2016.11.03-04.03.10:327][871]LogDirectoryWatcher: A directory notification for 'C:/Users/Thomas/Desktop/GitHub/Greg/Content/' was aborted.
[2016.11.03-04.03.10:327][871]LogDirectoryWatcher: A directory notification for '../../../Engine/Plugins/2D/Paper2D/Content/' was aborted.
[2016.11.03-04.03.10:328][871]LogModuleManager: Shutting down and abandoning module AssetRegistry (65)
[2016.11.03-04.03.10:419][871]LogModuleManager: Shutting down and abandoning module KismetCompiler (64)
[2016.11.03-04.03.10:419][871]LogModuleManager: Shutting down and abandoning module PhysXFormats (63)
[2016.11.03-04.03.10:419][871]LogModuleManager: Shutting down and abandoning module MeshUtilities (62)
[2016.11.03-04.03.10:419][871]LogModuleManager: Shutting down and abandoning module DerivedDataCache (61)
[2016.11.03-04.03.10:487][871]LogDerivedDataCache: Shutdown
[2016.11.03-04.03.10:488][871]LogModuleManager: Shutting down and abandoning module VulkanShaderFormat (60)
[2016.11.03-04.03.10:488][871]LogModuleManager: Shutting down and abandoning module ShaderFormatOpenGL (59)
[2016.11.03-04.03.10:488][871]LogModuleManager: Shutting down and abandoning module ShaderFormatD3D (58)
[2016.11.03-04.03.10:488][871]LogModuleManager: Shutting down and abandoning module MetalShaderFormat (57)
[2016.11.03-04.03.10:488][871]LogModuleManager: Shutting down and abandoning module TextureFormatUncompressed (56)
[2016.11.03-04.03.10:488][871]LogModuleManager: Shutting down and abandoning module TextureFormatPVR (55)
[2016.11.03-04.03.10:488][871]LogModuleManager: Shutting down and abandoning module TextureFormatDXT (54)
[2016.11.03-04.03.10:488][871]LogModuleManager: Shutting down and abandoning module TextureFormatIntelISPCTexComp (53)
[2016.11.03-04.03.10:488][871]LogModuleManager: Shutting down and abandoning module ImageWrapper (52)
[2016.11.03-04.03.10:488][871]LogModuleManager: Shutting down and abandoning module TextureFormatASTC (51)
[2016.11.03-04.03.10:488][871]LogModuleManager: Shutting down and abandoning module TextureFormatAndroid (50)
[2016.11.03-04.03.10:488][871]LogModuleManager: Shutting down and abandoning module AudioFormatOpus (49)
[2016.11.03-04.03.10:488][871]LogModuleManager: Shutting down and abandoning module AudioFormatOgg (48)
[2016.11.03-04.03.10:488][871]LogModuleManager: Shutting down and abandoning module AudioFormatADPCM (47)
[2016.11.03-04.03.10:488][871]LogModuleManager: Shutting down and abandoning module LinuxTargetPlatform (46)
[2016.11.03-04.03.10:488][871]LogModuleManager: Shutting down and abandoning module LinuxServerTargetPlatform (45)
[2016.11.03-04.03.10:488][871]LogModuleManager: Shutting down and abandoning module LinuxNoEditorTargetPlatform (44)
[2016.11.03-04.03.10:488][871]LogModuleManager: Shutting down and abandoning module LinuxClientTargetPlatform (43)
[2016.11.03-04.03.10:488][871]LogModuleManager: Shutting down and abandoning module TVOSTargetPlatform (42)
[2016.11.03-04.03.10:488][871]LogModuleManager: Shutting down and abandoning module Messaging (41)
[2016.11.03-04.03.10:488][871]LogModuleManager: Shutting down and abandoning module IOSTargetPlatform (40)
[2016.11.03-04.03.10:488][871]LogModuleManager: Shutting down and abandoning module HTML5TargetPlatform (39)
[2016.11.03-04.03.10:488][871]LogModuleManager: Shutting down and abandoning module Android_PVRTCTargetPlatform (38)
[2016.11.03-04.03.10:488][871]LogModuleManager: Shutting down and abandoning module Android_MultiTargetPlatform (37)
[2016.11.03-04.03.10:488][871]LogModuleManager: Shutting down and abandoning module Android_ETC2TargetPlatform (36)
[2016.11.03-04.03.10:488][871]LogModuleManager: Shutting down and abandoning module Android_ETC1TargetPlatform (35)
[2016.11.03-04.03.10:488][871]LogModuleManager: Shutting down and abandoning module Android_DXTTargetPlatform (34)
[2016.11.03-04.03.10:488][871]LogModuleManager: Shutting down and abandoning module Android_ATCTargetPlatform (33)
[2016.11.03-04.03.10:488][871]LogModuleManager: Shutting down and abandoning module Android_ASTCTargetPlatform (32)
[2016.11.03-04.03.10:488][871]LogModuleManager: Shutting down and abandoning module AndroidTargetPlatform (31)
[2016.11.03-04.03.10:488][871]LogModuleManager: Shutting down and abandoning module WindowsTargetPlatform (30)
[2016.11.03-04.03.10:488][871]LogModuleManager: Shutting down and abandoning module WindowsServerTargetPlatform (29)
[2016.11.03-04.03.10:488][871]LogModuleManager: Shutting down and abandoning module WindowsNoEditorTargetPlatform (28)
[2016.11.03-04.03.10:488][871]LogModuleManager: Shutting down and abandoning module WindowsClientTargetPlatform (27)
[2016.11.03-04.03.10:488][871]LogModuleManager: Shutting down and abandoning module AllDesktopTargetPlatform (26)
[2016.11.03-04.03.10:488][871]LogModuleManager: Shutting down and abandoning module TargetPlatform (25)
[2016.11.03-04.03.10:488][871]LogModuleManager: Shutting down and abandoning module InputCore (24)
[2016.11.03-04.03.10:488][871]LogModuleManager: Shutting down and abandoning module Settings (23)
[2016.11.03-04.03.10:488][871]LogModuleManager: Shutting down and abandoning module OculusRift (22)
[2016.11.03-04.03.10:488][871]LogModuleManager: Shutting down and abandoning module GearVR (21)
[2016.11.03-04.03.10:488][871]LogModuleManager: Shutting down and abandoning module ExampleDeviceProfileSelector (20)
[2016.11.03-04.03.10:488][871]LogModuleManager: Shutting down and abandoning module OnlineBlueprintSupport (19)
[2016.11.03-04.03.10:488][871]LogModuleManager: Shutting down and abandoning module OnlineSubsystem (17)
[2016.11.03-04.03.10:488][871]LogOnline:Display: Unloading online subsystem: NULL
[2016.11.03-04.03.10:488][871]LogModuleManager: Shutting down and abandoning module HTTP (16)
[2016.11.03-04.03.10:488][871]LogHttp:Display: Http module shutting down, but needs to wait on 1 outstanding Http requests:
[2016.11.03-04.03.10:488][871]LogHttp:Display: 	verb=[POST] url=[https://datarouter.ol.epicgames.com/datarouter/api/v1/public/data?SessionID=%7B1310FED6-4264-0A0D-8AE1-E6B1EA1F2012%7D&AppID=UEEditor.Rocket.Release&AppVersion=4.13.2-3172292%2B%2B%2BUE4%2BRelease-4.13&UserID=53ff7797463898d7c958758b08e3f796%7Cd1e4a1867064451d815089ec9f9eafe4%7C06864976-5301-438a-b0aa-a01e4cf2f982&AppEnvironment=datacollector-binary&UploadType=eteventstream] status=Processing
[2016.11.03-04.03.10:515][871]LogModuleManager: Shutting down and abandoning module XMPP (15)
[2016.11.03-04.03.10:515][871]LogModuleManager: Shutting down and abandoning module TextureCompressor (14)
[2016.11.03-04.03.10:515][871]LogModuleManager: Shutting down and abandoning module ShaderCore (13)
[2016.11.03-04.03.10:515][871]LogModuleManager: Shutting down and abandoning module Landscape (12)
[2016.11.03-04.03.10:515][871]LogModuleManager: Shutting down and abandoning module SlateRHIRenderer (11)
[2016.11.03-04.03.10:516][871]LogModuleManager: Shutting down and abandoning module OpenGLDrv (10)
[2016.11.03-04.03.10:516][871]LogModuleManager: Shutting down and abandoning module D3D11RHI (9)
[2016.11.03-04.03.10:516][871]LogModuleManager: Shutting down and abandoning module AnimGraphRuntime (8)
[2016.11.03-04.03.10:516][871]LogModuleManager: Shutting down and abandoning module Renderer (7)
[2016.11.03-04.03.10:516][871]LogModuleManager: Shutting down and abandoning module Engine (6)
[2016.11.03-04.03.10:516][871]LogModuleManager: Shutting down and abandoning module CoreUObject (5)
[2016.11.03-04.03.10:516][871]LogModuleManager: Shutting down and abandoning module NetworkFile (4)
[2016.11.03-04.03.10:516][871]LogModuleManager: Shutting down and abandoning module StreamingFile (3)
[2016.11.03-04.03.10:516][871]LogModuleManager: Shutting down and abandoning module SandboxFile (2)
[2016.11.03-04.03.10:516][871]LogModuleManager: Shutting down and abandoning module PakFile (1)
[2016.11.03-04.03.10:517][871]LogExit: Exiting.
[2016.11.03-04.03.10:525][871]Log file closed, 11/02/16 21:03:10
