Log file open, 12/02/16 14:09:51
LogInit:Display: Running engine without a game
LogPlatformFile: Not using cached read wrapper
LogInit:Display: Loading recent project file: ../../../../../../Users/TempUser/Documents/Unreal Projects/Greg/Greg.uproject
LogInit:Display: RandInit(-1229899723) SRandInit(-1229899723).
LogTaskGraph: Started task graph with 5 named threads and 6 total threads with 1 sets of task threads.
LogStats: Stats thread started at 0.175542
LogPluginManager: Loaded Plugin Paper2D, From C:/Program Files (x86)/Epic Games/4.13/Engine/Plugins/2D/Paper2D/Paper2D.uplugin
LogPluginManager: Loaded Plugin LightPropagationVolume, From C:/Program Files (x86)/Epic Games/4.13/Engine/Plugins/Blendables/LightPropagationVolume/LightPropagationVolume.uplugin
LogPluginManager: Loaded Plugin BlankPlugin, From C:/Program Files (x86)/Epic Games/4.13/Engine/Plugins/Developer/BlankPlugin/BlankPlugin.uplugin
LogPluginManager: Loaded Plugin CodeLiteSourceCodeAccess, From C:/Program Files (x86)/Epic Games/4.13/Engine/Plugins/Developer/CodeLiteSourceCodeAccess/CodeLiteSourceCodeAccess.uplugin
LogPluginManager: Loaded Plugin GitSourceControl, From C:/Program Files (x86)/Epic Games/4.13/Engine/Plugins/Developer/GitSourceControl/GitSourceControl.uplugin
LogPluginManager: Loaded Plugin KDevelopSourceCodeAccess, From C:/Program Files (x86)/Epic Games/4.13/Engine/Plugins/Developer/KDevelopSourceCodeAccess/KDevelopSourceCodeAccess.uplugin
LogPluginManager: Loaded Plugin NullSourceCodeAccess, From C:/Program Files (x86)/Epic Games/4.13/Engine/Plugins/Developer/NullSourceCodeAccess/NullSourceCodeAccess.uplugin
LogPluginManager: Loaded Plugin OneSkyLocalizationService, From C:/Program Files (x86)/Epic Games/4.13/Engine/Plugins/Developer/OneSkyLocalizationService/OneSkyLocalizationService.uplugin
LogPluginManager: Loaded Plugin PerforceSourceControl, From C:/Program Files (x86)/Epic Games/4.13/Engine/Plugins/Developer/PerforceSourceControl/PerforceSourceControl.uplugin
LogPluginManager: Loaded Plugin SubversionSourceControl, From C:/Program Files (x86)/Epic Games/4.13/Engine/Plugins/Developer/SubversionSourceControl/SubversionSourceControl.uplugin
LogPluginManager: Loaded Plugin UObjectPlugin, From C:/Program Files (x86)/Epic Games/4.13/Engine/Plugins/Developer/UObjectPlugin/UObjectPlugin.uplugin
LogPluginManager: Loaded Plugin VisualStudioSourceCodeAccess, From C:/Program Files (x86)/Epic Games/4.13/Engine/Plugins/Developer/VisualStudioSourceCodeAccess/VisualStudioSourceCodeAccess.uplugin
LogPluginManager: Loaded Plugin XCodeSourceCodeAccess, From C:/Program Files (x86)/Epic Games/4.13/Engine/Plugins/Developer/XCodeSourceCodeAccess/XCodeSourceCodeAccess.uplugin
LogPluginManager: Loaded Plugin EpicSurvey, From C:/Program Files (x86)/Epic Games/4.13/Engine/Plugins/Editor/EpicSurvey/EpicSurvey.uplugin
LogPluginManager: Loaded Plugin MacGraphicsSwitching, From C:/Program Files (x86)/Epic Games/4.13/Engine/Plugins/Editor/MacGraphicsSwitching/MacGraphicsSwitching.uplugin
LogPluginManager: Loaded Plugin MobileLauncherProfileWizard, From C:/Program Files (x86)/Epic Games/4.13/Engine/Plugins/Editor/MobileLauncherProfileWizard/MobileLauncherProfileWizard.uplugin
LogPluginManager: Loaded Plugin PluginBrowser, From C:/Program Files (x86)/Epic Games/4.13/Engine/Plugins/Editor/PluginBrowser/PluginBrowser.uplugin
LogPluginManager: Loaded Plugin SpeedTreeImporter, From C:/Program Files (x86)/Epic Games/4.13/Engine/Plugins/Editor/SpeedTreeImporter/SpeedTreeImporter.uplugin
LogPluginManager: Loaded Plugin SuperSearchEditor, From C:/Program Files (x86)/Epic Games/4.13/Engine/Plugins/Editor/SuperSearchEditor/SuperSearchEditor.uplugin
LogPluginManager: Loaded Plugin AlembicImporter, From C:/Program Files (x86)/Epic Games/4.13/Engine/Plugins/Experimental/AlembicImporter/AlembicImporter.uplugin
LogPluginManager: Loaded Plugin BlueprintStats, From C:/Program Files (x86)/Epic Games/4.13/Engine/Plugins/Experimental/BlueprintStats/BlueprintStats.uplugin
LogPluginManager: Loaded Plugin CharacterAI, From C:/Program Files (x86)/Epic Games/4.13/Engine/Plugins/Experimental/CharacterAI/CharacterAI.uplugin
LogPluginManager: Loaded Plugin CodeEditor, From C:/Program Files (x86)/Epic Games/4.13/Engine/Plugins/Experimental/CodeEditor/CodeEditor.uplugin
LogPluginManager: Loaded Plugin CodeView, From C:/Program Files (x86)/Epic Games/4.13/Engine/Plugins/Experimental/CodeView/CodeView.uplugin
LogPluginManager: Loaded Plugin HTML5Networking, From C:/Program Files (x86)/Epic Games/4.13/Engine/Plugins/Experimental/HTML5Networking/HTML5Networking.uplugin
LogPluginManager: Loaded Plugin LiveEditor, From C:/Program Files (x86)/Epic Games/4.13/Engine/Plugins/Experimental/LiveEditor/LiveEditor.uplugin
LogPluginManager: Loaded Plugin OSVR, From C:/Program Files (x86)/Epic Games/4.13/Engine/Plugins/Experimental/OSVR/OSVR.uplugin
LogPluginManager: Loaded Plugin Phya, From C:/Program Files (x86)/Epic Games/4.13/Engine/Plugins/Experimental/Phya/Phya.uplugin
LogPluginManager: Loaded Plugin SignificanceManager, From C:/Program Files (x86)/Epic Games/4.13/Engine/Plugins/Experimental/SignificanceManager/SignificanceManager.uplugin
LogPluginManager: Loaded Plugin SimpleHMD, From C:/Program Files (x86)/Epic Games/4.13/Engine/Plugins/Experimental/SimpleHMD/SimpleHMD.uplugin
LogPluginManager: Loaded Plugin StereoPanorama, From C:/Program Files (x86)/Epic Games/4.13/Engine/Plugins/Experimental/StereoPanorama/StereoPanorama.uplugin
LogPluginManager: Loaded Plugin StructBox, From C:/Program Files (x86)/Epic Games/4.13/Engine/Plugins/Experimental/StructBox/StructBox.uplugin
LogPluginManager: Loaded Plugin AndroidMedia, From C:/Program Files (x86)/Epic Games/4.13/Engine/Plugins/Media/AndroidMedia/AndroidMedia.uplugin
LogPluginManager: Loaded Plugin AvfMedia, From C:/Program Files (x86)/Epic Games/4.13/Engine/Plugins/Media/AvfMedia/AvfMedia.uplugin
LogPluginManager: Loaded Plugin MediaPlayerEditor, From C:/Program Files (x86)/Epic Games/4.13/Engine/Plugins/Media/MediaPlayerEditor/MediaPlayerEditor.uplugin
LogPluginManager: Loaded Plugin WmfMedia, From C:/Program Files (x86)/Epic Games/4.13/Engine/Plugins/Media/WmfMedia/WmfMedia.uplugin
LogPluginManager: Loaded Plugin MessagingDebugger, From C:/Program Files (x86)/Epic Games/4.13/Engine/Plugins/Messaging/MessagingDebugger/MessagingDebugger.uplugin
LogPluginManager: Loaded Plugin TcpMessaging, From C:/Program Files (x86)/Epic Games/4.13/Engine/Plugins/Messaging/TcpMessaging/TcpMessaging.uplugin
LogPluginManager: Loaded Plugin UdpMessaging, From C:/Program Files (x86)/Epic Games/4.13/Engine/Plugins/Messaging/UdpMessaging/UdpMessaging.uplugin
LogPluginManager: Loaded Plugin LevelSequenceEditor, From C:/Program Files (x86)/Epic Games/4.13/Engine/Plugins/MovieScene/LevelSequenceEditor/LevelSequenceEditor.uplugin
LogPluginManager: Loaded Plugin MatineeToLevelSequence, From C:/Program Files (x86)/Epic Games/4.13/Engine/Plugins/MovieScene/MatineeToLevelSequence/MatineeToLevelSequence.uplugin
LogPluginManager: Loaded Plugin NetcodeUnitTest, From C:/Program Files (x86)/Epic Games/4.13/Engine/Plugins/NetcodeUnitTest/NetcodeUnitTest/NetcodeUnitTest.uplugin
LogPluginManager: Loaded Plugin NUTUnrealEngine4, From C:/Program Files (x86)/Epic Games/4.13/Engine/Plugins/NetcodeUnitTest/NUTUnrealEngine4/NUTUnrealEngine4.uplugin
LogPluginManager: Loaded Plugin OnlineSubsystemGooglePlay, From C:/Program Files (x86)/Epic Games/4.13/Engine/Plugins/Online/Android/OnlineSubsystemGooglePlay/OnlineSubsystemGooglePlay.uplugin
LogPluginManager: Loaded Plugin OnlineSubsystemIOS, From C:/Program Files (x86)/Epic Games/4.13/Engine/Plugins/Online/IOS/OnlineSubsystemIOS/OnlineSubsystemIOS.uplugin
LogPluginManager: Loaded Plugin OnlineFramework, From C:/Program Files (x86)/Epic Games/4.13/Engine/Plugins/Online/OnlineFramework/OnlineFramework.uplugin
LogPluginManager: Loaded Plugin OnlineSubsystem, From C:/Program Files (x86)/Epic Games/4.13/Engine/Plugins/Online/OnlineSubsystem/OnlineSubsystem.uplugin
LogPluginManager: Loaded Plugin OnlineSubsystemAmazon, From C:/Program Files (x86)/Epic Games/4.13/Engine/Plugins/Online/OnlineSubsystemAmazon/OnlineSubsystemAmazon.uplugin
LogPluginManager: Loaded Plugin OnlineSubsystemFacebook, From C:/Program Files (x86)/Epic Games/4.13/Engine/Plugins/Online/OnlineSubsystemFacebook/OnlineSubsystemFacebook.uplugin
LogPluginManager: Loaded Plugin OnlineSubsystemNull, From C:/Program Files (x86)/Epic Games/4.13/Engine/Plugins/Online/OnlineSubsystemNull/OnlineSubsystemNull.uplugin
LogPluginManager: Loaded Plugin OnlineSubsystemOculus, From C:/Program Files (x86)/Epic Games/4.13/Engine/Plugins/Online/OnlineSubsystemOculus/OnlineSubsystemOculus.uplugin
LogPluginManager: Loaded Plugin OnlineSubsystemSteam, From C:/Program Files (x86)/Epic Games/4.13/Engine/Plugins/Online/OnlineSubsystemSteam/OnlineSubsystemSteam.uplugin
LogPluginManager: Loaded Plugin OnlineSubsystemUtils, From C:/Program Files (x86)/Epic Games/4.13/Engine/Plugins/Online/OnlineSubsystemUtils/OnlineSubsystemUtils.uplugin
LogPluginManager: Loaded Plugin IOSTapJoy, From C:/Program Files (x86)/Epic Games/4.13/Engine/Plugins/Runtime/Advertising/IOSTapJoy/IOSTapJoy.uplugin
LogPluginManager: Loaded Plugin AnalyticsBlueprintLibrary, From C:/Program Files (x86)/Epic Games/4.13/Engine/Plugins/Runtime/Analytics/AnalyticsBlueprintLibrary/AnalyticsBlueprintLibrary.uplugin
LogPluginManager: Loaded Plugin AnalyticsMulticast, From C:/Program Files (x86)/Epic Games/4.13/Engine/Plugins/Runtime/Analytics/AnalyticsMulticast/AnalyticsMulticast.uplugin
LogPluginManager: Loaded Plugin Apsalar, From C:/Program Files (x86)/Epic Games/4.13/Engine/Plugins/Runtime/Analytics/Apsalar/Apsalar.uplugin
LogPluginManager: Loaded Plugin FileLogging, From C:/Program Files (x86)/Epic Games/4.13/Engine/Plugins/Runtime/Analytics/FileLogging/FileLogging.uplugin
LogPluginManager: Loaded Plugin Flurry, From C:/Program Files (x86)/Epic Games/4.13/Engine/Plugins/Runtime/Analytics/Flurry/Flurry.uplugin
LogPluginManager: Loaded Plugin AndroidDeviceProfileSelector, From C:/Program Files (x86)/Epic Games/4.13/Engine/Plugins/Runtime/AndroidDeviceProfileSelector/AndroidDeviceProfileSelector.uplugin
LogPluginManager: Loaded Plugin AndroidMoviePlayer, From C:/Program Files (x86)/Epic Games/4.13/Engine/Plugins/Runtime/AndroidMoviePlayer/AndroidMoviePlayer.uplugin
LogPluginManager: Loaded Plugin AppleMoviePlayer, From C:/Program Files (x86)/Epic Games/4.13/Engine/Plugins/Runtime/AppleMoviePlayer/AppleMoviePlayer.uplugin
LogPluginManager: Loaded Plugin ArchVisCharacter, From C:/Program Files (x86)/Epic Games/4.13/Engine/Plugins/Runtime/ArchVisCharacter/ArchVisCharacter.uplugin
LogPluginManager: Loaded Plugin CableComponent, From C:/Program Files (x86)/Epic Games/4.13/Engine/Plugins/Runtime/CableComponent/CableComponent.uplugin
LogPluginManager: Loaded Plugin CustomMeshComponent, From C:/Program Files (x86)/Epic Games/4.13/Engine/Plugins/Runtime/CustomMeshComponent/CustomMeshComponent.uplugin
LogPluginManager: Loaded Plugin ExampleDeviceProfileSelector, From C:/Program Files (x86)/Epic Games/4.13/Engine/Plugins/Runtime/ExampleDeviceProfileSelector/ExampleDeviceProfileSelector.uplugin
LogPluginManager: Loaded Plugin GearVR, From C:/Program Files (x86)/Epic Games/4.13/Engine/Plugins/Runtime/GearVR/GearVR.uplugin
LogPluginManager: Loaded Plugin GoogleVRController, From C:/Program Files (x86)/Epic Games/4.13/Engine/Plugins/Runtime/GoogleVR/GoogleVRController/GoogleVRController.uplugin
LogPluginManager: Loaded Plugin GoogleVRHMD, From C:/Program Files (x86)/Epic Games/4.13/Engine/Plugins/Runtime/GoogleVR/GoogleVRHMD/GoogleVRHMD.uplugin
LogPluginManager: Loaded Plugin IOSDeviceProfileSelector, From C:/Program Files (x86)/Epic Games/4.13/Engine/Plugins/Runtime/IOSDeviceProfileSelector/IOSDeviceProfileSelector.uplugin
LogPluginManager: Loaded Plugin LeapMotion, From C:/Program Files (x86)/Epic Games/4.13/Engine/Plugins/Runtime/LeapMotion/LeapMotion.uplugin
LogPluginManager: Loaded Plugin LinuxDeviceProfileSelector, From C:/Program Files (x86)/Epic Games/4.13/Engine/Plugins/Runtime/LinuxDeviceProfileSelector/LinuxDeviceProfileSelector.uplugin
LogPluginManager: Loaded Plugin LiveEditorListenServer, From C:/Program Files (x86)/Epic Games/4.13/Engine/Plugins/Runtime/LiveEditorListenServer/LiveEditorListenServer.uplugin
LogPluginManager: Loaded Plugin OculusAudio, From C:/Program Files (x86)/Epic Games/4.13/Engine/Plugins/Runtime/OculusAudio/OculusAudio.uplugin
LogPluginManager: Loaded Plugin OculusInput, From C:/Program Files (x86)/Epic Games/4.13/Engine/Plugins/Runtime/OculusInput/OculusInput.uplugin
LogPluginManager: Loaded Plugin OculusLibrary, From C:/Program Files (x86)/Epic Games/4.13/Engine/Plugins/Runtime/OculusLibrary/OculusLibrary.uplugin
LogPluginManager: Loaded Plugin OculusRift, From C:/Program Files (x86)/Epic Games/4.13/Engine/Plugins/Runtime/OculusRift/OculusRift.uplugin
LogPluginManager: Loaded Plugin Oodle, From C:/Program Files (x86)/Epic Games/4.13/Engine/Plugins/Runtime/PacketHandlers/CompressionComponents/Oodle/Oodle.uplugin
LogPluginManager: Loaded Plugin ProceduralMeshComponent, From C:/Program Files (x86)/Epic Games/4.13/Engine/Plugins/Runtime/ProceduralMeshComponent/ProceduralMeshComponent.uplugin
LogPluginManager: Loaded Plugin SoundMod, From C:/Program Files (x86)/Epic Games/4.13/Engine/Plugins/Runtime/SoundMod/SoundMod.uplugin
LogPluginManager: Loaded Plugin SoundVisualizations, From C:/Program Files (x86)/Epic Games/4.13/Engine/Plugins/Runtime/SoundVisualizations/SoundVisualizations.uplugin
LogPluginManager: Loaded Plugin SteamController, From C:/Program Files (x86)/Epic Games/4.13/Engine/Plugins/Runtime/Steam/SteamController/SteamController.uplugin
LogPluginManager: Loaded Plugin SteamVR, From C:/Program Files (x86)/Epic Games/4.13/Engine/Plugins/Runtime/Steam/SteamVR/SteamVR.uplugin
LogPluginManager: Loaded Plugin WebBrowserWidget, From C:/Program Files (x86)/Epic Games/4.13/Engine/Plugins/Runtime/WebBrowserWidget/WebBrowserWidget.uplugin
LogPluginManager: Loaded Plugin WindowsDeviceProfileSelector, From C:/Program Files (x86)/Epic Games/4.13/Engine/Plugins/Runtime/WindowsDeviceProfileSelector/WindowsDeviceProfileSelector.uplugin
LogPluginManager: Loaded Plugin WindowsMoviePlayer, From C:/Program Files (x86)/Epic Games/4.13/Engine/Plugins/Runtime/WindowsMoviePlayer/WindowsMoviePlayer.uplugin
LogPluginManager: Loaded Plugin ScriptPlugin, From C:/Program Files (x86)/Epic Games/4.13/Engine/Plugins/ScriptPlugin/ScriptPlugin.uplugin
LogPluginManager: Loaded Plugin SlateRemote, From C:/Program Files (x86)/Epic Games/4.13/Engine/Plugins/Slate/SlateRemote/SlateRemote.uplugin
LogInit: Using libcurl 7.47.1
LogInit:  - built for x86_64-pc-win32
LogInit:  - supports SSL with WinSSL
LogInit:  - other features:
LogInit:      CURL_VERSION_SSL
LogInit:      CURL_VERSION_IPV6
LogInit:      CURL_VERSION_ASYNCHDNS
LogInit:      CURL_VERSION_LARGEFILE
LogInit:      CURL_VERSION_IDN
LogInit:  CurlRequestOptions (configurable via config and command line):
LogInit:  - bVerifyPeer = false  - Libcurl will NOT verify peer certificate
LogInit:  - bUseHttpProxy = false  - Libcurl will NOT use HTTP proxy
LogInit:  - bDontReuseConnections = false  - Libcurl will reuse connections
LogInit:  - CertBundlePath = nullptr  - Libcurl will use whatever was configured at build time.
LogInit: Build: ++UE4+Release-4.13-CL-3172292
LogInit: Engine Version: 4.13.2-3172292+++UE4+Release-4.13
LogInit: Compatible Engine Version: 4.13.0-3106830+++UE4+Release-4.13
LogInit: Net CL: 3172292
LogDevObjectVersion: Number of dev versions registered: 13
LogDevObjectVersion:   Dev-Blueprints (B0D832E4-1F89-4F0D-ACCF-7EB736FD4AA2): 5
LogDevObjectVersion:   Dev-Build (E1C64328-A22C-4D53-A36C-8E866417BD8C): 0
LogDevObjectVersion:   Dev-Core (375EC13C-06E4-48FB-B500-84F0262A717E): 1
LogDevObjectVersion:   Dev-Editor (E4B068ED-F494-42E9-A231-DA0B2E46BB41): 6
LogDevObjectVersion:   Dev-Framework (CFFC743F-43B0-4480-9391-14DF171D2073): 12
LogDevObjectVersion:   Dev-Mobile (B02B49B5-BB20-44E9-A304-32B752E40360): 0
LogDevObjectVersion:   Dev-Networking (A4E4105C-59A1-49B5-A7C5-40C4547EDFEE): 0
LogDevObjectVersion:   Dev-Online (39C831C9-5AE6-47DC-9A44-9C173E1C8E7C): 0
LogDevObjectVersion:   Dev-Physics (78F01B33-EBEA-4F98-B9B4-84EACCB95AA2): 0
LogDevObjectVersion:   Dev-Platform (6631380F-2D4D-43E0-8009-CF276956A95A): 0
LogDevObjectVersion:   Dev-Rendering (12F88B9F-8875-4AFC-A67C-D90C383ABD29): 4
LogDevObjectVersion:   Dev-Sequencer (7B5AE74C-D270-4C10-A958-57980B212A5A): 0
LogDevObjectVersion:   Dev-VR (D7296918-1DD6-4BDD-9DE2-64A83CC13884): 0
LogInit: Compiled (64-bit): Oct 24 2016 14:29:06
LogInit: Compiled with Visual C++: 19.00.23026.00
LogInit: Build Configuration: Development
LogInit: Branch Name: ++UE4+Release-4.13
LogInit: Command line: -EpicPortal 
LogInit: Base directory: C:/Program Files (x86)/Epic Games/4.13/Engine/Binaries/Win64/
LogInit: Installed Engine Build: 1
LogInit: Presizing for max 8388607 objects, including 0 objects not considered by GC, pre-allocating 0 bytes for permanent pool.
LogInit: Object subsystem initialized
[2016.12.02-22.09.52:580][  0]LogInit: Selected Device Profile: [Windows]
[2016.12.02-22.09.52:580][  0]LogInit: Applying CVar settings loaded from the selected device profile: [Windows]
[2016.12.02-22.09.52:619][  0]LogInit: Computer: TEMPUSER-PC
[2016.12.02-22.09.52:619][  0]LogInit: User: TempUser
[2016.12.02-22.09.52:619][  0]LogInit: CPU Page size=65536, Cores=2
[2016.12.02-22.09.52:619][  0]LogInit: High frequency timer resolution =2.338334 MHz
[2016.12.02-22.09.52:620][  0]LogMemory: Memory total: Physical=5.9GB (6GB approx)
[2016.12.02-22.09.52:620][  0]LogMemory: Platform Memory Stats for Windows
[2016.12.02-22.09.52:620][  0]LogMemory: Process Physical Memory: 253.95 MB used, 253.95 MB peak
[2016.12.02-22.09.52:620][  0]LogMemory: Process Virtual Memory: 259.43 MB used, 259.43 MB peak
[2016.12.02-22.09.52:620][  0]LogMemory: Physical Memory: 3944.41 MB used, 6066.27 MB total
[2016.12.02-22.09.52:620][  0]LogMemory: Virtual Memory: 603.16 MB used, 134217728.00 MB total
[2016.12.02-22.09.52:737][  0]LogTextLocalizationManager: No specific translations for ('en-US') exist, so ('en') translations will be used.
[2016.12.02-22.09.55:051][  0]LogD3D11RHI: D3D11 adapters:
[2016.12.02-22.09.55:070][  0]LogD3D11RHI:    0. 'Intel(R) HD Graphics 5500' (Feature Level 11_0)
[2016.12.02-22.09.55:070][  0]LogD3D11RHI:       128/0/3033 MB DedicatedVideo/DedicatedSystem/SharedSystem, Outputs:1, VendorId:0x8086
[2016.12.02-22.09.55:074][  0]LogD3D11RHI:    1. 'Microsoft Basic Render Driver' (Feature Level 11_0)
[2016.12.02-22.09.55:074][  0]LogD3D11RHI:       0/0/256 MB DedicatedVideo/DedicatedSystem/SharedSystem, Outputs:0, VendorId:0x1414
[2016.12.02-22.09.55:074][  0]LogD3D11RHI: Chosen D3D11 Adapter: 0
[2016.12.02-22.09.55:089][  0]LogD3D11RHI: Creating new Direct3DDevice
[2016.12.02-22.09.55:090][  0]LogD3D11RHI:     GPU DeviceId: 0x1616 (for the marketing name, search the web for "GPU Device Id")
[2016.12.02-22.09.55:090][  0]LogWindows: EnumDisplayDevices:
[2016.12.02-22.09.55:090][  0]LogWindows:    0. 'Intel(R) HD Graphics 5500' (P:1 D:1)
[2016.12.02-22.09.55:091][  0]LogWindows:    1. 'Intel(R) HD Graphics 5500' (P:0 D:0)
[2016.12.02-22.09.55:092][  0]LogWindows:    2. 'Intel(R) HD Graphics 5500' (P:0 D:0)
[2016.12.02-22.09.55:092][  0]LogWindows: DebugString: FoundDriverCount:3 
[2016.12.02-22.09.55:092][  0]LogD3D11RHI:     Adapter Name: Intel(R) HD Graphics 5500
[2016.12.02-22.09.55:092][  0]LogD3D11RHI:   Driver Version: 20.19.15.4501 (internal:20.19.15.4501, unified:20.19.15.4501)
[2016.12.02-22.09.55:092][  0]LogD3D11RHI:      Driver Date: 8-11-2016
[2016.12.02-22.09.55:092][  0]LogRHI: Texture pool is 1151 MB (70% of 1644 MB)
[2016.12.02-22.09.55:107][  0]LogD3D11RHI: Async texture creation enabled
[2016.12.02-22.09.55:124][  0]LogD3D11RHI: GPU Timing Frequency: 12.500000 (Debug: 2 0)
[2016.12.02-22.09.55:126][  0]LogShaderCompilers: Guid format shader working directory is -15 characters bigger than the processId version (../../../../../../Users/TempUser/Documents/Unreal Projects/Greg/Intermediate/Shaders/WorkingDirectory/10064/).
[2016.12.02-22.09.55:126][  0]LogShaderCompilers: Cleaned the shader compiler working directory 'C:/Users/TempUser/AppData/Local/Temp/UnrealShaderWorkingDir/A5C4306B47658BC29BDC3195FB5D00C1/'.
[2016.12.02-22.09.55:126][  0]LogShaderCompilers:Display: Using Local Shader Compiler.
[2016.12.02-22.10.01:168][  0]LogTemp:Display: Loaded TP AllDesktopTargetPlatform
[2016.12.02-22.10.01:217][  0]LogTemp:Display: Loaded TP WindowsClientTargetPlatform
[2016.12.02-22.10.01:264][  0]LogTemp:Display: Loaded TP WindowsNoEditorTargetPlatform
[2016.12.02-22.10.01:308][  0]LogTemp:Display: Loaded TP WindowsServerTargetPlatform
[2016.12.02-22.10.01:357][  0]LogTemp:Display: Loaded TP WindowsTargetPlatform
[2016.12.02-22.10.01:392][  0]LogTemp:Display: Loaded TP AndroidTargetPlatform
[2016.12.02-22.10.01:432][  0]LogTemp:Display: Loaded TP Android_ASTCTargetPlatform
[2016.12.02-22.10.01:468][  0]LogTemp:Display: Loaded TP Android_ATCTargetPlatform
[2016.12.02-22.10.01:500][  0]LogTemp:Display: Loaded TP Android_DXTTargetPlatform
[2016.12.02-22.10.01:541][  0]LogTemp:Display: Loaded TP Android_ETC1TargetPlatform
[2016.12.02-22.10.01:570][  0]LogTemp:Display: Loaded TP Android_ETC2TargetPlatform
[2016.12.02-22.10.01:627][  0]LogTemp:Display: Loaded TP Android_MultiTargetPlatform
[2016.12.02-22.10.01:627][  0]LogTemp:Display: Loaded TP Android_PVRTCTargetPlatform
[2016.12.02-22.10.01:631][  0]LogTemp:Display: Loaded TP HTML5TargetPlatform
[2016.12.02-22.10.01:683][  0]LogTemp:Display: Loaded TP IOSTargetPlatform
[2016.12.02-22.10.01:733][  0]LogTemp:Display: Loaded TP TVOSTargetPlatform
[2016.12.02-22.10.01:770][  0]LogTemp:Display: Loaded TP LinuxClientTargetPlatform
[2016.12.02-22.10.01:799][  0]LogTemp:Display: Loaded TP LinuxNoEditorTargetPlatform
[2016.12.02-22.10.01:842][  0]LogTemp:Display: Loaded TP LinuxServerTargetPlatform
[2016.12.02-22.10.01:897][  0]LogTemp:Display: Loaded TP LinuxTargetPlatform
[2016.12.02-22.10.01:897][  0]LogTargetPlatformManager:Display: Building Assets For Windows
[2016.12.02-22.10.02:616][  0]LogDerivedDataCache:Display: Max Cache Size: 512 MB
[2016.12.02-22.10.03:368][  0]LogDerivedDataCache: Loaded boot cache 0.75s 62MB C:/Users/TempUser/AppData/Local/UnrealEngine/4.13/DerivedDataCache/Boot.ddc.
[2016.12.02-22.10.03:368][  0]LogDerivedDataCache:Display: Loaded Boot cache: C:/Users/TempUser/AppData/Local/UnrealEngine/4.13/DerivedDataCache/Boot.ddc
[2016.12.02-22.10.03:368][  0]LogDerivedDataCache: FDerivedDataBackendGraph:  Pak pak cache file ../../../../../../Users/TempUser/Documents/Unreal Projects/Greg/DerivedDataCache/DDC.ddp not found, will not use a pak cache.
[2016.12.02-22.10.03:368][  0]LogDerivedDataCache: Unable to find inner node Pak for hierarchical cache Hierarchy.
[2016.12.02-22.10.03:369][  0]LogDerivedDataCache: FDerivedDataBackendGraph:  CompressedPak pak cache file ../../../../../../Users/TempUser/Documents/Unreal Projects/Greg/DerivedDataCache/Compressed.ddp not found, will not use a pak cache.
[2016.12.02-22.10.03:369][  0]LogDerivedDataCache: Unable to find inner node CompressedPak for hierarchical cache Hierarchy.
[2016.12.02-22.10.03:466][  0]LogDerivedDataCache:Display: Pak cache opened for reading ../../../Engine/DerivedDataCache/Compressed.ddp.
[2016.12.02-22.10.03:482][  0]LogDerivedDataCache: Using Local data cache path C:/Users/TempUser/AppData/Local/UnrealEngine/Common/DerivedDataCache: Writable
[2016.12.02-22.10.07:030][  0]LogInit: Selected Device Profile: [Windows]
[2016.12.02-22.10.07:109][  0]LogContentStreaming: Texture pool size is 0.00 MB
[2016.12.02-22.10.07:494][  0]LogMeshUtilities: No automatic mesh reduction module available
[2016.12.02-22.10.07:494][  0]LogMeshUtilities: No automatic mesh merging module available
[2016.12.02-22.10.07:494][  0]LogMeshUtilities: No distributed automatic mesh merging module available
[2016.12.02-22.10.07:810][  0]LogMaterial: Uniform references updated for custom material expression Custom.
[2016.12.02-22.10.09:269][  0]LogNetVersion: GetLocalNetworkVersion: CL: 3106830, ProjectName: greg, ProjectVersion: , EngineNetworkVersion: 1, GameNetworkVersion: 0, NetworkChecksum: 3459958176
[2016.12.02-22.10.09:387][  0]LogAssetRegistry: FAssetRegistry took 0.0237 seconds to start up
[2016.12.02-22.10.09:521][  0]LogPackageLocalizationCache: Processed 3 localized package path(s) for 2 prioritized culture(s) in 0.117715 seconds
[2016.12.02-22.10.09:547][  0]LogUObjectArray: 29778 objects as part of root set at end of initial load.
[2016.12.02-22.10.09:547][  0]LogUObjectAllocator: 6125456 out of 0 bytes used by permanent object pool.
[2016.12.02-22.10.09:547][  0]LogUObjectArray: CloseDisregardForGC: 0/0 objects in disregard for GC pool
[2016.12.02-22.10.09:579][  0]LogInit: WinSock: version 1.1 (2.2), MaxSocks=32767, MaxUdp=65467
[2016.12.02-22.10.11:819][  0]LogSlate: SlateFontCache - WITH_FREETYPE: 1, WITH_HARFBUZZ: 1
[2016.12.02-22.10.11:819][  0]LogSlate: SlateFontCache - WITH_FREETYPE: 1, WITH_HARFBUZZ: 1
[2016.12.02-22.10.31:195][  0]LogTcpMessaging: Initializing TcpMessaging bridge
[2016.12.02-22.10.31:259][  0]LogUdpMessaging: Initializing bridge on interface 0.0.0.0:0 to multicast group 230.0.0.1:6666.
[2016.12.02-22.10.33:115][  0]SourceControl: Info Source control is disabled
[2016.12.02-22.10.33:669][  0]SourceControl: Info Source control is disabled
[2016.12.02-22.10.33:733][  0]SourceControl: Info Source control is disabled
[2016.12.02-22.10.33:795][  0]SourceControl: Info Source control is disabled
[2016.12.02-22.10.35:503][  0]LogEngine: Initializing Engine...
[2016.12.02-22.10.35:505][  0]LogHMD: Failed to initialize OpenVR with code 110
[2016.12.02-22.10.36:217][  0]LogAIModule: Creating AISystem for world Untitled
[2016.12.02-22.10.36:253][  0]LogInit: XAudio2 using 'Speaker/HP (Realtek High Definition Audio)' : 2 channels at 48 kHz using 32 bits per sample (channel mask 0x3)
[2016.12.02-22.10.36:905][  0]LogInit: FAudioDevice initialized.
[2016.12.02-22.10.37:035][  0]LogDerivedDataCache: Saved boot cache 0.13s 62MB C:/Users/TempUser/AppData/Local/UnrealEngine/4.13/DerivedDataCache/Boot.ddc.
[2016.12.02-22.10.37:061][  0]LogInit: Texture streaming: Enabled
[2016.12.02-22.10.37:355][  0]LogInit: Transaction tracking system initialized
[2016.12.02-22.10.37:636][  0]BlueprintLog: New page: Editor Load
[2016.12.02-22.10.38:404][  0]LocalizationService: Info Localization service is disabled
[2016.12.02-22.10.40:747][  0]LogConsoleResponse:Display: 
[2016.12.02-22.10.42:436][  0]LogCook:Display: Max memory allowance for cook 16384mb min free memory 0mb
[2016.12.02-22.10.42:436][  0]LogCook:Display: Mobile HDR setting 1
[2016.12.02-22.10.43:252][  0]LogFileCache: Scanning file cache for directory 'C:/Users/TempUser/Documents/Unreal Projects/Greg/Content/' took 0.04s
[2016.12.02-22.10.44:284][  0]SourceControl: Info Source control is disabled
[2016.12.02-22.10.44:284][  0]Cmd: MAP LOAD FILE="../../../../../../Users/TempUser/Documents/Unreal Projects/Greg/Content/FirstPersonBP/Maps/FirstPersonExampleMap.umap" TEMPLATE=0 SHOWPROGRESS=1 FEATURELEVEL=3
[2016.12.02-22.10.44:286][  0]LightingResults: New page: Lighting Build
[2016.12.02-22.10.44:297][  0]MapCheck: New page: Map Check
[2016.12.02-22.10.44:297][  0]LightingResults: New page: Lighting Build
[2016.12.02-22.10.50:030][  0]LogAIModule: Creating AISystem for world FirstPersonExampleMap
[2016.12.02-22.10.50:150][  0]LogEditorServer: Finished looking for orphan Actors (0.000 secs)
[2016.12.02-22.10.50:173][  0]Cmd: MAP CHECKDEP NOCLEARLOG
[2016.12.02-22.10.50:443][  0]MapCheck: Info Map check complete: 0 Error(s), 0 Warning(s), took 270.06ms to complete.
[2016.12.02-22.10.50:444][  0]LogFileHelpers: Loading map 'FirstPersonExampleMap' took 6.160
[2016.12.02-22.10.50:954][  0]LogCollectionManager: Loaded 0 collections in 0.007016 seconds
[2016.12.02-22.10.51:016][  0]LogFileCache: Scanning file cache for directory 'C:/Users/TempUser/Documents/Unreal Projects/Greg/Saved/Collections/' took 0.01s
[2016.12.02-22.10.51:016][  0]LogFileCache: Scanning file cache for directory 'C:/Users/TempUser/Documents/Unreal Projects/Greg/Content/Developers/TempUser/Collections/' took 0.01s
[2016.12.02-22.10.51:016][  0]LogFileCache: Scanning file cache for directory 'C:/Users/TempUser/Documents/Unreal Projects/Greg/Content/Collections/' took 0.01s
[2016.12.02-22.10.51:016][  0]LogCollectionManager: Rebuilt the GUID cache for 0 collections in 0.000008 seconds
[2016.12.02-22.10.51:052][  0]LogContentBrowser: Native class hierarchy populated in 0.0352 seconds. Added 2141 classes and 415 folders.
[2016.12.02-22.10.51:065][  0]LogStats: UGameplayTagsManager::ConstructGameplayTagTree: Construct from data asset -  0.000 s
[2016.12.02-22.10.51:066][  0]LogStats: UGameplayTagsManager::ConstructGameplayTagTree: GameplayTagTreeChangedEvent.Broadcast -  0.000 s
[2016.12.02-22.10.51:068][  0]LogContentBrowser: Native class hierarchy updated for 'GameplayTags' in 0.0019 seconds. Added 12 classes and 0 folders.
[2016.12.02-22.10.51:119][  0]LogContentBrowser: Native class hierarchy updated for 'WidgetCarousel' in 0.0028 seconds. Added 0 classes and 0 folders.
[2016.12.02-22.10.53:518][  0]LogContentBrowser: Native class hierarchy updated for 'AddContentDialog' in 0.0016 seconds. Added 0 classes and 0 folders.
[2016.12.02-22.10.53:574][  0]LogContentBrowser: Native class hierarchy updated for 'SceneOutliner' in 0.0037 seconds. Added 1 classes and 2 folders.
[2016.12.02-22.10.54:019][  0]LogCrashTracker: Crashtracker disabled due to settings.
[2016.12.02-22.10.54:040][  0]LogUObjectGlobals:Warning: Failed to find object 'Class None.'
[2016.12.02-22.10.54:096][  0]LogContentBrowser: Native class hierarchy updated for 'HierarchicalLODOutliner' in 0.0039 seconds. Added 1 classes and 2 folders.
[2016.12.02-22.10.54:097][  0]LogLoad: (Engine Initialization) Total time: 64.46 seconds
[2016.12.02-22.10.54:097][  0]LogLoad: (Engine Initialization) Total Blueprint compile time: 1.44 seconds
[2016.12.02-22.10.54:097][  0]LogExternalProfiler: Found external profiler: VSPerf
[2016.12.02-22.10.54:097][  0]LogExternalProfiler: Using external profiler: VSPerf
[2016.12.02-22.10.54:439][  0]LogOcInput: OculusInput pre-init called
[2016.12.02-22.10.54:469][  0]LogContentStreaming: Texture pool size now 400 MB
[2016.12.02-22.10.55:087][  0]LogRenderer: Reallocating scene render targets to support 256x256 (Frame:2).
[2016.12.02-22.10.55:849][  0]LogRenderer: Reallocating scene render targets to support 888x364 (Frame:2).
[2016.12.02-22.11.00:263][  9]LogAssetRegistry: Asset discovery search completed in 50.8988 seconds
[2016.12.02-22.11.00:263][  9]LogCollectionManager: Rebuilt the object cache for 0 collections in 0.000003 seconds (found 0 objects)
[2016.12.02-22.11.00:263][  9]LogCollectionManager: Fixed up redirectors for 0 collections in 0.000107 seconds (updated 0 objects)
[2016.12.02-22.11.53:036][347]LogEditorViewport: Clicking on Actor (LMB): AI_C (AI)
[2016.12.02-22.11.54:665][348]LogEditorViewport: Clicking on Actor (LMB): StaticMeshActor (EditorCube11)
[2016.12.02-22.12.00:651][491]LogRenderer: Reallocating scene render targets to support 1104x656 (Frame:290).
[2016.12.02-22.12.28:585][890]LogEditorViewport: Clicking on Actor (LMB): AI_C (AI)
[2016.12.02-22.12.56:207][748]LogTexture:Display: Building textures: SunsetAmbientCubemap (RGBA16F)
[2016.12.02-22.14.13:418][748]LogTexture:Display: Building textures: SimplygonLogo (AutoDXT)
[2016.12.02-22.14.14:491][749]LogRenderer: Reallocating scene render targets to support 1132x656 (Frame:789).
[2016.12.02-22.14.20:426][965]LogMaterial: Missing cached shader map for material BaseMaterial, compiling. 
[2016.12.02-22.14.22:426][965]LogMaterial: Missing cached shader map for material BaseMaterial, compiling. 
[2016.12.02-22.14.22:460][965]LogMaterial: 0.00 seconds spent updating 1 materials, 1 interfaces, 0 instances, 0 with static permutations.
[2016.12.02-22.14.22:503][965]LogMaterial: Missing cached shader map for material FMatExpressionPreview MaterialExpressionVectorParameter_0, compiling. 
[2016.12.02-22.14.30:293][150]LogMaterial: Missing cached shader map for material BaseMaterial, compiling. 
[2016.12.02-22.14.30:528][150]LogMaterial: Missing cached shader map for material BaseMaterial, compiling. 
[2016.12.02-22.14.30:702][150]LogMaterial: 0.00 seconds spent updating 1 materials, 1 interfaces, 0 instances, 0 with static permutations.
[2016.12.02-22.14.32:592][186]LogMaterial: Missing cached shader map for material BaseMaterial, compiling. 
[2016.12.02-22.14.32:804][186]LogMaterial: Missing cached shader map for material BaseMaterial, compiling. 
[2016.12.02-22.14.32:980][186]LogMaterial: 0.00 seconds spent updating 1 materials, 1 interfaces, 0 instances, 0 with static permutations.
[2016.12.02-22.14.35:629][250]LogMaterialEditor: Saving and Compiling material BaseMaterial
[2016.12.02-22.14.37:093][250]LogMaterial: Missing cached shader map for material BaseMaterial, compiling. 
[2016.12.02-22.14.37:187][250]LogMaterial: 0.00 seconds spent updating 1 materials, 1 interfaces, 0 instances, 0 with static permutations.
[2016.12.02-22.14.37:228][250]LogMaterial: Missing cached shader map for material BaseMaterial, compiling. 
[2016.12.02-22.14.37:405][250]LogMaterial: Missing cached shader map for material BaseMaterial, compiling. 
[2016.12.02-22.14.37:526][250]LogMaterial: 0.00 seconds spent updating 1 materials, 1 interfaces, 0 instances, 0 with static permutations.
[2016.12.02-22.14.46:890][250]Cmd: OBJ SAVEPACKAGE PACKAGE="/Game/FirstPerson/Meshes/BaseMaterial" FILE="../../../../../../Users/TempUser/Documents/Unreal Projects/Greg/Content/FirstPerson/Meshes/BaseMaterial.uasset" SILENT=true
[2016.12.02-22.14.47:052][250]LogSavePackage: Save=94.89ms
[2016.12.02-22.14.47:052][250]LogSavePackage: Moving '../../../../../../Users/TempUser/Documents/Unreal Projects/Greg/Saved/BaseMaterial6485FBC04B348E5A9DD46DA4A3E466D6.tmp' to '../../../../../../Users/TempUser/Documents/Unreal Projects/Greg/Content/FirstPerson/Meshes/BaseMaterial.uasset'
[2016.12.02-22.14.47:067][250]LogSavePackage:Display: Finished SavePackage ../../../../../../Users/TempUser/Documents/Unreal Projects/Greg/Content/FirstPerson/Meshes/BaseMaterial.uasset
[2016.12.02-22.15.48:973][884]Cmd: TRANSACTION UNDO
[2016.12.02-22.15.48:973][884]LogEditorTransaction: Undo Move Components
[2016.12.02-22.15.49:059][884]LogMaterial: Missing cached shader map for material BaseMaterial, compiling. 
[2016.12.02-22.15.49:159][884]LogMaterial: 0.00 seconds spent updating 1 materials, 1 interfaces, 0 instances, 0 with static permutations.
[2016.12.02-22.16.10:252][509]LogEditorViewport: Clicking on Actor (LMB): StaticMeshActor (Floor)
[2016.12.02-22.16.42:865][363]LogEditorViewport: Clicking on Actor (LMB): AI_C (AI)
[2016.12.02-22.16.43:441][376]LogEditorViewport: Clicking on Actor (LMB): AI_C (AI)
[2016.12.02-22.17.18:089][512]LogMaterial: Missing cached shader map for material EnemyTarget, compiling. 
[2016.12.02-22.17.18:560][512]LogMaterial: Missing cached shader map for material EnemyTarget, compiling. 
[2016.12.02-22.17.18:630][512]LogMaterial: 0.00 seconds spent updating 1 materials, 1 interfaces, 0 instances, 0 with static permutations.
[2016.12.02-22.17.28:883][772]LogMaterial: Missing cached shader map for material EnemyTarget, compiling. 
[2016.12.02-22.17.28:924][772]LogMaterial: 0.00 seconds spent updating 1 materials, 1 interfaces, 0 instances, 0 with static permutations.
[2016.12.02-22.17.28:928][772]LogMaterial: Missing cached shader map for material FMatExpressionPreview MaterialExpressionVectorParameter_2, compiling. 
[2016.12.02-22.17.36:346][960]LogMaterial: Missing cached shader map for material EnemyTarget, compiling. 
[2016.12.02-22.17.36:384][960]LogMaterial: 0.00 seconds spent updating 1 materials, 1 interfaces, 0 instances, 0 with static permutations.
[2016.12.02-22.17.36:450][960]LogMaterial: Missing cached shader map for material FMatExpressionPreview MaterialExpressionVectorParameter_2, compiling. 
[2016.12.02-22.17.47:636][254]LogMaterialEditor: Applying material EnemyTarget
[2016.12.02-22.17.49:473][254]LogMaterial: Missing cached shader map for material EnemyTarget, compiling. 
[2016.12.02-22.17.49:549][254]LogMaterial: 0.00 seconds spent updating 1 materials, 1 interfaces, 0 instances, 0 with static permutations.
[2016.12.02-22.17.49:616][254]LogMaterial: Missing cached shader map for material EnemyTarget, compiling. 
[2016.12.02-22.17.49:739][254]LogMaterial: Missing cached shader map for material EnemyTarget, compiling. 
[2016.12.02-22.17.49:827][254]LogMaterial: 0.00 seconds spent updating 1 materials, 1 interfaces, 0 instances, 0 with static permutations.
[2016.12.02-22.17.54:028][345]LogMaterialEditor: Saving and Compiling material EnemyTarget
[2016.12.02-22.17.57:470][345]Cmd: OBJ SAVEPACKAGE PACKAGE="/Game/FirstPerson/Meshes/EnemyTarget" FILE="../../../../../../Users/TempUser/Documents/Unreal Projects/Greg/Content/FirstPerson/Meshes/EnemyTarget.uasset" SILENT=true
[2016.12.02-22.17.57:495][345]LogSavePackage: Save=22.94ms
[2016.12.02-22.17.57:495][345]LogSavePackage: Moving '../../../../../../Users/TempUser/Documents/Unreal Projects/Greg/Saved/EnemyTarget5B02C40A423616786180818051D93C17.tmp' to '../../../../../../Users/TempUser/Documents/Unreal Projects/Greg/Content/FirstPerson/Meshes/EnemyTarget.uasset'
[2016.12.02-22.17.57:501][345]LogSavePackage:Display: Finished SavePackage ../../../../../../Users/TempUser/Documents/Unreal Projects/Greg/Content/FirstPerson/Meshes/EnemyTarget.uasset
[2016.12.02-22.18.07:028][772]LogBlueprintUserMessages: Early PlayInEditor Detection: Level '/Game/FirstPersonBP/Maps/FirstPersonExampleMap.FirstPersonExampleMap:PersistentLevel' has LevelScriptBlueprint '/Game/FirstPersonBP/Maps/FirstPersonExampleMap.FirstPersonExampleMap:PersistentLevel.FirstPersonExampleMap' with GeneratedClass '/Game/FirstPersonBP/Maps/FirstPersonExampleMap.FirstPersonExampleMap_C' with ClassGeneratedBy '/Game/FirstPersonBP/Maps/FirstPersonExampleMap.FirstPersonExampleMap:PersistentLevel.FirstPersonExampleMap'
[2016.12.02-22.18.07:048][772]LogPlayLevel: PlayLevel: No blueprints needed recompiling
[2016.12.02-22.18.07:180][772]PIE: New page: PIE session: FirstPersonExampleMap (Dec 2, 2016, 6:18:07 AM)
[2016.12.02-22.18.07:189][772]LogPlayLevel: Creating play world package: /Game/FirstPersonBP/Maps/UEDPIE_0_FirstPersonExampleMap
[2016.12.02-22.18.07:379][772]LogPlayLevel: PIE: StaticDuplicateObject took: (0.190216s)
[2016.12.02-22.18.07:381][772]LogAIModule: Creating AISystem for world FirstPersonExampleMap
[2016.12.02-22.18.07:391][772]LogPlayLevel: PIE: World Init took: (0.011527s)
[2016.12.02-22.18.07:399][772]LogPlayLevel: PIE: Created PIE world by copying editor world from /Game/FirstPersonBP/Maps/FirstPersonExampleMap.FirstPersonExampleMap to /Game/FirstPersonBP/Maps/UEDPIE_0_FirstPersonExampleMap.FirstPersonExampleMap (0.209735s)
[2016.12.02-22.18.07:566][772]LogInit: XAudio2 using 'Speaker/HP (Realtek High Definition Audio)' : 2 channels at 48 kHz using 32 bits per sample (channel mask 0x3)
[2016.12.02-22.18.07:595][772]LogInit: FAudioDevice initialized.
[2016.12.02-22.18.07:771][772]LogWorld: Game class is 'FirstPersonGameMode_C'
[2016.12.02-22.18.07:908][772]LogWorld: Bringing World /Game/FirstPersonBP/Maps/UEDPIE_0_FirstPersonExampleMap.FirstPersonExampleMap up for play (max tick rate 0) at 2016.12.02-14.18.07
[2016.12.02-22.18.08:063][772]LogWorld: Bringing up level for play took: 0.163159
[2016.12.02-22.18.08:237][772]LogContentBrowser: Native class hierarchy updated for 'MovieSceneCapture' in 0.0017 seconds. Added 11 classes and 0 folders.
[2016.12.02-22.18.08:237][772]LogGameMode:Display: Match State Changed from EnteringMap to WaitingToStart
[2016.12.02-22.18.08:251][772]LogGameState: Match State Changed from EnteringMap to WaitingToStart
[2016.12.02-22.18.08:251][772]LogGameMode:Display: Match State Changed from WaitingToStart to InProgress
[2016.12.02-22.18.08:346][772]LogGameState: Match State Changed from WaitingToStart to InProgress
[2016.12.02-22.18.08:347][772]PIE: Info Play in editor start time for /Game/FirstPersonBP/Maps/UEDPIE_0_FirstPersonExampleMap 1.644
[2016.12.02-22.18.08:347][772]LogBlueprintUserMessages: Late PlayInEditor Detection: Level '/Game/FirstPersonBP/Maps/FirstPersonExampleMap.FirstPersonExampleMap:PersistentLevel' has LevelScriptBlueprint '/Game/FirstPersonBP/Maps/FirstPersonExampleMap.FirstPersonExampleMap:PersistentLevel.FirstPersonExampleMap' with GeneratedClass '/Game/FirstPersonBP/Maps/FirstPersonExampleMap.FirstPersonExampleMap_C' with ClassGeneratedBy '/Game/FirstPersonBP/Maps/FirstPersonExampleMap.FirstPersonExampleMap:PersistentLevel.FirstPersonExampleMap'
[2016.12.02-22.18.08:665][772]MaterialEditorStats: Info Base pass shader with static lighting: 51 instructions
[2016.12.02-22.18.08:665][772]MaterialEditorStats: Info Base pass shader with only dynamic lighting: 23 instructions
[2016.12.02-22.18.08:665][772]MaterialEditorStats: Info Vertex shader: 29 instructions
[2016.12.02-22.18.08:665][772]MaterialEditorStats: Info Texture samplers: 2/16
[2016.12.02-22.18.08:666][772]MaterialEditorStats: Info Base pass shader with only dynamic lighting: 58 instructions
[2016.12.02-22.18.08:666][772]MaterialEditorStats: Info Vertex shader: 29 instructions
[2016.12.02-22.18.08:666][772]MaterialEditorStats: Info Texture samplers: 3/16
[2016.12.02-22.18.24:504][379]LogBlueprintUserMessages: Early EndPlayMap Detection: Level '/Game/FirstPersonBP/Maps/FirstPersonExampleMap.FirstPersonExampleMap:PersistentLevel' has LevelScriptBlueprint '/Game/FirstPersonBP/Maps/FirstPersonExampleMap.FirstPersonExampleMap:PersistentLevel.FirstPersonExampleMap' with GeneratedClass '/Game/FirstPersonBP/Maps/FirstPersonExampleMap.FirstPersonExampleMap_C' with ClassGeneratedBy '/Game/FirstPersonBP/Maps/FirstPersonExampleMap.FirstPersonExampleMap:PersistentLevel.FirstPersonExampleMap'
[2016.12.02-22.18.24:749][379]LogBlueprintUserMessages: Late EndPlayMap Detection: Level '/Game/FirstPersonBP/Maps/FirstPersonExampleMap.FirstPersonExampleMap:PersistentLevel' has LevelScriptBlueprint '/Game/FirstPersonBP/Maps/FirstPersonExampleMap.FirstPersonExampleMap:PersistentLevel.FirstPersonExampleMap' with GeneratedClass '/Game/FirstPersonBP/Maps/FirstPersonExampleMap.FirstPersonExampleMap_C' with ClassGeneratedBy '/Game/FirstPersonBP/Maps/FirstPersonExampleMap.FirstPersonExampleMap:PersistentLevel.FirstPersonExampleMap'
[2016.12.02-22.19.58:049][198]LogSavePackage: Save=16477.71ms
[2016.12.02-22.19.58:049][198]LogSavePackage: Moving '../../../../../../Users/TempUser/Documents/Unreal Projects/Greg/Saved/FirstPersonExampleMap1092B0D04B7370F0227E7C951B665300.tmp' to '../../../../../../Users/TempUser/Documents/Unreal Projects/Greg/Content/FirstPersonBP/Maps/FirstPersonExampleMap.umap'
[2016.12.02-22.19.58:065][198]LogSavePackage:Display: Finished SavePackage ../../../../../../Users/TempUser/Documents/Unreal Projects/Greg/Content/FirstPersonBP/Maps/FirstPersonExampleMap.umap
[2016.12.02-22.20.01:376][497]LogBlueprintUserMessages: Early PlayInEditor Detection: Level '/Game/FirstPersonBP/Maps/FirstPersonExampleMap.FirstPersonExampleMap:PersistentLevel' has LevelScriptBlueprint '/Game/FirstPersonBP/Maps/FirstPersonExampleMap.FirstPersonExampleMap:PersistentLevel.FirstPersonExampleMap' with GeneratedClass '/Game/FirstPersonBP/Maps/FirstPersonExampleMap.FirstPersonExampleMap_C' with ClassGeneratedBy '/Game/FirstPersonBP/Maps/FirstPersonExampleMap.FirstPersonExampleMap:PersistentLevel.FirstPersonExampleMap'
[2016.12.02-22.20.01:377][497]LogPlayLevel: PlayLevel: No blueprints needed recompiling
[2016.12.02-22.20.01:377][497]PIE: New page: PIE session: FirstPersonExampleMap (Dec 2, 2016, 6:20:01 AM)
[2016.12.02-22.20.01:377][497]LogPlayLevel: Creating play world package: /Game/FirstPersonBP/Maps/UEDPIE_0_FirstPersonExampleMap
[2016.12.02-22.20.01:488][497]LogPlayLevel: PIE: StaticDuplicateObject took: (0.110506s)
[2016.12.02-22.20.01:491][497]LogAIModule: Creating AISystem for world FirstPersonExampleMap
[2016.12.02-22.20.01:492][497]LogPlayLevel: PIE: World Init took: (0.004404s)
[2016.12.02-22.20.01:493][497]LogPlayLevel: PIE: Created PIE world by copying editor world from /Game/FirstPersonBP/Maps/FirstPersonExampleMap.FirstPersonExampleMap to /Game/FirstPersonBP/Maps/UEDPIE_0_FirstPersonExampleMap.FirstPersonExampleMap (0.115963s)
[2016.12.02-22.20.01:569][497]LogInit: XAudio2 using 'Speaker/HP (Realtek High Definition Audio)' : 2 channels at 48 kHz using 32 bits per sample (channel mask 0x3)
[2016.12.02-22.20.01:597][497]LogInit: FAudioDevice initialized.
[2016.12.02-22.20.01:685][497]LogWorld: Game class is 'FirstPersonGameMode_C'
[2016.12.02-22.20.01:709][497]LogWorld: Bringing World /Game/FirstPersonBP/Maps/UEDPIE_0_FirstPersonExampleMap.FirstPersonExampleMap up for play (max tick rate 0) at 2016.12.02-14.20.01
[2016.12.02-22.20.01:712][497]LogWorld: Bringing up level for play took: 0.025746
[2016.12.02-22.20.01:715][497]LogGameMode:Display: Match State Changed from EnteringMap to WaitingToStart
[2016.12.02-22.20.01:715][497]LogGameState: Match State Changed from EnteringMap to WaitingToStart
[2016.12.02-22.20.01:715][497]LogGameMode:Display: Match State Changed from WaitingToStart to InProgress
[2016.12.02-22.20.01:719][497]LogGameState: Match State Changed from WaitingToStart to InProgress
[2016.12.02-22.20.01:719][497]PIE: Info Play in editor start time for /Game/FirstPersonBP/Maps/UEDPIE_0_FirstPersonExampleMap 1.017
[2016.12.02-22.20.01:719][497]LogBlueprintUserMessages: Late PlayInEditor Detection: Level '/Game/FirstPersonBP/Maps/FirstPersonExampleMap.FirstPersonExampleMap:PersistentLevel' has LevelScriptBlueprint '/Game/FirstPersonBP/Maps/FirstPersonExampleMap.FirstPersonExampleMap:PersistentLevel.FirstPersonExampleMap' with GeneratedClass '/Game/FirstPersonBP/Maps/FirstPersonExampleMap.FirstPersonExampleMap_C' with ClassGeneratedBy '/Game/FirstPersonBP/Maps/FirstPersonExampleMap.FirstPersonExampleMap:PersistentLevel.FirstPersonExampleMap'
[2016.12.02-22.20.21:493][283]LogBlueprintUserMessages: Early EndPlayMap Detection: Level '/Game/FirstPersonBP/Maps/FirstPersonExampleMap.FirstPersonExampleMap:PersistentLevel' has LevelScriptBlueprint '/Game/FirstPersonBP/Maps/FirstPersonExampleMap.FirstPersonExampleMap:PersistentLevel.FirstPersonExampleMap' with GeneratedClass '/Game/FirstPersonBP/Maps/FirstPersonExampleMap.FirstPersonExampleMap_C' with ClassGeneratedBy '/Game/FirstPersonBP/Maps/FirstPersonExampleMap.FirstPersonExampleMap:PersistentLevel.FirstPersonExampleMap'
[2016.12.02-22.20.21:606][283]LogBlueprintUserMessages: Late EndPlayMap Detection: Level '/Game/FirstPersonBP/Maps/FirstPersonExampleMap.FirstPersonExampleMap:PersistentLevel' has LevelScriptBlueprint '/Game/FirstPersonBP/Maps/FirstPersonExampleMap.FirstPersonExampleMap:PersistentLevel.FirstPersonExampleMap' with GeneratedClass '/Game/FirstPersonBP/Maps/FirstPersonExampleMap.FirstPersonExampleMap_C' with ClassGeneratedBy '/Game/FirstPersonBP/Maps/FirstPersonExampleMap.FirstPersonExampleMap:PersistentLevel.FirstPersonExampleMap'
[2016.12.02-22.20.47:169][182]LogEditorViewport: Clicking on Actor (LMB): BP_Sky_Sphere_C (SkySphereBlueprint)
[2016.12.02-22.20.48:059][254]LogEditorViewport: Clicking on Actor (LMB): AI_C (AI)
[2016.12.02-22.21.16:808][165]LogSavePackage: Save=13880.48ms
[2016.12.02-22.21.16:808][165]LogSavePackage: Moving '../../../../../../Users/TempUser/Documents/Unreal Projects/Greg/Saved/FirstPersonExampleMap32D9220143F646A0CE5C7A8D5129E6D5.tmp' to '../../../../../../Users/TempUser/Documents/Unreal Projects/Greg/Content/FirstPersonBP/Maps/FirstPersonExampleMap.umap'
[2016.12.02-22.21.16:822][165]LogSavePackage:Display: Finished SavePackage ../../../../../../Users/TempUser/Documents/Unreal Projects/Greg/Content/FirstPersonBP/Maps/FirstPersonExampleMap.umap
[2016.12.02-22.23.29:063][968]LogMaterial: Missing cached shader map for material EnemyTarget, compiling. 
[2016.12.02-22.23.29:111][968]LogMaterial: Missing cached shader map for material EnemyTarget, compiling. 
[2016.12.02-22.23.29:148][968]LogMaterial: 0.00 seconds spent updating 1 materials, 1 interfaces, 0 instances, 0 with static permutations.
[2016.12.02-22.23.31:249][  4]LogMaterial: Missing cached shader map for material EnemyTarget, compiling. 
[2016.12.02-22.23.31:445][  4]LogMaterial: Missing cached shader map for material EnemyTarget, compiling. 
[2016.12.02-22.23.31:545][  4]LogMaterial: 0.00 seconds spent updating 1 materials, 1 interfaces, 0 instances, 0 with static permutations.
[2016.12.02-22.23.34:463][ 65]LogMaterial: Missing cached shader map for material EnemyTarget, compiling. 
[2016.12.02-22.23.34:524][ 65]LogMaterial: Missing cached shader map for material EnemyTarget, compiling. 
[2016.12.02-22.23.34:574][ 65]LogMaterial: 0.00 seconds spent updating 1 materials, 1 interfaces, 0 instances, 0 with static permutations.
[2016.12.02-22.23.36:671][119]LogMaterial: Missing cached shader map for material EnemyTarget, compiling. 
[2016.12.02-22.23.36:706][119]LogMaterial: Missing cached shader map for material EnemyTarget, compiling. 
[2016.12.02-22.23.36:737][119]LogMaterial: 0.00 seconds spent updating 1 materials, 1 interfaces, 0 instances, 0 with static permutations.
[2016.12.02-22.23.45:499][378]LogMaterial: Missing cached shader map for material EnemyTarget, compiling. 
[2016.12.02-22.23.45:581][378]LogMaterial: Missing cached shader map for material EnemyTarget, compiling. 
[2016.12.02-22.23.45:644][378]LogMaterial: 0.00 seconds spent updating 1 materials, 1 interfaces, 0 instances, 0 with static permutations.
[2016.12.02-22.23.50:074][465]LogMaterial: Missing cached shader map for material EnemyTarget, compiling. 
[2016.12.02-22.23.50:144][465]LogMaterial: Missing cached shader map for material EnemyTarget, compiling. 
[2016.12.02-22.23.50:183][465]LogMaterial: 0.00 seconds spent updating 1 materials, 1 interfaces, 0 instances, 0 with static permutations.
[2016.12.02-22.23.57:767][672]LogMaterial: Missing cached shader map for material EnemyTarget, compiling. 
[2016.12.02-22.23.57:815][672]LogMaterial: Missing cached shader map for material EnemyTarget, compiling. 
[2016.12.02-22.23.57:833][672]LogMaterial: 0.00 seconds spent updating 1 materials, 1 interfaces, 0 instances, 0 with static permutations.
[2016.12.02-22.24.02:841][785]LogMaterial: Missing cached shader map for material EnemyTarget, compiling. 
[2016.12.02-22.24.02:925][785]LogMaterial: Missing cached shader map for material EnemyTarget, compiling. 
[2016.12.02-22.24.02:989][785]LogMaterial: 0.00 seconds spent updating 1 materials, 1 interfaces, 0 instances, 0 with static permutations.
[2016.12.02-22.24.20:884][222]LogMaterial: Missing cached shader map for material EnemyTarget, compiling. 
[2016.12.02-22.24.20:943][222]LogMaterial: Missing cached shader map for material EnemyTarget, compiling. 
[2016.12.02-22.24.20:981][222]LogMaterial: 0.00 seconds spent updating 1 materials, 1 interfaces, 0 instances, 0 with static permutations.
[2016.12.02-22.24.31:532][464]LogMaterial: Missing cached shader map for material EnemyTarget, compiling. 
[2016.12.02-22.24.31:637][464]LogMaterial: Missing cached shader map for material EnemyTarget, compiling. 
[2016.12.02-22.24.31:698][464]LogMaterial: 0.00 seconds spent updating 1 materials, 1 interfaces, 0 instances, 0 with static permutations.
[2016.12.02-22.24.49:848][904]LogMaterial: Missing cached shader map for material EnemyTarget, compiling. 
[2016.12.02-22.24.49:898][904]LogMaterial: Missing cached shader map for material EnemyTarget, compiling. 
[2016.12.02-22.24.49:959][904]LogMaterial: 0.00 seconds spent updating 1 materials, 1 interfaces, 0 instances, 0 with static permutations.
[2016.12.02-22.25.12:523][471]LogMaterial: Missing cached shader map for material EnemyTarget, compiling. 
[2016.12.02-22.25.12:587][471]LogMaterial: Missing cached shader map for material EnemyTarget, compiling. 
[2016.12.02-22.25.12:670][471]LogMaterial: 0.00 seconds spent updating 1 materials, 1 interfaces, 0 instances, 0 with static permutations.
[2016.12.02-22.25.26:741][820]LogMaterial: Missing cached shader map for material EnemyTarget, compiling. 
[2016.12.02-22.25.26:837][820]LogMaterial: Missing cached shader map for material EnemyTarget, compiling. 
[2016.12.02-22.25.26:921][820]LogMaterial: 0.00 seconds spent updating 1 materials, 1 interfaces, 0 instances, 0 with static permutations.
[2016.12.02-22.25.41:682][199]LogMaterialEditor: Saving and Compiling material EnemyTarget
[2016.12.02-22.25.43:458][199]LogMaterial: Missing cached shader map for material EnemyTarget, compiling. 
[2016.12.02-22.25.43:561][199]LogMaterial: 0.00 seconds spent updating 1 materials, 1 interfaces, 0 instances, 0 with static permutations.
[2016.12.02-22.25.43:629][199]LogMaterial: Missing cached shader map for material EnemyTarget, compiling. 
[2016.12.02-22.25.43:797][199]LogMaterial: Missing cached shader map for material EnemyTarget, compiling. 
[2016.12.02-22.25.43:904][199]LogMaterial: 0.00 seconds spent updating 1 materials, 1 interfaces, 0 instances, 0 with static permutations.
[2016.12.02-22.25.53:329][199]Cmd: OBJ SAVEPACKAGE PACKAGE="/Game/FirstPerson/Meshes/EnemyTarget" FILE="../../../../../../Users/TempUser/Documents/Unreal Projects/Greg/Content/FirstPerson/Meshes/EnemyTarget.uasset" SILENT=true
[2016.12.02-22.25.53:365][199]LogSavePackage: Save=22.21ms
[2016.12.02-22.25.53:365][199]LogSavePackage: Moving '../../../../../../Users/TempUser/Documents/Unreal Projects/Greg/Saved/EnemyTargetEBC3B8044B6FC87C8E4AE7863B1AD999.tmp' to '../../../../../../Users/TempUser/Documents/Unreal Projects/Greg/Content/FirstPerson/Meshes/EnemyTarget.uasset'
[2016.12.02-22.25.53:374][199]LogSavePackage:Display: Finished SavePackage ../../../../../../Users/TempUser/Documents/Unreal Projects/Greg/Content/FirstPerson/Meshes/EnemyTarget.uasset
[2016.12.02-22.26.03:380][417]LogBlueprintUserMessages: Early PlayInEditor Detection: Level '/Game/FirstPersonBP/Maps/FirstPersonExampleMap.FirstPersonExampleMap:PersistentLevel' has LevelScriptBlueprint '/Game/FirstPersonBP/Maps/FirstPersonExampleMap.FirstPersonExampleMap:PersistentLevel.FirstPersonExampleMap' with GeneratedClass '/Game/FirstPersonBP/Maps/FirstPersonExampleMap.FirstPersonExampleMap_C' with ClassGeneratedBy '/Game/FirstPersonBP/Maps/FirstPersonExampleMap.FirstPersonExampleMap:PersistentLevel.FirstPersonExampleMap'
[2016.12.02-22.26.03:381][417]LogPlayLevel: PlayLevel: No blueprints needed recompiling
[2016.12.02-22.26.03:381][417]PIE: New page: PIE session: FirstPersonExampleMap (Dec 2, 2016, 6:26:03 AM)
[2016.12.02-22.26.03:381][417]LogPlayLevel: Creating play world package: /Game/FirstPersonBP/Maps/UEDPIE_0_FirstPersonExampleMap
[2016.12.02-22.26.03:480][417]LogPlayLevel: PIE: StaticDuplicateObject took: (0.097904s)
[2016.12.02-22.26.03:500][417]LogAIModule: Creating AISystem for world FirstPersonExampleMap
[2016.12.02-22.26.03:502][417]LogPlayLevel: PIE: World Init took: (0.021745s)
[2016.12.02-22.26.03:503][417]LogPlayLevel: PIE: Created PIE world by copying editor world from /Game/FirstPersonBP/Maps/FirstPersonExampleMap.FirstPersonExampleMap to /Game/FirstPersonBP/Maps/UEDPIE_0_FirstPersonExampleMap.FirstPersonExampleMap (0.120834s)
[2016.12.02-22.26.03:597][417]LogInit: XAudio2 using 'Speaker/HP (Realtek High Definition Audio)' : 2 channels at 48 kHz using 32 bits per sample (channel mask 0x3)
[2016.12.02-22.26.03:632][417]LogInit: FAudioDevice initialized.
[2016.12.02-22.26.03:676][417]LogWorld: Game class is 'FirstPersonGameMode_C'
[2016.12.02-22.26.03:700][417]LogWorld: Bringing World /Game/FirstPersonBP/Maps/UEDPIE_0_FirstPersonExampleMap.FirstPersonExampleMap up for play (max tick rate 0) at 2016.12.02-14.26.03
[2016.12.02-22.26.03:703][417]LogWorld: Bringing up level for play took: 0.025264
[2016.12.02-22.26.03:706][417]LogGameMode:Display: Match State Changed from EnteringMap to WaitingToStart
[2016.12.02-22.26.03:706][417]LogGameState: Match State Changed from EnteringMap to WaitingToStart
[2016.12.02-22.26.03:706][417]LogGameMode:Display: Match State Changed from WaitingToStart to InProgress
[2016.12.02-22.26.03:710][417]LogGameState: Match State Changed from WaitingToStart to InProgress
[2016.12.02-22.26.03:710][417]PIE: Info Play in editor start time for /Game/FirstPersonBP/Maps/UEDPIE_0_FirstPersonExampleMap 1.007
[2016.12.02-22.26.03:711][417]LogBlueprintUserMessages: Late PlayInEditor Detection: Level '/Game/FirstPersonBP/Maps/FirstPersonExampleMap.FirstPersonExampleMap:PersistentLevel' has LevelScriptBlueprint '/Game/FirstPersonBP/Maps/FirstPersonExampleMap.FirstPersonExampleMap:PersistentLevel.FirstPersonExampleMap' with GeneratedClass '/Game/FirstPersonBP/Maps/FirstPersonExampleMap.FirstPersonExampleMap_C' with ClassGeneratedBy '/Game/FirstPersonBP/Maps/FirstPersonExampleMap.FirstPersonExampleMap:PersistentLevel.FirstPersonExampleMap'
[2016.12.02-22.26.03:715][417]MaterialEditorStats: Info Base pass shader with only dynamic lighting: 46 instructions
[2016.12.02-22.26.03:715][417]MaterialEditorStats: Info Base pass shader for self shadowed translucency: 82 instructions
[2016.12.02-22.26.03:715][417]MaterialEditorStats: Info Vertex shader: 64 instructions
[2016.12.02-22.26.03:715][417]MaterialEditorStats: Info Texture samplers: 4/16
[2016.12.02-22.26.21:041][961]LogSpawn:Warning: SpawnActor failed because of collision at the spawn location [X=-167.008 Y=-830.269 Z=263.809] for [FirstPersonProjectile_C]
[2016.12.02-22.26.24:933][ 86]LogBlueprintUserMessages: Early EndPlayMap Detection: Level '/Game/FirstPersonBP/Maps/FirstPersonExampleMap.FirstPersonExampleMap:PersistentLevel' has LevelScriptBlueprint '/Game/FirstPersonBP/Maps/FirstPersonExampleMap.FirstPersonExampleMap:PersistentLevel.FirstPersonExampleMap' with GeneratedClass '/Game/FirstPersonBP/Maps/FirstPersonExampleMap.FirstPersonExampleMap_C' with ClassGeneratedBy '/Game/FirstPersonBP/Maps/FirstPersonExampleMap.FirstPersonExampleMap:PersistentLevel.FirstPersonExampleMap'
[2016.12.02-22.26.25:124][ 86]LogBlueprintUserMessages: Late EndPlayMap Detection: Level '/Game/FirstPersonBP/Maps/FirstPersonExampleMap.FirstPersonExampleMap:PersistentLevel' has LevelScriptBlueprint '/Game/FirstPersonBP/Maps/FirstPersonExampleMap.Fir