Log file open, 11/02/16 20:37:42
LogInit:Display: Running engine for game: Greg
LogPlatformFile: Not using cached read wrapper
LogInit:Display: RandInit(-1376172902) SRandInit(-1376172902).
LogTaskGraph: Started task graph with 5 named threads and 8 total threads with 1 sets of task threads.
LogStats: Stats thread started at 4.221860
LogPluginManager: Loaded Plugin Paper2D, From F:/Epic Games/Epic Games/4.13/Engine/Plugins/2D/Paper2D/Paper2D.uplugin
LogPluginManager: Loaded Plugin LightPropagationVolume, From F:/Epic Games/Epic Games/4.13/Engine/Plugins/Blendables/LightPropagationVolume/LightPropagationVolume.uplugin
LogPluginManager: Loaded Plugin BlankPlugin, From F:/Epic Games/Epic Games/4.13/Engine/Plugins/Developer/BlankPlugin/BlankPlugin.uplugin
LogPluginManager: Loaded Plugin CodeLiteSourceCodeAccess, From F:/Epic Games/Epic Games/4.13/Engine/Plugins/Developer/CodeLiteSourceCodeAccess/CodeLiteSourceCodeAccess.uplugin
LogPluginManager: Loaded Plugin GitSourceControl, From F:/Epic Games/Epic Games/4.13/Engine/Plugins/Developer/GitSourceControl/GitSourceControl.uplugin
LogPluginManager: Loaded Plugin KDevelopSourceCodeAccess, From F:/Epic Games/Epic Games/4.13/Engine/Plugins/Developer/KDevelopSourceCodeAccess/KDevelopSourceCodeAccess.uplugin
LogPluginManager: Loaded Plugin NullSourceCodeAccess, From F:/Epic Games/Epic Games/4.13/Engine/Plugins/Developer/NullSourceCodeAccess/NullSourceCodeAccess.uplugin
LogPluginManager: Loaded Plugin OneSkyLocalizationService, From F:/Epic Games/Epic Games/4.13/Engine/Plugins/Developer/OneSkyLocalizationService/OneSkyLocalizationService.uplugin
LogPluginManager: Loaded Plugin PerforceSourceControl, From F:/Epic Games/Epic Games/4.13/Engine/Plugins/Developer/PerforceSourceControl/PerforceSourceControl.uplugin
LogPluginManager: Loaded Plugin SubversionSourceControl, From F:/Epic Games/Epic Games/4.13/Engine/Plugins/Developer/SubversionSourceControl/SubversionSourceControl.uplugin
LogPluginManager: Loaded Plugin UObjectPlugin, From F:/Epic Games/Epic Games/4.13/Engine/Plugins/Developer/UObjectPlugin/UObjectPlugin.uplugin
LogPluginManager: Loaded Plugin VisualStudioSourceCodeAccess, From F:/Epic Games/Epic Games/4.13/Engine/Plugins/Developer/VisualStudioSourceCodeAccess/VisualStudioSourceCodeAccess.uplugin
LogPluginManager: Loaded Plugin XCodeSourceCodeAccess, From F:/Epic Games/Epic Games/4.13/Engine/Plugins/Developer/XCodeSourceCodeAccess/XCodeSourceCodeAccess.uplugin
LogPluginManager: Loaded Plugin EpicSurvey, From F:/Epic Games/Epic Games/4.13/Engine/Plugins/Editor/EpicSurvey/EpicSurvey.uplugin
LogPluginManager: Loaded Plugin MacGraphicsSwitching, From F:/Epic Games/Epic Games/4.13/Engine/Plugins/Editor/MacGraphicsSwitching/MacGraphicsSwitching.uplugin
LogPluginManager: Loaded Plugin MobileLauncherProfileWizard, From F:/Epic Games/Epic Games/4.13/Engine/Plugins/Editor/MobileLauncherProfileWizard/MobileLauncherProfileWizard.uplugin
LogPluginManager: Loaded Plugin PluginBrowser, From F:/Epic Games/Epic Games/4.13/Engine/Plugins/Editor/PluginBrowser/PluginBrowser.uplugin
LogPluginManager: Loaded Plugin SpeedTreeImporter, From F:/Epic Games/Epic Games/4.13/Engine/Plugins/Editor/SpeedTreeImporter/SpeedTreeImporter.uplugin
LogPluginManager: Loaded Plugin SuperSearchEditor, From F:/Epic Games/Epic Games/4.13/Engine/Plugins/Editor/SuperSearchEditor/SuperSearchEditor.uplugin
LogPluginManager: Loaded Plugin AlembicImporter, From F:/Epic Games/Epic Games/4.13/Engine/Plugins/Experimental/AlembicImporter/AlembicImporter.uplugin
LogPluginManager: Loaded Plugin BlueprintStats, From F:/Epic Games/Epic Games/4.13/Engine/Plugins/Experimental/BlueprintStats/BlueprintStats.uplugin
LogPluginManager: Loaded Plugin CharacterAI, From F:/Epic Games/Epic Games/4.13/Engine/Plugins/Experimental/CharacterAI/CharacterAI.uplugin
LogPluginManager: Loaded Plugin CodeEditor, From F:/Epic Games/Epic Games/4.13/Engine/Plugins/Experimental/CodeEditor/CodeEditor.uplugin
LogPluginManager: Loaded Plugin CodeView, From F:/Epic Games/Epic Games/4.13/Engine/Plugins/Experimental/CodeView/CodeView.uplugin
LogPluginManager: Loaded Plugin HTML5Networking, From F:/Epic Games/Epic Games/4.13/Engine/Plugins/Experimental/HTML5Networking/HTML5Networking.uplugin
LogPluginManager: Loaded Plugin LiveEditor, From F:/Epic Games/Epic Games/4.13/Engine/Plugins/Experimental/LiveEditor/LiveEditor.uplugin
LogPluginManager: Loaded Plugin OSVR, From F:/Epic Games/Epic Games/4.13/Engine/Plugins/Experimental/OSVR/OSVR.uplugin
LogPluginManager: Loaded Plugin Phya, From F:/Epic Games/Epic Games/4.13/Engine/Plugins/Experimental/Phya/Phya.uplugin
LogPluginManager: Loaded Plugin SignificanceManager, From F:/Epic Games/Epic Games/4.13/Engine/Plugins/Experimental/SignificanceManager/SignificanceManager.uplugin
LogPluginManager: Loaded Plugin SimpleHMD, From F:/Epic Games/Epic Games/4.13/Engine/Plugins/Experimental/SimpleHMD/SimpleHMD.uplugin
LogPluginManager: Loaded Plugin StereoPanorama, From F:/Epic Games/Epic Games/4.13/Engine/Plugins/Experimental/StereoPanorama/StereoPanorama.uplugin
LogPluginManager: Loaded Plugin StructBox, From F:/Epic Games/Epic Games/4.13/Engine/Plugins/Experimental/StructBox/StructBox.uplugin
LogPluginManager: Loaded Plugin AndroidMedia, From F:/Epic Games/Epic Games/4.13/Engine/Plugins/Media/AndroidMedia/AndroidMedia.uplugin
LogPluginManager: Loaded Plugin AvfMedia, From F:/Epic Games/Epic Games/4.13/Engine/Plugins/Media/AvfMedia/AvfMedia.uplugin
LogPluginManager: Loaded Plugin MediaPlayerEditor, From F:/Epic Games/Epic Games/4.13/Engine/Plugins/Media/MediaPlayerEditor/MediaPlayerEditor.uplugin
LogPluginManager: Loaded Plugin WmfMedia, From F:/Epic Games/Epic Games/4.13/Engine/Plugins/Media/WmfMedia/WmfMedia.uplugin
LogPluginManager: Loaded Plugin MessagingDebugger, From F:/Epic Games/Epic Games/4.13/Engine/Plugins/Messaging/MessagingDebugger/MessagingDebugger.uplugin
LogPluginManager: Loaded Plugin TcpMessaging, From F:/Epic Games/Epic Games/4.13/Engine/Plugins/Messaging/TcpMessaging/TcpMessaging.uplugin
LogPluginManager: Loaded Plugin UdpMessaging, From F:/Epic Games/Epic Games/4.13/Engine/Plugins/Messaging/UdpMessaging/UdpMessaging.uplugin
LogPluginManager: Loaded Plugin LevelSequenceEditor, From F:/Epic Games/Epic Games/4.13/Engine/Plugins/MovieScene/LevelSequenceEditor/LevelSequenceEditor.uplugin
LogPluginManager: Loaded Plugin MatineeToLevelSequence, From F:/Epic Games/Epic Games/4.13/Engine/Plugins/MovieScene/MatineeToLevelSequence/MatineeToLevelSequence.uplugin
LogPluginManager: Loaded Plugin NetcodeUnitTest, From F:/Epic Games/Epic Games/4.13/Engine/Plugins/NetcodeUnitTest/NetcodeUnitTest/NetcodeUnitTest.uplugin
LogPluginManager: Loaded Plugin NUTUnrealEngine4, From F:/Epic Games/Epic Games/4.13/Engine/Plugins/NetcodeUnitTest/NUTUnrealEngine4/NUTUnrealEngine4.uplugin
LogPluginManager: Loaded Plugin OnlineSubsystemGooglePlay, From F:/Epic Games/Epic Games/4.13/Engine/Plugins/Online/Android/OnlineSubsystemGooglePlay/OnlineSubsystemGooglePlay.uplugin
LogPluginManager: Loaded Plugin OnlineSubsystemIOS, From F:/Epic Games/Epic Games/4.13/Engine/Plugins/Online/IOS/OnlineSubsystemIOS/OnlineSubsystemIOS.uplugin
LogPluginManager: Loaded Plugin OnlineFramework, From F:/Epic Games/Epic Games/4.13/Engine/Plugins/Online/OnlineFramework/OnlineFramework.uplugin
LogPluginManager: Loaded Plugin OnlineSubsystem, From F:/Epic Games/Epic Games/4.13/Engine/Plugins/Online/OnlineSubsystem/OnlineSubsystem.uplugin
LogPluginManager: Loaded Plugin OnlineSubsystemAmazon, From F:/Epic Games/Epic Games/4.13/Engine/Plugins/Online/OnlineSubsystemAmazon/OnlineSubsystemAmazon.uplugin
LogPluginManager: Loaded Plugin OnlineSubsystemFacebook, From F:/Epic Games/Epic Games/4.13/Engine/Plugins/Online/OnlineSubsystemFacebook/OnlineSubsystemFacebook.uplugin
LogPluginManager: Loaded Plugin OnlineSubsystemNull, From F:/Epic Games/Epic Games/4.13/Engine/Plugins/Online/OnlineSubsystemNull/OnlineSubsystemNull.uplugin
LogPluginManager: Loaded Plugin OnlineSubsystemOculus, From F:/Epic Games/Epic Games/4.13/Engine/Plugins/Online/OnlineSubsystemOculus/OnlineSubsystemOculus.uplugin
LogPluginManager: Loaded Plugin OnlineSubsystemSteam, From F:/Epic Games/Epic Games/4.13/Engine/Plugins/Online/OnlineSubsystemSteam/OnlineSubsystemSteam.uplugin
LogPluginManager: Loaded Plugin OnlineSubsystemUtils, From F:/Epic Games/Epic Games/4.13/Engine/Plugins/Online/OnlineSubsystemUtils/OnlineSubsystemUtils.uplugin
LogPluginManager: Loaded Plugin IOSTapJoy, From F:/Epic Games/Epic Games/4.13/Engine/Plugins/Runtime/Advertising/IOSTapJoy/IOSTapJoy.uplugin
LogPluginManager: Loaded Plugin AnalyticsBlueprintLibrary, From F:/Epic Games/Epic Games/4.13/Engine/Plugins/Runtime/Analytics/AnalyticsBlueprintLibrary/AnalyticsBlueprintLibrary.uplugin
LogPluginManager: Loaded Plugin AnalyticsMulticast, From F:/Epic Games/Epic Games/4.13/Engine/Plugins/Runtime/Analytics/AnalyticsMulticast/AnalyticsMulticast.uplugin
LogPluginManager: Loaded Plugin Apsalar, From F:/Epic Games/Epic Games/4.13/Engine/Plugins/Runtime/Analytics/Apsalar/Apsalar.uplugin
LogPluginManager: Loaded Plugin FileLogging, From F:/Epic Games/Epic Games/4.13/Engine/Plugins/Runtime/Analytics/FileLogging/FileLogging.uplugin
LogPluginManager: Loaded Plugin Flurry, From F:/Epic Games/Epic Games/4.13/Engine/Plugins/Runtime/Analytics/Flurry/Flurry.uplugin
LogPluginManager: Loaded Plugin AndroidDeviceProfileSelector, From F:/Epic Games/Epic Games/4.13/Engine/Plugins/Runtime/AndroidDeviceProfileSelector/AndroidDeviceProfileSelector.uplugin
LogPluginManager: Loaded Plugin AndroidMoviePlayer, From F:/Epic Games/Epic Games/4.13/Engine/Plugins/Runtime/AndroidMoviePlayer/AndroidMoviePlayer.uplugin
LogPluginManager: Loaded Plugin AppleMoviePlayer, From F:/Epic Games/Epic Games/4.13/Engine/Plugins/Runtime/AppleMoviePlayer/AppleMoviePlayer.uplugin
LogPluginManager: Loaded Plugin ArchVisCharacter, From F:/Epic Games/Epic Games/4.13/Engine/Plugins/Runtime/ArchVisCharacter/ArchVisCharacter.uplugin
LogPluginManager: Loaded Plugin CableComponent, From F:/Epic Games/Epic Games/4.13/Engine/Plugins/Runtime/CableComponent/CableComponent.uplugin
LogPluginManager: Loaded Plugin CustomMeshComponent, From F:/Epic Games/Epic Games/4.13/Engine/Plugins/Runtime/CustomMeshComponent/CustomMeshComponent.uplugin
LogPluginManager: Loaded Plugin ExampleDeviceProfileSelector, From F:/Epic Games/Epic Games/4.13/Engine/Plugins/Runtime/ExampleDeviceProfileSelector/ExampleDeviceProfileSelector.uplugin
LogPluginManager: Loaded Plugin GearVR, From F:/Epic Games/Epic Games/4.13/Engine/Plugins/Runtime/GearVR/GearVR.uplugin
LogPluginManager: Loaded Plugin GoogleVRController, From F:/Epic Games/Epic Games/4.13/Engine/Plugins/Runtime/GoogleVR/GoogleVRController/GoogleVRController.uplugin
LogPluginManager: Loaded Plugin GoogleVRHMD, From F:/Epic Games/Epic Games/4.13/Engine/Plugins/Runtime/GoogleVR/GoogleVRHMD/GoogleVRHMD.uplugin
LogPluginManager: Loaded Plugin IOSDeviceProfileSelector, From F:/Epic Games/Epic Games/4.13/Engine/Plugins/Runtime/IOSDeviceProfileSelector/IOSDeviceProfileSelector.uplugin
LogPluginManager: Loaded Plugin LeapMotion, From F:/Epic Games/Epic Games/4.13/Engine/Plugins/Runtime/LeapMotion/LeapMotion.uplugin
LogPluginManager: Loaded Plugin LinuxDeviceProfileSelector, From F:/Epic Games/Epic Games/4.13/Engine/Plugins/Runtime/LinuxDeviceProfileSelector/LinuxDeviceProfileSelector.uplugin
LogPluginManager: Loaded Plugin LiveEditorListenServer, From F:/Epic Games/Epic Games/4.13/Engine/Plugins/Runtime/LiveEditorListenServer/LiveEditorListenServer.uplugin
LogPluginManager: Loaded Plugin OculusAudio, From F:/Epic Games/Epic Games/4.13/Engine/Plugins/Runtime/OculusAudio/OculusAudio.uplugin
LogPluginManager: Loaded Plugin OculusInput, From F:/Epic Games/Epic Games/4.13/Engine/Plugins/Runtime/OculusInput/OculusInput.uplugin
LogPluginManager: Loaded Plugin OculusLibrary, From F:/Epic Games/Epic Games/4.13/Engine/Plugins/Runtime/OculusLibrary/OculusLibrary.uplugin
LogPluginManager: Loaded Plugin OculusRift, From F:/Epic Games/Epic Games/4.13/Engine/Plugins/Runtime/OculusRift/OculusRift.uplugin
LogPluginManager: Loaded Plugin Oodle, From F:/Epic Games/Epic Games/4.13/Engine/Plugins/Runtime/PacketHandlers/CompressionComponents/Oodle/Oodle.uplugin
LogPluginManager: Loaded Plugin ProceduralMeshComponent, From F:/Epic Games/Epic Games/4.13/Engine/Plugins/Runtime/ProceduralMeshComponent/ProceduralMeshComponent.uplugin
LogPluginManager: Loaded Plugin SoundMod, From F:/Epic Games/Epic Games/4.13/Engine/Plugins/Runtime/SoundMod/SoundMod.uplugin
LogPluginManager: Loaded Plugin SoundVisualizations, From F:/Epic Games/Epic Games/4.13/Engine/Plugins/Runtime/SoundVisualizations/SoundVisualizations.uplugin
LogPluginManager: Loaded Plugin SteamController, From F:/Epic Games/Epic Games/4.13/Engine/Plugins/Runtime/Steam/SteamController/SteamController.uplugin
LogPluginManager: Loaded Plugin SteamVR, From F:/Epic Games/Epic Games/4.13/Engine/Plugins/Runtime/Steam/SteamVR/SteamVR.uplugin
LogPluginManager: Loaded Plugin WebBrowserWidget, From F:/Epic Games/Epic Games/4.13/Engine/Plugins/Runtime/WebBrowserWidget/WebBrowserWidget.uplugin
LogPluginManager: Loaded Plugin WindowsDeviceProfileSelector, From F:/Epic Games/Epic Games/4.13/Engine/Plugins/Runtime/WindowsDeviceProfileSelector/WindowsDeviceProfileSelector.uplugin
LogPluginManager: Loaded Plugin WindowsMoviePlayer, From F:/Epic Games/Epic Games/4.13/Engine/Plugins/Runtime/WindowsMoviePlayer/WindowsMoviePlayer.uplugin
LogPluginManager: Loaded Plugin ScriptPlugin, From F:/Epic Games/Epic Games/4.13/Engine/Plugins/ScriptPlugin/ScriptPlugin.uplugin
LogPluginManager: Loaded Plugin SlateRemote, From F:/Epic Games/Epic Games/4.13/Engine/Plugins/Slate/SlateRemote/SlateRemote.uplugin
LogInit: Using libcurl 7.47.1
LogInit:  - built for x86_64-pc-win32
LogInit:  - supports SSL with WinSSL
LogInit:  - other features:
LogInit:      CURL_VERSION_SSL
LogInit:      CURL_VERSION_IPV6
LogInit:      CURL_VERSION_ASYNCHDNS
LogInit:      CURL_VERSION_LARGEFILE
LogInit:      CURL_VERSION_IDN
LogInit:  CurlRequestOptions (configurable via config and command line):
LogInit:  - bVerifyPeer = false  - Libcurl will NOT verify peer certificate
LogInit:  - bUseHttpProxy = false  - Libcurl will NOT use HTTP proxy
LogInit:  - bDontReuseConnections = false  - Libcurl will reuse connections
LogInit:  - CertBundlePath = nullptr  - Libcurl will use whatever was configured at build time.
LogInit: Build: ++UE4+Release-4.13-CL-3172292
LogInit: Engine Version: 4.13.2-3172292+++UE4+Release-4.13
LogInit: Compatible Engine Version: 4.13.0-3106830+++UE4+Release-4.13
LogInit: Net CL: 3172292
LogDevObjectVersion: Number of dev versions registered: 13
LogDevObjectVersion:   Dev-Blueprints (B0D832E4-1F89-4F0D-ACCF-7EB736FD4AA2): 5
LogDevObjectVersion:   Dev-Build (E1C64328-A22C-4D53-A36C-8E866417BD8C): 0
LogDevObjectVersion:   Dev-Core (375EC13C-06E4-48FB-B500-84F0262A717E): 1
LogDevObjectVersion:   Dev-Editor (E4B068ED-F494-42E9-A231-DA0B2E46BB41): 6
LogDevObjectVersion:   Dev-Framework (CFFC743F-43B0-4480-9391-14DF171D2073): 12
LogDevObjectVersion:   Dev-Mobile (B02B49B5-BB20-44E9-A304-32B752E40360): 0
LogDevObjectVersion:   Dev-Networking (A4E4105C-59A1-49B5-A7C5-40C4547EDFEE): 0
LogDevObjectVersion:   Dev-Online (39C831C9-5AE6-47DC-9A44-9C173E1C8E7C): 0
LogDevObjectVersion:   Dev-Physics (78F01B33-EBEA-4F98-B9B4-84EACCB95AA2): 0
LogDevObjectVersion:   Dev-Platform (6631380F-2D4D-43E0-8009-CF276956A95A): 0
LogDevObjectVersion:   Dev-Rendering (12F88B9F-8875-4AFC-A67C-D90C383ABD29): 4
LogDevObjectVersion:   Dev-Sequencer (7B5AE74C-D270-4C10-A958-57980B212A5A): 0
LogDevObjectVersion:   Dev-VR (D7296918-1DD6-4BDD-9DE2-64A83CC13884): 0
LogInit: Compiled (64-bit): Oct 24 2016 14:29:06
LogInit: Compiled with Visual C++: 19.00.23026.00
LogInit: Build Configuration: Development
LogInit: Branch Name: ++UE4+Release-4.13
LogInit: Command line:  
LogInit: Base directory: F:/Epic Games/Epic Games/4.13/Engine/Binaries/Win64/
LogInit: Installed Engine Build: 1
LogInit: Presizing for max 8388607 objects, including 0 objects not considered by GC, pre-allocating 0 bytes for permanent pool.
LogInit: Object subsystem initialized
[2016.11.03-03.37.43:046][  0]LogInit: Selected Device Profile: [Windows]
[2016.11.03-03.37.43:046][  0]LogInit: Applying CVar settings loaded from the selected device profile: [Windows]
[2016.11.03-03.37.43:256][  0]LogInit: Computer: DESKTOP-WIN10
[2016.11.03-03.37.43:256][  0]LogInit: User: Thomas
[2016.11.03-03.37.43:256][  0]LogInit: CPU Page size=65536, Cores=4
[2016.11.03-03.37.43:256][  0]LogInit: High frequency timer resolution =3.312644 MHz
[2016.11.03-03.37.43:256][  0]LogMemory: Memory total: Physical=15.6GB (16GB approx)
[2016.11.03-03.37.43:256][  0]LogMemory: Platform Memory Stats for Windows
[2016.11.03-03.37.43:256][  0]LogMemory: Process Physical Memory: 255.59 MB used, 255.59 MB peak
[2016.11.03-03.37.43:256][  0]LogMemory: Process Virtual Memory: 259.86 MB used, 259.86 MB peak
[2016.11.03-03.37.43:256][  0]LogMemory: Physical Memory: 4280.91 MB used, 16015.83 MB total
[2016.11.03-03.37.43:256][  0]LogMemory: Virtual Memory: 622.36 MB used, 134217728.00 MB total
[2016.11.03-03.37.44:394][  0]LogTextLocalizationManager: No specific translations for ('en-US') exist, so ('en') translations will be used.
[2016.11.03-03.37.47:380][  0]LogD3D11RHI: D3D11 adapters:
[2016.11.03-03.37.47:395][  0]LogD3D11RHI:    0. 'AMD Radeon R9 200 Series' (Feature Level 11_0)
[2016.11.03-03.37.47:395][  0]LogD3D11RHI:       3052/0/8007 MB DedicatedVideo/DedicatedSystem/SharedSystem, Outputs:2, VendorId:0x1002
[2016.11.03-03.37.47:399][  0]LogD3D11RHI:    1. 'Intel(R) HD Graphics 4600' (Feature Level 11_0)
[2016.11.03-03.37.47:399][  0]LogD3D11RHI:       112/0/2048 MB DedicatedVideo/DedicatedSystem/SharedSystem, Outputs:1, VendorId:0x8086
[2016.11.03-03.37.47:400][  0]LogD3D11RHI:    2. 'Microsoft Basic Render Driver' (Feature Level 11_0)
[2016.11.03-03.37.47:400][  0]LogD3D11RHI:       0/0/8007 MB DedicatedVideo/DedicatedSystem/SharedSystem, Outputs:0, VendorId:0x1414
[2016.11.03-03.37.47:400][  0]LogD3D11RHI: Chosen D3D11 Adapter: 0
[2016.11.03-03.37.47:411][  0]LogD3D11RHI: Creating new Direct3DDevice
[2016.11.03-03.37.47:411][  0]LogD3D11RHI:     GPU DeviceId: 0x6798 (for the marketing name, search the web for "GPU Device Id")
[2016.11.03-03.37.47:411][  0]LogWindows: EnumDisplayDevices:
[2016.11.03-03.37.47:411][  0]LogWindows:    0. 'AMD Radeon R9 200 Series' (P:1 D:1)
[2016.11.03-03.37.47:411][  0]LogWindows:    1. 'AMD Radeon R9 200 Series' (P:0 D:1)
[2016.11.03-03.37.47:411][  0]LogWindows:    2. 'AMD Radeon R9 200 Series' (P:0 D:0)
[2016.11.03-03.37.47:412][  0]LogWindows:    3. 'AMD Radeon R9 200 Series' (P:0 D:0)
[2016.11.03-03.37.47:412][  0]LogWindows:    4. 'AMD Radeon R9 200 Series' (P:0 D:0)
[2016.11.03-03.37.47:412][  0]LogWindows:    5. 'AMD Radeon R9 200 Series' (P:0 D:0)
[2016.11.03-03.37.47:412][  0]LogWindows:    6. 'Intel(R) HD Graphics 4600' (P:0 D:1)
[2016.11.03-03.37.47:412][  0]LogWindows:    7. 'Intel(R) HD Graphics 4600' (P:0 D:0)
[2016.11.03-03.37.47:412][  0]LogWindows:    8. 'Intel(R) HD Graphics 4600' (P:0 D:0)
[2016.11.03-03.37.47:412][  0]LogWindows: DebugString: PrimaryIsNotTheChoosenAdapter PrimaryIsNotTheChoosenAdapter PrimaryIsNotTheChoosenAdapter FoundDriverCount:6 
[2016.11.03-03.37.47:413][  0]LogD3D11RHI:     Adapter Name: AMD Radeon R9 200 Series
[2016.11.03-03.37.47:413][  0]LogD3D11RHI:   Driver Version: Crimson 16.6 (internal:21.19.137.1, unified:21.19.137.1)
[2016.11.03-03.37.47:413][  0]LogD3D11RHI:      Driver Date: 9-16-2016
[2016.11.03-03.37.47:413][  0]LogRHI: Texture pool is 1361 MB (70% of 1945 MB)
[2016.11.03-03.37.47:421][  0]LogD3D11RHI: Async texture creation enabled
[2016.11.03-03.37.47:789][  0]LogD3D11RHI: GPU Timing Frequency: 27.000000 (Debug: 2 1)
[2016.11.03-03.37.48:000][  0]LogShaderCompilers: Guid format shader working directory is 11 characters bigger than the processId version (C:/Users/Thomas/Desktop/GitHub/Greg/Intermediate/Shaders/WorkingDirectory/13576/).
[2016.11.03-03.37.48:000][  0]LogShaderCompilers: Cleaned the shader compiler working directory 'C:/Users/Thomas/AppData/Local/Temp/UnrealShaderWorkingDir/7174E9014265E698EE252A9C08540DAE/'.
[2016.11.03-03.37.48:012][  0]LogShaderCompilers:Display: Using Local Shader Compiler.
[2016.11.03-03.37.51:430][  0]LogTemp:Display: Loaded TP AllDesktopTargetPlatform
[2016.11.03-03.37.51:438][  0]LogTemp:Display: Loaded TP WindowsClientTargetPlatform
[2016.11.03-03.37.51:445][  0]LogTemp:Display: Loaded TP WindowsNoEditorTargetPlatform
[2016.11.03-03.37.51:453][  0]LogTemp:Display: Loaded TP WindowsServerTargetPlatform
[2016.11.03-03.37.51:460][  0]LogTemp:Display: Loaded TP WindowsTargetPlatform
[2016.11.03-03.37.51:491][  0]LogTemp:Display: Loaded TP AndroidTargetPlatform
[2016.11.03-03.37.51:512][  0]LogTemp:Display: Loaded TP Android_ASTCTargetPlatform
[2016.11.03-03.37.51:531][  0]LogTemp:Display: Loaded TP Android_ATCTargetPlatform
[2016.11.03-03.37.51:552][  0]LogTemp:Display: Loaded TP Android_DXTTargetPlatform
[2016.11.03-03.37.51:574][  0]LogTemp:Display: Loaded TP Android_ETC1TargetPlatform
[2016.11.03-03.37.51:596][  0]LogTemp:Display: Loaded TP Android_ETC2TargetPlatform
[2016.11.03-03.37.51:640][  0]LogTemp:Display: Loaded TP Android_MultiTargetPlatform
[2016.11.03-03.37.51:640][  0]LogTemp:Display: Loaded TP Android_PVRTCTargetPlatform
[2016.11.03-03.37.51:641][  0]LogTemp:Display: Loaded TP HTML5TargetPlatform
[2016.11.03-03.37.51:762][  0]LogTemp:Display: Loaded TP IOSTargetPlatform
[2016.11.03-03.37.51:767][  0]LogTemp:Display: Loaded TP TVOSTargetPlatform
[2016.11.03-03.37.51:773][  0]LogTemp:Display: Loaded TP LinuxClientTargetPlatform
[2016.11.03-03.37.51:778][  0]LogTemp:Display: Loaded TP LinuxNoEditorTargetPlatform
[2016.11.03-03.37.51:784][  0]LogTemp:Display: Loaded TP LinuxServerTargetPlatform
[2016.11.03-03.37.51:791][  0]LogTemp:Display: Loaded TP LinuxTargetPlatform
[2016.11.03-03.37.51:791][  0]LogTargetPlatformManager:Display: Building Assets For Windows
[2016.11.03-03.37.52:760][  0]LogDerivedDataCache:Display: Max Cache Size: 512 MB
[2016.11.03-03.37.53:030][  0]LogDerivedDataCache: Loaded boot cache 0.27s 62MB C:/Users/Thomas/AppData/Local/UnrealEngine/4.13/DerivedDataCache/Boot.ddc.
[2016.11.03-03.37.53:030][  0]LogDerivedDataCache:Display: Loaded Boot cache: C:/Users/Thomas/AppData/Local/UnrealEngine/4.13/DerivedDataCache/Boot.ddc
[2016.11.03-03.37.53:030][  0]LogDerivedDataCache: FDerivedDataBackendGraph:  Pak pak cache file C:/Users/Thomas/Desktop/GitHub/Greg/DerivedDataCache/DDC.ddp not found, will not use a pak cache.
[2016.11.03-03.37.53:030][  0]LogDerivedDataCache: Unable to find inner node Pak for hierarchical cache Hierarchy.
[2016.11.03-03.37.53:030][  0]LogDerivedDataCache: FDerivedDataBackendGraph:  CompressedPak pak cache file C:/Users/Thomas/Desktop/GitHub/Greg/DerivedDataCache/Compressed.ddp not found, will not use a pak cache.
[2016.11.03-03.37.53:030][  0]LogDerivedDataCache: Unable to find inner node CompressedPak for hierarchical cache Hierarchy.
[2016.11.03-03.37.53:094][  0]LogDerivedDataCache:Display: Pak cache opened for reading ../../../Engine/DerivedDataCache/Compressed.ddp.
[2016.11.03-03.37.53:106][  0]LogDerivedDataCache: Using Local data cache path C:/Users/Thomas/AppData/Local/UnrealEngine/Common/DerivedDataCache: Writable
[2016.11.03-03.38.02:099][  0]LogInit: Selected Device Profile: [Windows]
[2016.11.03-03.38.02:248][  0]LogContentStreaming: Texture pool size is 0.00 MB
[2016.11.03-03.38.02:558][  0]LogMeshUtilities: No automatic mesh reduction module available
[2016.11.03-03.38.02:558][  0]LogMeshUtilities: No automatic mesh merging module available
[2016.11.03-03.38.02:558][  0]LogMeshUtilities: No distributed automatic mesh merging module available
[2016.11.03-03.38.04:058][  0]LogMaterial: Uniform references updated for custom material expression Custom.
[2016.11.03-03.38.07:237][  0]LogNetVersion: GetLocalNetworkVersion: CL: 3106830, ProjectName: greg, ProjectVersion: , EngineNetworkVersion: 1, GameNetworkVersion: 0, NetworkChecksum: 3459958176
[2016.11.03-03.38.07:415][  0]LogAssetRegistry: FAssetRegistry took 0.0254 seconds to start up
[2016.11.03-03.38.07:598][  0]LogPackageLocalizationCache: Processed 3 localized package path(s) for 2 prioritized culture(s) in 0.076066 seconds
[2016.11.03-03.38.07:603][  0]LogUObjectArray: 29778 objects as part of root set at end of initial load.
[2016.11.03-03.38.07:603][  0]LogUObjectAllocator: 6125448 out of 0 bytes used by permanent object pool.
[2016.11.03-03.38.07:603][  0]LogUObjectArray: CloseDisregardForGC: 0/0 objects in disregard for GC pool
[2016.11.03-03.38.07:635][  0]LogInit: WinSock: version 1.1 (2.2), MaxSocks=32767, MaxUdp=65467
[2016.11.03-03.38.15:155][  0]LogSlate: SlateFontCache - WITH_FREETYPE: 1, WITH_HARFBUZZ: 1
[2016.11.03-03.38.15:155][  0]LogSlate: SlateFontCache - WITH_FREETYPE: 1, WITH_HARFBUZZ: 1
[2016.11.03-03.38.23:440][  0]LogTcpMessaging: Initializing TcpMessaging bridge
[2016.11.03-03.38.23:509][  0]LogUdpMessaging: Initializing bridge on interface 0.0.0.0:0 to multicast group 230.0.0.1:6666.
[2016.11.03-03.38.25:438][  0]SourceControl: Info Source control is disabled
[2016.11.03-03.38.25:455][  0]SourceControl: Info Source control is disabled
[2016.11.03-03.38.25:662][  0]SourceControl: Info Source control is disabled
[2016.11.03-03.38.25:737][  0]SourceControl: Info Source control is disabled
[2016.11.03-03.38.29:256][  0]LogEngine: Initializing Engine...
[2016.11.03-03.38.29:295][  0]LogHMD: Failed to initialize OpenVR with code 100
[2016.11.03-03.38.30:426][  0]LogAIModule: Creating AISystem for world Untitled
[2016.11.03-03.38.30:857][  0]LogInit: XAudio2 using 'Speakers (2- High Definition Audio Device)' : 2 channels at 44.1 kHz using 16 bits per sample (channel mask 0x3)
[2016.11.03-03.38.30:871][  0]LogInit: FAudioDevice initialized.
[2016.11.03-03.38.30:897][  0]LogDerivedDataCache: Saved boot cache 0.03s 62MB C:/Users/Thomas/AppData/Local/UnrealEngine/4.13/DerivedDataCache/Boot.ddc.
[2016.11.03-03.38.30:904][  0]LogInit: Texture streaming: Enabled
[2016.11.03-03.38.32:046][  0]LogInit: Transaction tracking system initialized
[2016.11.03-03.38.33:790][  0]BlueprintLog: New page: Editor Load
[2016.11.03-03.38.38:364][  0]LocalizationService: Info Localization service is disabled
[2016.11.03-03.38.40:712][  0]LogConsoleResponse:Display: 
[2016.11.03-03.38.43:072][  0]LogFileCache: Scanning file cache for directory 'C:/Users/Thomas/Desktop/GitHub/Greg/Content/' took 0.01s
[2016.11.03-03.38.43:072][  0]LogCook:Display: Max memory allowance for cook 16384mb min free memory 0mb
[2016.11.03-03.38.43:072][  0]LogCook:Display: Mobile HDR setting 1
[2016.11.03-03.38.48:491][  0]SourceControl: Info Source control is disabled
[2016.11.03-03.38.48:733][  0]Cmd: MAP LOAD FILE="C:/Users/Thomas/Desktop/GitHub/Greg/Content/FirstPersonBP/Maps/FirstPersonExampleMap.umap" TEMPLATE=0 SHOWPROGRESS=1 FEATURELEVEL=3
[2016.11.03-03.38.48:851][  0]LightingResults: New page: Lighting Build
[2016.11.03-03.38.49:834][  0]MapCheck: New page: Map Check
[2016.11.03-03.38.49:834][  0]LightingResults: New page: Lighting Build
[2016.11.03-03.38.53:508][  0]LogTexture:Display: Building textures: HQ_Lightmap1_1 (AutoDXT)
[2016.11.03-03.38.54:081][  0]LogTexture:Display: Building textures: HQ_Lightmap1_2 (AutoDXT)
[2016.11.03-03.38.54:557][  0]LogTexture:Display: Building textures: HQ_Lightmap1_3 (AutoDXT)
[2016.11.03-03.38.55:073][  0]LogTexture:Display: Building textures: HQ_Lightmap1_4 (AutoDXT)
[2016.11.03-03.38.55:519][  0]LogTexture:Display: Building textures: HQ_Lightmap1_5 (AutoDXT)
[2016.11.03-03.38.56:334][  0]LogTexture:Display: Building textures: HQ_Lightmap1_6 (AutoDXT)
[2016.11.03-03.38.57:117][  0]LogTexture:Display: Building textures: HQ_Lightmap1_7 (AutoDXT)
[2016.11.03-03.38.57:589][  0]LogTexture:Display: Building textures: HQ_Lightmap1_8 (AutoDXT)
[2016.11.03-03.38.57:623][  0]LogTexture:Display: Building textures: LQ_Lightmap_1_1 (DXT1)
[2016.11.03-03.38.57:809][  0]LogTexture:Display: Building textures: LQ_Lightmap_1_2 (DXT1)
[2016.11.03-03.38.57:992][  0]LogTexture:Display: Building textures: LQ_Lightmap_1_3 (DXT1)
[2016.11.03-03.38.58:178][  0]LogTexture:Display: Building textures: LQ_Lightmap_1_4 (DXT1)
[2016.11.03-03.38.58:361][  0]LogTexture:Display: Building textures: LQ_Lightmap_1_5 (DXT1)
[2016.11.03-03.38.58:640][  0]LogTexture:Display: Building textures: LQ_Lightmap_1_6 (DXT1)
[2016.11.03-03.38.58:895][  0]LogTexture:Display: Building textures: LQ_Lightmap_1_7 (DXT1)
[2016.11.03-03.38.59:085][  0]LogTexture:Display: Building textures: LQ_Lightmap_1_8 (DXT1)
[2016.11.03-03.38.59:088][  0]LogTexture:Display: Building textures: SkyOcclusion0_8 (AutoDXT)
[2016.11.03-03.38.59:104][  0]LogTexture:Display: Building textures: SkyOcclusion1_1 (AutoDXT)
[2016.11.03-03.38.59:309][  0]LogTexture:Display: Building textures: SkyOcclusion1_2 (AutoDXT)
[2016.11.03-03.38.59:516][  0]LogTexture:Display: Building textures: SkyOcclusion1_3 (AutoDXT)
[2016.11.03-03.38.59:710][  0]LogTexture:Display: Building textures: SkyOcclusion1_4 (AutoDXT)
[2016.11.03-03.38.59:908][  0]LogTexture:Display: Building textures: SkyOcclusion1_5 (AutoDXT)
[2016.11.03-03.39.00:239][  0]LogTexture:Display: Building textures: SkyOcclusion1_6 (AutoDXT)
[2016.11.03-03.39.00:560][  0]LogTexture:Display: Building textures: SkyOcclusion1_7 (AutoDXT)
[2016.11.03-03.39.00:991][  0]LogTexture:Display: Building textures: ShadowMapTexture2D_10 (G8)
[2016.11.03-03.39.01:050][  0]LogTexture:Display: Building textures: ShadowMapTexture2D_11 (G8)
[2016.11.03-03.39.01:103][  0]LogTexture:Display: Building textures: ShadowMapTexture2D_12 (G8)
[2016.11.03-03.39.01:159][  0]LogTexture:Display: Building textures: ShadowMapTexture2D_13 (G8)
[2016.11.03-03.39.01:218][  0]LogTexture:Display: Building textures: ShadowMapTexture2D_14 (G8)
[2016.11.03-03.39.01:271][  0]LogTexture:Display: Building textures: ShadowMapTexture2D_15 (G8)
[2016.11.03-03.39.01:276][  0]LogTexture:Display: Building textures: ShadowMapTexture2D_7 (G8)
[2016.11.03-03.39.01:332][  0]LogTexture:Display: Building textures: ShadowMapTexture2D_9 (G8)
[2016.11.03-03.39.01:589][  0]LogTexture:Display: Building textures: T_FPGun_N (BC5)
[2016.11.03-03.39.02:071][  0]LogTexture:Display: Building textures: T_FPGun_M (AutoDXT)
[2016.11.03-03.39.02:787][  0]LogTexture:Display: Building textures: T_ML_Aluminum01_N (BC5)
[2016.11.03-03.39.03:400][  0]LogTexture:Display: Building textures: T_ML_Aluminum01 (AutoDXT)
[2016.11.03-03.39.08:275][  0]LogTexture:Display: Building textures: T_ML_Rubber_Blue_01_N (BC5)
[2016.11.03-03.39.08:838][  0]LogTexture:Display: Building textures: T_ML_Rubber_Blue_01_D (AutoDXT)
[2016.11.03-03.39.13:683][  0]LogTexture:Display: Building textures: T_ML_Aluminum01_N (BC5)
[2016.11.03-03.39.14:347][  0]LogTexture:Display: Building textures: T_ML_Aluminum01 (AutoDXT)
[2016.11.03-03.39.19:156][  0]LogTexture:Display: Building textures: T_ML_Rubber_Blue_01_N (BC5)
[2016.11.03-03.39.19:697][  0]LogTexture:Display: Building textures: T_ML_Rubber_Blue_01_D (AutoDXT)
[2016.11.03-03.39.24:273][  0]LogTexture:Display: Building textures: FirstPersonCrosshair (AutoDXT)
[2016.11.03-03.39.24:492][  0]LogAIModule: Creating AISystem for world FirstPersonExampleMap
[2016.11.03-03.39.25:230][  0]LogEditorServer: Finished looking for orphan Actors (0.000 secs)
[2016.11.03-03.39.25:309][  0]Cmd: MAP CHECKDEP NOCLEARLOG
[2016.11.03-03.39.25:411][  0]MapCheck: Info Map check complete: 0 Error(s), 0 Warning(s), took 101.67ms to complete.
[2016.11.03-03.39.25:411][  0]LogFileHelpers: Loading map 'FirstPersonExampleMap' took 36.713
[2016.11.03-03.39.27:084][  0]LogCollectionManager: Loaded 0 collections in 0.001773 seconds
[2016.11.03-03.39.27:234][  0]LogFileCache: Scanning file cache for directory 'C:/Users/Thomas/Desktop/GitHub/Greg/Saved/Collections/' took 0.01s
[2016.11.03-03.39.27:234][  0]LogFileCache: Scanning file cache for directory 'C:/Users/Thomas/Desktop/GitHub/Greg/Content/Developers/Thomas/Collections/' took 0.01s
[2016.11.03-03.39.27:234][  0]LogFileCache: Scanning file cache for directory 'C:/Users/Thomas/Desktop/GitHub/Greg/Content/Collections/' took 0.01s
[2016.11.03-03.39.27:234][  0]LogCollectionManager: Rebuilt the GUID cache for 0 collections in 0.000002 seconds
[2016.11.03-03.39.27:242][  0]LogContentBrowser: Native class hierarchy populated in 0.0071 seconds. Added 2141 classes and 415 folders.
[2016.11.03-03.39.27:281][  0]LogStats: UGameplayTagsManager::ConstructGameplayTagTree: Construct from data asset -  0.000 s
[2016.11.03-03.39.27:281][  0]LogStats: UGameplayTagsManager::ConstructGameplayTagTree: GameplayTagTreeChangedEvent.Broadcast -  0.000 s
[2016.11.03-03.39.27:281][  0]LogContentBrowser: Native class hierarchy updated for 'GameplayTags' in 0.0004 seconds. Added 12 classes and 0 folders.
[2016.11.03-03.39.27:311][  0]LogContentBrowser: Native class hierarchy updated for 'WidgetCarousel' in 0.0003 seconds. Added 0 classes and 0 folders.
[2016.11.03-03.39.28:761][  0]LogContentBrowser: Native class hierarchy updated for 'AddContentDialog' in 0.0004 seconds. Added 0 classes and 0 folders.
[2016.11.03-03.39.28:842][  0]LogContentBrowser: Native class hierarchy updated for 'SceneOutliner' in 0.0004 seconds. Added 1 classes and 2 folders.
[2016.11.03-03.39.29:302][  0]LogCrashTracker: Crashtracker disabled due to settings.
[2016.11.03-03.39.29:525][  0]LogUObjectGlobals:Warning: Failed to find object 'Class None.'
[2016.11.03-03.39.29:658][  0]LogContentBrowser: Native class hierarchy updated for 'HierarchicalLODOutliner' in 0.0004 seconds. Added 1 classes and 2 folders.
[2016.11.03-03.39.29:659][  0]LogLoad: (Engine Initialization) Total time: 118.93 seconds
[2016.11.03-03.39.29:659][  0]LogLoad: (Engine Initialization) Total Blueprint compile time: 1.83 seconds
[2016.11.03-03.39.29:659][  0]LogExternalProfiler: Found external profiler: VSPerf
[2016.11.03-03.39.29:659][  0]LogExternalProfiler: Using external profiler: VSPerf
[2016.11.03-03.39.30:036][  0]LogOcInput: OculusInput pre-init called
[2016.11.03-03.39.30:232][  0]LogContentStreaming: Texture pool size now 1000 MB
[2016.11.03-03.39.31:209][  0]LogRenderer: Reallocating scene render targets to support 1208x600 (Frame:2).
[2016.11.03-03.39.32:280][  3]LogAssetRegistry: Asset discovery search completed in 84.8869 seconds
[2016.11.03-03.39.32:316][  3]LogCollectionManager: Rebuilt the object cache for 0 collections in 0.000001 seconds (found 0 objects)
[2016.11.03-03.39.32:316][  3]LogCollectionManager: Fixed up redirectors for 0 collections in 0.035542 seconds (updated 0 objects)
[2016.11.03-03.39.35:648][230]LogEditorViewport: Clicking on Actor (LMB): FirstPersonCharacter_C (FirstPersonCharacter)
[2016.11.03-03.39.43:931][ 68]LogBlueprintUserMessages: Early PlayInEditor Detection: Level '/Game/FirstPersonBP/Maps/FirstPersonExampleMap.FirstPersonExampleMap:PersistentLevel' has LevelScriptBlueprint '/Game/FirstPersonBP/Maps/FirstPersonExampleMap.FirstPersonExampleMap:PersistentLevel.FirstPersonExampleMap' with GeneratedClass '/Game/FirstPersonBP/Maps/FirstPersonExampleMap.FirstPersonExampleMap_C' with ClassGeneratedBy '/Game/FirstPersonBP/Maps/FirstPersonExampleMap.FirstPersonExampleMap:PersistentLevel.FirstPersonExampleMap'
[2016.11.03-03.39.43:949][ 68]LogPlayLevel: PlayLevel: No blueprints needed recompiling
[2016.11.03-03.39.44:035][ 68]PIE: New page: PIE session: FirstPersonExampleMap (Nov 2, 2016, 12:39:43 PM)
[2016.11.03-03.39.44:035][ 68]LogPlayLevel: Creating play world package: /Game/FirstPersonBP/Maps/UEDPIE_0_FirstPersonExampleMap
[2016.11.03-03.39.44:058][ 68]LogPlayLevel: PIE: StaticDuplicateObject took: (0.022580s)
[2016.11.03-03.39.44:058][ 68]LogAIModule: Creating AISystem for world FirstPersonExampleMap
[2016.11.03-03.39.44:058][ 68]LogPlayLevel: PIE: World Init took: (0.000766s)
[2016.11.03-03.39.44:059][ 68]LogPlayLevel: PIE: Created PIE world by copying editor world from /Game/FirstPersonBP/Maps/FirstPersonExampleMap.FirstPersonExampleMap to /Game/FirstPersonBP/Maps/UEDPIE_0_FirstPersonExampleMap.FirstPersonExampleMap (0.023588s)
[2016.11.03-03.39.44:223][ 68]LogInit: XAudio2 using 'Speakers (2- High Definition Audio Device)' : 2 channels at 44.1 kHz using 16 bits per sample (channel mask 0x3)
[2016.11.03-03.39.44:229][ 68]LogInit: FAudioDevice initialized.
[2016.11.03-03.39.44:321][ 68]LogWorld: Game class is 'FirstPersonGameMode_C'
[2016.11.03-03.39.44:361][ 68]LogWorld: Bringing World /Game/FirstPersonBP/Maps/UEDPIE_0_FirstPersonExampleMap.FirstPersonExampleMap up for play (max tick rate 0) at 2016.11.02-20.39.44
[2016.11.03-03.39.44:362][ 68]LogWorld: Bringing up level for play took: 0.003283
[2016.11.03-03.39.44:511][ 68]LogContentBrowser: Native class hierarchy updated for 'MovieSceneCapture' in 0.0004 seconds. Added 11 classes and 0 folders.
[2016.11.03-03.39.44:511][ 68]LogGameMode:Display: Match State Changed from EnteringMap to WaitingToStart
[2016.11.03-03.39.44:511][ 68]LogGameState: Match State Changed from EnteringMap to WaitingToStart
[2016.11.03-03.39.44:511][ 68]LogGameMode:Display: Match State Changed from WaitingToStart to InProgress
[2016.11.03-03.39.44:512][ 68]LogGameState: Match State Changed from WaitingToStart to InProgress
[2016.11.03-03.39.44:512][ 68]PIE: Info Play in editor start time for /Game/FirstPersonBP/Maps/UEDPIE_0_FirstPersonExampleMap 1.408
[2016.11.03-03.39.44:512][ 68]LogBlueprintUserMessages: Late PlayInEditor Detection: Level '/Game/FirstPersonBP/Maps/FirstPersonExampleMap.FirstPersonExampleMap:PersistentLevel' has LevelScriptBlueprint '/Game/FirstPersonBP/Maps/FirstPersonExampleMap.FirstPersonExampleMap:PersistentLevel.FirstPersonExampleMap' with GeneratedClass '/Game/FirstPersonBP/Maps/FirstPersonExampleMap.FirstPersonExampleMap_C' with ClassGeneratedBy '/Game/FirstPersonBP/Maps/FirstPersonExampleMap.FirstPersonExampleMap:PersistentLevel.FirstPersonExampleMap'
[2016.11.03-03.40.23:357][574]LogSpawn:Warning: SpawnActor failed because of collision at the spawn location [X=-1217.984 Y=-292.133 Z=293.092] for [FirstPersonProjectile_C]
[2016.11.03-03.40.23:366][575]LogSpawn:Warning: SpawnActor failed because of collision at the spawn location [X=-1212.743 Y=-287.885 Z=290.683] for [FirstPersonProjectile_C]
[2016.11.03-03.40.23:423][582]LogSpawn:Warning: SpawnActor failed because of collision at the spawn location [X=-1008.881 Y=-217.240 Z=295.020] for [FirstPersonProjectile_C]
[2016.11.03-03.40.39:724][538]LogSpawn:Warning: SpawnActor failed because of collision at the spawn location [X=-2064.077 Y=1716.974 Z=348.011] for [FirstPersonProjectile_C]
[2016.11.03-03.41.21:553][477]LogSpawn:Warning: SpawnActor failed because of collision at the spawn location [X=-1869.837 Y=823.582 Z=273.483] for [FirstPersonProjectile_C]
[2016.11.03-03.41.22:228][558]LogSpawn:Warning: SpawnActor failed because of collision at the spawn location [X=-1865.364 Y=811.713 Z=275.162] for [FirstPersonProjectile_C]
[2016.11.03-03.41.32:104][743]LogSpawn:Warning: SpawnActor failed because of collision at the spawn location [X=-1517.815 Y=-1642.291 Z=327.350] for [FirstPersonProjectile_C]
[2016.11.03-03.41.44:580][240]LogSpawn:Warning: SpawnActor failed because of collision at the spawn location [X=1155.788 Y=561.279 Z=164.030] for [FirstPersonProjectile_C]
[2016.11.03-03.41.44:743][259]LogSpawn:Warning: SpawnActor failed because of collision at the spawn location [X=1159.320 Y=466.709 Z=164.448] for [FirstPersonProjectile_C]
[2016.11.03-03.41.44:876][275]LogSpawn:Warning: SpawnActor failed because of collision at the spawn location [X=1196.376 Y=395.223 Z=163.413] for [FirstPersonProjectile_C]
[2016.11.03-03.41.45:435][342]LogSpawn:Warning: SpawnActor failed because of collision at the spawn location [X=1464.787 Y=81.439 Z=267.559] for [FirstPersonProjectile_C]
[2016.11.03-03.41.45:643][367]LogSpawn:Warning: SpawnActor failed because of collision at the spawn location [X=1363.743 Y=55.941 Z=321.089] for [FirstPersonProjectile_C]
[2016.11.03-03.42.00:859][112]Set new viewmode: Lit_DetailLighting
[2016.11.03-03.42.14:768][781]Set new viewmode: Unlit
[2016.11.03-03.42.16:065][906]Set new viewmode: Unlit
[2016.11.03-03.42.16:332][938]Set new viewmode: Unlit
[2016.11.03-03.42.22:730][549]LogBlueprintUserMessages: Early EndPlayMap Detection: Level '/Game/FirstPersonBP/Maps/FirstPersonExampleMap.FirstPersonExampleMap:PersistentLevel' has LevelScriptBlueprint '/Game/FirstPersonBP/Maps/FirstPersonExampleMap.FirstPersonExampleMap:PersistentLevel.FirstPersonExampleMap' with GeneratedClass '/Game/FirstPersonBP/Maps/FirstPersonExampleMap.FirstPersonExampleMap_C' with ClassGeneratedBy '/Game/FirstPersonBP/Maps/FirstPersonExampleMap.FirstPersonExampleMap:PersistentLevel.FirstPersonExampleMap'
[2016.11.03-03.42.23:075][549]LogBlueprintUserMessages: Late EndPlayMap Detection: Level '/Game/FirstPersonBP/Maps/FirstPersonExampleMap.FirstPersonExampleMap:PersistentLevel' has LevelScriptBlueprint '/Game/FirstPersonBP/Maps/FirstPersonExampleMap.FirstPersonExampleMap:PersistentLevel.FirstPersonExampleMap' with GeneratedClass '/Game/FirstPersonBP/Maps/FirstPersonExampleMap.FirstPersonExampleMap_C' with ClassGeneratedBy '/Game/FirstPersonBP/Maps/FirstPersonExampleMap.FirstPersonExampleMap:PersistentLevel.FirstPersonExampleMap'
[2016.11.03-03.42.42:004][763]LogEditorViewport: Clicking on Actor (LMB): SphereReflectionCapture (SphereReflectionCapture)
[2016.11.03-03.42.48:690][495]LogEditorViewport: Clicking on Actor (LMB): DirectionalLight (Light Source)
[2016.11.03-03.47.47:531][521]SourceControl:Error: Error Failed to enable Git source control. You need to initialize the project as a Git repository first.
[2016.11.03-03.47.56:607][510]SourceControl: Info Source control is disabled
[2016.11.03-03.48.14:263][ 15]Cmd: CLOSE_SLATE_MAINFRAME
[2016.11.03-03.48.14:596][ 15]LogWindowsTextInputMethodSystem:Display: IME system now deactivated.
[2016.11.03-03.48.14:858][ 16]Cmd: QUIT_EDITOR
[2016.11.03-03.48.15:637][ 16]LogExit: Preparing to exit.
[2016.11.03-03.48.16:872][ 16]LogExit: Editor shut down
[2016.11.03-03.48.16:872][ 16]LogExit: Transaction tracking system shut down
[2016.11.03-03.48.17:322][ 16]LogObj: Freed 0b from 0 cluster array pools.
[2016.11.03-03.48.17:322][ 16]LogExit: Object subsystem successfully closed.
[2016.11.03-03.48.17:409][ 16]LogD3D11RHI: Shutdown
[2016.11.03-03.48.17:409][ 16]LogD3D11RHI: CleanupD3DDevice
[2016.11.03-03.48.17:510][ 16]LogD3D11RHI: ~FD3D11DynamicRHI
[2016.11.03-03.48.17:772][ 16]LogModuleManager: Shutting down and abandoning module MovieSceneCapture (234)
[2016.11.03-03.48.17:772][ 16]LogModuleManager: Shutting down and abandoning module HierarchicalLODOutliner (233)
[2016.11.03-03.48.17:782][ 16]LogModuleManager: Shutting down and abandoning module CrashTracker (232)
[2016.11.03-03.48.17:782][ 16]LogModuleManager: Shutting down and abandoning module SceneOutliner (231)
[2016.11.03-03.48.17:782][ 16]LogModuleManager: Shutting down and abandoning module WidgetCarousel (230)
[2016.11.03-03.48.17:782][ 16]LogModuleManager: Shutting down and abandoning module AddContentDialog (229)
[2016.11.03-03.48.17:791][ 16]LogDirectoryWatcher: A directory notification for 'F:/Epic Games/Epic Games/4.13/FeaturePacks/' was aborted.
[2016.11.03-03.48.17:792][ 16]LogModuleManager: Shutting down and abandoning module GameplayTags (228)
[2016.11.03-03.48.17:792][ 16]LogModuleManager: Shutting down and abandoning module EditorWidgets (227)
[2016.11.03-03.48.17:792][ 16]LogModuleManager: Shutting down and abandoning module CollectionManager (226)
[2016.11.03-03.48.17:792][ 16]LogDirectoryWatcher: A directory notification for 'C:/Users/Thomas/Desktop/GitHub/Greg/Content/Collections/' was aborted.
[2016.11.03-03.48.17:792][ 16]LogDirectoryWatcher: A directory notification for 'C:/Users/Thomas/Desktop/GitHub/Greg/Content/Developers/Thomas/Collections/' was aborted.
[2016.11.03-03.48.17:792][ 16]LogDirectoryWatcher: A directory notification for 'C:/Users/Thomas/Desktop/GitHub/Greg/Saved/Collections/' was aborted.
[2016.11.03-03.48.17:792][ 16]LogModuleManager: Shutting down and abandoning module StatsViewer (225)
[2016.11.03-03.48.17:805][ 16]LogModuleManager: Shutting down and abandoning module FoliageEdit (224)
[2016.11.03-03.48.17:805][ 16]LogModuleManager: Shutting down and abandoning module LandscapeEditor (223)
[2016.11.03-03.48.17:816][ 16]LogModuleManager: Shutting down and abandoning module SceneDepthPickerMode (222)
[2016.11.03-03.48.17:816][ 16]LogModuleManager: Shutting down and abandoning module ActorPickerMode (221)
[2016.11.03-03.48.17:816][ 16]LogModuleManager: Shutting down and abandoning module GeometryMode (220)
[2016.11.03-03.48.17:816][ 16]LogModuleManager: Shutting down and abandoning module TextureAlignMode (219)
[2016.11.03-03.48.17:816][ 16]LogModuleManager: Shutting down and abandoning module BspMode (218)
[2016.11.03-03.48.17:816][ 16]LogModuleManager: Shutting down and abandoning module HardwareSurvey (217)
[2016.11.03-03.48.17:816][ 16]LogModuleManager: Shutting down and abandoning module SequenceRecorderSections (216)
[2016.11.03-03.48.17:816][ 16]LogModuleManager: Shutting down and abandoning module SequenceRecorder (215)
[2016.11.03-03.48.17:816][ 16]LogModuleManager: Shutting down and abandoning module AutomationWorker (214)
[2016.11.03-03.48.17:816][ 16]LogModuleManager: Shutting down and abandoning module MatineeToLevelSequence (213)
[2016.11.03-03.48.17:816][ 16]LogModuleManager: Shutting down and abandoning module PlacementMode (212)
[2016.11.03-03.48.17:830][ 16]LogModuleManager: Shutting down and abandoning module LevelSequenceEditor (211)
[2016.11.03-03.48.17:838][ 16]LogModuleManager: Shutting down and abandoning module WmfMediaFactory (210)
[2016.11.03-03.48.17:838][ 16]LogModuleManager: Shutting down and abandoning module WmfMediaEditor (209)
[2016.11.03-03.48.17:838][ 16]LogModuleManager: Shutting down and abandoning module AvfMediaFactory (208)
[2016.11.03-03.48.17:838][ 16]LogModuleManager: Shutting down and abandoning module AvfMediaEditor (207)
[2016.11.03-03.48.17:838][ 16]LogModuleManager: Shutting down and abandoning module Media (206)
[2016.11.03-03.48.17:838][ 16]LogModuleManager: Shutting down and abandoning module AndroidMediaFactory (205)
[2016.11.03-03.48.17:838][ 16]LogModuleManager: Shutting down and abandoning module AndroidMediaEditor (204)
[2016.11.03-03.48.17:838][ 16]LogModuleManager: Shutting down and abandoning module CharacterAI (203)
[2016.11.03-03.48.17:838][ 16]LogModuleManager: Shutting down and abandoning module SmartSnapping (202)
[2016.11.03-03.48.17:838][ 16]LogModuleManager: Shutting down and abandoning module SessionServices (201)
[2016.11.03-03.48.17:838][ 16]LogModuleManager: Shutting down and abandoning module ViewportSnapping (200)
[2016.11.03-03.48.17:838][ 16]LogModuleManager: Shutting down and abandoning module ViewportInteraction (199)
[2016.11.03-03.48.17:838][ 16]LogModuleManager: Shutting down and abandoning module LogVisualizer (198)
[2016.11.03-03.48.17:851][ 16]LogModuleManager: Shutting down and abandoning module GameProjectGeneration (197)
[2016.11.03-03.48.17:865][ 16]LogModuleManager: Shutting down and abandoning module IntroTutorials (196)
[2016.11.03-03.48.17:874][ 16]LogModuleManager: Shutting down and abandoning module EditorLiveStreaming (195)
[2016.11.03-03.48.17:874][ 16]LogModuleManager: Shutting down and abandoning module IOSPlatformEditor (194)
[2016.11.03-03.48.17:874][ 16]LogModuleManager: Shutting down and abandoning module HTML5PlatformEditor (193)
[2016.11.03-03.48.17:874][ 16]LogModuleManager: Shutting down and abandoning module AndroidDeviceDetection (192)
[2016.11.03-03.48.18:632][ 16]LogModuleManager: Shutting down and abandoning module AndroidPlatformEditor (191)
[2016.11.03-03.48.18:632][ 16]LogModuleManager: Shutting down and abandoning module IOSRuntimeSettings (190)
[2016.11.03-03.48.18:632][ 16]LogModuleManager: Shutting down and abandoning module AndroidRuntimeSettings (189)
[2016.11.03-03.48.18:632][ 16]LogModuleManager: Shutting down and abandoning module NiagaraEditor (188)
[2016.11.03-03.48.18:674][ 16]LogModuleManager: Shutting down and abandoning module MergeActors (187)
[2016.11.03-03.48.18:687][ 16]LogModuleManager: Shutting down and abandoning module SizeMap (186)
[2016.11.03-03.48.18:687][ 16]LogModuleManager: Shutting down and abandoning module TreeMap (185)
[2016.11.03-03.48.18:687][ 16]LogModuleManager: Shutting down and abandoning module ReferenceViewer (184)
[2016.11.03-03.48.18:687][ 16]LogModuleManager: Shutting down and abandoning module LocalizationService (183)
[2016.11.03-03.48.18:687][ 16]LogModuleManager: Shutting down and abandoning module LocalizationDashboard (182)
[2016.11.03-03.48.18:694][ 16]LogModuleManager: Shutting down and abandoning module HardwareTargeting (181)
[2016.11.03-03.48.18:694][ 16]LogModuleManager: Shutting down and abandoning module DeviceProfileEditor (180)
[2016.11.03-03.48.18:709][ 16]LogModuleManager: Shutting down and abandoning module UndoHistory (179)
[2016.11.03-03.48.18:709][ 16]LogModuleManager: Shutting down and abandoning module UserFeedback (178)
[2016.11.03-03.48.18:709][ 16]LogModuleManager: Shutting down and abandoning module XmlParser (177)
[2016.11.03-03.48.18:709][ 16]LogModuleManager: Shutting down and abandoning module Blutility (176)
[2016.11.03-03.48.18:709][ 16]LogModuleManager: Shutting down and abandoning module ProjectTargetPlatformEditor (175)
[2016.11.03-03.48.18:709][ 16]LogModuleManager: Shutting down and abandoning module ProjectSettingsViewer (174)
[2016.11.03-03.48.18:709][ 16]LogModuleManager: Shutting down and abandoning module InputBindingEditor (173)
[2016.11.03-03.48.18:710][ 16]LogModuleManager: Shutting down and abandoning module EditorSettingsViewer (172)
[2016.11.03-03.48.18:710][ 16]LogModuleManager: Shutting down and abandoning module SettingsEditor (171)
[2016.11.03-03.48.18:722][ 16]LogModuleManager: Shutting down and abandoning module ProjectLauncher (170)
[2016.11.03-03.48.18:740][ 16]LogModuleManager: Shutting down and abandoning module SessionFrontend (169)
[2016.11.03-03.48.18:748][ 16]LogModuleManager: Shutting down and abandoning module ProfilerClient (168)
[2016.11.03-03.48.18:759][ 16]LogModuleManager: Shutting down and abandoning module TargetDeviceServices (167)
[2016.11.03-03.48.18:759][ 16]LogModuleManager: Shutting down and abandoning module DeviceManager (166)
[2016.11.03-03.48.18:836][ 16]LogModuleManager: Shutting down and abandoning module AutomationController (165)
[2016.11.03-03.48.18:849][ 16]LogModuleManager: Shutting down and abandoning module AutomationWindow (164)
[2016.11.03-03.48.18:861][ 16]LogModuleManager: Shutting down and abandoning module Layers (163)
[2016.11.03-03.48.18:875][ 16]LogModuleManager: Shutting down and abandoning module ComponentVisualizers (162)
[2016.11.03-03.48.18:875][ 16]LogModuleManager: Shutting down and abandoning module DetailCustomizations (161)
[2016.11.03-03.48.18:875][ 16]LogModuleManager: Shutting down and abandoning module PackagesDialog (160)
[2016.11.03-03.48.18:880][ 16]LogModuleManager: Shutting down and abandoning module AnimGraph (159)
[2016.11.03-03.48.18:880][ 16]LogModuleManager: Shutting down and abandoning module Persona (158)
[2016.11.03-03.48.18:904][ 16]LogModuleManager: Shutting down and abandoning module Kismet (157)
[2016.11.03-03.48.18:904][ 16]LogModuleManager: Shutting down and abandoning module GraphEditor (156)
[2016.11.03-03.48.18:933][ 16]LogModuleManager: Shutting down and abandoning module ClassViewer (155)
[2016.11.03-03.48.18:934][ 16]LogModuleManager: Shutting down and abandoning module Toolbox (154)
[2016.11.03-03.48.18:934][ 16]LogModuleManager: Shutting down and abandoning module ModuleUI (153)
[2016.11.03-03.48.18:945][ 16]LogModuleManager: Shutting down and abandoning module MovieSceneTools (152)
[2016.11.03-03.48.18:955][ 16]LogModuleManager: Shutting down and abandoning module OutputLog (151)
[2016.11.03-03.48.18:955][ 16]LogModuleManager: Shutting down and abandoning module GammaUI (150)
[2016.11.03-03.48.18:967][ 16]LogModuleManager: Shutting down and abandoning module Documentation (149)
[2016.11.03-03.48.18:967][ 16]LogModuleManager: Shutting down and abandoning module Niagara (148)
[2016.11.03-03.48.18:967][ 16]LogModuleManager: Shutting down and abandoning module StreamingPauseRendering (147)
[2016.11.03-03.48.18:967][ 16]LogModuleManager: Shutting down and abandoning module AnalyticsET (146)
[2016.11.03-03.48.18:967][ 16]LogModuleManager: Shutting down and abandoning module PortalServices (145)
[2016.11.03-03.48.18:967][ 16]LogModuleManager: Shutting down and abandoning module PortalRpc (144)
[2016.11.03-03.48.18:967][ 16]LogModuleManager: Shutting down and abandoning module MessagingRpc (143)
[2016.11.03-03.48.18:967][ 16]LogModuleManager: Shutting down and abandoning module GameplayDebugger (142)
[2016.11.03-03.48.18:967][ 16]LogModuleManager: Shutting down and abandoning module AITestSuite (141)
[2016.11.03-03.48.18:967][ 16]LogModuleManager: Shutting down and abandoning module AIModule (140)
[2016.11.03-03.48.18:972][ 16]LogModuleManager: Shutting down and abandoning module ProfilerService (139)
[2016.11.03-03.48.19:214][ 16]LogModuleManager: Shutting down and abandoning module TaskGraph (138)
[2016.11.03-03.48.19:233][ 16]LogModuleManager: Shutting down and abandoning module SlateRemote (137)
[2016.11.03-03.48.19:233][ 16]LogModuleManager: Shutting down and abandoning module SteamVRController (136)
[2016.11.03-03.48.19:233][ 16]LogModuleManager: Shutting down and abandoning module SteamVR (135)
[2016.11.03-03.48.19:233][ 16]LogModuleManager: Shutting down and abandoning module ProceduralMeshComponentEditor (134)
[2016.11.03-03.48.19:233][ 16]LogModuleManager: Shutting down and abandoning module ProceduralMeshComponent (133)
[2016.11.03-03.48.19:233][ 16]LogModuleManager: Shutting down and abandoning module OculusLibrary (132)
[2016.11.03-03.48.19:233][ 16]LogModuleManager: Shutting down and abandoning module OculusInput (131)
[2016.11.03-03.48.19:233][ 16]LogModuleManager: Shutting down and abandoning module CustomMeshComponent (130)
[2016.11.03-03.48.19:233][ 16]LogModuleManager: Shutting down and abandoning module CableComponent (129)
[2016.11.03-03.48.19:233][ 16]LogModuleManager: Shutting down and abandoning module ArchVisCharacter (128)
[2016.11.03-03.48.19:233][ 16]LogModuleManager: Shutting down and abandoning module MediaPlayerEditor (126)
[2016.11.03-03.48.19:252][ 16]LogModuleManager: Shutting down and abandoning module HTML5Networking (125)
[2016.11.03-03.48.19:252][ 16]LogModuleManager: Shutting down and abandoning module GeometryCacheEd (124)
[2016.11.03-03.48.19:252][ 16]LogModuleManager: Shutting down and abandoning module GeometryCache (123)
[2016.11.03-03.48.19:252][ 16]LogModuleManager: Shutting down and abandoning module AlembicLibrary (122)
[2016.11.03-03.48.19:252][ 16]LogModuleManager: Shutting down and abandoning module AlembicImporter (121)
[2016.11.03-03.48.19:270][ 16]LogModuleManager: Shutting down and abandoning module SuperSearch (120)
[2016.11.03-03.48.19:270][ 16]LogModuleManager: Shutting down and abandoning module SuperSearchEditor (119)
[2016.11.03-03.48.19:270][ 16]LogModuleManager: Shutting down and abandoning module SpeedTreeImporter (118)
[2016.11.03-03.48.19:270][ 16]LogModuleManager: Shutting down and abandoning module PluginBrowser (117)
[2016.11.03-03.48.19:270][ 16]LogModuleManager: Shutting down and abandoning module MobileLauncherProfileWizard (116)
[2016.11.03-03.48.19:292][ 16]LogModuleManager: Shutting down and abandoning module EpicSurvey (115)
[2016.11.03-03.48.19:292][ 16]LogModuleManager: Shutting down and abandoning module DesktopPlatform (114)
[2016.11.03-03.48.19:292][ 16]LogModuleManager: Shutting down and abandoning module VisualStudioSourceCodeAccess (113)
[2016.11.03-03.48.19:292][ 16]LogModuleManager: Shutting down and abandoning module UObjectPlugin (112)
[2016.11.03-03.48.19:292][ 16]LogModuleManager: Shutting down and abandoning module SubversionSourceControl (111)
[2016.11.03-03.48.19:292][ 16]LogModuleManager: Shutting down and abandoning module PerforceSourceControl (110)
[2016.11.03-03.48.19:292][ 16]LogModuleManager: Shutting down and abandoning module SourceControl (109)
[2016.11.03-03.48.19:292][ 16]LogModuleManager: Shutting down and abandoning module GitSourceControl (108)
[2016.11.03-03.48.19:292][ 16]LogModuleManager: Shutting down and abandoning module LightPropagationVolumeEditor (107)
[2016.11.03-03.48.19:292][ 16]LogModuleManager: Shutting down and abandoning module PaperTiledImporter (106)
[2016.11.03-03.48.19:292][ 16]LogModuleManager: Shutting down and abandoning module PaperSpriteSheetImporter (105)
[2016.11.03-03.48.19:292][ 16]LogModuleManager: Shutting down and abandoning module MeshPaint (104)
[2016.11.03-03.48.19:292][ 16]LogModuleManager: Shutting down and abandoning module FbxAutomationBuilderModule (103)
[2016.11.03-03.48.19:300][ 16]LogModuleManager: Shutting down and abandoning module PixelInspectorModule (102)
[2016.11.03-03.48.19:300][ 16]LogModuleManager: Shutting down and abandoning module HotReload (101)
[2016.11.03-03.48.19:300][ 16]LogModuleManager: Shutting down and abandoning module MainFrame (100)
[2016.11.03-03.48.19:300][ 16]LogModuleManager: Shutting down and abandoning module LevelEditor (99)
[2016.11.03-03.48.19:301][ 16]LogModuleManager: Shutting down and abandoning module ContentBrowser (98)
[2016.11.03-03.48.19:301][ 16]LogModuleManager: Shutting down and abandoning module Paper2DEditor (97)
[2016.11.03-03.48.19:311][ 16]LogModuleManager: Shutting down and abandoning module UdpMessaging (96)
[2016.11.03-03.48.19:412][ 16]LogModuleManager: Shutting down and abandoning module TcpMessaging (95)
[2016.11.03-03.48.19:512][ 16]LogModuleManager: Shutting down and abandoning module LightPropagationVolumeRuntime (94)
[2016.11.03-03.48.19:512][ 16]LogModuleManager: Shutting down and abandoning module Paper2D (93)
[2016.11.03-03.48.19:512][ 16]LogModuleManager: Shutting down and abandoning module WindowsMoviePlayer (92)
[2016.11.03-03.48.19:527][ 16]LogModuleManager: Shutting down and abandoning module WmfMedia (91)
[2016.11.03-03.48.19:537][ 16]LogModuleManager: Shutting down and abandoning module MediaAssets (90)
[2016.11.03-03.48.19:537][ 16]LogModuleManager: Shutting down and abandoning module GameLiveStreaming (89)
[2016.11.03-03.48.19:537][ 16]LogModuleManager: Shutting down and abandoning module GameplayTagsEditor (88)
[2016.11.03-03.48.19:537][ 16]LogModuleManager: Shutting down and abandoning module VREditor (87)
[2016.11.03-03.48.19:537][ 16]LogModuleManager: Shutting down and abandoning module GameplayTasksEditor (86)
[2016.11.03-03.48.19:537][ 16]LogModuleManager: Shutting down and abandoning module PropertyEditor (85)
[2016.11.03-03.48.19:537][ 16]LogModuleManager: Shutting down and abandoning module BehaviorTreeEditor (84)
[2016.11.03-03.48.19:558][ 16]LogModuleManager: Shutting down and abandoning module FunctionalTesting (83)
[2016.11.03-03.48.19:558][ 16]LogModuleManager: Shutting down and abandoning module CollisionAnalyzer (82)
[2016.11.03-03.48.19:568][ 16]LogModuleManager: Shutting down and abandoning module Sequencer (81)
[2016.11.03-03.48.19:587][ 16]LogModuleManager: Shutting down and abandoning module WorkspaceMenuStructure (80)
[2016.11.03-03.48.19:587][ 16]LogModuleManager: Shutting down and abandoning module MessageLog (79)
[2016.11.03-03.48.19:587][ 16]LogModuleManager: Shutting down and abandoning module AssetTools (78)
[2016.11.03-03.48.19:587][ 16]LogModuleManager: Shutting down and abandoning module UMGEditor (77)
[2016.11.03-03.48.19:609][ 16]LogModuleManager: Shutting down and abandoning module UMG (76)
[2016.11.03-03.48.19:624][ 16]LogModuleManager: Shutting down and abandoning module SlateReflector (75)
[2016.11.03-03.48.19:645][ 16]LogModuleManager: Shutting down and abandoning module Slate (74)
[2016.11.03-03.48.19:645][ 16]LogModuleManager: Shutting down and abandoning module EditorStyle (73)
[2016.11.03-03.48.19:647][ 16]LogModuleManager: Shutting down and abandoning module SourceCodeAccess (72)
[2016.11.03-03.48.19:647][ 16]LogModuleManager: Shutting down and abandoning module HeadMountedDisplay (71)
[2016.11.03-03.48.19:647][ 16]LogModuleManager: Shutting down and abandoning module XAudio2 (70)
[2016.11.03-03.48.19:647][ 16]LogModuleManager: Shutting down and abandoning module Networking (68)
[2016.11.03-03.48.19:647][ 16]LogModuleManager: Shutting down and abandoning module Core (67)
[2016.11.03-03.48.19:647][ 16]LogModuleManager: Shutting down and abandoning module DirectoryWatcher (66)
[2016.11.03-03.48.19:647][ 16]LogDirectoryWatcher: A directory notification for '../../../Engine/Content/' was aborted.
[2016.11.03-03.48.19:647][ 16]LogDirectoryWatcher: A directory notification for 'C:/Users/Thomas/Desktop/GitHub/Greg/Content/' was aborted.
[2016.11.03-03.48.19:647][ 16]LogDirectoryWatcher: A directory notification for '../../../Engine/Plugins/2D/Paper2D/Content/' was aborted.
[2016.11.03-03.48.19:648][ 16]LogModuleManager: Shutting down and abandoning module AssetRegistry (65)
[2016.11.03-03.48.19:721][ 16]LogModuleManager: Shutting down and abandoning module KismetCompiler (64)
[2016.11.03-03.48.19:721][ 16]LogModuleManager: Shutting down and abandoning module PhysXFormats (63)
[2016.11.03-03.48.19:721][ 16]LogModuleManager: Shutting down and abandoning module MeshUtilities (62)
[2016.11.03-03.48.19:732][ 16]LogModuleManager: Shutting down and abandoning module DerivedDataCache (61)
[2016.11.03-03.48.19:766][ 16]LogDerivedDataCache: Shutdown
[2016.11.03-03.48.19:766][ 16]LogModuleManager: Shutting down and abandoning module VulkanShaderFormat (60)
[2016.11.03-03.48.19:766][ 16]LogModuleManager: Shutting down and abandoning module ShaderFormatOpenGL (59)
[2016.11.03-03.48.19:774][ 16]LogModuleManager: Shutting down and abandoning module ShaderFormatD3D (58)
[2016.11.03-03.48.19:774][ 16]LogModuleManager: Shutting down and abandoning module MetalShaderFormat (57)
[2016.11.03-03.48.19:790][ 16]LogModuleManager: Shutting down and abandoning module TextureFormatUncompressed (56)
[2016.11.03-03.48.19:790][ 16]LogModuleManager: Shutting down and abandoning module TextureFormatPVR (55)
[2016.11.03-03.48.19:790][ 16]LogModuleManager: Shutting down and abandoning module TextureFormatDXT (54)
[2016.11.03-03.48.19:790][ 16]LogModuleManager: Shutting down and abandoning module TextureFormatIntelISPCTexComp (53)
[2016.11.03-03.48.19:791][ 16]LogModuleManager: Shutting down and abandoning module ImageWrapper (52)
[2016.11.03-03.48.19:791][ 16]LogModuleManager: Shutting down and abandoning module TextureFormatASTC (51)
[2016.11.03-03.48.19:791][ 16]LogModuleManager: Shutting down and abandoning module TextureFormatAndroid (50)
[2016.11.03-03.48.19:791][ 16]LogModuleManager: Shutting down and abandoning module AudioFormatOpus (49)
[2016.11.03-03.48.19:791][ 16]LogModuleManager: Shutting down and abandoning module AudioFormatOgg (48)
[2016.11.03-03.48.19:791][ 16]LogModuleManager: Shutting down and abandoning module AudioFormatADPCM (47)
[2016.11.03-03.48.19:791][ 16]LogModuleManager: Shutting down and abandoning module LinuxTargetPlatform (46)
[2016.11.03-03.48.19:791][ 16]LogModuleManager: Shutting down and abandoning module LinuxServerTargetPlatform (45)
[2016.11.03-03.48.19:791][ 16]LogModuleManager: Shutting down and abandoning module LinuxNoEditorTargetPlatform (44)
[2016.11.03-03.48.19:791][ 16]LogModuleManager: Shutting down and abandoning module LinuxClientTargetPlatform (43)
[2016.11.03-03.48.19:791][ 16]LogModuleManager: Shutting down and abandoning module TVOSTargetPlatform (42)
[2016.11.03-03.48.19:791][ 16]LogModuleManager: Shutting down and abandoning module Messaging (41)
[2016.11.03-03.48.19:791][ 16]LogModuleManager: Shutting down and abandoning module IOSTargetPlatform (40)
[2016.11.03-03.48.19:791][ 16]LogModuleManager: Shutting down and abandoning module HTML5TargetPlatform (39)
[2016.11.03-03.48.19:791][ 16]LogModuleManager: Shutting down and abandoning module Android_PVRTCTargetPlatform (38)
[2016.11.03-03.48.19:791][ 16]LogModuleManager: Shutting down and abandoning module Android_MultiTargetPlatform (37)
[2016.11.03-03.48.19:791][ 16]LogModuleManager: Shutting down and abandoning module Android_ETC2TargetPlatform (36)
[2016.11.03-03.48.19:791][ 16]LogModuleManager: Shutting down and abandoning module Android_ETC1TargetPlatform (35)
[2016.11.03-03.48.19:791][ 16]LogModuleManager: Shutting down and abandoning module Android_DXTTargetPlatform (34)
[2016.11.03-03.48.19:791][ 16]LogModuleManager: Shutting down and abandoning module Android_ATCTargetPlatform (33)
[2016.11.03-03.48.19:791][ 16]LogModuleManager: Shutting down and abandoning module Android_ASTCTargetPlatform (32)
[2016.11.03-03.48.19:791][ 16]LogModuleManager: Shutting down and abandoning module AndroidTargetPlatform (31)
[2016.11.03-03.48.19:791][ 16]LogModuleManager: Shutting down and abandoning module WindowsTargetPlatform (30)
[2016.11.03-03.48.19:791][ 16]LogModuleManager: Shutting down and abandoning module WindowsServerTargetPlatform (29)
[2016.11.03-03.48.19:791][ 16]LogModuleManager: Shutting down and abandoning module WindowsNoEditorTargetPlatform (28)
[2016.11.03-03.48.19:791][ 16]LogModuleManager: Shutting down and abandoning module WindowsClientTargetPlatform (27)
[2016.11.03-03.48.19:791][ 16]LogModuleManager: Shutting down and abandoning module AllDesktopTargetPlatform (26)
[2016.11.03-03.48.19:791][ 16]LogModuleManager: Shutting down and abandoning module TargetPlatform (25)
[2016.11.03-03.48.19:791][ 16]LogModuleManager: Shutting down and abandoning module InputCore (24)
[2016.11.03-03.48.19:791][ 16]LogModuleManager: Shutting down and abandoning module Settings (23)
[2016.11.03-03.48.19:791][ 16]LogModuleManager: Shutting down and abandoning module OculusRift (22)
[2016.11.03-03.48.19:791][ 16]LogModuleManager: Shutting down and abandoning module GearVR (21)
[2016.11.03-03.48.19:791][ 16]LogModuleManager: Shutting down and abandoning module ExampleDeviceProfileSelector (20)
[2016.11.03-03.48.19:791][ 16]LogModuleManager: Shutting down and abandoning module OnlineBlueprintSupport (19)
[2016.11.03-03.48.19:791][ 16]LogModuleManager: Shutting down and abandoning module OnlineSubsystem (17)
[2016.11.03-03.48.19:791][ 16]LogOnline:Display: Unloading online subsystem: NULL
[2016.11.03-03.48.19:812][ 16]LogModuleManager: Shutting down and abandoning module HTTP (16)
[2016.11.03-03.48.19:812][ 16]LogHttp:Display: Http module shutting down, but needs to wait on 1 outstanding Http requests:
[2016.11.03-03.48.19:813][ 16]LogHttp:Display: 	verb=[POST] url=[https://datarouter.ol.epicgames.com/datarouter/api/v1/public/data?SessionID=%7BFE3F8FD0-4451-440E-5A3C-F9B6FC90572B%7D&AppID=UEEditor.Rocket.Release&AppVersion=4.13.2-3172292%2B%2B%2BUE4%2BRelease-4.13&UserID=53ff7797463898d7c958758b08e3f796%7Cd1e4a1867064451d815089ec9f9eafe4%7C06864976-5301-438a-b0aa-a01e4cf2f982&AppEnvironment=datacollector-binary&UploadType=eteventstream] status=Processing
[2016.11.03-03.48.19:820][ 16]LogModuleManager: Shutting down and abandoning module XMPP (15)
[2016.11.03-03.48.19:830][ 16]LogModuleManager: Shutting down and abandoning module TextureCompressor (14)
[2016.11.03-03.48.19:830][ 16]LogModuleManager: Shutting down and abandoning module ShaderCore (13)
[2016.11.03-03.48.19:830][ 16]LogModuleManager: Shutting down and abandoning module Landscape (12)
[2016.11.03-03.48.19:830][ 16]LogModuleManager: Shutting down and abandoning module SlateRHIRenderer (11)
[2016.11.03-03.48.19:844][ 16]LogModuleManager: Shutting down and abandoning module OpenGLDrv (10)
[2016.11.03-03.48.19:854][ 16]LogModuleManager: Shutting down and abandoning module D3D11RHI (9)
[2016.11.03-03.48.19:854][ 16]LogModuleManager: Shutting down and abandoning module AnimGraphRuntime (8)
[2016.11.03-03.48.19:854][ 16]LogModuleManager: Shutting down and abandoning module Renderer (7)
[2016.11.03-03.48.19:854][ 16]LogModuleManager: Shutting down and abandoning module Engine (6)
[2016.11.03-03.48.19:854][ 16]LogModuleManager: Shutting down and abandoning module CoreUObject (5)
[2016.11.03-03.48.19:854][ 16]LogModuleManager: Shutting down and abandoning module NetworkFile (4)
[2016.11.03-03.48.19:869][ 16]LogModuleManager: Shutting down and abandoning module StreamingFile (3)
[2016.11.03-03.48.19:869][ 16]LogModuleManager: Shutting down and abandoning module SandboxFile (2)
[2016.11.03-03.48.19:869][ 16]LogModuleManager: Shutting down and abandoning module PakFile (1)
[2016.11.03-03.48.19:870][ 16]LogExit: Exiting.
[2016.11.03-03.48.19:877][ 16]Log file closed, 11/02/16 20:48:19
