Log file open, 12/01/16 23:50:42
LogInit:Display: Running engine for game: Greg
LogPlatformFile: Not using cached read wrapper
LogInit:Display: RandInit(-1711307707) SRandInit(-1711307707).
LogTaskGraph: Started task graph with 5 named threads and 8 total threads with 1 sets of task threads.
LogStats: Stats thread started at 0.074861
LogPluginManager: Loaded Plugin Paper2D, From C:/Program Files (x86)/Epic Games/4.13/Engine/Plugins/2D/Paper2D/Paper2D.uplugin
LogPluginManager: Loaded Plugin LightPropagationVolume, From C:/Program Files (x86)/Epic Games/4.13/Engine/Plugins/Blendables/LightPropagationVolume/LightPropagationVolume.uplugin
LogPluginManager: Loaded Plugin BlankPlugin, From C:/Program Files (x86)/Epic Games/4.13/Engine/Plugins/Developer/BlankPlugin/BlankPlugin.uplugin
LogPluginManager: Loaded Plugin CodeLiteSourceCodeAccess, From C:/Program Files (x86)/Epic Games/4.13/Engine/Plugins/Developer/CodeLiteSourceCodeAccess/CodeLiteSourceCodeAccess.uplugin
LogPluginManager: Loaded Plugin GitSourceControl, From C:/Program Files (x86)/Epic Games/4.13/Engine/Plugins/Developer/GitSourceControl/GitSourceControl.uplugin
LogPluginManager: Loaded Plugin KDevelopSourceCodeAccess, From C:/Program Files (x86)/Epic Games/4.13/Engine/Plugins/Developer/KDevelopSourceCodeAccess/KDevelopSourceCodeAccess.uplugin
LogPluginManager: Loaded Plugin NullSourceCodeAccess, From C:/Program Files (x86)/Epic Games/4.13/Engine/Plugins/Developer/NullSourceCodeAccess/NullSourceCodeAccess.uplugin
LogPluginManager: Loaded Plugin OneSkyLocalizationService, From C:/Program Files (x86)/Epic Games/4.13/Engine/Plugins/Developer/OneSkyLocalizationService/OneSkyLocalizationService.uplugin
LogPluginManager: Loaded Plugin PerforceSourceControl, From C:/Program Files (x86)/Epic Games/4.13/Engine/Plugins/Developer/PerforceSourceControl/PerforceSourceControl.uplugin
LogPluginManager: Loaded Plugin SubversionSourceControl, From C:/Program Files (x86)/Epic Games/4.13/Engine/Plugins/Developer/SubversionSourceControl/SubversionSourceControl.uplugin
LogPluginManager: Loaded Plugin UObjectPlugin, From C:/Program Files (x86)/Epic Games/4.13/Engine/Plugins/Developer/UObjectPlugin/UObjectPlugin.uplugin
LogPluginManager: Loaded Plugin VisualStudioSourceCodeAccess, From C:/Program Files (x86)/Epic Games/4.13/Engine/Plugins/Developer/VisualStudioSourceCodeAccess/VisualStudioSourceCodeAccess.uplugin
LogPluginManager: Loaded Plugin XCodeSourceCodeAccess, From C:/Program Files (x86)/Epic Games/4.13/Engine/Plugins/Developer/XCodeSourceCodeAccess/XCodeSourceCodeAccess.uplugin
LogPluginManager: Loaded Plugin EpicSurvey, From C:/Program Files (x86)/Epic Games/4.13/Engine/Plugins/Editor/EpicSurvey/EpicSurvey.uplugin
LogPluginManager: Loaded Plugin MacGraphicsSwitching, From C:/Program Files (x86)/Epic Games/4.13/Engine/Plugins/Editor/MacGraphicsSwitching/MacGraphicsSwitching.uplugin
LogPluginManager: Loaded Plugin MobileLauncherProfileWizard, From C:/Program Files (x86)/Epic Games/4.13/Engine/Plugins/Editor/MobileLauncherProfileWizard/MobileLauncherProfileWizard.uplugin
LogPluginManager: Loaded Plugin PluginBrowser, From C:/Program Files (x86)/Epic Games/4.13/Engine/Plugins/Editor/PluginBrowser/PluginBrowser.uplugin
LogPluginManager: Loaded Plugin SpeedTreeImporter, From C:/Program Files (x86)/Epic Games/4.13/Engine/Plugins/Editor/SpeedTreeImporter/SpeedTreeImporter.uplugin
LogPluginManager: Loaded Plugin SuperSearchEditor, From C:/Program Files (x86)/Epic Games/4.13/Engine/Plugins/Editor/SuperSearchEditor/SuperSearchEditor.uplugin
LogPluginManager: Loaded Plugin AlembicImporter, From C:/Program Files (x86)/Epic Games/4.13/Engine/Plugins/Experimental/AlembicImporter/AlembicImporter.uplugin
LogPluginManager: Loaded Plugin BlueprintStats, From C:/Program Files (x86)/Epic Games/4.13/Engine/Plugins/Experimental/BlueprintStats/BlueprintStats.uplugin
LogPluginManager: Loaded Plugin CharacterAI, From C:/Program Files (x86)/Epic Games/4.13/Engine/Plugins/Experimental/CharacterAI/CharacterAI.uplugin
LogPluginManager: Loaded Plugin CodeEditor, From C:/Program Files (x86)/Epic Games/4.13/Engine/Plugins/Experimental/CodeEditor/CodeEditor.uplugin
LogPluginManager: Loaded Plugin CodeView, From C:/Program Files (x86)/Epic Games/4.13/Engine/Plugins/Experimental/CodeView/CodeView.uplugin
LogPluginManager: Loaded Plugin HTML5Networking, From C:/Program Files (x86)/Epic Games/4.13/Engine/Plugins/Experimental/HTML5Networking/HTML5Networking.uplugin
LogPluginManager: Loaded Plugin LiveEditor, From C:/Program Files (x86)/Epic Games/4.13/Engine/Plugins/Experimental/LiveEditor/LiveEditor.uplugin
LogPluginManager: Loaded Plugin OSVR, From C:/Program Files (x86)/Epic Games/4.13/Engine/Plugins/Experimental/OSVR/OSVR.uplugin
LogPluginManager: Loaded Plugin Phya, From C:/Program Files (x86)/Epic Games/4.13/Engine/Plugins/Experimental/Phya/Phya.uplugin
LogPluginManager: Loaded Plugin SignificanceManager, From C:/Program Files (x86)/Epic Games/4.13/Engine/Plugins/Experimental/SignificanceManager/SignificanceManager.uplugin
LogPluginManager: Loaded Plugin SimpleHMD, From C:/Program Files (x86)/Epic Games/4.13/Engine/Plugins/Experimental/SimpleHMD/SimpleHMD.uplugin
LogPluginManager: Loaded Plugin StereoPanorama, From C:/Program Files (x86)/Epic Games/4.13/Engine/Plugins/Experimental/StereoPanorama/StereoPanorama.uplugin
LogPluginManager: Loaded Plugin StructBox, From C:/Program Files (x86)/Epic Games/4.13/Engine/Plugins/Experimental/StructBox/StructBox.uplugin
LogPluginManager: Loaded Plugin AndroidMedia, From C:/Program Files (x86)/Epic Games/4.13/Engine/Plugins/Media/AndroidMedia/AndroidMedia.uplugin
LogPluginManager: Loaded Plugin AvfMedia, From C:/Program Files (x86)/Epic Games/4.13/Engine/Plugins/Media/AvfMedia/AvfMedia.uplugin
LogPluginManager: Loaded Plugin MediaPlayerEditor, From C:/Program Files (x86)/Epic Games/4.13/Engine/Plugins/Media/MediaPlayerEditor/MediaPlayerEditor.uplugin
LogPluginManager: Loaded Plugin WmfMedia, From C:/Program Files (x86)/Epic Games/4.13/Engine/Plugins/Media/WmfMedia/WmfMedia.uplugin
LogPluginManager: Loaded Plugin MessagingDebugger, From C:/Program Files (x86)/Epic Games/4.13/Engine/Plugins/Messaging/MessagingDebugger/MessagingDebugger.uplugin
LogPluginManager: Loaded Plugin TcpMessaging, From C:/Program Files (x86)/Epic Games/4.13/Engine/Plugins/Messaging/TcpMessaging/TcpMessaging.uplugin
LogPluginManager: Loaded Plugin UdpMessaging, From C:/Program Files (x86)/Epic Games/4.13/Engine/Plugins/Messaging/UdpMessaging/UdpMessaging.uplugin
LogPluginManager: Loaded Plugin LevelSequenceEditor, From C:/Program Files (x86)/Epic Games/4.13/Engine/Plugins/MovieScene/LevelSequenceEditor/LevelSequenceEditor.uplugin
LogPluginManager: Loaded Plugin MatineeToLevelSequence, From C:/Program Files (x86)/Epic Games/4.13/Engine/Plugins/MovieScene/MatineeToLevelSequence/MatineeToLevelSequence.uplugin
LogPluginManager: Loaded Plugin NetcodeUnitTest, From C:/Program Files (x86)/Epic Games/4.13/Engine/Plugins/NetcodeUnitTest/NetcodeUnitTest/NetcodeUnitTest.uplugin
LogPluginManager: Loaded Plugin NUTUnrealEngine4, From C:/Program Files (x86)/Epic Games/4.13/Engine/Plugins/NetcodeUnitTest/NUTUnrealEngine4/NUTUnrealEngine4.uplugin
LogPluginManager: Loaded Plugin OnlineSubsystemGooglePlay, From C:/Program Files (x86)/Epic Games/4.13/Engine/Plugins/Online/Android/OnlineSubsystemGooglePlay/OnlineSubsystemGooglePlay.uplugin
LogPluginManager: Loaded Plugin OnlineSubsystemIOS, From C:/Program Files (x86)/Epic Games/4.13/Engine/Plugins/Online/IOS/OnlineSubsystemIOS/OnlineSubsystemIOS.uplugin
LogPluginManager: Loaded Plugin OnlineFramework, From C:/Program Files (x86)/Epic Games/4.13/Engine/Plugins/Online/OnlineFramework/OnlineFramework.uplugin
LogPluginManager: Loaded Plugin OnlineSubsystem, From C:/Program Files (x86)/Epic Games/4.13/Engine/Plugins/Online/OnlineSubsystem/OnlineSubsystem.uplugin
LogPluginManager: Loaded Plugin OnlineSubsystemAmazon, From C:/Program Files (x86)/Epic Games/4.13/Engine/Plugins/Online/OnlineSubsystemAmazon/OnlineSubsystemAmazon.uplugin
LogPluginManager: Loaded Plugin OnlineSubsystemFacebook, From C:/Program Files (x86)/Epic Games/4.13/Engine/Plugins/Online/OnlineSubsystemFacebook/OnlineSubsystemFacebook.uplugin
LogPluginManager: Loaded Plugin OnlineSubsystemNull, From C:/Program Files (x86)/Epic Games/4.13/Engine/Plugins/Online/OnlineSubsystemNull/OnlineSubsystemNull.uplugin
LogPluginManager: Loaded Plugin OnlineSubsystemOculus, From C:/Program Files (x86)/Epic Games/4.13/Engine/Plugins/Online/OnlineSubsystemOculus/OnlineSubsystemOculus.uplugin
LogPluginManager: Loaded Plugin OnlineSubsystemSteam, From C:/Program Files (x86)/Epic Games/4.13/Engine/Plugins/Online/OnlineSubsystemSteam/OnlineSubsystemSteam.uplugin
LogPluginManager: Loaded Plugin OnlineSubsystemUtils, From C:/Program Files (x86)/Epic Games/4.13/Engine/Plugins/Online/OnlineSubsystemUtils/OnlineSubsystemUtils.uplugin
LogPluginManager: Loaded Plugin IOSTapJoy, From C:/Program Files (x86)/Epic Games/4.13/Engine/Plugins/Runtime/Advertising/IOSTapJoy/IOSTapJoy.uplugin
LogPluginManager: Loaded Plugin AnalyticsBlueprintLibrary, From C:/Program Files (x86)/Epic Games/4.13/Engine/Plugins/Runtime/Analytics/AnalyticsBlueprintLibrary/AnalyticsBlueprintLibrary.uplugin
LogPluginManager: Loaded Plugin AnalyticsMulticast, From C:/Program Files (x86)/Epic Games/4.13/Engine/Plugins/Runtime/Analytics/AnalyticsMulticast/AnalyticsMulticast.uplugin
LogPluginManager: Loaded Plugin Apsalar, From C:/Program Files (x86)/Epic Games/4.13/Engine/Plugins/Runtime/Analytics/Apsalar/Apsalar.uplugin
LogPluginManager: Loaded Plugin FileLogging, From C:/Program Files (x86)/Epic Games/4.13/Engine/Plugins/Runtime/Analytics/FileLogging/FileLogging.uplugin
LogPluginManager: Loaded Plugin Flurry, From C:/Program Files (x86)/Epic Games/4.13/Engine/Plugins/Runtime/Analytics/Flurry/Flurry.uplugin
LogPluginManager: Loaded Plugin AndroidDeviceProfileSelector, From C:/Program Files (x86)/Epic Games/4.13/Engine/Plugins/Runtime/AndroidDeviceProfileSelector/AndroidDeviceProfileSelector.uplugin
LogPluginManager: Loaded Plugin AndroidMoviePlayer, From C:/Program Files (x86)/Epic Games/4.13/Engine/Plugins/Runtime/AndroidMoviePlayer/AndroidMoviePlayer.uplugin
LogPluginManager: Loaded Plugin AppleMoviePlayer, From C:/Program Files (x86)/Epic Games/4.13/Engine/Plugins/Runtime/AppleMoviePlayer/AppleMoviePlayer.uplugin
LogPluginManager: Loaded Plugin ArchVisCharacter, From C:/Program Files (x86)/Epic Games/4.13/Engine/Plugins/Runtime/ArchVisCharacter/ArchVisCharacter.uplugin
LogPluginManager: Loaded Plugin CableComponent, From C:/Program Files (x86)/Epic Games/4.13/Engine/Plugins/Runtime/CableComponent/CableComponent.uplugin
LogPluginManager: Loaded Plugin CustomMeshComponent, From C:/Program Files (x86)/Epic Games/4.13/Engine/Plugins/Runtime/CustomMeshComponent/CustomMeshComponent.uplugin
LogPluginManager: Loaded Plugin ExampleDeviceProfileSelector, From C:/Program Files (x86)/Epic Games/4.13/Engine/Plugins/Runtime/ExampleDeviceProfileSelector/ExampleDeviceProfileSelector.uplugin
LogPluginManager: Loaded Plugin GearVR, From C:/Program Files (x86)/Epic Games/4.13/Engine/Plugins/Runtime/GearVR/GearVR.uplugin
LogPluginManager: Loaded Plugin GoogleVRController, From C:/Program Files (x86)/Epic Games/4.13/Engine/Plugins/Runtime/GoogleVR/GoogleVRController/GoogleVRController.uplugin
LogPluginManager: Loaded Plugin GoogleVRHMD, From C:/Program Files (x86)/Epic Games/4.13/Engine/Plugins/Runtime/GoogleVR/GoogleVRHMD/GoogleVRHMD.uplugin
LogPluginManager: Loaded Plugin IOSDeviceProfileSelector, From C:/Program Files (x86)/Epic Games/4.13/Engine/Plugins/Runtime/IOSDeviceProfileSelector/IOSDeviceProfileSelector.uplugin
LogPluginManager: Loaded Plugin LeapMotion, From C:/Program Files (x86)/Epic Games/4.13/Engine/Plugins/Runtime/LeapMotion/LeapMotion.uplugin
LogPluginManager: Loaded Plugin LinuxDeviceProfileSelector, From C:/Program Files (x86)/Epic Games/4.13/Engine/Plugins/Runtime/LinuxDeviceProfileSelector/LinuxDeviceProfileSelector.uplugin
LogPluginManager: Loaded Plugin LiveEditorListenServer, From C:/Program Files (x86)/Epic Games/4.13/Engine/Plugins/Runtime/LiveEditorListenServer/LiveEditorListenServer.uplugin
LogPluginManager: Loaded Plugin OculusAudio, From C:/Program Files (x86)/Epic Games/4.13/Engine/Plugins/Runtime/OculusAudio/OculusAudio.uplugin
LogPluginManager: Loaded Plugin OculusInput, From C:/Program Files (x86)/Epic Games/4.13/Engine/Plugins/Runtime/OculusInput/OculusInput.uplugin
LogPluginManager: Loaded Plugin OculusLibrary, From C:/Program Files (x86)/Epic Games/4.13/Engine/Plugins/Runtime/OculusLibrary/OculusLibrary.uplugin
LogPluginManager: Loaded Plugin OculusRift, From C:/Program Files (x86)/Epic Games/4.13/Engine/Plugins/Runtime/OculusRift/OculusRift.uplugin
LogPluginManager: Loaded Plugin Oodle, From C:/Program Files (x86)/Epic Games/4.13/Engine/Plugins/Runtime/PacketHandlers/CompressionComponents/Oodle/Oodle.uplugin
LogPluginManager: Loaded Plugin ProceduralMeshComponent, From C:/Program Files (x86)/Epic Games/4.13/Engine/Plugins/Runtime/ProceduralMeshComponent/ProceduralMeshComponent.uplugin
LogPluginManager: Loaded Plugin SoundMod, From C:/Program Files (x86)/Epic Games/4.13/Engine/Plugins/Runtime/SoundMod/SoundMod.uplugin
LogPluginManager: Loaded Plugin SoundVisualizations, From C:/Program Files (x86)/Epic Games/4.13/Engine/Plugins/Runtime/SoundVisualizations/SoundVisualizations.uplugin
LogPluginManager: Loaded Plugin SteamController, From C:/Program Files (x86)/Epic Games/4.13/Engine/Plugins/Runtime/Steam/SteamController/SteamController.uplugin
LogPluginManager: Loaded Plugin SteamVR, From C:/Program Files (x86)/Epic Games/4.13/Engine/Plugins/Runtime/Steam/SteamVR/SteamVR.uplugin
LogPluginManager: Loaded Plugin WebBrowserWidget, From C:/Program Files (x86)/Epic Games/4.13/Engine/Plugins/Runtime/WebBrowserWidget/WebBrowserWidget.uplugin
LogPluginManager: Loaded Plugin WindowsDeviceProfileSelector, From C:/Program Files (x86)/Epic Games/4.13/Engine/Plugins/Runtime/WindowsDeviceProfileSelector/WindowsDeviceProfileSelector.uplugin
LogPluginManager: Loaded Plugin WindowsMoviePlayer, From C:/Program Files (x86)/Epic Games/4.13/Engine/Plugins/Runtime/WindowsMoviePlayer/WindowsMoviePlayer.uplugin
LogPluginManager: Loaded Plugin ScriptPlugin, From C:/Program Files (x86)/Epic Games/4.13/Engine/Plugins/ScriptPlugin/ScriptPlugin.uplugin
LogPluginManager: Loaded Plugin SlateRemote, From C:/Program Files (x86)/Epic Games/4.13/Engine/Plugins/Slate/SlateRemote/SlateRemote.uplugin
LogInit: Using libcurl 7.47.1
LogInit:  - built for x86_64-pc-win32
LogInit:  - supports SSL with WinSSL
LogInit:  - other features:
LogInit:      CURL_VERSION_SSL
LogInit:      CURL_VERSION_IPV6
LogInit:      CURL_VERSION_ASYNCHDNS
LogInit:      CURL_VERSION_LARGEFILE
LogInit:      CURL_VERSION_IDN
LogInit:  CurlRequestOptions (configurable via config and command line):
LogInit:  - bVerifyPeer = false  - Libcurl will NOT verify peer certificate
LogInit:  - bUseHttpProxy = false  - Libcurl will NOT use HTTP proxy
LogInit:  - bDontReuseConnections = false  - Libcurl will reuse connections
LogInit:  - CertBundlePath = nullptr  - Libcurl will use whatever was configured at build time.
LogInit: Build: ++UE4+Release-4.13-CL-3142249
LogInit: Engine Version: 4.13.1-3142249+++UE4+Release-4.13
LogInit: Compatible Engine Version: 4.13.0-3106830+++UE4+Release-4.13
LogInit: Net CL: 3142249
LogDevObjectVersion: Number of dev versions registered: 13
LogDevObjectVersion:   Dev-Blueprints (B0D832E4-1F89-4F0D-ACCF-7EB736FD4AA2): 5
LogDevObjectVersion:   Dev-Build (E1C64328-A22C-4D53-A36C-8E866417BD8C): 0
LogDevObjectVersion:   Dev-Core (375EC13C-06E4-48FB-B500-84F0262A717E): 1
LogDevObjectVersion:   Dev-Editor (E4B068ED-F494-42E9-A231-DA0B2E46BB41): 6
LogDevObjectVersion:   Dev-Framework (CFFC743F-43B0-4480-9391-14DF171D2073): 12
LogDevObjectVersion:   Dev-Mobile (B02B49B5-BB20-44E9-A304-32B752E40360): 0
LogDevObjectVersion:   Dev-Networking (A4E4105C-59A1-49B5-A7C5-40C4547EDFEE): 0
LogDevObjectVersion:   Dev-Online (39C831C9-5AE6-47DC-9A44-9C173E1C8E7C): 0
LogDevObjectVersion:   Dev-Physics (78F01B33-EBEA-4F98-B9B4-84EACCB95AA2): 0
LogDevObjectVersion:   Dev-Platform (6631380F-2D4D-43E0-8009-CF276956A95A): 0
LogDevObjectVersion:   Dev-Rendering (12F88B9F-8875-4AFC-A67C-D90C383ABD29): 4
LogDevObjectVersion:   Dev-Sequencer (7B5AE74C-D270-4C10-A958-57980B212A5A): 0
LogDevObjectVersion:   Dev-VR (D7296918-1DD6-4BDD-9DE2-64A83CC13884): 0
LogInit: Compiled (64-bit): Sep 28 2016 02:12:12
LogInit: Compiled with Visual C++: 19.00.23026.00
LogInit: Build Configuration: Development
LogInit: Branch Name: ++UE4+Release-4.13
LogInit: Command line:  
LogInit: Base directory: C:/Program Files (x86)/Epic Games/4.13/Engine/Binaries/Win64/
LogInit: Installed Engine Build: 1
LogInit: Presizing for max 8388607 objects, including 0 objects not considered by GC, pre-allocating 0 bytes for permanent pool.
LogInit: Object subsystem initialized
[2016.12.02-07.50.43:125][  0]LogInit: Selected Device Profile: [Windows]
[2016.12.02-07.50.43:125][  0]LogInit: Applying CVar settings loaded from the selected device profile: [Windows]
[2016.12.02-07.50.43:136][  0]LogInit: Computer: JEREMY-LAPTOP
[2016.12.02-07.50.43:136][  0]LogInit: User: Jeremy
[2016.12.02-07.50.43:136][  0]LogInit: CPU Page size=65536, Cores=4
[2016.12.02-07.50.43:136][  0]LogInit: High frequency timer resolution =2.338345 MHz
[2016.12.02-07.50.43:136][  0]LogMemory: Memory total: Physical=7.8GB (8GB approx)
[2016.12.02-07.50.43:136][  0]LogMemory: Platform Memory Stats for Windows
[2016.12.02-07.50.43:136][  0]LogMemory: Process Physical Memory: 255.36 MB used, 255.36 MB peak
[2016.12.02-07.50.43:136][  0]LogMemory: Process Virtual Memory: 260.25 MB used, 260.25 MB peak
[2016.12.02-07.50.43:136][  0]LogMemory: Physical Memory: 5003.78 MB used, 8011.19 MB total
[2016.12.02-07.50.43:136][  0]LogMemory: Virtual Memory: 606.57 MB used, 134217728.00 MB total
[2016.12.02-07.50.43:169][  0]LogTextLocalizationManager: No specific translations for ('en-US') exist, so ('en') translations will be used.
[2016.12.02-07.50.43:832][  0]LogD3D11RHI: D3D11 adapters:
[2016.12.02-07.50.43:878][  0]LogD3D11RHI:    0. 'NVIDIA GeForce GT 750M' (Feature Level 11_0)
[2016.12.02-07.50.43:878][  0]LogD3D11RHI:       1987/0/2048 MB DedicatedVideo/DedicatedSystem/SharedSystem, Outputs:1, VendorId:0x10de
[2016.12.02-07.50.43:897][  0]LogD3D11RHI:    1. 'NVIDIA GeForce GT 750M' (Feature Level 11_0)
[2016.12.02-07.50.43:897][  0]LogD3D11RHI:       1987/0/2048 MB DedicatedVideo/DedicatedSystem/SharedSystem, Outputs:0, VendorId:0x10de
[2016.12.02-07.50.43:898][  0]LogD3D11RHI:    2. 'Microsoft Basic Render Driver' (Feature Level 11_0)
[2016.12.02-07.50.43:898][  0]LogD3D11RHI:       1987/0/2048 MB DedicatedVideo/DedicatedSystem/SharedSystem, Outputs:0, VendorId:0x1414
[2016.12.02-07.50.43:898][  0]LogD3D11RHI: Chosen D3D11 Adapter: 0
[2016.12.02-07.50.43:906][  0]LogD3D11RHI: Creating new Direct3DDevice
[2016.12.02-07.50.43:906][  0]LogD3D11RHI:     GPU DeviceId: 0xfe4 (for the marketing name, search the web for "GPU Device Id")
[2016.12.02-07.50.43:906][  0]LogWindows: EnumDisplayDevices:
[2016.12.02-07.50.43:906][  0]LogWindows:    0. 'Intel(R) HD Graphics 4600' (P:1 D:1)
[2016.12.02-07.50.43:906][  0]LogWindows:    1. 'Intel(R) HD Graphics 4600' (P:0 D:0)
[2016.12.02-07.50.43:907][  0]LogWindows:    2. 'Intel(R) HD Graphics 4600' (P:0 D:0)
[2016.12.02-07.50.43:907][  0]LogWindows:    3. 'NVIDIA GeForce GT 750M' (P:0 D:0)
[2016.12.02-07.50.43:907][  0]LogWindows:    4. 'LogMeIn Mirror Driver' (P:0 D:0)
[2016.12.02-07.50.43:907][  0]LogWindows: DebugString: PrimaryIsNotTheChoosenAdapter PrimaryIsNotTheChoosenAdapter PrimaryIsNotTheChoosenAdapter GetVideoDriverDetailsInvalid PrimaryIsNotTheChoosenAdapter 
[2016.12.02-07.50.43:907][  0]LogD3D11RHI:     Adapter Name: NVIDIA GeForce GT 750M
[2016.12.02-07.50.43:907][  0]LogD3D11RHI:   Driver Version: 368.39 (internal:10.18.13.6839, unified:368.39)
[2016.12.02-07.50.43:907][  0]LogD3D11RHI:      Driver Date: 6-2-2016
[2016.12.02-07.50.43:907][  0]LogRHI: Texture pool is 1361 MB (70% of 1945 MB)
[2016.12.02-07.50.43:927][  0]LogD3D11RHI: Async texture creation enabled
[2016.12.02-07.50.43:943][  0]LogD3D11RHI: GPU Timing Frequency: 1000.000000 (Debug: 2 2)
[2016.12.02-07.50.43:943][  0]LogShaderCompilers: Guid format shader working directory is -6 characters bigger than the processId version (../../../../../../Users/Jeremy/Documents/GitHub/Greg/Intermediate/Shaders/WorkingDirectory/23420/).
[2016.12.02-07.50.43:943][  0]LogShaderCompilers: Cleaned the shader compiler working directory 'C:/Users/Jeremy/AppData/Local/Temp/UnrealShaderWorkingDir/0DA12B2D45AF52F906AE23865AFF4225/'.
[2016.12.02-07.50.43:943][  0]LogShaderCompilers:Display: Using Local Shader Compiler.
[2016.12.02-07.50.45:020][  0]LogTemp:Display: Loaded TP AllDesktopTargetPlatform
[2016.12.02-07.50.45:029][  0]LogTemp:Display: Loaded TP WindowsClientTargetPlatform
[2016.12.02-07.50.45:037][  0]LogTemp:Display: Loaded TP WindowsNoEditorTargetPlatform
[2016.12.02-07.50.45:045][  0]LogTemp:Display: Loaded TP WindowsServerTargetPlatform
[2016.12.02-07.50.45:055][  0]LogTemp:Display: Loaded TP WindowsTargetPlatform
[2016.12.02-07.50.45:074][  0]LogTemp:Display: Loaded TP AndroidTargetPlatform
[2016.12.02-07.50.45:081][  0]LogTemp:Display: Loaded TP Android_ASTCTargetPlatform
[2016.12.02-07.50.45:089][  0]LogTemp:Display: Loaded TP Android_ATCTargetPlatform
[2016.12.02-07.50.45:096][  0]LogTemp:Display: Loaded TP Android_DXTTargetPlatform
[2016.12.02-07.50.45:103][  0]LogTemp:Display: Loaded TP Android_ETC1TargetPlatform
[2016.12.02-07.50.45:109][  0]LogTemp:Display: Loaded TP Android_ETC2TargetPlatform
[2016.12.02-07.50.45:124][  0]LogTemp:Display: Loaded TP Android_MultiTargetPlatform
[2016.12.02-07.50.45:124][  0]LogTemp:Display: Loaded TP Android_PVRTCTargetPlatform
[2016.12.02-07.50.45:124][  0]LogTemp:Display: Loaded TP HTML5TargetPlatform
[2016.12.02-07.50.45:152][  0]LogTemp:Display: Loaded TP IOSTargetPlatform
[2016.12.02-07.50.45:158][  0]LogTemp:Display: Loaded TP TVOSTargetPlatform
[2016.12.02-07.50.45:165][  0]LogTemp:Display: Loaded TP LinuxClientTargetPlatform
[2016.12.02-07.50.45:174][  0]LogTemp:Display: Loaded TP LinuxNoEditorTargetPlatform
[2016.12.02-07.50.45:184][  0]LogTemp:Display: Loaded TP LinuxServerTargetPlatform
[2016.12.02-07.50.45:207][  0]LogTemp:Display: Loaded TP LinuxTargetPlatform
[2016.12.02-07.50.45:207][  0]LogTargetPlatformManager:Display: Building Assets For Windows
[2016.12.02-07.50.45:282][  0]LogDerivedDataCache:Display: Max Cache Size: 512 MB
[2016.12.02-07.50.45:372][  0]LogDerivedDataCache: Loaded boot cache 0.09s 62MB C:/Users/Jeremy/AppData/Local/UnrealEngine/4.13/DerivedDataCache/Boot.ddc.
[2016.12.02-07.50.45:372][  0]LogDerivedDataCache:Display: Loaded Boot cache: C:/Users/Jeremy/AppData/Local/UnrealEngine/4.13/DerivedDataCache/Boot.ddc
[2016.12.02-07.50.45:372][  0]LogDerivedDataCache: FDerivedDataBackendGraph:  Pak pak cache file ../../../../../../Users/Jeremy/Documents/GitHub/Greg/DerivedDataCache/DDC.ddp not found, will not use a pak cache.
[2016.12.02-07.50.45:372][  0]LogDerivedDataCache: Unable to find inner node Pak for hierarchical cache Hierarchy.
[2016.12.02-07.50.45:372][  0]LogDerivedDataCache: FDerivedDataBackendGraph:  CompressedPak pak cache file ../../../../../../Users/Jeremy/Documents/GitHub/Greg/DerivedDataCache/Compressed.ddp not found, will not use a pak cache.
[2016.12.02-07.50.45:372][  0]LogDerivedDataCache: Unable to find inner node CompressedPak for hierarchical cache Hierarchy.
[2016.12.02-07.50.45:390][  0]LogDerivedDataCache:Display: Pak cache opened for reading ../../../Engine/DerivedDataCache/Compressed.ddp.
[2016.12.02-07.50.45:402][  0]LogDerivedDataCache: Using Local data cache path C:/Users/Jeremy/AppData/Local/UnrealEngine/Common/DerivedDataCache: Writable
[2016.12.02-07.50.45:732][  0]LogInit: Selected Device Profile: [Windows]
[2016.12.02-07.50.45:735][  0]LogContentStreaming: Texture pool size is 0.00 MB
[2016.12.02-07.50.45:829][  0]LogMeshUtilities: No automatic mesh reduction module available
[2016.12.02-07.50.45:829][  0]LogMeshUtilities: No automatic mesh merging module available
[2016.12.02-07.50.45:829][  0]LogMeshUtilities: No distributed automatic mesh merging module available
[2016.12.02-07.50.46:157][  0]LogMaterial: Uniform references updated for custom material expression Custom.
[2016.12.02-07.50.48:499][  0]LogNetVersion: GetLocalNetworkVersion: CL: 3106830, ProjectName: greg, ProjectVersion: , EngineNetworkVersion: 1, GameNetworkVersion: 0, NetworkChecksum: 2749342748
[2016.12.02-07.50.48:589][  0]LogAssetRegistry: FAssetRegistry took 0.0222 seconds to start up
[2016.12.02-07.50.48:627][  0]LogPackageLocalizationCache: Processed 3 localized package path(s) for 2 prioritized culture(s) in 0.035617 seconds
[2016.12.02-07.50.48:634][  0]LogUObjectArray: 29778 objects as part of root set at end of initial load.
[2016.12.02-07.50.48:634][  0]LogUObjectAllocator: 6125456 out of 0 bytes used by permanent object pool.
[2016.12.02-07.50.48:634][  0]LogUObjectArray: CloseDisregardForGC: 0/0 objects in disregard for GC pool
[2016.12.02-07.50.48:641][  0]LogInit: WinSock: version 1.1 (2.2), MaxSocks=32767, MaxUdp=65467
[2016.12.02-07.50.49:426][  0]LogSlate: SlateFontCache - WITH_FREETYPE: 1, WITH_HARFBUZZ: 1
[2016.12.02-07.50.49:426][  0]LogSlate: SlateFontCache - WITH_FREETYPE: 1, WITH_HARFBUZZ: 1
[2016.12.02-07.51.45:857][  0]LogTcpMessaging: Initializing TcpMessaging bridge
[2016.12.02-07.51.45:877][  0]LogUdpMessaging: Initializing bridge on interface 0.0.0.0:0 to multicast group 230.0.0.1:6666.
[2016.12.02-07.51.47:753][  0]SourceControl: Info Source control is disabled
[2016.12.02-07.51.48:710][  0]SourceControl: Info Source control is disabled
[2016.12.02-07.51.48:718][  0]SourceControl: Info Source control is disabled
[2016.12.02-07.51.48:726][  0]SourceControl: Info Source control is disabled
[2016.12.02-07.51.49:921][  0]LogEngine: Initializing Engine...
[2016.12.02-07.51.49:957][  0]LogHMD: Failed to initialize OpenVR with code 126
[2016.12.02-07.51.51:016][  0]LogAIModule: Creating AISystem for world Untitled
[2016.12.02-07.51.51:023][  0]LogInit: XAudio2 using 'Speakers (Realtek High Definition Audio)' : 2 channels at 48 kHz using 32 bits per sample (channel mask 0x3)
[2016.12.02-07.51.51:072][  0]LogInit: FAudioDevice initialized.
[2016.12.02-07.51.51:118][  0]LogDerivedDataCache: Saved boot cache 0.05s 62MB C:/Users/Jeremy/AppData/Local/UnrealEngine/4.13/DerivedDataCache/Boot.ddc.
[2016.12.02-07.51.51:132][  0]LogInit: Texture streaming: Enabled
[2016.12.02-07.51.51:198][  0]LogInit: Transaction tracking system initialized
[2016.12.02-07.51.51:219][  0]BlueprintLog: New page: Editor Load
[2016.12.02-07.51.51:329][  0]LocalizationService: Info Localization service is disabled
[2016.12.02-07.51.52:053][  0]LogConsoleResponse:Display: 
[2016.12.02-07.51.54:504][  0]LogCook:Display: Max memory allowance for cook 16384mb min free memory 0mb
[2016.12.02-07.51.54:504][  0]LogCook:Display: Mobile HDR setting 1
[2016.12.02-07.51.55:117][  0]LogFileCache: Scanning file cache for directory 'C:/Users/Jeremy/Documents/GitHub/Greg/Content/' took 0.01s
[2016.12.02-07.51.55:601][  0]SourceControl: Info Source control is disabled
[2016.12.02-07.51.55:601][  0]Cmd: MAP LOAD FILE="../../../../../../Users/Jeremy/Documents/GitHub/Greg/Content/FirstPersonBP/Maps/FirstPersonExampleMap.umap" TEMPLATE=0 SHOWPROGRESS=1 FEATURELEVEL=3
[2016.12.02-07.51.55:602][  0]LightingResults: New page: Lighting Build
[2016.12.02-07.51.55:604][  0]MapCheck: New page: Map Check
[2016.12.02-07.51.55:604][  0]LightingResults: New page: Lighting Build
[2016.12.02-07.51.58:764][  0]LogAIModule: Creating AISystem for world FirstPersonExampleMap
[2016.12.02-07.51.58:969][  0]LogEditorServer: Finished looking for orphan Actors (0.000 secs)
[2016.12.02-07.51.58:970][  0]Cmd: MAP CHECKDEP NOCLEARLOG
[2016.12.02-07.51.59:020][  0]MapCheck: Info Map check complete: 0 Error(s), 0 Warning(s), took 49.93ms to complete.
[2016.12.02-07.51.59:020][  0]LogFileHelpers: Loading map 'FirstPersonExampleMap' took 3.419
[2016.12.02-07.51.59:306][  0]LogCollectionManager: Loaded 0 collections in 0.001545 seconds
[2016.12.02-07.51.59:348][  0]LogFileCache: Scanning file cache for directory 'C:/Users/Jeremy/Documents/GitHub/Greg/Saved/Collections/' took 0.01s
[2016.12.02-07.51.59:348][  0]LogFileCache: Scanning file cache for directory 'C:/Users/Jeremy/Documents/GitHub/Greg/Content/Developers/Jeremy/Collections/' took 0.01s
[2016.12.02-07.51.59:348][  0]LogFileCache: Scanning file cache for directory 'C:/Users/Jeremy/Documents/GitHub/Greg/Content/Collections/' took 0.01s
[2016.12.02-07.51.59:348][  0]LogCollectionManager: Rebuilt the GUID cache for 0 collections in 0.000003 seconds
[2016.12.02-07.51.59:358][  0]LogContentBrowser: Native class hierarchy populated in 0.0102 seconds. Added 2141 classes and 415 folders.
[2016.12.02-07.51.59:362][  0]LogStats: UGameplayTagsManager::ConstructGameplayTagTree: Construct from data asset -  0.000 s
[2016.12.02-07.51.59:362][  0]LogStats: UGameplayTagsManager::ConstructGameplayTagTree: GameplayTagTreeChangedEvent.Broadcast -  0.000 s
[2016.12.02-07.51.59:363][  0]LogContentBrowser: Native class hierarchy updated for 'GameplayTags' in 0.0005 seconds. Added 12 classes and 0 folders.
[2016.12.02-07.51.59:367][  0]LogContentBrowser: Native class hierarchy updated for 'WidgetCarousel' in 0.0004 seconds. Added 0 classes and 0 folders.
[2016.12.02-07.52.01:685][  0]LogContentBrowser: Native class hierarchy updated for 'AddContentDialog' in 0.0004 seconds. Added 0 classes and 0 folders.
[2016.12.02-07.52.01:691][  0]LogContentBrowser: Native class hierarchy updated for 'SceneOutliner' in 0.0005 seconds. Added 1 classes and 2 folders.
[2016.12.02-07.52.01:705][  0]LogCrashTracker: Crashtracker disabled due to settings.
[2016.12.02-07.52.01:710][  0]LogUObjectGlobals:Warning: Failed to find object 'Class None.'
[2016.12.02-07.52.01:740][  0]LogContentBrowser: Native class hierarchy updated for 'HierarchicalLODOutliner' in 0.0006 seconds. Added 1 classes and 2 folders.
[2016.12.02-07.52.01:740][  0]LogLoad: (Engine Initialization) Total time: 79.53 seconds
[2016.12.02-07.52.01:740][  0]LogLoad: (Engine Initialization) Total Blueprint compile time: 0.49 seconds
[2016.12.02-07.52.01:741][  0]LogExternalProfiler: Found external profiler: VSPerf
[2016.12.02-07.52.01:741][  0]LogExternalProfiler: Using external profiler: VSPerf
[2016.12.02-07.52.01:758][  0]LogWindowsTextInputMethodSystem:Display: IME system now deactivated.
[2016.12.02-07.52.01:758][  0]LogOcInput: OculusInput pre-init called
[2016.12.02-07.52.01:779][  0]LogContentStreaming: Texture pool size now 1000 MB
[2016.12.02-07.52.02:343][  0]LogRenderer: Reallocating scene render targets to support 256x256 (Frame:2).
[2016.12.02-07.52.02:382][  0]LogRenderer: Reallocating scene render targets to support 1116x708 (Frame:2).
[2016.12.02-07.52.12:043][529]LogAssetRegistry: Asset discovery search completed in 83.4770 seconds
[2016.12.02-07.52.12:043][529]LogCollectionManager: Rebuilt the object cache for 0 collections in 0.000001 seconds (found 0 objects)
[2016.12.02-07.52.12:043][529]LogCollectionManager: Fixed up redirectors for 0 collections in 0.000022 seconds (updated 0 objects)
[2016.12.02-07.52.15:027][678]LogBlueprintUserMessages: Early PlayInEditor Detection: Level '/Game/FirstPersonBP/Maps/FirstPersonExampleMap.FirstPersonExampleMap:PersistentLevel' has LevelScriptBlueprint '/Game/FirstPersonBP/Maps/FirstPersonExampleMap.FirstPersonExampleMap:PersistentLevel.FirstPersonExampleMap' with GeneratedClass '/Game/FirstPersonBP/Maps/FirstPersonExampleMap.FirstPersonExampleMap_C' with ClassGeneratedBy '/Game/FirstPersonBP/Maps/FirstPersonExampleMap.FirstPersonExampleMap:PersistentLevel.FirstPersonExampleMap'
[2016.12.02-07.52.15:049][678]LogPlayLevel: PlayLevel: No blueprints needed recompiling
[2016.12.02-07.52.15:274][678]PIE: New page: PIE session: FirstPersonExampleMap (Dec 1, 2016, 3:52:15 PM)
[2016.12.02-07.52.15:286][678]LogPlayLevel: Creating play world package: /Game/FirstPersonBP/Maps/UEDPIE_0_FirstPersonExampleMap
[2016.12.02-07.52.15:464][678]LogPlayLevel: PIE: StaticDuplicateObject took: (0.177635s)
[2016.12.02-07.52.15:466][678]LogAIModule: Creating AISystem for world FirstPersonExampleMap
[2016.12.02-07.52.15:477][678]LogPlayLevel: PIE: World Init took: (0.012602s)
[2016.12.02-07.52.15:489][678]LogPlayLevel: PIE: Created PIE world by copying editor world from /Game/FirstPersonBP/Maps/FirstPersonExampleMap.FirstPersonExampleMap to /Game/FirstPersonBP/Maps/UEDPIE_0_FirstPersonExampleMap.FirstPersonExampleMap (0.203313s)
[2016.12.02-07.52.15:950][678]LogInit: XAudio2 using 'Speakers (Realtek High Definition Audio)' : 2 channels at 48 kHz using 32 bits per sample (channel mask 0x3)
[2016.12.02-07.52.15:957][678]LogInit: FAudioDevice initialized.
[2016.12.02-07.52.16:380][678]LogWorld: Game class is 'FirstPersonGameMode_C'
[2016.12.02-07.52.16:476][678]LogWorld: Bringing World /Game/FirstPersonBP/Maps/UEDPIE_0_FirstPersonExampleMap.FirstPersonExampleMap up for play (max tick rate 60) at 2016.12.01-23.52.16
[2016.12.02-07.52.16:769][678]LogWorld: Bringing up level for play took: 0.303391
[2016.12.02-07.52.16:940][678]LogContentBrowser: Native class hierarchy updated for 'MovieSceneCapture' in 0.0006 seconds. Added 11 classes and 0 folders.
[2016.12.02-07.52.16:958][678]LogGameMode:Display: Match State Changed from EnteringMap to WaitingToStart
[2016.12.02-07.52.16:967][678]LogGameState: Match State Changed from EnteringMap to WaitingToStart
[2016.12.02-07.52.16:967][678]LogGameMode:Display: Match State Changed from WaitingToStart to InProgress
[2016.12.02-07.52.17:225][678]LogGameState: Match State Changed from WaitingToStart to InProgress
[2016.12.02-07.52.17:235][678]PIE: Info Play in editor start time for /Game/FirstPersonBP/Maps/UEDPIE_0_FirstPersonExampleMap 2.738
[2016.12.02-07.52.17:235][678]LogBlueprintUserMessages: Late PlayInEditor Detection: Level '/Game/FirstPersonBP/Maps/FirstPersonExampleMap.FirstPersonExampleMap:PersistentLevel' has LevelScriptBlueprint '/Game/FirstPersonBP/Maps/FirstPersonExampleMap.FirstPersonExampleMap:PersistentLevel.FirstPersonExampleMap' with GeneratedClass '/Game/FirstPersonBP/Maps/FirstPersonExampleMap.FirstPersonExampleMap_C' with ClassGeneratedBy '/Game/FirstPersonBP/Maps/FirstPersonExampleMap.FirstPersonExampleMap:PersistentLevel.FirstPersonExampleMap'
[2016.12.02-07.52.23:558][835]LogBlueprintUserMessages: Early EndPlayMap Detection: Level '/Game/FirstPersonBP/Maps/FirstPersonExampleMap.FirstPersonExampleMap:PersistentLevel' has LevelScriptBlueprint '/Game/FirstPersonBP/Maps/FirstPersonExampleMap.FirstPersonExampleMap:PersistentLevel.FirstPersonExampleMap' with GeneratedClass '/Game/FirstPersonBP/Maps/FirstPersonExampleMap.FirstPersonExampleMap_C' with ClassGeneratedBy '/Game/FirstPersonBP/Maps/FirstPersonExampleMap.FirstPersonExampleMap:PersistentLevel.FirstPersonExampleMap'
[2016.12.02-07.52.23:932][835]LogBlueprintUserMessages: Late EndPlayMap Detection: Level '/Game/FirstPersonBP/Maps/FirstPersonExampleMap.FirstPersonExampleMap:PersistentLevel' has LevelScriptBlueprint '/Game/FirstPersonBP/Maps/FirstPersonExampleMap.FirstPersonExampleMap:PersistentLevel.FirstPersonExampleMap' with GeneratedClass '/Game/FirstPersonBP/Maps/FirstPersonExampleMap.FirstPersonExampleMap_C' with ClassGeneratedBy '/Game/FirstPersonBP/Maps/FirstPersonExampleMap.FirstPersonExampleMap:PersistentLevel.FirstPersonExampleMap'
[2016.12.02-07.52.40:022][201]LogAIModule: Creating AISystem for world StarterMap
[2016.12.02-07.52.40:710][201]Cmd: MAP LOAD FILE="../../../../../../Users/Jeremy/Documents/GitHub/Greg/Content/StarterContent/Maps/StarterMap.umap" TEMPLATE=0 SHOWPROGRESS=1 FEATURELEVEL=3
[2016.12.02-07.52.40:710][201]LightingResults: New page: Lighting Build
[2016.12.02-07.52.40:711][201]LoadErrors: New page: Loading map: StarterMap.umap
[2016.12.02-07.52.40:771][201]MapCheck: New page: Map Check
[2016.12.02-07.52.40:771][201]LightingResults: New page: Lighting Build
[2016.12.02-07.52.40:991][201]LogEditorServer: Finished looking for orphan Actors (0.000 secs)
[2016.12.02-07.52.41:087][201]Cmd: MAP CHECKDEP NOCLEARLOG
[2016.12.02-07.52.41:161][201]MapCheck: Info Map check complete: 0 Error(s), 0 Warning(s), took 74.024ms to complete.
[2016.12.02-07.52.41:161][201]LogFileHelpers: Loading map 'StarterMap' took 0.475
[2016.12.02-07.52.46:416][452]LogBlueprintUserMessages: Early PlayInEditor Detection: Level '/Game/StarterContent/Maps/StarterMap.StarterMap:PersistentLevel' has LevelScriptBlueprint '/Game/StarterContent/Maps/StarterMap.StarterMap:PersistentLevel.StarterMap' with GeneratedClass '/Game/StarterContent/Maps/StarterMap.StarterMap_C' with ClassGeneratedBy '/Game/StarterContent/Maps/StarterMap.StarterMap:PersistentLevel.StarterMap'
[2016.12.02-07.52.46:416][452]LogPlayLevel: PlayLevel: No blueprints needed recompiling
[2016.12.02-07.52.46:417][452]PIE: New page: PIE session: StarterMap (Dec 1, 2016, 3:52:46 PM)
[2016.12.02-07.52.46:417][452]LogPlayLevel: Creating play world package: /Game/StarterContent/Maps/UEDPIE_0_StarterMap
[2016.12.02-07.52.46:488][452]LogPlayLevel: PIE: StaticDuplicateObject took: (0.071729s)
[2016.12.02-07.52.46:489][452]LogAIModule: Creating AISystem for world StarterMap
[2016.12.02-07.52.46:489][452]LogPlayLevel: PIE: World Init took: (0.000955s)
[2016.12.02-07.52.46:490][452]LogPlayLevel: PIE: Created PIE world by copying editor world from /Game/StarterContent/Maps/StarterMap.StarterMap to /Game/StarterContent/Maps/UEDPIE_0_StarterMap.StarterMap (0.072987s)
[2016.12.02-07.52.46:532][452]LogInit: XAudio2 using 'Speakers (Realtek High Definition Audio)' : 2 channels at 48 kHz using 32 bits per sample (channel mask 0x3)
[2016.12.02-07.52.46:538][452]LogInit: FAudioDevice initialized.
[2016.12.02-07.52.46:928][452]LogWorld: Game class is 'FirstPersonGameMode_C'
[2016.12.02-07.52.46:948][452]LogWorld: Bringing World /Game/StarterContent/Maps/UEDPIE_0_StarterMap.StarterMap up for play (max tick rate 60) at 2016.12.01-23.52.46
[2016.12.02-07.52.46:961][452]LogWorld: Bringing up level for play took: 0.031269
[2016.12.02-07.52.47:076][452]LogGameMode:Display: Match State Changed from EnteringMap to WaitingToStart
[2016.12.02-07.52.47:076][452]LogGameState: Match State Changed from EnteringMap to WaitingToStart
[2016.12.02-07.52.47:076][452]LogGameMode:Display: Match State Changed from WaitingToStart to InProgress
[2016.12.02-07.52.47:188][452]LogGameState: Match State Changed from WaitingToStart to InProgress
[2016.12.02-07.52.47:189][452]PIE: Info Play in editor start time for /Game/StarterContent/Maps/UEDPIE_0_StarterMap 0.691
[2016.12.02-07.52.47:189][452]LogBlueprintUserMessages: Late PlayInEditor Detection: Level '/Game/StarterContent/Maps/StarterMap.StarterMap:PersistentLevel' has LevelScriptBlueprint '/Game/StarterContent/Maps/StarterMap.StarterMap:PersistentLevel.StarterMap' with GeneratedClass '/Game/StarterContent/Maps/StarterMap.StarterMap_C' with ClassGeneratedBy '/Game/StarterContent/Maps/StarterMap.StarterMap:PersistentLevel.StarterMap'
[2016.12.02-07.53.07:752][946]LogBlueprintUserMessages: Early EndPlayMap Detection: Level '/Game/StarterContent/Maps/StarterMap.StarterMap:PersistentLevel' has LevelScriptBlueprint '/Game/StarterContent/Maps/StarterMap.StarterMap:PersistentLevel.StarterMap' with GeneratedClass '/Game/StarterContent/Maps/StarterMap.StarterMap_C' with ClassGeneratedBy '/Game/StarterContent/Maps/StarterMap.StarterMap:PersistentLevel.StarterMap'
[2016.12.02-07.53.07:860][946]LogBlueprintUserMessages: Late EndPlayMap Detection: Level '/Game/StarterContent/Maps/StarterMap.StarterMap:PersistentLevel' has LevelScriptBlueprint '/Game/StarterContent/Maps/StarterMap.StarterMap:PersistentLevel.StarterMap' with GeneratedClass '/Game/StarterContent/Maps/StarterMap.StarterMap_C' with ClassGeneratedBy '/Game/StarterContent/Maps/StarterMap.StarterMap:PersistentLevel.StarterMap'
[2016.12.02-07.53.12:112][133]LogTexture:Display: Building textures: T_ColorGrid (AutoDXT)
[2016.12.02-07.53.12:643][133]LogTexture:Display: Building textures: HQ_Lightmap1_1 (AutoDXT)
[2016.12.02-07.53.12:649][133]LogTexture:Display: Building textures: HQ_Lightmap1_2 (AutoDXT)
[2016.12.02-07.53.12:650][133]LogTexture:Display: Building textures: LQ_Lightmap_1_1 (DXT1)
[2016.12.02-07.53.12:657][133]LogTexture:Display: Building textures: LQ_Lightmap_1_2 (DXT1)
[2016.12.02-07.53.12:661][133]LogTexture:Display: Building textures: SkyOcclusion1_1 (AutoDXT)
[2016.12.02-07.53.12:674][133]LogTexture:Display: Building textures: SkyOcclusion1_2 (AutoDXT)
[2016.12.02-07.53.12:676][133]LogTexture:Display: Building textures: ShadowMapTexture2D_0 (G8)
[2016.12.02-07.53.12:678][133]LogTexture:Display: Building textures: ShadowMapTexture2D_1 (G8)
[2016.12.02-07.53.12:787][133]LogAIModule: Creating AISystem for world Advanced_Lighting
[2016.12.02-07.53.12:941][133]Cmd: MAP LOAD FILE="../../../../../../Users/Jeremy/Documents/GitHub/Greg/Content/StarterContent/Maps/Advanced_Lighting.umap" TEMPLATE=0 SHOWPROGRESS=1 FEATURELEVEL=3
[2016.12.02-07.53.12:941][133]LightingResults: New page: Lighting Build
[2016.12.02-07.53.12:942][133]LoadErrors: New page: Loading map: Advanced_Lighting.umap
[2016.12.02-07.53.12:944][133]MapCheck: New page: Map Check
[2016.12.02-07.53.12:944][133]LightingResults: New page: Lighting Build
[2016.12.02-07.53.12:966][133]LogEditorServer: Finished looking for orphan Actors (0.000 secs)
[2016.12.02-07.53.13:010][133]Cmd: MAP CHECKDEP NOCLEARLOG
[2016.12.02-07.53.13:082][133]MapCheck: Info Map check complete: 0 Error(s), 0 Warning(s), took 72.482ms to complete.
[2016.12.02-07.53.13:082][133]LogFileHelpers: Loading map 'Advanced_Lighting' took 0.142
[2016.12.02-07.53.44:209][570]LogTexture:Display: Building textures: Texture2D_1 (BGRA8)
[2016.12.02-07.53.44:440][570]LogTexture:Display: Building textures: Texture2D_6 (BGRA8)
[2016.12.02-07.53.44:519][570]LogMaterial: Missing cached shader map for material Landscape_Material, compiling. 
[2016.12.02-07.53.45:863][570]LogTexture:Display: Building textures: Texture2D_0 (BGRA8)
[2016.12.02-07.53.45:865][570]LogTexture:Display: Building textures: Texture2D_7 (BGRA8)
[2016.12.02-07.53.45:866][570]LogTexture:Display: Building textures: Texture2D_4 (BGRA8)
[2016.12.02-07.53.45:867][570]LogTexture:Display: Building textures: Texture2D_2 (BGRA8)
[2016.12.02-07.53.45:878][570]LogAIModule: Creating AISystem for world MartianBase
[2016.12.02-07.53.46:107][570]Cmd: MAP LOAD FILE="../../../../../../Users/Jeremy/Documents/GitHub/Greg/Content/Maps/MartianBase.umap" TEMPLATE=0 SHOWPROGRESS=1 FEATURELEVEL=3
[2016.12.02-07.53.46:107][570]LightingResults: New page: Lighting Build
[2016.12.02-07.53.46:108][570]LoadErrors: New page: Loading map: MartianBase.umap
[2016.12.02-07.53.46:108][570]MapCheck: New page: Map Check
[2016.12.02-07.53.46:108][570]LightingResults: New page: Lighting Build
[2016.12.02-07.53.46:322][570]LogEditorServer: Finished looking for orphan Actors (0.000 secs)
[2016.12.02-07.53.46:429][570]Cmd: MAP CHECKDEP NOCLEARLOG
[2016.12.02-07.53.46:505][570]MapCheck: Info Map check complete: 0 Error(s), 0 Warning(s), took 75.15ms to complete.
[2016.12.02-07.53.46:505][570]LogFileHelpers: Loading map 'MartianBase' took 0.399
[2016.12.02-07.53.47:493][614]LogBlueprintUserMessages: Early PlayInEditor Detection: Level '/Game/Maps/MartianBase.MartianBase:PersistentLevel' has LevelScriptBlueprint '/Game/Maps/MartianBase.MartianBase:PersistentLevel.MartianBase' with GeneratedClass '/Game/Maps/MartianBase.MartianBase_C' with ClassGeneratedBy '/Game/Maps/MartianBase.MartianBase:PersistentLevel.MartianBase'
[2016.12.02-07.53.47:493][614]LogPlayLevel: PlayLevel: No blueprints needed recompiling
[2016.12.02-07.53.47:493][614]PIE: New page: PIE session: MartianBase (Dec 1, 2016, 3:53:47 PM)
[2016.12.02-07.53.47:493][614]LogPlayLevel: Creating play world package: /Game/Maps/UEDPIE_0_MartianBase
[2016.12.02-07.53.47:698][614]LogPlayLevel: PIE: StaticDuplicateObject took: (0.204892s)
[2016.12.02-07.53.47:699][614]LogAIModule: Creating AISystem for world MartianBase
[2016.12.02-07.53.47:699][614]LogPlayLevel: PIE: World Init took: (0.001027s)
[2016.12.02-07.53.47:699][614]LogPlayLevel: PIE: Created PIE world by copying editor world from /Game/Maps/MartianBase.MartianBase to /Game/Maps/UEDPIE_0_MartianBase.MartianBase (0.206337s)
[2016.12.02-07.53.47:718][614]LogInit: XAudio2 using 'Speakers (Realtek High Definition Audio)' : 2 channels at 48 kHz using 32 bits per sample (channel mask 0x3)
[2016.12.02-07.53.47:723][614]LogInit: FAudioDevice initialized.
[2016.12.02-07.53.47:756][614]LogWorld: Game class is 'FirstPersonGameMode_C'
[2016.12.02-07.53.47:780][614]LogWorld: Bringing World /Game/Maps/UEDPIE_0_MartianBase.MartianBase up for play (max tick rate 60) at 2016.12.01-23.53.47
[2016.12.02-07.53.47:820][614]LogWorld: Bringing up level for play took: 0.063145
[2016.12.02-07.53.47:821][614]LogGameMode:Display: Match State Changed from EnteringMap to WaitingToStart
[2016.12.02-07.53.47:821][614]LogGameState: Match State Changed from EnteringMap to WaitingToStart
[2016.12.02-07.53.47:821][614]LogGameMode:Display: Match State Changed from WaitingToStart to InProgress
[2016.12.02-07.53.47:824][614]LogGameState: Match State Changed from WaitingToStart to InProgress
[2016.12.02-07.53.47:824][614]PIE: Info Play in editor start time for /Game/Maps/UEDPIE_0_MartianBase 1.327
[2016.12.02-07.53.47:824][614]LogBlueprintUserMessages: Late PlayInEditor Detection: Level '/Game/Maps/MartianBase.MartianBase:PersistentLevel' has LevelScriptBlueprint '/Game/Maps/MartianBase.MartianBase:PersistentLevel.MartianBase' with GeneratedClass '/Game/Maps/MartianBase.MartianBase_C' with ClassGeneratedBy '/Game/Maps/MartianBase.MartianBase:PersistentLevel.MartianBase'
[2016.12.02-07.54.26:063][702]LogSpawn:Warning: SpawnActor failed because of collision at the spawn location [X=4380.573 Y=978.721 Z=-195.219] for [FirstPersonProjectile_C]
[2016.12.02-07.54.27:512][742]LogSpawn:Warning: SpawnActor failed because of collision at the spawn location [X=3691.640 Y=1566.146 Z=-86.980] for [FirstPersonProjectile_C]
[2016.12.02-07.54.27:738][748]LogSpawn:Warning: SpawnActor failed because of collision at the spawn location [X=3598.543 Y=1663.147 Z=-105.529] for [FirstPersonProjectile_C]
[2016.12.02-07.54.27:897][752]LogSpawn:Warning: SpawnActor failed because of collision at the spawn location [X=3538.704 Y=1742.566 Z=-100.192] for [FirstPersonProjectile_C]
[2016.12.02-07.54.59:484][698]LogBlueprintUserMessages: Early EndPlayMap Detection: Level '/Game/Maps/MartianBase.MartianBase:PersistentLevel' has LevelScriptBlueprint '/Game/Maps/MartianBase.MartianBase:PersistentLevel.MartianBase' with GeneratedClass '/Game/Maps/MartianBase.MartianBase_C' with ClassGeneratedBy '/Game/Maps/MartianBase.MartianBase:PersistentLevel.MartianBase'
[2016.12.02-07.54.59:549][698]LogBlueprintUserMessages: Late EndPlayMap Detection: Level '/Game/Maps/MartianBase.MartianBase:PersistentLevel' has LevelScriptBlueprint '/Game/Maps/MartianBase.MartianBase:PersistentLevel.MartianBase' with GeneratedClass '/Game/Maps/MartianBase.MartianBase_C' with ClassGeneratedBy '/Game/Maps/MartianBase.MartianBase:PersistentLevel.MartianBase'
[2016.12.02-07.57.17:234][814]LogContentBrowser: Native class hierarchy updated for 'BlueprintGraph' in 0.0008 seconds. Added 112 classes and 0 folders.
[2016.12.02-07.57.34:281][294]LogLinker:Warning: Can't find file '/Game/FirstPersonBP/Terminal'
[2016.12.02-07.57.34:282][294]LogLinker: Can't find file '/Game/FirstPersonBP/Terminal'
[2016.12.02-07.57.34:312][294]LogLinker: Can't find file '/Game/FirstPersonBP/Terminal'
[2016.12.02-07.57.34:314][294]LogLinker: Can't find file '/Game/FirstPersonBP/Terminal'
[2016.12.02-07.57.34:315][294]LogLinker: Can't find file '/Game/FirstPersonBP/Terminal'
[2016.12.02-07.57.34:315][294]LogLinker: Can't find file '/Game/FirstPersonBP/Terminal'
[2016.12.02-07.57.34:316][294]LogLinker:Warning: Can't find file '/Game/FirstPersonBP/Camera'
[2016.12.02-07.57.34:316][294]LogLinker: Can't find file '/Game/FirstPersonBP/Camera'
[2016.12.02-07.57.34:316][294]LogLinker: Can't find file '/Game/FirstPersonBP/Terminal'
[2016.12.02-07.57.34:318][294]LogLinker: Can't find file '/Game/FirstPersonBP/Terminal'
[2016.12.02-07.57.34:319][294]LogLinker: Can't find file '/Game/FirstPersonBP/Terminal'
[2016.12.02-07.57.34:320][294]LogLinker: Can't find file '/Game/FirstPersonBP/Terminal'
[2016.12.02-07.57.34:324][294]LogBlueprint:Warning: [Terminal] 'IsActive' variable not found. Base class was probably changed.
[2016.12.02-07.57.34:325][294]LogBlueprint:Warning: [Terminal] 'IsActive' variable not found. Base class was probably changed.
[2016.12.02-07.57.34:325][294]LogBlueprint:Warning: [Terminal] 'IsActive' variable not found. Base class was probably changed.
[2016.12.02-07.57.34:325][294]LogBlueprint:Warning: [Terminal] 'IsActive' variable not found. Base class was probably changed.
[2016.12.02-07.57.34:325][294]LogBlueprint:Warning: [Terminal] 'IsActive' variable not found. Base class was probably changed.
[2016.12.02-07.57.34:325][294]LogBlueprint:Warning: [Terminal] 'CorrespondingCamera' variable not found. Base class was probably changed.
[2016.12.02-07.57.34:325][294]LogBlueprint:Warning: [Terminal] 'IsActive' variable not found. Base class was probably changed.
[2016.12.02-07.57.34:325][294]LogBlueprint:Warning: [Terminal] 'IsActive' variable not found. Base class was probably changed.
[2016.12.02-07.57.34:325][294]LogBlueprint:Warning: [Terminal] 'IsActive' variable not found. Base class was probably changed.
[2016.12.02-07.57.34:325][294]LogBlueprint:Warning: [Terminal] 'IsActive' variable not found. Base class was probably changed.
[2016.12.02-07.57.34:325][294]LogBlueprint:Warning: [Terminal] 'IsActive' variable not found. Base class was probably changed.
[2016.12.02-07.58.30:903][403]BlueprintLog: New page: Compile Terminal
[2016.12.02-07.58.30:927][403]LogBlueprint:Warning: [Compiler Terminal] Warning Could not find a variable named "IsActive" in 'Terminal_C'.
Make sure 'Terminal_C' has been compiled for  K2Node_VariableSet_809
[2016.12.02-07.58.30:927][403]LogBlueprint:Warning: [Compiler Terminal] Warning Could not find a variable named "IsActive" in 'Terminal_C'.
Make sure 'Terminal_C' has been compiled for  K2Node_VariableSet_808
[2016.12.02-07.58.30:927][403]LogBlueprint:Warning: [Compiler Terminal] Warning Could not find a variable named "IsActive" in 'Terminal_C'.
Make sure 'Terminal_C' has been compiled for  K2Node_VariableGet_1596
[2016.12.02-07.58.30:928][403]LogBlueprint:Warning: [Compiler Terminal] Warning Could not find a variable named "IsActive" in 'Terminal_C'.
Make sure 'Terminal_C' has been compiled for  K2Node_VariableSet_3
[2016.12.02-07.58.30:928][403]LogBlueprint:Warning: [Compiler Terminal] Warning Could not find a variable named "IsActive" in 'Terminal_C'.
Make sure 'Terminal_C' has been compiled for  K2Node_VariableSet_2
[2016.12.02-07.58.30:928][403]LogBlueprint:Warning: [Compiler Terminal] Warning Could not find a variable named "IsActive" in 'Terminal_C'.
Make sure 'Terminal_C' has been compiled for  K2Node_VariableGet_3
[2016.12.02-07.58.30:941][403]LogBlueprint:Error: [Compiler Terminal] Error The property associated with  IsActive  could not be found
[2016.12.02-07.58.30:941][403]LogBlueprint:Error: [Compiler Terminal] Error The property associated with  IsActive  could not be found
[2016.12.02-07.58.30:941][403]LogBlueprint:Error: [Compiler Terminal] Error The property associated with  IsActive  could not be found
[2016.12.02-07.58.30:941][403]LogBlueprint:Error: [Compiler Terminal] Error The property associated with  IsActive  could not be found
[2016.12.02-07.58.30:941][403]LogBlueprint:Error: [Compiler Terminal] Error The property associated with  IsActive  could not be found
[2016.12.02-07.58.30:941][403]LogBlueprint:Error: [Compiler Terminal] Error The property associated with  IsActive  could not be found
[2016.12.02-07.58.31:673][403]BlueprintEditorCompileResults:Warning: Warning Could not find a variable named "IsActive" in 'Terminal_C'.
Make sure 'Terminal_C' has been compiled for  K2Node_VariableSet_809
[2016.12.02-07.58.31:674][403]BlueprintEditorCompileResults:Warning: Warning Could not find a variable named "IsActive" in 'Terminal_C'.
Make sure 'Terminal_C' has been compiled for  K2Node_VariableSet_808
[2016.12.02-07.58.31:674][403]BlueprintEditorCompileResults:Warning: Warning Could not find a variable named "IsActive" in 'Terminal_C'.
Make sure 'Terminal_C' has been compiled for  K2Node_VariableGet_1596
[2016.12.02-07.58.31:674][403]BlueprintEditorCompileResults:Warning: Warning Could not find a variable named "IsActive" in 'Terminal_C'.
Make sure 'Terminal_C' has been compiled for  K2Node_VariableSet_3
[2016.12.02-07.58.31:674][403]BlueprintEditorCompileResults:Warning: Warning Could not find a variable named "IsActive" in 'Terminal_C'.
Make sure 'Terminal_C' has been compiled for  K2Node_VariableSet_2
[2016.12.02-07.58.31:674][403]BlueprintEditorCompileResults:Warning: Warning Could not find a variable named "IsActive" in 'Terminal_C'.
Make sure 'Terminal_C' has been compiled for  K2Node_VariableGet_3
[2016.12.02-07.58.31:674][403]BlueprintEditorCompileResults:Error: Error The property associated with  IsActive  could not be found
[2016.12.02-07.58.31:674][403]BlueprintEditorCompileResults:Error: Error The property associated with  IsActive  could not be found
[2016.12.02-07.58.31:674][403]BlueprintEditorCompileResults:Error: Error The property associated with  IsActive  could not be found
[2016.12.02-07.58.31:674][403]BlueprintEditorCompileResults:Error: Error The property associated with  IsActive  could not be found
[2016.12.02-07.58.31:674][403]BlueprintEditorCompileResults:Error: Error The property associated with  IsActive  could not be found
[2016.12.02-07.58.31:674][403]BlueprintEditorCompileResults:Error: Error The property associated with  IsActive  could not be found
[2016.12.02-07.58.31:674][403]LogBlueprint:Warning: [Compiler Terminal] Warning [0469.46] Compile of Terminal failed. 6 Fatal Issue(s) 6 Warning(s) [in 770 ms] (/Game/DG/Blueprints/Terminal.Terminal)
[2016.12.02-07.58.38:976][836]BlueprintLog: New page: Compile Terminal
[2016.12.02-07.59.59:545][425]BlueprintLog: New page: Compile Terminal
[2016.12.02-08.00.45:062][639]BlueprintLog: New page: Compile Terminal
[2016.12.02-08.00.58:586][310]LogAIModule: Creating AISystem for world StarterMap
[2016.12.02-08.01.01:352][310]Cmd: OBJ SAVEPACKAGE PACKAGE="/Game/DG/Blueprints/Terminal" FILE="../../../../../../Users/Jeremy/Documents/GitHub/Greg/Content/DG/Blueprints/Terminal.uasset" SILENT=true
[2016.12.02-08.01.01:910][310]LogSavePackage: Save=343.06ms
[2016.12.02-08.01.01:910][310]LogSavePackage: Moving '../../../../../../Users/Jeremy/Documents/GitHub/Greg/Saved/TerminalA5574DF7410E101634AB7186DFC51885.tmp' to '../../../../../../Users/Jeremy/Documents/GitHub/Greg/Content/DG/Blueprints/Terminal.uasset'
[2016.12.02-08.01.01:960][310]LogSavePackage:Display: Finished SavePackage ../../../../../../Users/Jeremy/Documents/GitHub/Greg/Content/DG/Blueprints/Terminal.uasset
[2016.12.02-08.01.02:001][310]Cmd: MAP LOAD FILE="../../../../../../Users/Jeremy/Documents/GitHub/Greg/Content/StarterContent/Maps/StarterMap.umap" TEMPLATE=0 SHOWPROGRESS=1 FEATURELEVEL=3
[2016.12.02-08.01.02:001][310]LightingResults: New page: Lighting Build
[2016.12.02-08.01.02:003][310]LoadErrors: New page: Loading map: StarterMap.umap
[2016.12.02-08.01.02:020][310]MapCheck: New page: Map Check
[2016.12.02-08.01.02:020][310]LightingResults: New page: Lighting Build
[2016.12.02-08.01.02:302][310]LogEditorServer: Finished looking for orphan Actors (0.000 secs)
[2016.12.02-08.01.02:366][310]Cmd: MAP CHECKDEP NOCLEARLOG
[2016.12.02-08.01.02:451][310]MapCheck: Info Map check complete: 0 Error(s), 0 Warning(s), took 85.187ms to complete.
[2016.12.02-08.01.02:452][310]LogFileHelpers: Loading map 'StarterMap' took 0.451
[2016.12.02-08.01.33:081][827]Cmd: CLOSE_SLATE_MAINFRAME
[2016.12.02-08.01.33:546][827]LogWindowsTextInputMethodSystem:Display: IME system now deactivated.
[2016.12.02-08.01.33:902][828]Cmd: QUIT_EDITOR
[2016.12.02-08.01.34:580][828]LogExit: Preparing to exit.
[2016.12.02-08.01.38:510][828]LogDirectoryWatcher: A directory notification for 'C:/Users/Jeremy/Documents/GitHub/Greg/Content/' was aborted.
[2016.12.02-08.01.38:735][828]LogExit: Editor shut down
[2016.12.02-08.01.38:736][828]LogExit: Transaction tracking system shut down
[2016.12.02-08.01.39:963][828]LogObj: Freed 0b from 0 cluster array pools.
[2016.12.02-08.01.39:964][828]LogExit: Object subsystem successfully closed.
[2016.12.02-08.01.40:051][828]LogD3D11RHI: Shutdown
[2016.12.02-08.01.40:051][828]LogD3D11RHI: CleanupD3DDevice
[2016.12.02-08.01.40:336][828]LogD3D11RHI: ~FD3D11DynamicRHI
[2016.12.02-08.01.40:460][828]LogModuleManager: Shutting down and abandoning module ExternalImagePicker (238)
[2016.12.02-08.01.40:460][828]LogModuleManager: Shutting down and abandoning module HierarchicalLODUtilities (237)
[2016.12.02-08.01.40:485][828]LogModuleManager: Shutting down and abandoning module BlueprintGraph (236)
[2016.12.02-08.01.40:485][828]LogModuleManager: Shutting down and abandoning module BlueprintProfiler (235)
[2016.12.02-08.01.40:509][828]LogModuleManager: Shutting down and abandoning module MovieSceneCapture (234)
[2016.12.02-08.01.40:509][828]LogModuleManager: Shutting down and abandoning module HierarchicalLODOutliner (233)
[2016.12.02-08.01.40:509][828]LogModuleManager: Shutting down and abandoning module CrashTracker (232)
[2016.12.02-08.01.40:509][828]LogModuleManager: Shutting down and abandoning module SceneOutliner (231)
[2016.12.02-08.01.40:509][828]LogModuleManager: Shutting down and abandoning module WidgetCarousel (230)
[2016.12.02-08.01.40:509][828]LogModuleManager: Shutting down and abandoning module AddContentDialog (229)
[2016.12.02-08.01.40:539][828]LogDirectoryWatcher: A directory notification for 'C:/Program Files (x86)/Epic Games/4.13/FeaturePacks/' was aborted.
[2016.12.02-08.01.40:541][828]LogModuleManager: Shutting down and abandoning module GameplayTags (228)
[2016.12.02-08.01.40:541][828]LogModuleManager: Shutting down and abandoning module EditorWidgets (227)
[2016.12.02-08.01.40:541][828]LogModuleManager: Shutting down and abandoning module CollectionManager (226)
[2016.12.02-08.01.40:541][828]LogDirectoryWatcher: A directory notification for 'C:/Users/Jeremy/Documents/GitHub/Greg/Content/Collections/' was aborted.
[2016.12.02-08.01.40:542][828]LogDirectoryWatcher: A directory notification for 'C:/Users/Jeremy/Documents/GitHub/Greg/Content/Developers/Jeremy/Collections/' was aborted.
[2016.12.02-08.01.40:542][828]LogDirectoryWatcher: A directory notification for 'C:/Users/Jeremy/Documents/GitHub/Greg/Saved/Collections/' was aborted.
[2016.12.02-08.01.40:542][828]LogModuleManager: Shutting down and abandoning module StatsViewer (225)
[2016.12.02-08.01.40:555][828]LogModuleManager: Shutting down and abandoning module FoliageEdit (224)
[2016.12.02-08.01.40:555][828]LogModuleManager: Shutting down and abandoning module LandscapeEditor (223)
[2016.12.02-08.01.40:568][828]LogModuleManager: Shutting down and abandoning module SceneDepthPickerMode (222)
[2016.12.02-08.01.40:568][828]LogModuleManager: Shutting down and abandoning module ActorPickerMode (221)
[2016.12.02-08.01.40:568][828]LogModuleManager: Shutting down and abandoning module GeometryMode (220)
[2016.12.02-08.01.40:568][828]LogModuleManager: Shutting down and abandoning module TextureAlignMode (219)
[2016.12.02-08.01.40:568][828]LogModuleManager: Shutting down and abandoning module BspMode (218)
[2016.12.02-08.01.40:568][828]LogModuleManager: Shutting down and abandoning module HardwareSurvey (217)
[2016.12.02-08.01.40:568][828]LogModuleManager: Shutting down and abandoning module SequenceRecorderSections (216)
[2016.12.02-08.01.40:568][828]LogModuleManager: Shutting down and abandoning module SequenceRecorder (215)
[2016.12.02-08.01.40:568][828]LogModuleManager: Shutting down and abandoning module AutomationWorker (214)
[2016.12.02-08.01.40:568][828]LogModuleManager: Shutting down and abandoning module MatineeToLevelSequence (213)
[2016.12.02-08.01.40:568][828]LogModuleManager: Shutting down and abandoning module PlacementMode (212)
[2016.12.02-08.01.40:568][828]LogModuleManager: Shutting down and abandoning module LevelSequenceEditor (211)
[2016.12.02-08.01.40:568][828]LogModuleManager: Shutting down and abandoning module WmfMediaFactory (210)
[2016.12.02-08.01.40:569][828]LogModuleManager: Shutting down and abandoning module WmfMediaEditor (209)
[2016.12.02-08.01.40:569][828]LogModuleManager: Shutting down and abandoning module AvfMediaFactory (208)
[2016.12.02-08.01.40:569][828]LogModuleManager: Shutting down and abandoning module AvfMediaEditor (207)
[2016.12.02-08.01.40:569][828]LogModuleManager: Shutting down and abandoning module Media (206)
[2016.12.02-08.01.40:569][828]LogModuleManager: Shutting down and abandoning module AndroidMediaFactory (205)
[2016.12.02-08.01.40:569][828]LogModuleManager: Shutting down and abandoning module AndroidMediaEditor (204)
[2016.12.02-08.01.40:569][828]LogModuleManager: Shutting down and abandoning module CharacterAI (203)
[2016.12.02-08.01.40:569][828]LogModuleManager: Shutting down and abandoning module SmartSnapping (202)
[2016.12.02-08.01.40:569][828]LogModuleManager: Shutting down and abandoning module SessionServices (201)
[2016.12.02-08.01.40:569][828]LogModuleManager: Shutting down and abandoning module ViewportSnapping (200)
[2016.12.02-08.01.40:569][828]LogModuleManager: Shutting down and abandoning module ViewportInteraction (199)
[2016.12.02-08.01.40:569][828]LogModuleManager: Shutting down and abandoning module LogVisualizer (198)
[2016.12.02-08.01.40:569][828]LogModuleManager: Shutting down and abandoning module GameProjectGeneration (197)
[2016.12.02-08.01.40:583][828]LogModuleManager: Shutting down and abandoning module IntroTutorials (196)
[2016.12.02-08.01.40:583][828]LogModuleManager: Shutting down and abandoning module EditorLiveStreaming (195)
[2016.12.02-08.01.40:583][828]LogModuleManager: Shutting down and abandoning module IOSPlatformEditor (194)
[2016.12.02-08.01.40:583][828]LogModuleManager: Shutting down and abandoning module HTML5PlatformEditor (193)
[2016.12.02-08.01.40:583][828]LogModuleManager: Shutting down and abandoning module AndroidDeviceDetection (192)
[2016.12.02-08.01.41:257][828]LogModuleManager: Shutting down and abandoning module AndroidPlatformEditor (191)
[2016.12.02-08.01.41:257][828]LogModuleManager: Shutting down and abandoning module IOSRuntimeSettings (190)
[2016.12.02-08.01.41:257][828]LogModuleManager: Shutting down and abandoning module AndroidRuntimeSettings (189)
[2016.12.02-08.01.41:257][828]LogModuleManager: Shutting down and abandoning module NiagaraEditor (188)
[2016.12.02-08.01.41:257][828]LogModuleManager: Shutting down and abandoning module MergeActors (187)
[2016.12.02-08.01.41:257][828]LogModuleManager: Shutting down and abandoning module SizeMap (186)
[2016.12.02-08.01.41:257][828]LogModuleManager: Shutting down and abandoning module TreeMap (185)
[2016.12.02-08.01.41:257][828]LogModuleManager: Shutting down and abandoning module ReferenceViewer (184)
[2016.12.02-08.01.41:257][828]LogModuleManager: Shutting down and abandoning module LocalizationService (183)
[2016.12.02-08.01.41:257][828]LogModuleManager: Shutting down and abandoning module LocalizationDashboard (182)
[2016.12.02-08.01.41:257][828]LogModuleManager: Shutting down and abandoning module HardwareTargeting (181)
[2016.12.02-08.01.41:257][828]LogModuleManager: Shutting down and abandoning module DeviceProfileEditor (180)
[2016.12.02-08.01.41:257][828]LogModuleManager: Shutting down and abandoning module UndoHistory (179)
[2016.12.02-08.01.41:257][828]LogModuleManager: Shutting down and abandoning module UserFeedback (178)
[2016.12.02-08.01.41:258][828]LogModuleManager: Shutting down and abandoning module XmlParser (177)
[2016.12.02-08.01.41:258][828]LogModuleManager: Shutting down and abandoning module Blutility (176)
[2016.12.02-08.01.41:258][828]LogModuleManager: Shutting down and abandoning module ProjectTargetPlatformEditor (175)
[2016.12.02-08.01.41:258][828]LogModuleManager: Shutting down and abandoning module ProjectSettingsViewer (174)
[2016.12.02-08.01.41:258][828]LogModuleManager: Shutting down and abandoning module InputBindingEditor (173)
[2016.12.02-08.01.41:279][828]LogModuleManager: Shutting down and abandoning module EditorSettingsViewer (172)
[2016.12.02-08.01.41:279][828]LogModuleManager: Shutting down and abandoning module SettingsEditor (171)
[2016.12.02-08.01.41:279][828]LogModuleManager: Shutting down and abandoning module ProjectLauncher (170)
[2016.12.02-08.01.41:279][828]LogModuleManager: Shutting down and abandoning module SessionFrontend (169)
[2016.12.02-08.01.41:279][828]LogModuleManager: Shutting down and abandoning module ProfilerClient (168)
[2016.12.02-08.01.41:279][828]LogModuleManager: Shutting down and abandoning module TargetDeviceServices (167)
[2016.12.02-08.01.41:279][828]LogModuleManager: Shutting down and abandoning module DeviceManager (166)
[2016.12.02-08.01.41:334][828]LogModuleManager: Shutting down and abandoning module AutomationController (165)
[2016.12.02-08.01.41:334][828]LogModuleManager: Shutting down and abandoning module AutomationWindow (164)
[2016.12.02-08.01.41:334][828]LogModuleManager: Shutting down and abandoning module Layers (163)
[2016.12.02-08.01.41:334][828]LogModuleManager: Shutting down and abandoning module ComponentVisualizers (162)
[2016.12.02-08.01.41:334][828]LogModuleManager: Shutting down and abandoning module DetailCustomizations (161)
[2016.12.02-08.01.41:334][828]LogModuleManager: Shutting down and abandoning module PackagesDialog (160)
[2016.12.02-08.01.41:334][828]LogModuleManager: Shutting down and abandoning module AnimGraph (159)
[2016.12.02-08.01.41:334][828]LogModuleManager: Shutting down and abandoning module Persona (158)
[2016.12.02-08.01.41:340][828]LogModuleManager: Shutting down and abandoning module Kismet (157)
[2016.12.02-08.01.41:361][828]LogModuleManager: Shutting down and abandoning module GraphEditor (156)
[2016.12.02-08.01.41:361][828]LogModuleManager: Shutting down and abandoning module ClassViewer (155)
[2016.12.02-08.01.41:369][828]LogModuleManager: Shutting down and abandoning module Toolbox (154)
[2016.12.02-08.01.41:369][828]LogModuleManager: Shutting down and abandoning module ModuleUI (153)
[2016.12.02-08.01.41:369][828]LogModuleManager: Shutting down and abandoning module MovieSceneTools (152)
[2016.12.02-08.01.41:369][828]LogModuleManager: Shutting down and abandoning module OutputLog (151)
[2016.12.02-08.01.41:369][828]LogModuleManager: Shutting down and abandoning module GammaUI (150)
[2016.12.02-08.01.41:369][828]LogModuleManager: Shutting down and abandoning module Documentation (149)
[2016.12.02-08.01.41:369][828]LogModuleManager: Shutting down and abandoning module Niagara (148)
[2016.12.02-08.01.41:369][828]LogModuleManager: Shutting down and abandoning module StreamingPauseRendering (147)
[2016.12.02-08.01.41:369][828]LogModuleManager: Shutting down and abandoning module AnalyticsET (146)
[2016.12.02-08.01.41:369][828]LogModuleManager: Shutting down and abandoning module PortalServices (145)
[2016.12.02-08.01.41:369][828]LogModuleManager: Shutting down and abandoning module PortalRpc (144)
[2016.12.02-08.01.41:369][828]LogModuleManager: Shutting down and abandoning module MessagingRpc (143)
[2016.12.02-08.01.41:370][828]LogModuleManager: Shutting down and abandoning module GameplayDebugger (142)
[2016.12.02-08.01.41:384][828]LogModuleManager: Shutting down and abandoning module AITestSuite (141)
[2016.12.02-08.01.41:384][828]LogModuleManager: Shutting down and abandoning module AIModule (140)
[2016.12.02-08.01.41:384][828]LogModuleManager: Shutting down and abandoning module ProfilerService (139)
[2016.12.02-08.01.41:471][828]LogModuleManager: Shutting down and abandoning module TaskGraph (138)
[2016.12.02-08.01.41:471][828]LogModuleManager: Shutting down and abandoning module SlateRemote (137)
[2016.12.02-08.01.41:471][828]LogModuleManager: Shutting down and abandoning module SteamVRController (136)
[2016.12.02-08.01.41:471][828]LogModuleManager: Shutting down and abandoning module SteamVR (135)
[2016.12.02-08.01.41:471][828]LogModuleManager: Shutting down and abandoning module ProceduralMeshComponentEditor (134)
[2016.12.02-08.01.41:471][828]LogModuleManager: Shutting down and abandoning module ProceduralMeshComponent (133)
[2016.12.02-08.01.41:471][828]LogModuleManager: Shutting down and abandoning module OculusLibrary (132)
[2016.12.02-08.01.41:471][828]LogModuleManager: Shutting down and abandoning module OculusInput (131)
[2016.12.02-08.01.41:471][828]LogModuleManager: Shutting down and abandoning module CustomMeshComponent (130)
[2016.12.02-08.01.41:471][828]LogModuleManager: Shutting down and abandoning module CableComponent (129)
[2016.12.02-08.01.41:471][828]LogModuleManager: Shutting down and abandoning module ArchVisCharacter (128)
[2016.12.02-08.01.41:471][828]LogModuleManager: Shutting down and abandoning module MediaPlayerEditor (126)
[2016.12.02-08.01.41:471][828]LogModuleManager: Shutting down and abandoning module HTML5Networking (125)
[2016.12.02-08.01.41:471][828]LogModuleManager: Shutting down and abandoning module GeometryCacheEd (124)
[2016.12.02-08.01.41:471][828]LogModuleManager: Shutting down and abandoning module GeometryCache (123)
[2016.12.02-08.01.41:471][828]LogModuleManager: Shutting down and abandoning module AlembicLibrary (122)
[2016.12.02-08.01.41:471][828]LogModuleManager: Shutting down and abandoning module AlembicImporter (121)
[2016.12.02-08.01.41:471][828]LogModuleManager: Shutting down and abandoning module SuperSearch (120)
[2016.12.02-08.01.41:471][828]LogModuleManager: Shutting down and abandoning module SuperSearchEditor (119)
[2016.12.02-08.01.41:471][828]LogModuleManager: Shutting down and abandoning module SpeedTreeImporter (118)
[2016.12.02-08.01.41:471][828]LogModuleManager: Shutting down and abandoning module PluginBrowser (117)
[2016.12.02-08.01.41:472][828]LogModuleManager: Shutting down and abandoning module MobileLauncherProfileWizard (116)
[2016.12.02-08.01.41:472][828]LogModuleManager: Shutting down and abandoning module EpicSurvey (115)
[2016.12.02-08.01.41:472][828]LogModuleManager: Shutting down and abandoning module DesktopPlatform (114)
[2016.12.02-08.01.41:472][828]LogModuleManager: Shutting down and abandoning module VisualStudioSourceCodeAccess (113)
[2016.12.02-08.01.41:472][828]LogModuleManager: Shutting down and abandoning module UObjectPlugin (112)
[2016.12.02-08.01.41:472][828]LogModuleManager: Shutting down and abandoning module SubversionSourceControl (111)
[2016.12.02-08.01.41:472][828]LogModuleManager: Shutting down and abandoning module PerforceSourceControl (110)
[2016.12.02-08.01.41:472][828]LogModuleManager: Shutting down and abandoning module SourceControl (109)
[2016.12.02-08.01.41:472][828]LogModuleManager: Shutting down and abandoning module GitSourceControl (108)
[2016.12.02-08.01.41:472][828]LogModuleManager: Shutting down and abandoning module LightPropagationVolumeEditor (107)
[2016.12.02-08.01.41:472][828]LogModuleManager: Shutting down and abandoning module PaperTiledImporter (106)
[2016.12.02-08.01.41:472][828]LogModuleManager: Shutting down and abandoning module PaperSpriteSheetImporter (105)
[2016.12.02-08.01.41:472][828]LogModuleManager: Shutting down and abandoning module MeshPaint (104)
[2016.12.02-08.01.41:472][828]LogModuleManager: Shutting down and abandoning module FbxAutomationBuilderModule (103)
[2016.12.02-08.01.41:472][828]LogModuleManager: Shutting down and abandoning module PixelInspectorModule (102)
[2016.12.02-08.01.41:472][828]LogModuleManager: Shutting down and abandoning module HotReload (101)
[2016.12.02-08.01.41:473][828]LogModuleManager: Shutting down and abandoning module MainFrame (100)
[2016.12.02-08.01.41:473][828]LogModuleManager: Shutting down and abandoning module LevelEditor (99)
[2016.12.02-08.01.41:474][828]LogModuleManager: Shutting down and abandoning module ContentBrowser (98)
[2016.12.02-08.01.41:476][828]LogModuleManager: Shutting down and abandoning module Paper2DEditor (97)
[2016.12.02-08.01.41:476][828]LogModuleManager: Shutting down and abandoning module UdpMessaging (96)
[2016.12.02-08.01.41:577][828]LogModuleManager: Shutting down and abandoning module TcpMessaging (95)
[2016.12.02-08.01.41:679][828]LogModuleManager: Shutting down and abandoning module LightPropagationVolumeRuntime (94)
[2016.12.02-08.01.41:679][828]LogModuleManager: Shutting down and abandoning module Paper2D (93)
[2016.12.02-08.01.41:679][828]LogModuleManager: Shutting down and abandoning module WindowsMoviePlayer (92)
[2016.12.02-08.01.41:708][828]LogModuleManager: Shutting down and abandoning module WmfMedia (91)
[2016.12.02-08.01.41:735][828]LogModuleManager: Shutting down and abandoning module MediaAssets (90)
[2016.12.02-08.01.41:735][828]LogModuleManager: Shutting down and abandoning module GameLiveStreaming (89)
[2016.12.02-08.01.41:735][828]LogModuleManager: Shutting down and abandoning module GameplayTagsEditor (88)
[2016.12.02-08.01.41:735][828]LogModuleManager: Shutting down and abandoning module VREditor (87)
[2016.12.02-08.01.41:735][828]LogModuleManager: Shutting down and abandoning module GameplayTasksEditor (86)
[2016.12.02-08.01.41:735][828]LogModuleManager: Shutting down and abandoning module PropertyEditor (85)
[2016.12.02-08.01.41:736][828]LogModuleManager: Shutting down and abandoning module BehaviorTreeEditor (84)
[2016.12.02-08.01.41:736][828]LogModuleManager: Shutting down and abandoning module FunctionalTesting (83)
[2016.12.02-08.01.41:736][828]LogModuleManager: Shutting down and abandoning module CollisionAnalyzer (82)
[2016.12.02-08.01.41:736][828]LogModuleManager: Shutting down and abandoning module Sequencer (81)
[2016.12.02-08.01.41:736][828]LogModuleManager: Shutting down and abandoning module WorkspaceMenuStructure (80)
[2016.12.02-08.01.41:737][828]LogModuleManager: Shutting down and abandoning module MessageLog (79)
[2016.12.02-08.01.41:737][828]LogModuleManager: Shutting down and abandoning module AssetTools (78)
[2016.12.02-08.01.41:737][828]LogModuleManager: Shutting down and abandoning module UMGEditor (77)
[2016.12.02-08.01.41:737][828]LogModuleManager: Shutting down and abandoning module UMG (76)
[2016.12.02-08.01.41:737][828]LogModuleManager: Shutting down and abandoning module SlateReflector (75)
[2016.12.02-08.01.41:737][828]LogModuleManager: Shutting down and abandoning module Slate (74)
[2016.12.02-08.01.41:737][828]LogModuleManager: Shutting down and abandoning module EditorStyle (73)
[2016.12.02-08.01.41:740][828]LogModuleManager: Shutting down and abandoning module SourceCodeAccess (72)
[2016.12.02-08.01.41:740][828]LogModuleManager: Shutting down and abandoning module HeadMountedDisplay (71)
[2016.12.02-08.01.41:740][828]LogModuleManager: Shutting down and abandoning module XAudio2 (70)
[2016.12.02-08.01.41:740][828]LogModuleManager: Shutting down and abandoning module Networking (68)
[2016.12.02-08.01.41:740][828]LogModuleManager: Shutting down and abandoning module Core (67)
[2016.12.02-08.01.41:740][828]LogModuleManager: Shutting down and abandoning module DirectoryWatcher (66)
[2016.12.02-08.01.41:740][828]LogDirectoryWatcher: A directory notification for '../../../Engine/Content/' was aborted.
[2016.12.02-08.01.41:740][828]LogDirectoryWatcher: A directory notification for '../../../../../../Users/Jeremy/Documents/GitHub/Greg/Content/' was aborted.
[2016.12.02-08.01.41:740][828]LogDirectoryWatcher: A directory notification for '../../../Engine/Plugins/2D/Paper2D/Content/' was aborted.
[2016.12.02-08.01.41:741][828]LogModuleManager: Shutting down and abandoning module AssetRegistry (65)
[2016.12.02-08.01.41:887][828]LogModuleManager: Shutting down and abandoning module KismetCompiler (64)
[2016.12.02-08.01.41:887][828]LogModuleManager: Shutting down and abandoning module PhysXFormats (63)
[2016.12.02-08.01.41:887][828]LogModuleManager: Shutting down and abandoning module MeshUtilities (62)
[2016.12.02-08.01.41:887][828]LogModuleManager: Shutting down and abandoning module DerivedDataCache (61)
[2016.12.02-08.01.41:931][828]LogDerivedDataCache: Shutdown
[2016.12.02-08.01.41:931][828]LogModuleManager: Shutting down and abandoning module VulkanShaderFormat (60)
[2016.12.02-08.01.41:931][828]LogModuleManager: Shutting down and abandoning module ShaderFormatOpenGL (59)
[2016.12.02-08.01.41:931][828]LogModuleManager: Shutting down and abandoning module ShaderFormatD3D (58)
[2016.12.02-08.01.41:931][828]LogModuleManager: Shutting down and abandoning module MetalShaderFormat (57)
[2016.12.02-08.01.41:931][828]LogModuleManager: Shutting down and abandoning module TextureFormatUncompressed (56)
[2016.12.02-08.01.41:931][828]LogModuleManager: Shutting down and abandoning module TextureFormatPVR (55)
[2016.12.02-08.01.41:931][828]LogModuleManager: Shutting down and abandoning module TextureFormatDXT (54)
[2016.12.02-08.01.41:931][828]LogModuleManager: Shutting down and abandoning module TextureFormatIntelISPCTexComp (53)
[2016.12.02-08.01.41:931][828]LogModuleManager: Shutting down and abandoning module ImageWrapper (52)
[2016.12.02-08.01.41:931][828]LogModuleManager: Shutting down and abandoning module TextureFormatASTC (51)
[2016.12.02-08.01.41:931][828]LogModuleManager: Shutting down and abandoning module TextureFormatAndroid (50)
[2016.12.02-08.01.41:931][828]LogModuleManager: Shutting down and abandoning module AudioFormatOpus (49)
[2016.12.02-08.01.41:931][828]LogModuleManager: Shutting down and abandoning module AudioFormatOgg (48)
[2016.12.02-08.01.41:931][828]LogModuleManager: Shutting down and abandoning module AudioFormatADPCM (47)
[2016.12.02-08.01.41:931][828]LogModuleManager: Shutting down and abandoning module LinuxTargetPlatform (46)
[2016.12.02-08.01.41:931][828]LogModuleManager: Shutting down and abandoning module LinuxServerTargetPlatform (45)
[2016.12.02-08.01.41:931][828]LogModuleManager: Shutting down and abandoning module LinuxNoEditorTargetPlatform (44)
[2016.12.02-08.01.41:931][828]LogModuleManager: Shutting down and abandoning module LinuxClientTargetPlatform (43)
[2016.12.02-08.01.41:931][828]LogModuleManager: Shutting down and abandoning module TVOSTargetPlatform (42)
[2016.12.02-08.01.41:931][828]LogModuleManager: Shutting down and abandoning module Messaging (41)
[2016.12.02-08.01.41:931][828]LogModuleManager: Shutting down and abandoning module IOSTargetPlatform (40)
[2016.12.02-08.01.41:931][828]LogModuleManager: Shutting down and abandoning module HTML5TargetPlatform (39)
[2016.12.02-08.01.41:931][828]LogModuleManager: Shutting down and abandoning module Android_PVRTCTargetPlatform (38)
[2016.12.02-08.01.41:931][828]LogModuleManager: Shutting down and abandoning module Android_MultiTargetPlatform (37)
[2016.12.02-08.01.41:932][828]LogModuleManager: Shutting down and abandoning module Android_ETC2TargetPlatform (36)
[2016.12.02-08.01.41:932][828]LogModuleManager: Shutting down and abandoning module Android_ETC1TargetPlatform (35)
[2016.12.02-08.01.41:932][828]LogModuleManager: Shutting down and abandoning module Android_DXTTargetPlatform (34)
[2016.12.02-08.01.41:932][828]LogModuleManager: Shutting down and abandoning module Android_ATCTargetPlatform (33)
[2016.12.02-08.01.41:932][828]LogModuleManager: Shutting down and abandoning module Android_ASTCTargetPlatform (32)
[2016.12.02-08.01.41:932][828]LogModuleManager: Shutting down and abandoning module AndroidTargetPlatform (31)
[2016.12.02-08.01.41:932][828]LogModuleManager: Shutting down and abandoning module WindowsTargetPlatform (30)
[2016.12.02-08.01.41:932][828]LogModuleManager: Shutting down and abandoning module WindowsServerTargetPlatform (29)
[2016.12.02-08.01.41:932][828]LogModuleManager: Shutting down and abandoning module WindowsNoEditorTargetPlatform (28)
[2016.12.02-08.01.41:932][828]LogModuleManager: Shutting down and abandoning module WindowsClientTargetPlatform (27)
[2016.12.02-08.01.41:932][828]LogModuleManager: Shutting down and abandoning module AllDesktopTargetPlatform (26)
[2016.12.02-08.01.41:932][828]LogModuleManager: Shutting down and abandoning module TargetPlatform (25)
[2016.12.02-08.01.41:932][828]LogModuleManager: Shutting down and abandoning module InputCore (24)
[2016.12.02-08.01.41:932][828]LogModuleManager: Shutting down and abandoning module Settings (23)
[2016.12.02-08.01.41:932][828]LogModuleManager: Shutting down and abandoning module OculusRift (22)
[2016.12.02-08.01.41:932][828]LogModuleManager: Shutting down and abandoning module GearVR (21)
[2016.12.02-08.01.41:932][828]LogModuleManager: Shutting down and abandoning module ExampleDeviceProfileSelector (20)
[2016.12.02-08.01.41:932][828]LogModuleManager: Shutting down and abandoning module OnlineBlueprintSupport (19)
[2016.12.02-08.01.41:932][828]LogModuleManager: Shutting down and abandoning module OnlineSubsystem (17)
[2016.12.02-08.01.41:932][828]LogOnline:Display: Unloading online subsystem: NULL
[2016.12.02-08.01.41:932][828]LogModuleManager: Shutting down and abandoning module HTTP (16)
[2016.12.02-08.01.41:932][828]LogHttp:Display: Http module shutting down, but needs to wait on 1 outstanding Http requests:
[2016.12.02-08.01.41:932][828]LogHttp:Display: 	verb=[POST] url=[https://datarouter.ol.epicgames.com/datarouter/api/v1/public/data?SessionID=%7BDCBCDA70-4671-EBF0-01EF-468A0C5AE7FC%7D&AppID=UEEditor.Rocket.Release&AppVersion=4.13.1-3142249%2B%2B%2BUE4%2BRelease-4.13&UserID=1b415b4545d90a2aef2c9f9d350e82b3%7Cc44ba06ffef647fdae73d371e76011bf%7C1732985b-17d3-473d-811f-babaf4f434e6&AppEnvironment=datacollector-binary&UploadType=eteventstream] status=Processing
[2016.12.02-08.01.41:936][828]LogModuleManager: Shutting down and abandoning module XMPP (15)
[2016.12.02-08.01.42:015][828]LogModuleManager: Shutting down and abandoning module TextureCompressor (14)
[2016.12.02-08.01.42:015][828]LogModuleManager: Shutting down and abandoning module ShaderCore (13)
[2016.12.02-08.01.42:015][828]LogModuleManager: Shutting down and abandoning module Landscape (12)
[2016.12.02-08.01.42:015][828]LogModuleManager: Shutting down and abandoning module SlateRHIRenderer (11)
[2016.12.02-08.01.42:066][828]LogModuleManager: Shutting down and abandoning module OpenGLDrv (10)
[2016.12.02-08.01.42:066][828]LogModuleManager: Shutting down and abandoning module D3D11RHI (9)
[2016.12.02-08.01.42:066][828]LogModuleManager: Shutting down and abandoning module AnimGraphRuntime (8)
[2016.12.02-08.01.42:066][828]LogModuleManager: Shutting down and abandoning module Renderer (7)
[2016.12.02-08.01.42:066][828]LogModuleManager: Shutting down and abandoning module Engine (6)
[2016.12.02-08.01.42:066][828]LogModuleManager: Shutting down and abandoning module CoreUObject (5)
[2016.12.02-08.01.42:066][828]LogModuleManager: Shutting down and abandoning module NetworkFile (4)
[2016.12.02-08.01.42:066][828]LogModuleManager: Shutting down and abandoning module StreamingFile (3)
[2016.12.02-08.01.42:066][828]LogModuleManager: Shutting down and abandoning module SandboxFile (2)
[2016.12.02-08.01.42:066][828]LogModuleManager: Shutting down and abandoning module PakFile (1)
[2016.12.02-08.01.42:159][828]LogExit: Exiting.
[2016.12.02-08.01.42:203][828]Log file closed, 12/02/16 00:01:42
