Log file open, 11/18/16 11:23:06
LogInit:Display: Running engine for game: Greg
LogPlatformFile: Not using cached read wrapper
LogInit:Display: RandInit(-1838698758) SRandInit(-1838698758).
LogTaskGraph: Started task graph with 5 named threads and 8 total threads with 1 sets of task threads.
LogStats: Stats thread started at 0.089934
LogPluginManager: Loaded Plugin Paper2D, From C:/Program Files (x86)/Epic Games/4.13/Engine/Plugins/2D/Paper2D/Paper2D.uplugin
LogPluginManager: Loaded Plugin LightPropagationVolume, From C:/Program Files (x86)/Epic Games/4.13/Engine/Plugins/Blendables/LightPropagationVolume/LightPropagationVolume.uplugin
LogPluginManager: Loaded Plugin BlankPlugin, From C:/Program Files (x86)/Epic Games/4.13/Engine/Plugins/Developer/BlankPlugin/BlankPlugin.uplugin
LogPluginManager: Loaded Plugin CodeLiteSourceCodeAccess, From C:/Program Files (x86)/Epic Games/4.13/Engine/Plugins/Developer/CodeLiteSourceCodeAccess/CodeLiteSourceCodeAccess.uplugin
LogPluginManager: Loaded Plugin GitSourceControl, From C:/Program Files (x86)/Epic Games/4.13/Engine/Plugins/Developer/GitSourceControl/GitSourceControl.uplugin
LogPluginManager: Loaded Plugin KDevelopSourceCodeAccess, From C:/Program Files (x86)/Epic Games/4.13/Engine/Plugins/Developer/KDevelopSourceCodeAccess/KDevelopSourceCodeAccess.uplugin
LogPluginManager: Loaded Plugin NullSourceCodeAccess, From C:/Program Files (x86)/Epic Games/4.13/Engine/Plugins/Developer/NullSourceCodeAccess/NullSourceCodeAccess.uplugin
LogPluginManager: Loaded Plugin OneSkyLocalizationService, From C:/Program Files (x86)/Epic Games/4.13/Engine/Plugins/Developer/OneSkyLocalizationService/OneSkyLocalizationService.uplugin
LogPluginManager: Loaded Plugin PerforceSourceControl, From C:/Program Files (x86)/Epic Games/4.13/Engine/Plugins/Developer/PerforceSourceControl/PerforceSourceControl.uplugin
LogPluginManager: Loaded Plugin SubversionSourceControl, From C:/Program Files (x86)/Epic Games/4.13/Engine/Plugins/Developer/SubversionSourceControl/SubversionSourceControl.uplugin
LogPluginManager: Loaded Plugin UObjectPlugin, From C:/Program Files (x86)/Epic Games/4.13/Engine/Plugins/Developer/UObjectPlugin/UObjectPlugin.uplugin
LogPluginManager: Loaded Plugin VisualStudioSourceCodeAccess, From C:/Program Files (x86)/Epic Games/4.13/Engine/Plugins/Developer/VisualStudioSourceCodeAccess/VisualStudioSourceCodeAccess.uplugin
LogPluginManager: Loaded Plugin XCodeSourceCodeAccess, From C:/Program Files (x86)/Epic Games/4.13/Engine/Plugins/Developer/XCodeSourceCodeAccess/XCodeSourceCodeAccess.uplugin
LogPluginManager: Loaded Plugin EpicSurvey, From C:/Program Files (x86)/Epic Games/4.13/Engine/Plugins/Editor/EpicSurvey/EpicSurvey.uplugin
LogPluginManager: Loaded Plugin MacGraphicsSwitching, From C:/Program Files (x86)/Epic Games/4.13/Engine/Plugins/Editor/MacGraphicsSwitching/MacGraphicsSwitching.uplugin
LogPluginManager: Loaded Plugin MobileLauncherProfileWizard, From C:/Program Files (x86)/Epic Games/4.13/Engine/Plugins/Editor/MobileLauncherProfileWizard/MobileLauncherProfileWizard.uplugin
LogPluginManager: Loaded Plugin PluginBrowser, From C:/Program Files (x86)/Epic Games/4.13/Engine/Plugins/Editor/PluginBrowser/PluginBrowser.uplugin
LogPluginManager: Loaded Plugin SpeedTreeImporter, From C:/Program Files (x86)/Epic Games/4.13/Engine/Plugins/Editor/SpeedTreeImporter/SpeedTreeImporter.uplugin
LogPluginManager: Loaded Plugin SuperSearchEditor, From C:/Program Files (x86)/Epic Games/4.13/Engine/Plugins/Editor/SuperSearchEditor/SuperSearchEditor.uplugin
LogPluginManager: Loaded Plugin AlembicImporter, From C:/Program Files (x86)/Epic Games/4.13/Engine/Plugins/Experimental/AlembicImporter/AlembicImporter.uplugin
LogPluginManager: Loaded Plugin BlueprintStats, From C:/Program Files (x86)/Epic Games/4.13/Engine/Plugins/Experimental/BlueprintStats/BlueprintStats.uplugin
LogPluginManager: Loaded Plugin CharacterAI, From C:/Program Files (x86)/Epic Games/4.13/Engine/Plugins/Experimental/CharacterAI/CharacterAI.uplugin
LogPluginManager: Loaded Plugin CodeEditor, From C:/Program Files (x86)/Epic Games/4.13/Engine/Plugins/Experimental/CodeEditor/CodeEditor.uplugin
LogPluginManager: Loaded Plugin CodeView, From C:/Program Files (x86)/Epic Games/4.13/Engine/Plugins/Experimental/CodeView/CodeView.uplugin
LogPluginManager: Loaded Plugin HTML5Networking, From C:/Program Files (x86)/Epic Games/4.13/Engine/Plugins/Experimental/HTML5Networking/HTML5Networking.uplugin
LogPluginManager: Loaded Plugin LiveEditor, From C:/Program Files (x86)/Epic Games/4.13/Engine/Plugins/Experimental/LiveEditor/LiveEditor.uplugin
LogPluginManager: Loaded Plugin OSVR, From C:/Program Files (x86)/Epic Games/4.13/Engine/Plugins/Experimental/OSVR/OSVR.uplugin
LogPluginManager: Loaded Plugin Phya, From C:/Program Files (x86)/Epic Games/4.13/Engine/Plugins/Experimental/Phya/Phya.uplugin
LogPluginManager: Loaded Plugin SignificanceManager, From C:/Program Files (x86)/Epic Games/4.13/Engine/Plugins/Experimental/SignificanceManager/SignificanceManager.uplugin
LogPluginManager: Loaded Plugin SimpleHMD, From C:/Program Files (x86)/Epic Games/4.13/Engine/Plugins/Experimental/SimpleHMD/SimpleHMD.uplugin
LogPluginManager: Loaded Plugin StereoPanorama, From C:/Program Files (x86)/Epic Games/4.13/Engine/Plugins/Experimental/StereoPanorama/StereoPanorama.uplugin
LogPluginManager: Loaded Plugin StructBox, From C:/Program Files (x86)/Epic Games/4.13/Engine/Plugins/Experimental/StructBox/StructBox.uplugin
LogPluginManager: Loaded Plugin AndroidMedia, From C:/Program Files (x86)/Epic Games/4.13/Engine/Plugins/Media/AndroidMedia/AndroidMedia.uplugin
LogPluginManager: Loaded Plugin AvfMedia, From C:/Program Files (x86)/Epic Games/4.13/Engine/Plugins/Media/AvfMedia/AvfMedia.uplugin
LogPluginManager: Loaded Plugin MediaPlayerEditor, From C:/Program Files (x86)/Epic Games/4.13/Engine/Plugins/Media/MediaPlayerEditor/MediaPlayerEditor.uplugin
LogPluginManager: Loaded Plugin WmfMedia, From C:/Program Files (x86)/Epic Games/4.13/Engine/Plugins/Media/WmfMedia/WmfMedia.uplugin
LogPluginManager: Loaded Plugin MessagingDebugger, From C:/Program Files (x86)/Epic Games/4.13/Engine/Plugins/Messaging/MessagingDebugger/MessagingDebugger.uplugin
LogPluginManager: Loaded Plugin TcpMessaging, From C:/Program Files (x86)/Epic Games/4.13/Engine/Plugins/Messaging/TcpMessaging/TcpMessaging.uplugin
LogPluginManager: Loaded Plugin UdpMessaging, From C:/Program Files (x86)/Epic Games/4.13/Engine/Plugins/Messaging/UdpMessaging/UdpMessaging.uplugin
LogPluginManager: Loaded Plugin LevelSequenceEditor, From C:/Program Files (x86)/Epic Games/4.13/Engine/Plugins/MovieScene/LevelSequenceEditor/LevelSequenceEditor.uplugin
LogPluginManager: Loaded Plugin MatineeToLevelSequence, From C:/Program Files (x86)/Epic Games/4.13/Engine/Plugins/MovieScene/MatineeToLevelSequence/MatineeToLevelSequence.uplugin
LogPluginManager: Loaded Plugin NetcodeUnitTest, From C:/Program Files (x86)/Epic Games/4.13/Engine/Plugins/NetcodeUnitTest/NetcodeUnitTest/NetcodeUnitTest.uplugin
LogPluginManager: Loaded Plugin NUTUnrealEngine4, From C:/Program Files (x86)/Epic Games/4.13/Engine/Plugins/NetcodeUnitTest/NUTUnrealEngine4/NUTUnrealEngine4.uplugin
LogPluginManager: Loaded Plugin OnlineSubsystemGooglePlay, From C:/Program Files (x86)/Epic Games/4.13/Engine/Plugins/Online/Android/OnlineSubsystemGooglePlay/OnlineSubsystemGooglePlay.uplugin
LogPluginManager: Loaded Plugin OnlineSubsystemIOS, From C:/Program Files (x86)/Epic Games/4.13/Engine/Plugins/Online/IOS/OnlineSubsystemIOS/OnlineSubsystemIOS.uplugin
LogPluginManager: Loaded Plugin OnlineFramework, From C:/Program Files (x86)/Epic Games/4.13/Engine/Plugins/Online/OnlineFramework/OnlineFramework.uplugin
LogPluginManager: Loaded Plugin OnlineSubsystem, From C:/Program Files (x86)/Epic Games/4.13/Engine/Plugins/Online/OnlineSubsystem/OnlineSubsystem.uplugin
LogPluginManager: Loaded Plugin OnlineSubsystemAmazon, From C:/Program Files (x86)/Epic Games/4.13/Engine/Plugins/Online/OnlineSubsystemAmazon/OnlineSubsystemAmazon.uplugin
LogPluginManager: Loaded Plugin OnlineSubsystemFacebook, From C:/Program Files (x86)/Epic Games/4.13/Engine/Plugins/Online/OnlineSubsystemFacebook/OnlineSubsystemFacebook.uplugin
LogPluginManager: Loaded Plugin OnlineSubsystemNull, From C:/Program Files (x86)/Epic Games/4.13/Engine/Plugins/Online/OnlineSubsystemNull/OnlineSubsystemNull.uplugin
LogPluginManager: Loaded Plugin OnlineSubsystemOculus, From C:/Program Files (x86)/Epic Games/4.13/Engine/Plugins/Online/OnlineSubsystemOculus/OnlineSubsystemOculus.uplugin
LogPluginManager: Loaded Plugin OnlineSubsystemSteam, From C:/Program Files (x86)/Epic Games/4.13/Engine/Plugins/Online/OnlineSubsystemSteam/OnlineSubsystemSteam.uplugin
LogPluginManager: Loaded Plugin OnlineSubsystemUtils, From C:/Program Files (x86)/Epic Games/4.13/Engine/Plugins/Online/OnlineSubsystemUtils/OnlineSubsystemUtils.uplugin
LogPluginManager: Loaded Plugin IOSTapJoy, From C:/Program Files (x86)/Epic Games/4.13/Engine/Plugins/Runtime/Advertising/IOSTapJoy/IOSTapJoy.uplugin
LogPluginManager: Loaded Plugin AnalyticsBlueprintLibrary, From C:/Program Files (x86)/Epic Games/4.13/Engine/Plugins/Runtime/Analytics/AnalyticsBlueprintLibrary/AnalyticsBlueprintLibrary.uplugin
LogPluginManager: Loaded Plugin AnalyticsMulticast, From C:/Program Files (x86)/Epic Games/4.13/Engine/Plugins/Runtime/Analytics/AnalyticsMulticast/AnalyticsMulticast.uplugin
LogPluginManager: Loaded Plugin Apsalar, From C:/Program Files (x86)/Epic Games/4.13/Engine/Plugins/Runtime/Analytics/Apsalar/Apsalar.uplugin
LogPluginManager: Loaded Plugin FileLogging, From C:/Program Files (x86)/Epic Games/4.13/Engine/Plugins/Runtime/Analytics/FileLogging/FileLogging.uplugin
LogPluginManager: Loaded Plugin Flurry, From C:/Program Files (x86)/Epic Games/4.13/Engine/Plugins/Runtime/Analytics/Flurry/Flurry.uplugin
LogPluginManager: Loaded Plugin AndroidDeviceProfileSelector, From C:/Program Files (x86)/Epic Games/4.13/Engine/Plugins/Runtime/AndroidDeviceProfileSelector/AndroidDeviceProfileSelector.uplugin
LogPluginManager: Loaded Plugin AndroidMoviePlayer, From C:/Program Files (x86)/Epic Games/4.13/Engine/Plugins/Runtime/AndroidMoviePlayer/AndroidMoviePlayer.uplugin
LogPluginManager: Loaded Plugin AppleMoviePlayer, From C:/Program Files (x86)/Epic Games/4.13/Engine/Plugins/Runtime/AppleMoviePlayer/AppleMoviePlayer.uplugin
LogPluginManager: Loaded Plugin ArchVisCharacter, From C:/Program Files (x86)/Epic Games/4.13/Engine/Plugins/Runtime/ArchVisCharacter/ArchVisCharacter.uplugin
LogPluginManager: Loaded Plugin CableComponent, From C:/Program Files (x86)/Epic Games/4.13/Engine/Plugins/Runtime/CableComponent/CableComponent.uplugin
LogPluginManager: Loaded Plugin CustomMeshComponent, From C:/Program Files (x86)/Epic Games/4.13/Engine/Plugins/Runtime/CustomMeshComponent/CustomMeshComponent.uplugin
LogPluginManager: Loaded Plugin ExampleDeviceProfileSelector, From C:/Program Files (x86)/Epic Games/4.13/Engine/Plugins/Runtime/ExampleDeviceProfileSelector/ExampleDeviceProfileSelector.uplugin
LogPluginManager: Loaded Plugin GearVR, From C:/Program Files (x86)/Epic Games/4.13/Engine/Plugins/Runtime/GearVR/GearVR.uplugin
LogPluginManager: Loaded Plugin GoogleVRController, From C:/Program Files (x86)/Epic Games/4.13/Engine/Plugins/Runtime/GoogleVR/GoogleVRController/GoogleVRController.uplugin
LogPluginManager: Loaded Plugin GoogleVRHMD, From C:/Program Files (x86)/Epic Games/4.13/Engine/Plugins/Runtime/GoogleVR/GoogleVRHMD/GoogleVRHMD.uplugin
LogPluginManager: Loaded Plugin IOSDeviceProfileSelector, From C:/Program Files (x86)/Epic Games/4.13/Engine/Plugins/Runtime/IOSDeviceProfileSelector/IOSDeviceProfileSelector.uplugin
LogPluginManager: Loaded Plugin LeapMotion, From C:/Program Files (x86)/Epic Games/4.13/Engine/Plugins/Runtime/LeapMotion/LeapMotion.uplugin
LogPluginManager: Loaded Plugin LinuxDeviceProfileSelector, From C:/Program Files (x86)/Epic Games/4.13/Engine/Plugins/Runtime/LinuxDeviceProfileSelector/LinuxDeviceProfileSelector.uplugin
LogPluginManager: Loaded Plugin LiveEditorListenServer, From C:/Program Files (x86)/Epic Games/4.13/Engine/Plugins/Runtime/LiveEditorListenServer/LiveEditorListenServer.uplugin
LogPluginManager: Loaded Plugin OculusAudio, From C:/Program Files (x86)/Epic Games/4.13/Engine/Plugins/Runtime/OculusAudio/OculusAudio.uplugin
LogPluginManager: Loaded Plugin OculusInput, From C:/Program Files (x86)/Epic Games/4.13/Engine/Plugins/Runtime/OculusInput/OculusInput.uplugin
LogPluginManager: Loaded Plugin OculusLibrary, From C:/Program Files (x86)/Epic Games/4.13/Engine/Plugins/Runtime/OculusLibrary/OculusLibrary.uplugin
LogPluginManager: Loaded Plugin OculusRift, From C:/Program Files (x86)/Epic Games/4.13/Engine/Plugins/Runtime/OculusRift/OculusRift.uplugin
LogPluginManager: Loaded Plugin Oodle, From C:/Program Files (x86)/Epic Games/4.13/Engine/Plugins/Runtime/PacketHandlers/CompressionComponents/Oodle/Oodle.uplugin
LogPluginManager: Loaded Plugin ProceduralMeshComponent, From C:/Program Files (x86)/Epic Games/4.13/Engine/Plugins/Runtime/ProceduralMeshComponent/ProceduralMeshComponent.uplugin
LogPluginManager: Loaded Plugin SoundMod, From C:/Program Files (x86)/Epic Games/4.13/Engine/Plugins/Runtime/SoundMod/SoundMod.uplugin
LogPluginManager: Loaded Plugin SoundVisualizations, From C:/Program Files (x86)/Epic Games/4.13/Engine/Plugins/Runtime/SoundVisualizations/SoundVisualizations.uplugin
LogPluginManager: Loaded Plugin SteamController, From C:/Program Files (x86)/Epic Games/4.13/Engine/Plugins/Runtime/Steam/SteamController/SteamController.uplugin
LogPluginManager: Loaded Plugin SteamVR, From C:/Program Files (x86)/Epic Games/4.13/Engine/Plugins/Runtime/Steam/SteamVR/SteamVR.uplugin
LogPluginManager: Loaded Plugin WebBrowserWidget, From C:/Program Files (x86)/Epic Games/4.13/Engine/Plugins/Runtime/WebBrowserWidget/WebBrowserWidget.uplugin
LogPluginManager: Loaded Plugin WindowsDeviceProfileSelector, From C:/Program Files (x86)/Epic Games/4.13/Engine/Plugins/Runtime/WindowsDeviceProfileSelector/WindowsDeviceProfileSelector.uplugin
LogPluginManager: Loaded Plugin WindowsMoviePlayer, From C:/Program Files (x86)/Epic Games/4.13/Engine/Plugins/Runtime/WindowsMoviePlayer/WindowsMoviePlayer.uplugin
LogPluginManager: Loaded Plugin ScriptPlugin, From C:/Program Files (x86)/Epic Games/4.13/Engine/Plugins/ScriptPlugin/ScriptPlugin.uplugin
LogPluginManager: Loaded Plugin SlateRemote, From C:/Program Files (x86)/Epic Games/4.13/Engine/Plugins/Slate/SlateRemote/SlateRemote.uplugin
LogInit: Using libcurl 7.47.1
LogInit:  - built for x86_64-pc-win32
LogInit:  - supports SSL with WinSSL
LogInit:  - other features:
LogInit:      CURL_VERSION_SSL
LogInit:      CURL_VERSION_IPV6
LogInit:      CURL_VERSION_ASYNCHDNS
LogInit:      CURL_VERSION_LARGEFILE
LogInit:      CURL_VERSION_IDN
LogInit:  CurlRequestOptions (configurable via config and command line):
LogInit:  - bVerifyPeer = false  - Libcurl will NOT verify peer certificate
LogInit:  - bUseHttpProxy = false  - Libcurl will NOT use HTTP proxy
LogInit:  - bDontReuseConnections = false  - Libcurl will reuse connections
LogInit:  - CertBundlePath = nullptr  - Libcurl will use whatever was configured at build time.
LogInit: Build: ++UE4+Release-4.13-CL-3172292
LogInit: Engine Version: 4.13.2-3172292+++UE4+Release-4.13
LogInit: Compatible Engine Version: 4.13.0-3106830+++UE4+Release-4.13
LogInit: Net CL: 3172292
LogDevObjectVersion: Number of dev versions registered: 13
LogDevObjectVersion:   Dev-Blueprints (B0D832E4-1F89-4F0D-ACCF-7EB736FD4AA2): 5
LogDevObjectVersion:   Dev-Build (E1C64328-A22C-4D53-A36C-8E866417BD8C): 0
LogDevObjectVersion:   Dev-Core (375EC13C-06E4-48FB-B500-84F0262A717E): 1
LogDevObjectVersion:   Dev-Editor (E4B068ED-F494-42E9-A231-DA0B2E46BB41): 6
LogDevObjectVersion:   Dev-Framework (CFFC743F-43B0-4480-9391-14DF171D2073): 12
LogDevObjectVersion:   Dev-Mobile (B02B49B5-BB20-44E9-A304-32B752E40360): 0
LogDevObjectVersion:   Dev-Networking (A4E4105C-59A1-49B5-A7C5-40C4547EDFEE): 0
LogDevObjectVersion:   Dev-Online (39C831C9-5AE6-47DC-9A44-9C173E1C8E7C): 0
LogDevObjectVersion:   Dev-Physics (78F01B33-EBEA-4F98-B9B4-84EACCB95AA2): 0
LogDevObjectVersion:   Dev-Platform (6631380F-2D4D-43E0-8009-CF276956A95A): 0
LogDevObjectVersion:   Dev-Rendering (12F88B9F-8875-4AFC-A67C-D90C383ABD29): 4
LogDevObjectVersion:   Dev-Sequencer (7B5AE74C-D270-4C10-A958-57980B212A5A): 0
LogDevObjectVersion:   Dev-VR (D7296918-1DD6-4BDD-9DE2-64A83CC13884): 0
LogInit: Compiled (64-bit): Oct 24 2016 14:29:06
LogInit: Compiled with Visual C++: 19.00.23026.00
LogInit: Build Configuration: Development
LogInit: Branch Name: ++UE4+Release-4.13
LogInit: Command line: -EpicPortal 
LogInit: Base directory: C:/Program Files (x86)/Epic Games/4.13/Engine/Binaries/Win64/
LogInit: Installed Engine Build: 1
LogInit: Presizing for max 8388607 objects, including 0 objects not considered by GC, pre-allocating 0 bytes for permanent pool.
LogInit: Object subsystem initialized
[2016.11.18-18.23.06:583][  0]LogInit: Selected Device Profile: [Windows]
[2016.11.18-18.23.06:583][  0]LogInit: Applying CVar settings loaded from the selected device profile: [Windows]
[2016.11.18-18.23.06:606][  0]LogInit: Computer: DESKTOP-R3F6V63
[2016.11.18-18.23.06:606][  0]LogInit: User: Damen
[2016.11.18-18.23.06:606][  0]LogInit: CPU Page size=65536, Cores=4
[2016.11.18-18.23.06:606][  0]LogInit: High frequency timer resolution =3.914066 MHz
[2016.11.18-18.23.06:606][  0]LogMemory: Memory total: Physical=16.0GB (16GB approx)
[2016.11.18-18.23.06:606][  0]LogMemory: Platform Memory Stats for Windows
[2016.11.18-18.23.06:606][  0]LogMemory: Process Physical Memory: 256.52 MB used, 256.52 MB peak
[2016.11.18-18.23.06:606][  0]LogMemory: Process Virtual Memory: 260.02 MB used, 260.02 MB peak
[2016.11.18-18.23.06:606][  0]LogMemory: Physical Memory: 16331.70 MB used, 16343.71 MB total
[2016.11.18-18.23.06:606][  0]LogMemory: Virtual Memory: 623.23 MB used, 134217728.00 MB total
[2016.11.18-18.23.07:233][  0]LogTextLocalizationManager: No specific translations for ('en-US') exist, so ('en') translations will be used.
[2016.11.18-18.23.08:000][  0]LogD3D11RHI: D3D11 adapters:
[2016.11.18-18.23.08:090][  0]LogD3D11RHI:    0. 'NVIDIA GeForce GTX 1080' (Feature Level 11_0)
[2016.11.18-18.23.08:090][  0]LogD3D11RHI:       8144/0/8171 MB DedicatedVideo/DedicatedSystem/SharedSystem, Outputs:1, VendorId:0x10de
[2016.11.18-18.23.08:098][  0]LogD3D11RHI:    1. 'Microsoft Basic Render Driver' (Feature Level 11_0)
[2016.11.18-18.23.08:098][  0]LogD3D11RHI:       0/0/8171 MB DedicatedVideo/DedicatedSystem/SharedSystem, Outputs:0, VendorId:0x1414
[2016.11.18-18.23.08:098][  0]LogD3D11RHI: Chosen D3D11 Adapter: 0
[2016.11.18-18.23.08:102][  0]LogD3D11RHI: Creating new Direct3DDevice
[2016.11.18-18.23.08:102][  0]LogD3D11RHI:     GPU DeviceId: 0x1b80 (for the marketing name, search the web for "GPU Device Id")
[2016.11.18-18.23.08:102][  0]LogWindows: EnumDisplayDevices:
[2016.11.18-18.23.08:102][  0]LogWindows:    0. 'NVIDIA GeForce GTX 1080' (P:1 D:1)
[2016.11.18-18.23.08:102][  0]LogWindows:    1. 'NVIDIA GeForce GTX 1080' (P:0 D:0)
[2016.11.18-18.23.08:103][  0]LogWindows:    2. 'NVIDIA GeForce GTX 1080' (P:0 D:0)
[2016.11.18-18.23.08:103][  0]LogWindows:    3. 'NVIDIA GeForce GTX 1080' (P:0 D:0)
[2016.11.18-18.23.08:103][  0]LogWindows: DebugString: FoundDriverCount:4 
[2016.11.18-18.23.08:103][  0]LogD3D11RHI:     Adapter Name: NVIDIA GeForce GTX 1080
[2016.11.18-18.23.08:103][  0]LogD3D11RHI:   Driver Version: 369.09 (internal:21.21.13.6909, unified:369.09)
[2016.11.18-18.23.08:103][  0]LogD3D11RHI:      Driver Date: 8-1-2016
[2016.11.18-18.23.08:103][  0]LogRHI: Texture pool is 1361 MB (70% of 1945 MB)
[2016.11.18-18.23.08:116][  0]LogD3D11RHI: Async texture creation enabled
[2016.11.18-18.23.08:144][  0]LogD3D11RHI: GPU Timing Frequency: 1000.000000 (Debug: 2 1)
[2016.11.18-18.23.08:154][  0]LogShaderCompilers: Guid format shader working directory is -6 characters bigger than the processId version (../../../../../../Users/Damen/Documents/GitHub/Greg/Intermediate/Shaders/WorkingDirectory/14464/).
[2016.11.18-18.23.08:154][  0]LogShaderCompilers: Cleaned the shader compiler working directory 'C:/Users/Damen/AppData/Local/Temp/UnrealShaderWorkingDir/0F8FB69D4A9E6BFAFA119E9C2F3AA481/'.
[2016.11.18-18.23.08:154][  0]LogShaderCompilers:Display: Using Local Shader Compiler.
[2016.11.18-18.23.09:422][  0]LogTemp:Display: Loaded TP AllDesktopTargetPlatform
[2016.11.18-18.23.09:430][  0]LogTemp:Display: Loaded TP WindowsClientTargetPlatform
[2016.11.18-18.23.09:438][  0]LogTemp:Display: Loaded TP WindowsNoEditorTargetPlatform
[2016.11.18-18.23.09:446][  0]LogTemp:Display: Loaded TP WindowsServerTargetPlatform
[2016.11.18-18.23.09:454][  0]LogTemp:Display: Loaded TP WindowsTargetPlatform
[2016.11.18-18.23.09:462][  0]LogTemp:Display: Loaded TP AndroidTargetPlatform
[2016.11.18-18.23.09:469][  0]LogTemp:Display: Loaded TP Android_ASTCTargetPlatform
[2016.11.18-18.23.09:476][  0]LogTemp:Display: Loaded TP Android_ATCTargetPlatform
[2016.11.18-18.23.09:484][  0]LogTemp:Display: Loaded TP Android_DXTTargetPlatform
[2016.11.18-18.23.09:491][  0]LogTemp:Display: Loaded TP Android_ETC1TargetPlatform
[2016.11.18-18.23.09:498][  0]LogTemp:Display: Loaded TP Android_ETC2TargetPlatform
[2016.11.18-18.23.09:513][  0]LogTemp:Display: Loaded TP Android_MultiTargetPlatform
[2016.11.18-18.23.09:513][  0]LogTemp:Display: Loaded TP Android_PVRTCTargetPlatform
[2016.11.18-18.23.09:516][  0]LogTemp:Display: Loaded TP HTML5TargetPlatform
[2016.11.18-18.23.09:550][  0]LogTemp:Display: Loaded TP IOSTargetPlatform
[2016.11.18-18.23.09:557][  0]LogTemp:Display: Loaded TP TVOSTargetPlatform
[2016.11.18-18.23.09:564][  0]LogTemp:Display: Loaded TP LinuxClientTargetPlatform
[2016.11.18-18.23.09:571][  0]LogTemp:Display: Loaded TP LinuxNoEditorTargetPlatform
[2016.11.18-18.23.09:578][  0]LogTemp:Display: Loaded TP LinuxServerTargetPlatform
[2016.11.18-18.23.09:588][  0]LogTemp:Display: Loaded TP LinuxTargetPlatform
[2016.11.18-18.23.09:588][  0]LogTargetPlatformManager:Display: Building Assets For Windows
[2016.11.18-18.23.09:759][  0]LogDerivedDataCache:Display: Max Cache Size: 512 MB
[2016.11.18-18.23.09:969][  0]LogDerivedDataCache: Loaded boot cache 0.21s 62MB C:/Users/Damen/AppData/Local/UnrealEngine/4.13/DerivedDataCache/Boot.ddc.
[2016.11.18-18.23.09:969][  0]LogDerivedDataCache:Display: Loaded Boot cache: C:/Users/Damen/AppData/Local/UnrealEngine/4.13/DerivedDataCache/Boot.ddc
[2016.11.18-18.23.09:969][  0]LogDerivedDataCache: FDerivedDataBackendGraph:  Pak pak cache file ../../../../../../Users/Damen/Documents/GitHub/Greg/DerivedDataCache/DDC.ddp not found, will not use a pak cache.
[2016.11.18-18.23.09:969][  0]LogDerivedDataCache: Unable to find inner node Pak for hierarchical cache Hierarchy.
[2016.11.18-18.23.09:969][  0]LogDerivedDataCache: FDerivedDataBackendGraph:  CompressedPak pak cache file ../../../../../../Users/Damen/Documents/GitHub/Greg/DerivedDataCache/Compressed.ddp not found, will not use a pak cache.
[2016.11.18-18.23.09:969][  0]LogDerivedDataCache: Unable to find inner node CompressedPak for hierarchical cache Hierarchy.
[2016.11.18-18.23.09:987][  0]LogDerivedDataCache:Display: Pak cache opened for reading ../../../Engine/DerivedDataCache/Compressed.ddp.
[2016.11.18-18.23.10:000][  0]LogDerivedDataCache: Using Local data cache path C:/Users/Damen/AppData/Local/UnrealEngine/Common/DerivedDataCache: Writable
[2016.11.18-18.23.10:596][  0]LogInit: Selected Device Profile: [Windows]
[2016.11.18-18.23.10:608][  0]LogContentStreaming: Texture pool size is 0.00 MB
[2016.11.18-18.23.10:714][  0]LogMeshUtilities: No automatic mesh reduction module available
[2016.11.18-18.23.10:714][  0]LogMeshUtilities: No automatic mesh merging module available
[2016.11.18-18.23.10:714][  0]LogMeshUtilities: No distributed automatic mesh merging module available
[2016.11.18-18.23.10:848][  0]LogMaterial: Uniform references updated for custom material expression Custom.
[2016.11.18-18.23.11:313][  0]LogNetVersion: GetLocalNetworkVersion: CL: 3106830, ProjectName: greg, ProjectVersion: , EngineNetworkVersion: 1, GameNetworkVersion: 0, NetworkChecksum: 3459958176
[2016.11.18-18.23.11:370][  0]LogAssetRegistry: FAssetRegistry took 0.0240 seconds to start up
[2016.11.18-18.23.11:425][  0]LogPackageLocalizationCache: Processed 3 localized package path(s) for 2 prioritized culture(s) in 0.029512 seconds
[2016.11.18-18.23.11:429][  0]LogUObjectArray: 29778 objects as part of root set at end of initial load.
[2016.11.18-18.23.11:429][  0]LogUObjectAllocator: 6125448 out of 0 bytes used by permanent object pool.
[2016.11.18-18.23.11:429][  0]LogUObjectArray: CloseDisregardForGC: 0/0 objects in disregard for GC pool
[2016.11.18-18.23.11:451][  0]LogInit: WinSock: version 1.1 (2.2), MaxSocks=32767, MaxUdp=65467
[2016.11.18-18.23.11:922][  0]LogSlate: SlateFontCache - WITH_FREETYPE: 1, WITH_HARFBUZZ: 1
[2016.11.18-18.23.11:922][  0]LogSlate: SlateFontCache - WITH_FREETYPE: 1, WITH_HARFBUZZ: 1
[2016.11.18-18.23.13:408][  0]LogTcpMessaging: Initializing TcpMessaging bridge
[2016.11.18-18.23.13:446][  0]LogUdpMessaging: Initializing bridge on interface 0.0.0.0:0 to multicast group 230.0.0.1:6666.
[2016.11.18-18.23.13:892][  0]SourceControl: Info Source control is disabled
[2016.11.18-18.23.13:894][  0]SourceControl: Info Source control is disabled
[2016.11.18-18.23.13:919][  0]SourceControl: Info Source control is disabled
[2016.11.18-18.23.13:935][  0]SourceControl: Info Source control is disabled
[2016.11.18-18.23.14:513][  0]LogEngine: Initializing Engine...
[2016.11.18-18.23.14:514][  0]LogHMD: Failed to initialize OpenVR with code 110
[2016.11.18-18.23.14:714][  0]LogAIModule: Creating AISystem for world Untitled
[2016.11.18-18.23.14:749][  0]LogInit: XAudio2 using 'Speakers (Realtek High Definition Audio)' : 8 channels at 48 kHz using 32 bits per sample (channel mask 0x63f)
[2016.11.18-18.23.14:860][  0]LogInit: FAudioDevice initialized.
[2016.11.18-18.23.14:881][  0]LogDerivedDataCache: Saved boot cache 0.02s 62MB C:/Users/Damen/AppData/Local/UnrealEngine/4.13/DerivedDataCache/Boot.ddc.
[2016.11.18-18.23.14:894][  0]LogInit: Texture streaming: Enabled
[2016.11.18-18.23.15:188][  0]LogInit: Transaction tracking system initialized
[2016.11.18-18.23.15:317][  0]BlueprintLog: New page: Editor Load
[2016.11.18-18.23.15:757][  0]LocalizationService: Info Localization service is disabled
[2016.11.18-18.23.15:928][  0]LogConsoleResponse:Display: 
[2016.11.18-18.23.16:076][  0]LogCook:Display: Max memory allowance for cook 16384mb min free memory 0mb
[2016.11.18-18.23.16:077][  0]LogCook:Display: Mobile HDR setting 1
[2016.11.18-18.23.16:335][  0]LogFileCache: Scanning file cache for directory 'C:/Users/Damen/Documents/GitHub/Greg/Content/' took 0.02s
[2016.11.18-18.23.16:335][  0]SourceControl: Info Source control is disabled
[2016.11.18-18.23.16:337][  0]Cmd: MAP LOAD FILE="../../../../../../Users/Damen/Documents/GitHub/Greg/Content/FirstPersonBP/Maps/FirstPersonExampleMap.umap" TEMPLATE=0 SHOWPROGRESS=1 FEATURELEVEL=3
[2016.11.18-18.23.16:339][  0]LightingResults: New page: Lighting Build
[2016.11.18-18.23.16:355][  0]MapCheck: New page: Map Check
[2016.11.18-18.23.16:355][  0]LightingResults: New page: Lighting Build
[2016.11.18-18.23.17:150][  0]LogMaterial: Missing cached shader map for material mapRenderingMaterial, compiling. 
[2016.11.18-18.23.17:275][  0]LogTexture:Display: Building textures: T_Door_N (BC5)
[2016.11.18-18.23.17:649][  0]LogTexture:Display: Building textures: T_Door_M (DXT1)
[2016.11.18-18.23.18:181][  0]LogTexture:Display: Building textures: T_Ground_Moss_N (BC5)
[2016.11.18-18.23.18:697][  0]LogTexture:Display: Building textures: T_ground_Moss_D (AutoDXT)
[2016.11.18-18.23.20:523][  0]LogTexture:Display: Building textures: T_Metal_Gold_N (BC5)
[2016.11.18-18.23.20:903][  0]LogTexture:Display: Building textures: T_Metal_Gold_D (AutoDXT)
[2016.11.18-18.23.22:682][  0]LogTexture:Display: Building textures: T_Frame_N (BC5)
[2016.11.18-18.23.22:973][  0]LogTexture:Display: Building textures: T_Frame_M (DXT1)
[2016.11.18-18.23.23:536][  0]LogAIModule: Creating AISystem for world FirstPersonExampleMap
[2016.11.18-18.23.23:630][  0]LogEditorServer: Finished looking for orphan Actors (0.000 secs)
[2016.11.18-18.23.23:641][  0]Cmd: MAP CHECKDEP NOCLEARLOG
[2016.11.18-18.23.23:932][  0]MapCheck: Info Map check complete: 0 Error(s), 0 Warning(s), took 290.247ms to complete.
[2016.11.18-18.23.23:932][  0]LogFileHelpers: Loading map 'FirstPersonExampleMap' took 7.595
[2016.11.18-18.23.24:209][  0]LogCollectionManager: Loaded 0 collections in 0.001108 seconds
[2016.11.18-18.23.24:273][  0]LogFileCache: Scanning file cache for directory 'C:/Users/Damen/Documents/GitHub/Greg/Saved/Collections/' took 0.01s
[2016.11.18-18.23.24:274][  0]LogFileCache: Scanning file cache for directory 'C:/Users/Damen/Documents/GitHub/Greg/Content/Developers/Damen/Collections/' took 0.01s
[2016.11.18-18.23.24:274][  0]LogFileCache: Scanning file cache for directory 'C:/Users/Damen/Documents/GitHub/Greg/Content/Collections/' took 0.01s
[2016.11.18-18.23.24:274][  0]LogCollectionManager: Rebuilt the GUID cache for 0 collections in 0.000002 seconds
[2016.11.18-18.23.24:283][  0]LogContentBrowser: Native class hierarchy populated in 0.0081 seconds. Added 2141 classes and 415 folders.
[2016.11.18-18.23.24:293][  0]LogStats: UGameplayTagsManager::ConstructGameplayTagTree: Construct from data asset -  0.000 s
[2016.11.18-18.23.24:293][  0]LogStats: UGameplayTagsManager::ConstructGameplayTagTree: GameplayTagTreeChangedEvent.Broadcast -  0.000 s
[2016.11.18-18.23.24:294][  0]LogContentBrowser: Native class hierarchy updated for 'GameplayTags' in 0.0004 seconds. Added 12 classes and 0 folders.
[2016.11.18-18.23.24:298][  0]LogContentBrowser: Native class hierarchy updated for 'WidgetCarousel' in 0.0003 seconds. Added 0 classes and 0 folders.
[2016.11.18-18.23.24:454][  0]LogContentBrowser: Native class hierarchy updated for 'AddContentDialog' in 0.0003 seconds. Added 0 classes and 0 folders.
[2016.11.18-18.23.24:475][  0]LogContentBrowser: Native class hierarchy updated for 'SceneOutliner' in 0.0003 seconds. Added 1 classes and 2 folders.
[2016.11.18-18.23.24:575][  0]LogCrashTracker: Crashtracker disabled due to settings.
[2016.11.18-18.23.24:606][  0]LogUObjectGlobals:Warning: Failed to find object 'Class None.'
[2016.11.18-18.23.24:665][  0]LogContentBrowser: Native class hierarchy updated for 'HierarchicalLODOutliner' in 0.0004 seconds. Added 1 classes and 2 folders.
[2016.11.18-18.23.24:665][  0]LogLoad: (Engine Initialization) Total time: 19.05 seconds
[2016.11.18-18.23.24:665][  0]LogLoad: (Engine Initialization) Total Blueprint compile time: 0.32 seconds
[2016.11.18-18.23.24:666][  0]LogExternalProfiler: Found external profiler: VSPerf
[2016.11.18-18.23.24:666][  0]LogExternalProfiler: Using external profiler: VSPerf
[2016.11.18-18.23.24:677][  0]LogWindowsTextInputMethodSystem:Display: IME system now deactivated.
[2016.11.18-18.23.24:678][  0]LogOcInput: OculusInput pre-init called
[2016.11.18-18.23.24:716][  0]LogContentStreaming: Texture pool size now 1000 MB
[2016.11.18-18.23.24:886][  0]LogRenderer: Reallocating scene render targets to support 256x256 (Frame:2).
[2016.11.18-18.23.24:924][  0]LogRenderer: Reallocating scene render targets to support 1208x576 (Frame:2).
[2016.11.18-18.23.25:032][  1]LogAssetRegistry: Asset discovery search completed in 13.6840 seconds
[2016.11.18-18.23.25:032][  1]LogCollectionManager: Rebuilt the object cache for 0 collections in 0.000001 seconds (found 0 objects)
[2016.11.18-18.23.25:032][  1]LogCollectionManager: Fixed up redirectors for 0 collections in 0.000017 seconds (updated 0 objects)
[2016.11.18-18.23.32:859][844]LogBlueprintUserMessages: Early PlayInEditor Detection: Level '/Game/FirstPersonBP/Maps/FirstPersonExampleMap.FirstPersonExampleMap:PersistentLevel' has LevelScriptBlueprint '/Game/FirstPersonBP/Maps/FirstPersonExampleMap.FirstPersonExampleMap:PersistentLevel.FirstPersonExampleMap' with GeneratedClass '/Game/FirstPersonBP/Maps/FirstPersonExampleMap.FirstPersonExampleMap_C' with ClassGeneratedBy '/Game/FirstPersonBP/Maps/FirstPersonExampleMap.FirstPersonExampleMap:PersistentLevel.FirstPersonExampleMap'
[2016.11.18-18.23.32:860][844]LogPlayLevel: PlayLevel: No blueprints needed recompiling
[2016.11.18-18.23.32:874][844]PIE: New page: PIE session: FirstPersonExampleMap (Nov 18, 2016, 4:23:32 AM)
[2016.11.18-18.23.32:874][844]LogPlayLevel: Creating play world package: /Game/FirstPersonBP/Maps/UEDPIE_0_FirstPersonExampleMap
[2016.11.18-18.23.32:928][844]LogPlayLevel: PIE: StaticDuplicateObject took: (0.053969s)
[2016.11.18-18.23.32:929][844]LogAIModule: Creating AISystem for world FirstPersonExampleMap
[2016.11.18-18.23.32:930][844]LogPlayLevel: PIE: World Init took: (0.001244s)
[2016.11.18-18.23.32:930][844]LogPlayLevel: PIE: Created PIE world by copying editor world from /Game/FirstPersonBP/Maps/FirstPersonExampleMap.FirstPersonExampleMap to /Game/FirstPersonBP/Maps/UEDPIE_0_FirstPersonExampleMap.FirstPersonExampleMap (0.056067s)
[2016.11.18-18.23.32:968][844]LogInit: XAudio2 using 'Speakers (Realtek High Definition Audio)' : 8 channels at 48 kHz using 32 bits per sample (channel mask 0x63f)
[2016.11.18-18.23.33:045][844]LogInit: FAudioDevice initialized.
[2016.11.18-18.23.33:098][844]LogWorld: Game class is 'FirstPersonGameMode_C'
[2016.11.18-18.23.33:108][844]LogWorld: Bringing World /Game/FirstPersonBP/Maps/UEDPIE_0_FirstPersonExampleMap.FirstPersonExampleMap up for play (max tick rate 0) at 2016.11.18-11.23.33
[2016.11.18-18.23.33:117][844]LogWorld: Bringing up level for play took: 0.013199
[2016.11.18-18.23.33:139][844]LogContentBrowser: Native class hierarchy updated for 'MovieSceneCapture' in 0.0004 seconds. Added 11 classes and 0 folders.
[2016.11.18-18.23.33:139][844]LogGameMode:Display: Match State Changed from EnteringMap to WaitingToStart
[2016.11.18-18.23.33:140][844]LogGameState: Match State Changed from EnteringMap to WaitingToStart
[2016.11.18-18.23.33:140][844]LogGameMode:Display: Match State Changed from WaitingToStart to InProgress
[2016.11.18-18.23.33:156][844]LogGameState: Match State Changed from WaitingToStart to InProgress
[2016.11.18-18.23.33:156][844]PIE: Info Play in editor start time for /Game/FirstPersonBP/Maps/UEDPIE_0_FirstPersonExampleMap 0.491
[2016.11.18-18.23.33:156][844]LogBlueprintUserMessages: Late PlayInEditor Detection: Level '/Game/FirstPersonBP/Maps/FirstPersonExampleMap.FirstPersonExampleMap:PersistentLevel' has LevelScriptBlueprint '/Game/FirstPersonBP/Maps/FirstPersonExampleMap.FirstPersonExampleMap:PersistentLevel.FirstPersonExampleMap' with GeneratedClass '/Game/FirstPersonBP/Maps/FirstPersonExampleMap.FirstPersonExampleMap_C' with ClassGeneratedBy '/Game/FirstPersonBP/Maps/FirstPersonExampleMap.FirstPersonExampleMap:PersistentLevel.FirstPersonExampleMap'
[2016.11.18-18.23.44:985][241]LogBlueprintUserMessages: Early EndPlayMap Detection: Level '/Game/FirstPersonBP/Maps/FirstPersonExampleMap.FirstPersonExampleMap:PersistentLevel' has LevelScriptBlueprint '/Game/FirstPersonBP/Maps/FirstPersonExampleMap.FirstPersonExampleMap:PersistentLevel.FirstPersonExampleMap' with GeneratedClass '/Game/FirstPersonBP/Maps/FirstPersonExampleMap.FirstPersonExampleMap_C' with ClassGeneratedBy '/Game/FirstPersonBP/Maps/FirstPersonExampleMap.FirstPersonExampleMap:PersistentLevel.FirstPersonExampleMap'
[2016.11.18-18.23.45:028][241]LogBlueprintUserMessages: Late EndPlayMap Detection: Level '/Game/FirstPersonBP/Maps/FirstPersonExampleMap.FirstPersonExampleMap:PersistentLevel' has LevelScriptBlueprint '/Game/FirstPersonBP/Maps/FirstPersonExampleMap.FirstPersonExampleMap:PersistentLevel.FirstPersonExampleMap' with GeneratedClass '/Game/FirstPersonBP/Maps/FirstPersonExampleMap.FirstPersonExampleMap_C' with ClassGeneratedBy '/Game/FirstPersonBP/Maps/FirstPersonExampleMap.FirstPersonExampleMap:PersistentLevel.FirstPersonExampleMap'
[2016.11.18-18.25.18:701][  2]LogContentBrowser: Native class hierarchy updated for 'BlueprintGraph' in 0.0015 seconds. Added 112 classes and 0 folders.
[2016.11.18-18.25.44:201][799]BlueprintLog: New page: Compile Interactable
[2016.11.18-18.25.45:004][817]Cmd: OBJ SAVEPACKAGE PACKAGE="/Game/DG/Interfaces/Interactable" FILE="../../../../../../Users/Damen/Documents/GitHub/Greg/Content/DG/Interfaces/Interactable.uasset" SILENT=true
[2016.11.18-18.25.45:015][817]LogSavePackage: Save=9.41ms
[2016.11.18-18.25.45:015][817]LogSavePackage: Moving '../../../../../../Users/Damen/Documents/GitHub/Greg/Saved/Interactable13A1A1754FA176F174BFF89DBA9F0A46.tmp' to '../../../../../../Users/Damen/Documents/GitHub/Greg/Content/DG/Interfaces/Interactable.uasset'
[2016.11.18-18.25.45:020][817]LogSavePackage:Display: Finished SavePackage ../../../../../../Users/Damen/Documents/GitHub/Greg/Content/DG/Interfaces/Interactable.uasset
[2016.11.18-18.26.15:441][712]LogEditorViewport: Clicking on Actor (context menu): StaticMeshActor (BigWall)
[2016.11.18-18.26.16:327][739]LogEditorViewport: Clicking on Actor (context menu): StaticMeshActor (Floor)
[2016.11.18-18.26.28:736][713]LogRenderer: Reallocating scene render targets to support 1208x712 (Frame:3941).
[2016.11.18-18.27.25:321][197]LogPhysics:Warning: Initialising Body : Scale3D is (nearly) zero: Component: InteractableCubeTest_C_0.Box 
[2016.11.18-18.27.25:322][197]LogPhysics:Warning: Initialising Body : Scale3D is (nearly) zero: Component: InteractableCubeTest_C_0.Box 
[2016.11.18-18.27.25:358][198]LogPhysics:Warning: Initialising Body : Scale3D is (nearly) zero: Component: InteractableCubeTest_C_0.Box 
[2016.11.18-18.27.25:358][198]LogPhysics:Warning: Initialising Body : Scale3D is (nearly) zero: Component: InteractableCubeTest_C_0.Box 
[2016.11.18-18.27.25:359][198]LogPhysics:Warning: Initialising Body : Scale3D is (nearly) zero: Component: InteractableCubeTest_C_0.Box 
[2016.11.18-18.27.25:395][199]LogPhysics:Warning: Initialising Body : Scale3D is (nearly) zero: Component: InteractableCubeTest_C_0.Box 
[2016.11.18-18.27.25:395][199]LogPhysics:Warning: Initialising Body : Scale3D is (nearly) zero: Component: InteractableCubeTest_C_0.Box 
[2016.11.18-18.27.25:395][199]LogPhysics:Warning: Initialising Body : Scale3D is (nearly) zero: Component: InteractableCubeTest_C_0.Box 
[2016.11.18-18.27.25:433][200]LogPhysics:Warning: Initialising Body : Scale3D is (nearly) zero: Component: InteractableCubeTest_C_0.Box 
[2016.11.18-18.27.25:433][200]LogPhysics:Warning: Initialising Body : Scale3D is (nearly) zero: Component: InteractableCubeTest_C_0.Box 
[2016.11.18-18.27.25:433][200]LogPhysics:Warning: Initialising Body : Scale3D is (nearly) zero: Component: InteractableCubeTest_C_0.Box 
[2016.11.18-18.27.25:469][201]LogPhysics:Warning: Initialising Body : Scale3D is (nearly) zero: Component: InteractableCubeTest_C_0.Box 
[2016.11.18-18.27.25:469][201]LogPhysics:Warning: Initialising Body : Scale3D is (nearly) zero: Component: InteractableCubeTest_C_0.Box 
[2016.11.18-18.27.25:469][201]LogPhysics:Warning: Initialising Body : Scale3D is (nearly) zero: Component: InteractableCubeTest_C_0.Box 
[2016.11.18-18.27.25:506][202]LogPhysics:Warning: Initialising Body : Scale3D is (nearly) zero: Component: InteractableCubeTest_C_0.Box 
[2016.11.18-18.27.25:506][202]LogPhysics:Warning: Initialising Body : Scale3D is (nearly) zero: Component: InteractableCubeTest_C_0.Box 
[2016.11.18-18.27.25:506][202]LogPhysics:Warning: Initialising Body : Scale3D is (nearly) zero: Component: InteractableCubeTest_C_0.Box 
[2016.11.18-18.27.25:543][203]LogPhysics:Warning: Initialising Body : Scale3D is (nearly) zero: Component: InteractableCubeTest_C_0.Box 
[2016.11.18-18.27.25:544][203]LogPhysics:Warning: Initialising Body : Scale3D is (nearly) zero: Component: InteractableCubeTest_C_0.Box 
[2016.11.18-18.27.25:544][203]LogPhysics:Warning: Initialising Body : Scale3D is (nearly) zero: Component: InteractableCubeTest_C_0.Box 
[2016.11.18-18.27.25:580][204]LogPhysics:Warning: Initialising Body : Scale3D is (nearly) zero: Component: InteractableCubeTest_C_0.Box 
[2016.11.18-18.27.25:580][204]LogPhysics:Warning: Initialising Body : Scale3D is (nearly) zero: Component: InteractableCubeTest_C_0.Box 
[2016.11.18-18.27.25:580][204]LogPhysics:Warning: Initialising Body : Scale3D is (nearly) zero: Component: InteractableCubeTest_C_0.Box 
[2016.11.18-18.27.25:617][205]LogPhysics:Warning: Initialising Body : Scale3D is (nearly) zero: Component: InteractableCubeTest_C_0.Box 
[2016.11.18-18.27.25:617][205]LogPhysics:Warning: Initialising Body : Scale3D is (nearly) zero: Component: InteractableCubeTest_C_0.Box 
[2016.11.18-18.27.25:618][205]LogPhysics:Warning: Initialising Body : Scale3D is (nearly) zero: Component: InteractableCubeTest_C_0.Box 
[2016.11.18-18.27.25:654][206]LogPhysics:Warning: Initialising Body : Scale3D is (nearly) zero: Component: InteractableCubeTest_C_0.Box 
[2016.11.18-18.27.25:654][206]LogPhysics:Warning: Initialising Body : Scale3D is (nearly) zero: Component: InteractableCubeTest_C_0.Box 
[2016.11.18-18.27.25:655][206]LogPhysics:Warning: Initialising Body : Scale3D is (nearly) zero: Component: InteractableCubeTest_C_0.Box 
[2016.11.18-18.27.25:693][207]LogPhysics:Warning: Initialising Body : Scale3D is (nearly) zero: Component: InteractableCubeTest_C_0.Box 
[2016.11.18-18.27.25:693][207]LogPhysics:Warning: Initialising Body : Scale3D is (nearly) zero: Component: InteractableCubeTest_C_0.Box 
[2016.11.18-18.27.25:693][207]LogPhysics:Warning: Initialising Body : Scale3D is (nearly) zero: Component: InteractableCubeTest_C_0.Box 
[2016.11.18-18.27.25:731][208]LogPhysics:Warning: Initialising Body : Scale3D is (nearly) zero: Component: InteractableCubeTest_C_0.Box 
[2016.11.18-18.27.25:731][208]LogPhysics:Warning: Initialising Body : Scale3D is (nearly) zero: Component: InteractableCubeTest_C_0.Box 
[2016.11.18-18.27.25:731][208]LogPhysics:Warning: Initialising Body : Scale3D is (nearly) zero: Component: InteractableCubeTest_C_0.Box 
[2016.11.18-18.27.25:764][209]LogPhysics:Warning: Initialising Body : Scale3D is (nearly) zero: Component: InteractableCubeTest_C_0.Box 
[2016.11.18-18.27.25:799][210]LogPhysics:Warning: Initialising Body : Scale3D is (nearly) zero: Component: InteractableCubeTest_C_0.Box 
[2016.11.18-18.27.25:832][211]LogPhysics:Warning: Initialising Body : Scale3D is (nearly) zero: Component: InteractableCubeTest_C_0.Box 
[2016.11.18-18.27.25:868][212]LogPhysics:Warning: Initialising Body : Scale3D is (nearly) zero: Component: InteractableCubeTest_C_0.Box 
[2016.11.18-18.27.25:903][213]LogPhysics:Warning: Initialising Body : Scale3D is (nearly) zero: Component: InteractableCubeTest_C_0.Box 
[2016.11.18-18.27.25:937][214]LogPhysics:Warning: Initialising Body : Scale3D is (nearly) zero: Component: InteractableCubeTest_C_0.Box 
[2016.11.18-18.27.25:975][215]LogPhysics:Warning: Initialising Body : Scale3D is (nearly) zero: Component: InteractableCubeTest_C_0.Box 
[2016.11.18-18.27.26:011][216]LogPhysics:Warning: Initialising Body : Scale3D is (nearly) zero: Component: InteractableCubeTest_C_0.Box 
[2016.11.18-18.27.26:048][217]LogPhysics:Warning: Initialising Body : Scale3D is (nearly) zero: Component: InteractableCubeTest_C_0.Box 
[2016.11.18-18.27.26:081][218]LogPhysics:Warning: Initialising Body : Scale3D is (nearly) zero: Component: InteractableCubeTest_C_0.Box 
[2016.11.18-18.27.26:116][219]LogPhysics:Warning: Initialising Body : Scale3D is (nearly) zero: Component: InteractableCubeTest_C_0.Box 
[2016.11.18-18.27.26:151][220]LogPhysics:Warning: Initialising Body : Scale3D is (nearly) zero: Component: InteractableCubeTest_C_0.Box 
[2016.11.18-18.27.26:188][221]LogPhysics:Warning: Initialising Body : Scale3D is (nearly) zero: Component: InteractableCubeTest_C_0.Box 
[2016.11.18-18.27.26:222][222]LogPhysics:Warning: Initialising Body : Scale3D is (nearly) zero: Component: InteractableCubeTest_C_0.Box 
[2016.11.18-18.27.26:257][223]LogPhysics:Warning: Initialising Body : Scale3D is (nearly) zero: Component: InteractableCubeTest_C_0.Box 
[2016.11.18-18.27.26:291][224]LogPhysics:Warning: Initialising Body : Scale3D is (nearly) zero: Component: InteractableCubeTest_C_0.Box 
[2016.11.18-18.27.26:332][225]LogPhysics:Warning: Initialising Body : Scale3D is (nearly) zero: Component: InteractableCubeTest_C_0.Box 
[2016.11.18-18.27.26:374][226]LogPhysics:Warning: Initialising Body : Scale3D is (nearly) zero: Component: InteractableCubeTest_C_0.Box 
[2016.11.18-18.27.26:374][226]LogPhysics:Warning: Initialising Body : Scale3D is (nearly) zero: Component: InteractableCubeTest_C_0.Box 
[2016.11.18-18.27.26:374][226]LogPhysics:Warning: Initialising Body : Scale3D is (nearly) zero: Component: InteractableCubeTest_C_0.Box 
[2016.11.18-18.27.26:412][227]LogPhysics:Warning: Initialising Body : Scale3D is (nearly) zero: Component: InteractableCubeTest_C_0.Box 
[2016.11.18-18.27.26:450][228]LogPhysics:Warning: Initialising Body : Scale3D is (nearly) zero: Component: InteractableCubeTest_C_0.Box 
[2016.11.18-18.27.26:450][228]LogPhysics:Warning: Initialising Body : Scale3D is (nearly) zero: Component: InteractableCubeTest_C_0.Box 
[2016.11.18-18.27.26:451][228]LogPhysics:Warning: Initialising Body : Scale3D is (nearly) zero: Component: InteractableCubeTest_C_0.Box 
[2016.11.18-18.27.26:488][229]LogPhysics:Warning: Initialising Body : Scale3D is (nearly) zero: Component: InteractableCubeTest_C_0.Box 
[2016.11.18-18.27.26:525][230]LogPhysics:Warning: Initialising Body : Scale3D is (nearly) zero: Component: InteractableCubeTest_C_0.Box 
[2016.11.18-18.27.26:526][230]LogPhysics:Warning: Initialising Body : Scale3D is (nearly) zero: Component: InteractableCubeTest_C_0.Box 
[2016.11.18-18.27.26:526][230]LogPhysics:Warning: Initialising Body : Scale3D is (nearly) zero: Component: InteractableCubeTest_C_0.Box 
[2016.11.18-18.27.26:564][231]LogPhysics:Warning: Initialising Body : Scale3D is (nearly) zero: Component: InteractableCubeTest_C_0.Box 
[2016.11.18-18.27.26:603][232]LogPhysics:Warning: Initialising Body : Scale3D is (nearly) zero: Component: InteractableCubeTest_C_0.Box 
[2016.11.18-18.27.26:603][232]LogPhysics:Warning: Initialising Body : Scale3D is (nearly) zero: Component: InteractableCubeTest_C_0.Box 
[2016.11.18-18.27.26:603][232]LogPhysics:Warning: Initialising Body : Scale3D is (nearly) zero: Component: InteractableCubeTest_C_0.Box 
[2016.11.18-18.27.26:642][233]LogPhysics:Warning: Initialising Body : Scale3D is (nearly) zero: Component: InteractableCubeTest_C_0.Box 
[2016.11.18-18.27.26:683][234]LogPhysics:Warning: Initialising Body : Scale3D is (nearly) zero: Component: InteractableCubeTest_C_0.Box 
[2016.11.18-18.27.26:720][235]LogPhysics:Warning: Initialising Body : Scale3D is (nearly) zero: Component: InteractableCubeTest_C_0.Box 
[2016.11.18-18.27.26:720][235]LogPhysics:Warning: Initialising Body : Scale3D is (nearly) zero: Component: InteractableCubeTest_C_0.Box 
[2016.11.18-18.27.26:720][235]LogPhysics:Warning: Initialising Body : Scale3D is (nearly) zero: Component: InteractableCubeTest_C_0.Box 
[2016.11.18-18.27.26:757][236]LogPhysics:Warning: Initialising Body : Scale3D is (nearly) zero: Component: InteractableCubeTest_C_0.Box 
[2016.11.18-18.27.26:793][237]LogPhysics:Warning: Initialising Body : Scale3D is (nearly) zero: Component: InteractableCubeTest_C_0.Box 
[2016.11.18-18.27.26:793][237]LogPhysics:Warning: Initialising Body : Scale3D is (nearly) zero: Component: InteractableCubeTest_C_0.Box 
[2016.11.18-18.27.26:793][237]LogPhysics:Warning: Initialising Body : Scale3D is (nearly) zero: Component: InteractableCubeTest_C_0.Box 
[2016.11.18-18.27.26:829][238]LogPhysics:Warning: Initialising Body : Scale3D is (nearly) zero: Component: InteractableCubeTest_C_0.Box 
[2016.11.18-18.27.26:829][238]LogPhysics:Warning: Initialising Body : Scale3D is (nearly) zero: Component: InteractableCubeTest_C_0.Box 
[2016.11.18-18.27.26:829][238]LogPhysics:Warning: Initialising Body : Scale3D is (nearly) zero: Component: InteractableCubeTest_C_0.Box 
[2016.11.18-18.27.26:867][239]LogPhysics:Warning: Initialising Body : Scale3D is (nearly) zero: Component: InteractableCubeTest_C_0.Box 
[2016.11.18-18.27.26:867][239]LogPhysics:Warning: Initialising Body : Scale3D is (nearly) zero: Component: InteractableCubeTest_C_0.Box 
[2016.11.18-18.27.26:867][239]LogPhysics:Warning: Initialising Body : Scale3D is (nearly) zero: Component: InteractableCubeTest_C_0.Box 
[2016.11.18-18.27.26:905][240]LogPhysics:Warning: Initialising Body : Scale3D is (nearly) zero: Component: InteractableCubeTest_C_0.Box 
[2016.11.18-18.27.26:905][240]LogPhysics:Warning: Initialising Body : Scale3D is (nearly) zero: Component: InteractableCubeTest_C_0.Box 
[2016.11.18-18.27.26:906][240]LogPhysics:Warning: Initialising Body : Scale3D is (nearly) zero: Component: InteractableCubeTest_C_0.Box 
[2016.11.18-18.27.26:943][241]LogPhysics:Warning: Initialising Body : Scale3D is (nearly) zero: Component: InteractableCubeTest_C_0.Box 
[2016.11.18-18.27.26:943][241]LogPhysics:Warning: Initialising Body : Scale3D is (nearly) zero: Component: InteractableCubeTest_C_0.Box 
[2016.11.18-18.27.26:943][241]LogPhysics:Warning: Initialising Body : Scale3D is (nearly) zero: Component: InteractableCubeTest_C_0.Box 
[2016.11.18-18.27.26:980][242]LogPhysics:Warning: Initialising Body : Scale3D is (nearly) zero: Component: InteractableCubeTest_C_0.Box 
[2016.11.18-18.27.26:980][242]LogPhysics:Warning: Initialising Body : Scale3D is (nearly) zero: Component: InteractableCubeTest_C_0.Box 
[2016.11.18-18.27.26:980][242]LogPhysics:Warning: Initialising Body : Scale3D is (nearly) zero: Component: InteractableCubeTest_C_0.Box 
[2016.11.18-18.27.27:019][243]LogPhysics:Warning: Initialising Body : Scale3D is (nearly) zero: Component: InteractableCubeTest_C_0.Box 
[2016.11.18-18.27.27:019][243]LogPhysics:Warning: Initialising Body : Scale3D is (nearly) zero: Component: InteractableCubeTest_C_0.Box 
[2016.11.18-18.27.27:019][243]LogPhysics:Warning: Initialising Body : Scale3D is (nearly) zero: Component: InteractableCubeTest_C_0.Box 
[2016.11.18-18.27.27:056][244]LogPhysics:Warning: Initialising Body : Scale3D is (nearly) zero: Component: InteractableCubeTest_C_0.Box 
[2016.11.18-18.27.27:056][244]LogPhysics:Warning: Initialising Body : Scale3D is (nearly) zero: Component: InteractableCubeTest_C_0.Box 
[2016.11.18-18.27.27:056][244]LogPhysics:Warning: Initialising Body : Scale3D is (nearly) zero: Component: InteractableCubeTest_C_0.Box 
[2016.11.18-18.27.27:091][245]LogPhysics:Warning: Initialising Body : Scale3D is (nearly) zero: Component: InteractableCubeTest_C_0.Box 
[2016.11.18-18.27.27:091][245]LogPhysics:Warning: Initialising Body : Scale3D is (nearly) zero: Component: InteractableCubeTest_C_0.Box 
[2016.11.18-18.27.27:091][245]LogPhysics:Warning: Initialising Body : Scale3D is (nearly) zero: Component: InteractableCubeTest_C_0.Box 
[2016.11.18-18.27.27:128][246]LogPhysics:Warning: Initialising Body : Scale3D is (nearly) zero: Component: InteractableCubeTest_C_0.Box 
[2016.11.18-18.27.27:128][246]LogPhysics:Warning: Initialising Body : Scale3D is (nearly) zero: Component: InteractableCubeTest_C_0.Box 
[2016.11.18-18.27.27:129][246]LogPhysics:Warning: Initialising Body : Scale3D is (nearly) zero: Component: InteractableCubeTest_C_0.Box 
[2016.11.18-18.27.27:166][247]LogPhysics:Warning: Initialising Body : Scale3D is (nearly) zero: Component: InteractableCubeTest_C_0.Box 
[2016.11.18-18.27.27:166][247]LogPhysics:Warning: Initialising Body : Scale3D is (nearly) zero: Component: InteractableCubeTest_C_0.Box 
[2016.11.18-18.27.27:166][247]LogPhysics:Warning: Initialising Body : Scale3D is (nearly) zero: Component: InteractableCubeTest_C_0.Box 
[2016.11.18-18.27.27:203][248]LogPhysics:Warning: Initialising Body : Scale3D is (nearly) zero: Component: InteractableCubeTest_C_0.Box 
[2016.11.18-18.27.27:203][248]LogPhysics:Warning: Initialising Body : Scale3D is (nearly) zero: Component: InteractableCubeTest_C_0.Box 
[2016.11.18-18.27.27:203][248]LogPhysics:Warning: Initialising Body : Scale3D is (nearly) zero: Component: InteractableCubeTest_C_0.Box 
[2016.11.18-18.27.27:240][249]LogPhysics:Warning: Initialising Body : Scale3D is (nearly) zero: Component: InteractableCubeTest_C_0.Box 
[2016.11.18-18.27.27:240][249]LogPhysics:Warning: Initialising Body : Scale3D is (nearly) zero: Component: InteractableCubeTest_C_0.Box 
[2016.11.18-18.27.27:241][249]LogPhysics:Warning: Initialising Body : Scale3D is (nearly) zero: Component: InteractableCubeTest_C_0.Box 
[2016.11.18-18.27.27:276][250]LogPhysics:Warning: Initialising Body : Scale3D is (nearly) zero: Component: InteractableCubeTest_C_0.Box 
[2016.11.18-18.27.27:276][250]LogPhysics:Warning: Initialising Body : Scale3D is (nearly) zero: Component: InteractableCubeTest_C_0.Box 
[2016.11.18-18.27.27:276][250]LogPhysics:Warning: Initialising Body : Scale3D is (nearly) zero: Component: InteractableCubeTest_C_0.Box 
[2016.11.18-18.27.27:314][251]LogPhysics:Warning: Initialising Body : Scale3D is (nearly) zero: Component: InteractableCubeTest_C_0.Box 
[2016.11.18-18.27.27:314][251]LogPhysics:Warning: Initialising Body : Scale3D is (nearly) zero: Component: InteractableCubeTest_C_0.Box 
[2016.11.18-18.27.27:314][251]LogPhysics:Warning: Initialising Body : Scale3D is (nearly) zero: Component: InteractableCubeTest_C_0.Box 
[2016.11.18-18.27.27:350][252]LogPhysics:Warning: Initialising Body : Scale3D is (nearly) zero: Component: InteractableCubeTest_C_0.Box 
[2016.11.18-18.27.27:350][252]LogPhysics:Warning: Initialising Body : Scale3D is (nearly) zero: Component: InteractableCubeTest_C_0.Box 
[2016.11.18-18.27.27:351][252]LogPhysics:Warning: Initialising Body : Scale3D is (nearly) zero: Component: InteractableCubeTest_C_0.Box 
[2016.11.18-18.27.27:387][253]LogPhysics:Warning: Initialising Body : Scale3D is (nearly) zero: Component: InteractableCubeTest_C_0.Box 
[2016.11.18-18.27.35:766][487]Cmd: OBJ SAVEPACKAGE PACKAGE="/Game/DG/Blueprints/InteractableCubeTest" FILE="../../../../../../Users/Damen/Documents/GitHub/Greg/Content/DG/Blueprints/InteractableCubeTest.uasset" SILENT=true
[2016.11.18-18.27.35:784][487]LogSavePackage: Save=15.87ms
[2016.11.18-18.27.35:784][487]LogSavePackage: Moving '../../../../../../Users/Damen/Documents/GitHub/Greg/Saved/InteractableCubeTest7E94EFFD42E58027A81DFE8D03851C68.tmp' to '../../../../../../Users/Damen/Documents/GitHub/Greg/Content/DG/Blueprints/InteractableCubeTest.uasset'
[2016.11.18-18.27.35:786][487]LogSavePackage:Display: Finished SavePackage ../../../../../../Users/Damen/Documents/GitHub/Greg/Content/DG/Blueprints/InteractableCubeTest.uasset
[2016.11.18-18.27.36:229][499]BlueprintLog: New page: Compile InteractableCubeTest
[2016.11.18-18.27.46:805][811]LogSlate:Warning: Prevented a slow task dialog from being summoned while a context menu was open
[2016.11.18-18.28.01:326][238]Cmd: OBJ SAVEPACKAGE PACKAGE="/Game/DG/Blueprints/InteractableCubeTest" FILE="../../../../../../Users/Damen/Documents/GitHub/Greg/Content/DG/Blueprints/InteractableCubeTest.uasset" SILENT=true
[2016.11.18-18.28.01:360][238]LogSavePackage: Save=15.74ms
[2016.11.18-18.28.01:360][238]LogSavePackage: Moving '../../../../../../Users/Damen/Documents/GitHub/Greg/Saved/InteractableCubeTest6EB87BB84724EEF6EE8D3A82896C9C00.tmp' to '../../../../../../Users/Damen/Documents/GitHub/Greg/Content/DG/Blueprints/InteractableCubeTest.uasset'
[2016.11.18-18.28.01:361][238]LogSavePackage:Display: Finished SavePackage ../../../../../../Users/Damen/Documents/GitHub/Greg/Content/DG/Blueprints/InteractableCubeTest.uasset
[2016.11.18-18.28.01:778][249]BlueprintLog: New page: Compile InteractableCubeTest
[2016.11.18-18.28.15:265][611]Cmd: OBJ SAVEPACKAGE PACKAGE="/Game/DG/Blueprints/InteractableCubeTest" FILE="../../../../../../Users/Damen/Documents/GitHub/Greg/Content/DG/Blueprints/InteractableCubeTest.uasset" SILENT=true
[2016.11.18-18.28.15:290][611]LogSavePackage: Save=16.73ms
[2016.11.18-18.28.15:290][611]LogSavePackage: Moving '../../../../../../Users/Damen/Documents/GitHub/Greg/Saved/InteractableCubeTest632970C34033B14D84CFBBA4DDD1E31F.tmp' to '../../../../../../Users/Damen/Documents/GitHub/Greg/Content/DG/Blueprints/InteractableCubeTest.uasset'
[2016.11.18-18.28.15:292][611]LogSavePackage:Display: Finished SavePackage ../../../../../../Users/Damen/Documents/GitHub/Greg/Content/DG/Blueprints/InteractableCubeTest.uasset
[2016.11.18-18.28.15:649][621]BlueprintLog: New page: Compile InteractableCubeTest
[2016.11.18-18.30.19:743][946]LogSavePackage: Save=63.50ms
[2016.11.18-18.30.19:743][946]LogSavePackage: Moving '../../../../../../Users/Damen/Documents/GitHub/Greg/Saved/FirstPersonCharacter2615D3D04D87B7BFA327EB9794D3D933.tmp' to '../../../../../../Users/Damen/Documents/GitHub/Greg/Content/FirstPersonBP/Blueprints/FirstPersonCharacter.uasset'
[2016.11.18-18.30.19:747][946]LogSavePackage:Display: Finished SavePackage ../../../../../../Users/Damen/Documents/GitHub/Greg/Content/FirstPersonBP/Blueprints/FirstPersonCharacter.uasset
[2016.11.18-18.30.20:063][959]BlueprintLog: New page: Compile FirstPersonCharacter
[2016.11.18-18.30.34:821][719]LogSlate:Warning: Prevented a slow task dialog from being summoned while a context menu was open
[2016.11.18-18.30.46:888][184]LogSavePackage: Save=51.99ms
[2016.11.18-18.30.46:888][184]LogSavePackage: Moving '../../../../../../Users/Damen/Documents/GitHub/Greg/Saved/FirstPersonCharacter35831C2B4651DF021C05279FF9544783.tmp' to '../../../../../../Users/Damen/Documents/GitHub/Greg/Content/FirstPersonBP/Blueprints/FirstPersonCharacter.uasset'
[2016.11.18-18.30.46:890][184]LogSavePackage:Display: Finished SavePackage ../../../../../../Users/Damen/Documents/GitHub/Greg/Content/FirstPersonBP/Blueprints/FirstPersonCharacter.uasset
[2016.11.18-18.30.47:288][201]BlueprintLog: New page: Compile FirstPersonCharacter
[2016.11.18-18.30.48:136][253]LogSlate:Warning: Prevented a slow task dialog from being summoned while a context menu was open
[2016.11.18-18.31.09:164][323]LogSavePackage: Save=48.90ms
[2016.11.18-18.31.09:164][323]LogSavePackage: Moving '../../../../../../Users/Damen/Documents/GitHub/Greg/Saved/FirstPersonCharacter491C5F0E4F3E0A78F9F4F087610C30D9.tmp' to '../../../../../../Users/Damen/Documents/GitHub/Greg/Content/FirstPersonBP/Blueprints/FirstPersonCharacter.uasset'
[2016.11.18-18.31.09:165][323]LogSavePackage:Display: Finished SavePackage ../../../../../../Users/Damen/Documents/GitHub/Greg/Content/FirstPersonBP/Blueprints/FirstPersonCharacter.uasset
[2016.11.18-18.31.09:518][338]BlueprintLog: New page: Compile FirstPersonCharacter
[2016.11.18-18.31.24:971][637]LogBlueprintUserMessages: Early PlayInEditor Detection: Level '/Game/FirstPersonBP/Maps/FirstPersonExampleMap.FirstPersonExampleMap:PersistentLevel' has LevelScriptBlueprint '/Game/FirstPersonBP/Maps/FirstPersonExampleMap.FirstPersonExampleMap:PersistentLevel.FirstPersonExampleMap' with GeneratedClass '/Game/FirstPersonBP/Maps/FirstPersonExampleMap.FirstPersonExampleMap_C' with ClassGeneratedBy '/Game/FirstPersonBP/Maps/FirstPersonExampleMap.FirstPersonExampleMap:PersistentLevel.FirstPersonExampleMap'
[2016.11.18-18.31.24:972][637]LogPlayLevel: PlayLevel: No blueprints needed recompiling
[2016.11.18-18.31.24:982][637]PIE: New page: PIE session: FirstPersonExampleMap (Nov 18, 2016, 4:31:24 AM)
[2016.11.18-18.31.24:983][637]LogPlayLevel: Creating play world package: /Game/FirstPersonBP/Maps/UEDPIE_0_FirstPersonExampleMap
[2016.11.18-18.31.25:089][637]LogPlayLevel: PIE: StaticDuplicateObject took: (0.105116s)
[2016.11.18-18.31.25:098][637]LogAIModule: Creating AISystem for world FirstPersonExampleMap
[2016.11.18-18.31.25:100][637]LogPlayLevel: PIE: World Init took: (0.010894s)
[2016.11.18-18.31.25:100][637]LogPlayLevel: PIE: Created PIE world by copying editor world from /Game/FirstPersonBP/Maps/FirstPersonExampleMap.FirstPersonExampleMap to /Game/FirstPersonBP/Maps/UEDPIE_0_FirstPersonExampleMap.FirstPersonExampleMap (0.117497s)
[2016.11.18-18.31.25:137][637]LogInit: XAudio2 using 'Speakers (Realtek High Definition Audio)' : 8 channels at 48 kHz using 32 bits per sample (channel mask 0x63f)
[2016.11.18-18.31.25:327][637]LogInit: FAudioDevice initialized.
[2016.11.18-18.31.25:372][637]LogWorld: Game class is 'FirstPersonGameMode_C'
[2016.11.18-18.31.25:392][637]LogWorld: Bringing World /Game/FirstPersonBP/Maps/UEDPIE_0_FirstPersonExampleMap.FirstPersonExampleMap up for play (max tick rate 0) at 2016.11.18-11.31.25
[2016.11.18-18.31.25:398][637]LogWorld: Bringing up level for play took: 0.019146
[2016.11.18-18.31.25:412][637]LogGameMode:Display: Match State Changed from EnteringMap to WaitingToStart
[2016.11.18-18.31.25:412][637]LogGameState: Match State Changed from EnteringMap to WaitingToStart
[2016.11.18-18.31.25:413][637]LogGameMode:Display: Match State Changed from WaitingToStart to InProgress
[2016.11.18-18.31.25:432][637]LogGameState: Match State Changed from WaitingToStart to InProgress
[2016.11.18-18.31.25:434][637]PIE: Info Play in editor start time for /Game/FirstPersonBP/Maps/UEDPIE_0_FirstPersonExampleMap 0.767
[2016.11.18-18.31.25:434][637]LogBlueprintUserMessages: Late PlayInEditor Detection: Level '/Game/FirstPersonBP/Maps/FirstPersonExampleMap.FirstPersonExampleMap:PersistentLevel' has LevelScriptBlueprint '/Game/FirstPersonBP/Maps/FirstPersonExampleMap.FirstPersonExampleMap:PersistentLevel.FirstPersonExampleMap' with GeneratedClass '/Game/FirstPersonBP/Maps/FirstPersonExampleMap.FirstPersonExampleMap_C' with ClassGeneratedBy '/Game/FirstPersonBP/Maps/FirstPersonExampleMap.FirstPersonExampleMap:PersistentLevel.FirstPersonExampleMap'
[2016.11.18-18.31.32:182][432]LogBlueprintUserMessages: [InteractableCubeTest_570] Interacting with cube!
[2016.11.18-18.31.32:549][476]LogBlueprintUserMessages: [InteractableCubeTest_570] Interacting with cube!
[2016.11.18-18.31.32:807][507]LogBlueprintUserMessages: [InteractableCubeTest_570] Interacting with cube!
[2016.11.18-18.31.33:107][543]LogBlueprintUserMessages: [InteractableCubeTest_570] Interacting with cube!
[2016.11.18-18.31.45:109][983]LogBlueprintUserMessages: Early EndPlayMap Detection: Level '/Game/FirstPersonBP/Maps/FirstPersonExampleMap.FirstPersonExampleMap:PersistentLevel' has LevelScriptBlueprint '/Game/FirstPersonBP/Maps/FirstPersonExampleMap.FirstPersonExampleMap:PersistentLevel.FirstPersonExampleMap' with GeneratedClass '/Game/FirstPersonBP/Maps/FirstPersonExampleMap.FirstPersonExampleMap_C' with ClassGeneratedBy '/Game/FirstPersonBP/Maps/FirstPersonExampleMap.FirstPersonExampleMap:PersistentLevel.FirstPersonExampleMap'
[2016.11.18-18.31.45:182][983]LogBlueprintUserMessages: Late EndPlayMap Detection: Level '/Game/FirstPersonBP/Maps/FirstPersonExampleMap.FirstPersonExampleMap:PersistentLevel' has LevelScriptBlueprint '/Game/FirstPersonBP/Maps/FirstPersonExampleMap.FirstPersonExampleMap:PersistentLevel.FirstPersonExampleMap' with GeneratedClass '/Game/FirstPersonBP/Maps/FirstPersonExampleMap.FirstPersonExampleMap_C' with ClassGeneratedBy '/Game/FirstPersonBP/Maps/FirstPersonExampleMap.FirstPersonExampleMap:PersistentLevel.FirstPersonExampleMap'
[2016.11.18-18.31.48:652][150]LogSavePackage: Save=1229.08ms
[2016.11.18-18.31.48:652][150]LogSavePackage: Moving '../../../../../../Users/Damen/Documents/GitHub/Greg/Saved/FirstPersonExampleMap8819AB654323120D92958F89737081AD.tmp' to '../../../../../../Users/Damen/Documents/GitHub/Greg/Content/FirstPersonBP/Maps/FirstPersonExampleMap.umap'
[2016.11.18-18.31.48:657][150]LogSavePackage:Display: Finished SavePackage ../../../../../../Users/Damen/Documents/GitHub/Greg/Content/FirstPersonBP/Maps/FirstPersonExampleMap.umap
[2016.11.18-18.33.40:031][592]LogMetaData: Removing '/Game/DG/Blueprints/DoorSwitch.DoorSwitch:UserConstructionScript.K2Node_FunctionEntry_0' ref from Metadata '/Game/DG/Blueprints/Button.PackageMetaData'
[2016.11.18-18.33.40:034][592]LogMetaData: Removing '/Game/DG/Blueprints/DoorSwitch.SKEL_DoorSwitch_C' ref from Metadata '/Game/DG/Blueprints/Button.PackageMetaData'
[2016.11.18-18.33.40:034][592]LogMetaData: Removing '/Game/DG/Blueprints/DoorSwitch.DoorSwitch_C' ref from Metadata '/Game/DG/Blueprints/Button.PackageMetaData'
[2016.11.18-18.33.40:034][592]LogMetaData: Removing '/Game/DG/Blueprints/DoorSwitch.DoorSwitch:EventGraph.K2Node_Event_0' ref from Metadata '/Game/DG/Blueprints/Button.PackageMetaData'
[2016.11.18-18.33.40:034][592]LogMetaData: Removing '/Game/DG/Blueprints/DoorSwitch.DoorSwitch:EventGraph.K2Node_Event_1' ref from Metadata '/Game/DG/Blueprints/Button.PackageMetaData'
[2016.11.18-18.33.40:034][592]LogMetaData: Removing '/Game/DG/Blueprints/DoorSwitch.DoorSwitch:EventGraph.K2Node_Event_2' ref from Metadata '/Game/DG/Blueprints/Button.PackageMetaData'
[2016.11.18-18.33.40:068][592]Cmd: OBJ SAVEPACKAGE PACKAGE="/Game/DG/Blueprints/DoorSwitch" FILE="../../../../../../Users/Damen/Documents/GitHub/Greg/Content/DG/Blueprints/DoorSwitch.uasset" SILENT=true
[2016.11.18-18.33.40:092][592]LogSavePackage: Save=18.99ms
[2016.11.18-18.33.40:092][592]LogSavePackage: Moving '../../../../../../Users/Damen/Documents/GitHub/Greg/Saved/DoorSwitchE0D5A86E4C02176602CB1DB6FA9B707D.tmp' to '../../../../../../Users/Damen/Documents/GitHub/Greg/Content/DG/Blueprints/DoorSwitch.uasset'
[2016.11.18-18.33.40:097][592]LogSavePackage:Display: Finished SavePackage ../../../../../../Users/Damen/Documents/GitHub/Greg/Content/DG/Blueprints/DoorSwitch.uasset
[2016.11.18-18.34.20:760][934]Cmd: OBJ SAVEPACKAGE PACKAGE="/Game/DG/Blueprints/Door" FILE="../../../../../../Users/Damen/Documents/GitHub/Greg/Content/DG/Blueprints/Door.uasset" SILENT=true
[2016.11.18-18.34.20:783][934]LogSavePackage: Save=19.45ms
[2016.11.18-18.34.20:783][934]LogSavePackage: Moving '../../../../../../Users/Damen/Documents/GitHub/Greg/Saved/DoorFB12E419403241539EC000912DE39C25.tmp' to '../../../../../../Users/Damen/Documents/GitHub/Greg/Content/DG/Blueprints/Door.uasset'
[2016.11.18-18.34.20:784][934]LogSavePackage:Display: Finished SavePackage ../../../../../../Users/Damen/Documents/GitHub/Greg/Content/DG/Blueprints/Door.uasset
[2016.11.18-18.34.21:202][945]BlueprintLog: New page: Compile Door
[2016.11.18-18.34.45:914][695]LogEditorTransaction: Undo Modify Component(s)
[2016.11.18-18.34.47:367][728]LogEditorTransaction: Undo Modify Component(s)
[2016.11.18-18.34.47:892][740]LogEditorTransaction: Undo Modify Component(s)
[2016.11.18-18.35.33:687][230]Cmd: OBJ SAVEPACKAGE PACKAGE="/Game/DG/Blueprints/Door" FILE="../../../../../../Users/Damen/Documents/GitHub/Greg/Content/DG/Blueprints/Door.uasset" SILENT=true
[2016.11.18-18.35.33:717][230]LogSavePackage: Save=17.56ms
[2016.11.18-18.35.33:717][230]LogSavePackage: Moving '../../../../../../Users/Damen/Documents/GitHub/Greg/Saved/DoorB217638E48671AEA273531A010DBAF79.tmp' to '../../../../../../Users/Damen/Documents/GitHub/Greg/Content/DG/Blueprints/Door.uasset'
[2016.11.18-18.35.33:720][230]LogSavePackage:Display: Finished SavePackage ../../../../../../Users/Damen/Documents/GitHub/Greg/Content/DG/Blueprints/Door.uasset
[2016.11.18-18.35.50:708][792]Cmd: OBJ SAVEPACKAGE PACKAGE="/Game/DG/Blueprints/Door" FILE="../../../../../../Users/Damen/Documents/GitHub/Greg/Content/DG/Blueprints/Door.uasset" SILENT=true
[2016.11.18-18.35.50:724][792]LogSavePackage: Save=13.00ms
[2016.11.18-18.35.50:725][792]LogSavePackage: Moving '../../../../../../Users/Damen/Documents/GitHub/Greg/Saved/Door03ED12D546BAE1848EDAB18F16B59FA7.tmp' to '../../../../../../Users/Damen/Documents/GitHub/Greg/Content/DG/Blueprints/Door.uasset'
[2016.11.18-18.35.50:726][792]LogSavePackage:Display: Finished SavePackage ../../../../../../Users/Damen/Documents/GitHub/Greg/Content/DG/Blueprints/Door.uasset
[2016.11.18-18.35.51:078][802]BlueprintLog: New page: Compile Door
[2016.11.18-18.35.56:599][969]LogSlate:Warning: Prevented a slow task dialog from being summoned while a context menu was open
[2016.11.18-18.36.26:128][845]Cmd: OBJ SAVEPACKAGE PACKAGE="/Game/DG/Blueprints/Door" FILE="../../../../../../Users/Damen/Documents/GitHub/Greg/Content/DG/Blueprints/Door.uasset" SILENT=true
[2016.11.18-18.36.26:144][845]LogSavePackage: Save=12.28ms
[2016.11.18-18.36.26:144][845]LogSavePackage: Moving '../../../../../../Users/Damen/Documents/GitHub/Greg/Saved/Door4888497344CC2BDC6C1F41A904F52DFC.tmp' to '../../../../../../Users/Damen/Documents/GitHub/Greg/Content/DG/Blueprints/Door.uasset'
[2016.11.18-18.36.26:145][845]LogSavePackage:Display: Finished SavePackage ../../../../../../Users/Damen/Documents/GitHub/Greg/Content/DG/Blueprints/Door.uasset
[2016.11.18-18.36.26:504][856]BlueprintLog: New page: Compile Door
[2016.11.18-18.36.37:828][218]Cmd: OBJ SAVEPACKAGE PACKAGE="/Game/DG/Blueprints/Door" FILE="../../../../../../Users/Damen/Documents/GitHub/Greg/Content/DG/Blueprints/Door.uasset" SILENT=true
[2016.11.18-18.36.37:845][218]LogSavePackage: Save=14.12ms
[2016.11.18-18.36.37:845][218]LogSavePackage: Moving '../../../../../../Users/Damen/Documents/GitHub/Greg/Saved/DoorEF9591AF48E1597B088B34B296B4D4C1.tmp' to '../../../../../../Users/Damen/Documents/GitHub/Greg/Content/DG/Blueprints/Door.uasset'
[2016.11.18-18.36.37:847][218]LogSavePackage:Display: Finished SavePackage ../../../../../../Users/Damen/Documents/GitHub/Greg/Content/DG/Blueprints/Door.uasset
[2016.11.18-18.36.38:170][227]BlueprintLog: New page: Compile Door
[2016.11.18-18.37.02:896][960]Cmd: OBJ SAVEPACKAGE PACKAGE="/Game/DG/Blueprints/Door" FILE="../../../../../../Users/Damen/Documents/GitHub/Greg/Content/DG/Blueprints/Door.uasset" SILENT=true
[2016.11.18-18.37.02:915][960]LogSavePackage: Save=13.75ms
[2016.11.18-18.37.02:915][960]LogSavePackage: Moving '../../../../../../Users/Damen/Documents/GitHub/Greg/Saved/DoorE8FF75114910CA5754BBCD8F75E928A0.tmp' to '../../../../../../Users/Damen/Documents/GitHub/Greg/Content/DG/Blueprints/Door.uasset'
[2016.11.18-18.37.02:916][960]LogSavePackage:Display: Finished SavePackage ../../../../../../Users/Damen/Documents/GitHub/Greg/Content/DG/Blueprints/Door.uasset
[2016.11.18-18.37.03:423][974]BlueprintLog: New page: Compile Door
[2016.11.18-18.37.42:419][ 32]LogEditorTransaction: Undo Edit Static Mesh
[2016.11.18-18.38.02:648][594]LogTexture:Display: Building textures: T_Burst_M (AutoDXT)
[2016.11.18-18.38.14:811][953]Cmd: OBJ SAVEPACKAGE PACKAGE="/Game/DG/Blueprints/DoorSwitch" FILE="../../../../../../Users/Damen/Documents/GitHub/Greg/Content/DG/Blueprints/DoorSwitch.uasset" SILENT=true
[2016.11.18-18.38.14:834][953]LogSavePackage: Save=14.52ms
[2016.11.18-18.38.14:834][953]LogSavePackage: Moving '../../../../../../Users/Damen/Documents/GitHub/Greg/Saved/DoorSwitch3C641D6F444E93496C3849BB6CE8A708.tmp' to '../../../../../../Users/Damen/Documents/GitHub/Greg/Content/DG/Blueprints/DoorSwitch.uasset'
[2016.11.18-18.38.14:837][953]LogSavePackage:Display: Finished SavePackage ../../../../../../Users/Damen/Documents/GitHub/Greg/Content/DG/Blueprints/DoorSwitch.uasset
[2016.11.18-18.38.15:397][969]BlueprintLog: New page: Compile DoorSwitch
[2016.11.18-18.38.31:298][501]LogSlate:Warning: Prevented a slow task dialog from being summoned while a context menu was open
[2016.11.18-18.38.36:510][644]Cmd: OBJ SAVEPACKAGE PACKAGE="/Game/DG/Blueprints/DoorSwitch" FILE="../../../../../../Users/Damen/Documents/GitHub/Greg/Content/DG/Blueprints/DoorSwitch.uasset" SILENT=true
[2016.11.18-18.38.36:528][644]LogSavePackage: Save=13.24ms
[2016.11.18-18.38.36:528][644]LogSavePackage: Moving '../../../../../../Users/Damen/Documents/GitHub/Greg/Saved/DoorSwitch6A8F86F64484C72E629F51A13886FB56.tmp' to '../../../../../../Users/Damen/Documents/GitHub/Greg/Content/DG/Blueprints/DoorSwitch.uasset'
[2016.11.18-18.38.36:529][644]LogSavePackage:Display: Finished SavePackage ../../../../../../Users/Damen/Documents/GitHub/Greg/Content/DG/Blueprints/DoorSwitch.uasset
[2016.11.18-18.38.36:846][653]BlueprintLog: New page: Compile DoorSwitch
[2016.11.18-18.39.05:815][649]Cmd: OBJ SAVEPACKAGE PACKAGE="/Game/DG/Blueprints/DoorSwitch" FILE="../../../../../../Users/Damen/Documents/GitHub/Greg/Content/DG/Blueprints/DoorSwitch.uasset" SILENT=true
[2016.11.18-18.39.05:833][649]LogSavePackage: Save=13.61ms
[2016.11.18-18.39.05:833][649]LogSavePackage: Moving '../../../../../../Users/Damen/Documents/GitHub/Greg/Saved/DoorSwitch54DCEAC84920F1CAFFE918BAFDAAF33A.tmp' to '../../../../../../Users/Damen/Documents/GitHub/Greg/Content/DG/Blueprints/DoorSwitch.uasset'
[2016.11.18-18.39.05:834][649]LogSavePackage:Display: Finished SavePackage ../../../../../../Users/Damen/Documents/GitHub/Greg/Content/DG/Blueprints/DoorSwitch.uasset
[2016.11.18-18.39.06:222][660]BlueprintLog: New page: Compile DoorSwitch
[2016.11.18-18.39.09:336][754]BlueprintLog: New page: Compile DoorSwitch
[2016.11.18-18.39.15:582][926]Cmd: OBJ SAVEPACKAGE PACKAGE="/Game/DG/Blueprints/DoorSwitch" FILE="../../../../../../Users/Damen/Documents/GitHub/Greg/Content/DG/Blueprints/DoorSwitch.uasset" SILENT=true
[2016.11.18-18.39.15:601][926]LogSavePackage: Save=14.16ms
[2016.11.18-18.39.15:601][926]LogSavePackage: Moving '../../../../../../Users/Damen/Documents/GitHub/Greg/Saved/DoorSwitchAFA6F3A74C254BC45652C1B6D5A2D2D3.tmp' to '../../../../../../Users/Damen/Documents/GitHub/Greg/Content/DG/Blueprints/DoorSwitch.uasset'
[2016.11.18-18.39.15:602][926]LogSavePackage:Display: Finished SavePackage ../../../../../../Users/Damen/Documents/GitHub/Greg/Content/DG/Blueprints/DoorSwitch.uasset
[2016.11.18-18.39.15:961][936]BlueprintLog: New page: Compile DoorSwitch
[2016.11.18-18.40.06:912][212]Cmd: OBJ SAVEPACKAGE PACKAGE="/Game/DG/Blueprints/DoorSwitch" FILE="../../../../../../Users/Damen/Documents/GitHub/Greg/Content/DG/Blueprints/DoorSwitch.uasset" SILENT=true
[2016.11.18-18.40.06:940][212]LogSavePackage: Save=25.09ms
[2016.11.18-18.40.06:940][212]LogSavePackage: Moving '../../../../../../Users/Damen/Documents/GitHub/Greg/Saved/DoorSwitchF264EAA6475AEB7738A8ADBE0795EA78.tmp' to '../../../../../../Users/Damen/Documents/GitHub/Greg/Content/DG/Blueprints/DoorSwitch.uasset'
[2016.11.18-18.40.06:941][212]LogSavePackage:Display: Finished SavePackage ../../../../../../Users/Damen/Documents/GitHub/Greg/Content/DG/Blueprints/DoorSwitch.uasset
[2016.11.18-18.40.07:214][220]BlueprintLog: New page: Compile DoorSwitch
[2016.11.18-18.40.43:134][734]LogEditorViewport: Clicking on Actor (LMB): Door_C (Door)
[2016.11.18-18.40.46:672][110]LogEditorViewport: Clicking on Actor (LMB): DoorSwitch_C (DoorSwitch)
[2016.11.18-18.41.03:763][153]LogSavePackage: Save=1563.34ms
[2016.11.18-18.41.03:763][153]LogSavePackage: Moving '../../../../../../Users/Damen/Documents/GitHub/Greg/Saved/FirstPersonExampleMapEC8D3C5F4EF0A2F33207E7A73EB41ACB.tmp' to '../../../../../../Users/Damen/Documents/GitHub/Greg/Content/FirstPersonBP/Maps/FirstPersonExampleMap.umap'
[2016.11.18-18.41.03:851][153]LogSavePackage:Display: Finished SavePackage ../../../../../../Users/Damen/Documents/GitHub/Greg/Content/FirstPersonBP/Maps/FirstPersonExampleMap.umap
[2016.11.18-18.41.04:579][222]LogBlueprintUserMessages: Early PlayInEditor Detection: Level '/Game/FirstPersonBP/Maps/FirstPersonExampleMap.FirstPersonExampleMap:PersistentLevel' has LevelScriptBlueprint '/Game/FirstPersonBP/Maps/FirstPersonExampleMap.FirstPersonExampleMap:PersistentLevel.FirstPersonExampleMap' with GeneratedClass '/Game/FirstPersonBP/Maps/FirstPersonExampleMap.FirstPersonExampleMap_C' with ClassGeneratedBy '/Game/FirstPersonBP/Maps/FirstPersonExampleMap.FirstPersonExampleMap:PersistentLevel.FirstPersonExampleMap'
[2016.11.18-18.41.04:580][222]LogPlayLevel: PlayLevel: No blueprints needed recompiling
[2016.11.18-18.41.04:582][222]PIE: New page: PIE session: FirstPersonExampleMap (Nov 18, 2016, 4:41:04 AM)
[2016.11.18-18.41.04:583][222]LogPlayLevel: Creating play world package: /Game/FirstPersonBP/Maps/UEDPIE_0_FirstPersonExampleMap
[2016.11.18-18.41.04:630][222]LogPlayLevel: PIE: StaticDuplicateObject took: (0.046683s)
[2016.11.18-18.41.04:638][222]LogAIModule: Creating AISystem for world FirstPersonExampleMap
[2016.11.18-18.41.04:642][222]LogPlayLevel: PIE: World Init took: (0.011716s)
[2016.11.18-18.41.04:643][222]LogPlayLevel: PIE: Created PIE world by copying editor world from /Game/FirstPersonBP/Maps/FirstPersonExampleMap.FirstPersonExampleMap to /Game/FirstPersonBP/Maps/UEDPIE_0_FirstPersonExampleMap.FirstPersonExampleMap (0.059862s)
[2016.11.18-18.41.04:684][222]LogInit: XAudio2 using 'Speakers (Realtek High Definition Audio)' : 8 channels at 48 kHz using 32 bits per sample (channel mask 0x63f)
[2016.11.18-18.41.04:914][222]LogInit: FAudioDevice initialized.
[2016.11.18-18.41.04:964][222]LogWorld: Game class is 'FirstPersonGameMode_C'
[2016.11.18-18.41.05:006][222]LogWorld: Bringing World /Game/FirstPersonBP/Maps/UEDPIE_0_FirstPersonExampleMap.FirstPersonExampleMap up for play (max tick rate 0) at 2016.11.18-11.41.05
[2016.11.18-18.41.05:014][222]LogWorld: Bringing up level for play took: 0.042440
[2016.11.18-18.41.05:026][222]LogGameMode:Display: Match State Changed from EnteringMap to WaitingToStart
[2016.11.18-18.41.05:026][222]LogGameState: Match State Changed from EnteringMap to WaitingToStart
[2016.11.18-18.41.05:026][222]LogGameMode:Display: Match State Changed from WaitingToStart to InProgress
[2016.11.18-18.41.05:043][222]LogGameState: Match State Changed from WaitingToStart to InProgress
[2016.11.18-18.41.05:045][222]PIE: Info Play in editor start time for /Game/FirstPersonBP/Maps/UEDPIE_0_FirstPersonExampleMap 0.379
[2016.11.18-18.41.05:045][222]LogBlueprintUserMessages: Late PlayInEditor Detection: Level '/Game/FirstPersonBP/Maps/FirstPersonExampleMap.FirstPersonExampleMap:PersistentLevel' has LevelScriptBlueprint '/Game/FirstPersonBP/Maps/FirstPersonExampleMap.FirstPersonExampleMap:PersistentLevel.FirstPersonExampleMap' with GeneratedClass '/Game/FirstPersonBP/Maps/FirstPersonExampleMap.FirstPersonExampleMap_C' with ClassGeneratedBy '/Game/FirstPersonBP/Maps/FirstPersonExampleMap.FirstPersonExampleMap:PersistentLevel.FirstPersonExampleMap'
[2016.11.18-18.41.14:005][266]LogBlueprintUserMessages: [Door_310] opening
[2016.11.18-18.41.17:656][704]LogBlueprintUserMessages: Early EndPlayMap Detection: Level '/Game/FirstPersonBP/Maps/FirstPersonExampleMap.FirstPersonExampleMap:PersistentLevel' has LevelScriptBlueprint '/Game/FirstPersonBP/Maps/FirstPersonExampleMap.FirstPersonExampleMap:PersistentLevel.FirstPersonExampleMap' with GeneratedClass '/Game/FirstPersonBP/Maps/FirstPersonExampleMap.FirstPersonExampleMap_C' with ClassGeneratedBy '/Game/FirstPersonBP/Maps/FirstPersonExampleMap.FirstPersonExampleMap:PersistentLevel.FirstPersonExampleMap'
[2016.11.18-18.41.17:847][704]LogBlueprintUserMessages: Late EndPlayMap Detection: Level '/Game/FirstPersonBP/Maps/FirstPersonExampleMap.FirstPersonExampleMap:PersistentLevel' has LevelScriptBlueprint '/Game/FirstPersonBP/Maps/FirstPersonExampleMap.FirstPersonExampleMap:PersistentLevel.FirstPersonExampleMap' with GeneratedClass '/Game/FirstPersonBP/Maps/FirstPersonExampleMap.FirstPersonExampleMap_C' with ClassGeneratedBy '/Game/FirstPersonBP/Maps/FirstPersonExampleMap.FirstPersonExampleMap:PersistentLevel.FirstPersonExampleMap'
[2016.11.18-18.43.03:713][920]LogEditorViewport: Clicking on Actor (context menu): Door_C (Door)
[2016.11.18-18.43.04:759][965]LogEditorViewport: Clicking on Actor (LMB): Door_C (Door)
[2016.11.18-18.43.21:971][800]Cmd: TRANSACTION UNDO
[2016.11.18-18.43.21:971][800]LogEditorTransaction: Undo Move Actors
[2016.11.18-18.46.29:658][270]LogEditorTransaction: Undo Add Key(s)
[2016.11.18-18.47.33:431][140]Cmd: OBJ SAVEPACKAGE PACKAGE="/Game/DG/Blueprints/Door" FILE="../../../../../../Users/Damen/Documents/GitHub/Greg/Content/DG/Blueprints/Door.uasset" SILENT=true
[2016.11.18-18.47.33:507][140]LogSavePackage: Save=57.98ms
[2016.11.18-18.47.33:507][140]LogSavePackage: Moving '../../../../../../Users/Damen/Documents/GitHub/Greg/Saved/Door710AC9D24D321E300FB579BCDBA67354.tmp' to '../../../../../../Users/Damen/Documents/GitHub/Greg/Content/DG/Blueprints/Door.uasset'
[2016.11.18-18.47.33:517][140]LogSavePackage:Display: Finished SavePackage ../../../../../../Users/Damen/Documents/GitHub/Greg/Content/DG/Blueprints/Door.uasset
[2016.11.18-18.47.33:889][151]BlueprintLog: New page: Compile Door
[2016.11.18-18.48.23:154][860]Cmd: OBJ SAVEPACKAGE PACKAGE="/Game/DG/Blueprints/Door" FILE="../../../../../../Users/Damen/Documents/GitHub/Greg/Content/DG/Blueprints/Door.uasset" SILENT=true
[2016.11.18-18.48.23:185][860]LogSavePackage: Save=19.24ms
[2016.11.18-18.48.23:185][860]LogSavePackage: Moving '../../../../../../Users/Damen/Documents/GitHub/Greg/Saved/Door5419F4864A388256B2F7879AA6A48753.tmp' to '../../../../../../Users/Damen/Documents/GitHub/Greg/Content/DG/Blueprints/Door.uasset'
[2016.11.18-18.48.23:186][860]LogSavePackage:Display: Finished SavePackage ../../../../../../Users/Damen/Documents/GitHub/Greg/Content/DG/Blueprints/Door.uasset
[2016.11.18-18.48.47:696][529]Cmd: OBJ SAVEPACKAGE PACKAGE="/Game/DG/Blueprints/Door" FILE="../../../../../../Users/Damen/Documents/GitHub/Greg/Content/DG/Blueprints/Door.uasset" SILENT=true
[2016.11.18-18.48.47:713][529]LogSavePackage: Save=10.74ms
[2016.11.18-18.48.47:713][529]LogSavePackage: Moving '../../../../../../Users/Damen/Documents/GitHub/Greg/Saved/Door5C37D9F64A5D8CD8E305D9A428AF0525.tmp' to '../../../../../../Users/Damen/Documents/GitHub/Greg/Content/DG/Blueprints/Door.uasset'
[2016.11.18-18.48.47:715][529]LogSavePackage:Display: Finished SavePackage ../../../../../../Users/Damen/Documents/GitHub/Greg/Content/DG/Blueprints/Door.uasset
[2016.11.18-18.48.51:995][700]LogBlueprintUserMessages: Early PlayInEditor Detection: Level '/Game/FirstPersonBP/Maps/FirstPersonExampleMap.FirstPersonExampleMap:PersistentLevel' has LevelScriptBlueprint '/Game/FirstPersonBP/Maps/FirstPersonExampleMap.FirstPersonExampleMap:PersistentLevel.FirstPersonExampleMap' with GeneratedClass '/Game/FirstPersonBP/Maps/FirstPersonExampleMap.FirstPersonExampleMap_C' with ClassGeneratedBy '/Game/FirstPersonBP/Maps/FirstPersonExampleMap.FirstPersonExampleMap:PersistentLevel.FirstPersonExampleMap'
[2016.11.18-18.48.51:997][700]LogPlayLevel: PlayLevel: No blueprints needed recompiling
[2016.11.18-18.48.52:006][700]PIE: New page: PIE session: FirstPersonExampleMap (Nov 18, 2016, 4:48:52 AM)
[2016.11.18-18.48.52:009][700]LogPlayLevel: Creating play world package: /Game/FirstPersonBP/Maps/UEDPIE_0_FirstPersonExampleMap
[2016.11.18-18.48.52:100][700]LogPlayLevel: PIE: StaticDuplicateObject took: (0.090023s)
[2016.11.18-18.48.52:132][700]LogAIModule: Creating AISystem for world FirstPersonExampleMap
[2016.11.18-18.48.52:141][700]LogPlayLevel: PIE: World Init took: (0.041267s)
[2016.11.18-18.48.52:142][700]LogPlayLevel: PIE: Created PIE world by copying editor world from /Game/FirstPersonBP/Maps/FirstPersonExampleMap.FirstPersonExampleMap to /Game/FirstPersonBP/Maps/UEDPIE_0_FirstPersonExampleMap.FirstPersonExampleMap (0.134176s)
[2016.11.18-18.48.52:194][700]LogInit: XAudio2 using 'Speakers (Realtek High Definition Audio)' : 8 channels at 48 kHz using 32 bits per sample (channel mask 0x63f)
[2016.11.18-18.48.52:268][700]LogInit: FAudioDevice initialized.
[2016.11.18-18.48.52:320][700]LogWorld: Game class is 'FirstPersonGameMode_C'
[2016.11.18-18.48.52:366][700]LogWorld: Bringing World /Game/FirstPersonBP/Maps/UEDPIE_0_FirstPersonExampleMap.FirstPersonExampleMap up for play (max tick rate 0) at 2016.11.18-11.48.52
[2016.11.18-18.48.52:382][700]LogWorld: Bringing up level for play took: 0.055833
[2016.11.18-18.48.52:393][700]LogGameMode:Display: Match State Changed from EnteringMap to WaitingToStart
[2016.11.18-18.48.52:393][700]LogGameState: Match State Changed from EnteringMap to WaitingToStart
[2016.11.18-18.48.52:393][700]LogGameMode:Display: Match State Changed from WaitingToStart to InProgress
[2016.11.18-18.48.52:417][700]LogGameState: Match State Changed from WaitingToStart to InProgress
[2016.11.18-18.48.52:418][700]PIE: Info Play in editor start time for /Game/FirstPersonBP/Maps/UEDPIE_0_FirstPersonExampleMap -0.248
[2016.11.18-18.48.52:418][700]LogBlueprintUserMessages: Late PlayInEditor Detection: Level '/Game/FirstPersonBP/Maps/FirstPersonExampleMap.FirstPersonExampleMap:PersistentLevel' has LevelScriptBlueprint '/Game/FirstPersonBP/Maps/FirstPersonExampleMap.FirstPersonExampleMap:PersistentLevel.FirstPersonExampleMap' with GeneratedClass '/Game/FirstPersonBP/Maps/FirstPersonExampleMap.FirstPersonExampleMap_C' with ClassGeneratedBy '/Game/FirstPersonBP/Maps/FirstPersonExampleMap.FirstPersonExampleMap:PersistentLevel.FirstPersonExampleMap'
[2016.11.18-18.48.57:977][331]LogBlueprintUserMessages: [Door_310] opening
[2016.11.18-18.48.59:137][470]LogBlueprintUserMessages: [Door_310] opening
[2016.11.18-18.48.59:962][569]LogBlueprintUserMessages: [Door_310] opening
[2016.11.18-18.49.02:983][697]LogBlueprintUserMessages: [Door_310] opened
[2016.11.18-18.49.34:890][956]LogBlueprintUserMessages: Early EndPlayMap Detection: Level '/Game/FirstPersonBP/Maps/FirstPersonExampleMap.FirstPersonExampleMap:PersistentLevel' has LevelScriptBlueprint '/Game/FirstPersonBP/Maps/FirstPersonExampleMap.FirstPersonExampleMap:PersistentLevel.FirstPersonExampleMap' with GeneratedClass '/Game/FirstPersonBP/Maps/FirstPersonExampleMap.FirstPersonExampleMap_C' with ClassGeneratedBy '/Game/FirstPersonBP/Maps/FirstPersonExampleMap.FirstPersonExampleMap:PersistentLevel.FirstPersonExampleMap'
[2016.11.18-18.49.35:149][956]LogBlueprintUserMessages: Late EndPlayMap Detection: Level '/Game/FirstPersonBP/Maps/FirstPersonExampleMap.FirstPersonExampleMap:PersistentLevel' has LevelScriptBlueprint '/Game/FirstPersonBP/Maps/FirstPersonExampleMap.FirstPersonExampleMap:PersistentLevel.FirstPersonExampleMap' with GeneratedClass '/Game/FirstPersonBP/Maps/FirstPersonExampleMap.FirstPersonExampleMap_C' with ClassGeneratedBy '/Game/FirstPersonBP/Maps/FirstPersonExampleMap.FirstPersonExampleMap:PersistentLevel.FirstPersonExampleMap'
[2016.11.18-18.51.26:469][502]LogCrashTracker: 


[2016.11.18-18.51.26:472][502]LogCrashTracker: 


[2016.11.18-18.51.26:472][502]LogWindows:Error: === Critical error: ===
[2016.11.18-18.51.26:473][502]LogWindows:Error: 
[2016.11.18-18.51.26:473][502]LogWindows:Error: Fatal error!
[2016.11.18-18.51.26:473][502]LogWindows:Error: 
[2016.11.18-18.51.26:473][502]LogWindows:Error: Unhandled Exception: EXCEPTION_ACCESS_VIOLATION reading address 0xffffffff
[2016.11.18-18.51.26:473][502]LogWindows:Error: 
[2016.11.18-18.51.26:473][502]LogWindows:Error: NahimicMSIOSD.dll
[2016.11.18-18.51.26:473][502]LogWindows:Error: NahimicMSIOSD.dll
[2016.11.18-18.51.26:473][502]LogWindows:Error: UE4Editor-Core.dll
[2016.11.18-18.51.26:473][502]LogWindows:Error: UE4Editor-SlateCore.dll
[2016.11.18-18.51.26:473][502]LogWindows:Error: UE4Editor-GraphEditor.dll
[2016.11.18-18.51.26:473][502]LogWindows:Error: UE4Editor-GraphEditor.dll
[2016.11.18-18.51.26:473][502]LogWindows:Error: UE4Editor-GraphEditor.dll
[2016.11.18-18.51.26:473][502]LogWindows:Error: UE4Editor-GraphEditor.dll
[2016.11.18-18.51.26:473][502]LogWindows:Error: UE4Editor-Slate.dll
[2016.11.18-18.51.26:473][502]LogWindows:Error: UE4Editor-Slate.dll
[2016.11.18-18.51.26:473][502]LogWindows:Error: UE4Editor-Slate.dll
[2016.11.18-18.51.26:473][502]LogWindows:Error: UE4Editor-Slate.dll
[2016.11.18-18.51.26:473][502]LogWindows:Error: UE4Editor-Slate.dll
[2016.11.18-18.51.26:473][502]LogWindows:Error: UE4Editor-Core.dll
[2016.11.18-18.51.26:473][502]LogWindows:Error: UE4Editor-Core.dll
[2016.11.18-18.51.26:473][502]LogWindows:Error: UE4Editor-Core.dll
[2016.11.18-18.51.26:473][502]LogWindows:Error: UE4Editor-Core.dll
[2016.11.18-18.51.26:473][502]LogWindows:Error: USER32.dll
[2016.11.18-18.51.26:473][502]LogWindows:Error: USER32.dll
[2016.11.18-18.51.26:473][502]LogWindows:Error: UE4Editor-Core.dll
[2016.11.18-18.51.26:473][502]LogWindows:Error: UE4Editor.exe
[2016.11.18-18.51.26:473][502]LogWindows:Error: UE4Editor.exe
[2016.11.18-18.51.26:473][502]LogWindows:Error: UE4Editor.exe
[2016.11.18-18.51.26:473][502]LogWindows:Error: UE4Editor.exe
[2016.11.18-18.51.26:473][502]LogWindows:Error: UE4Editor.exe
[2016.11.18-18.51.26:473][502]LogWindows:Error: KERNEL32.DLL
[2016.11.18-18.51.26:473][502]LogWindows:Error: ntdll.dll
[2016.11.18-18.51.26:473][502]LogWindows:Error: ntdll.dll
[2016.11.18-18.51.26:473][502]LogWindows:Error: 
[2016.11.18-18.51.26:509][502]LogExit: Executing StaticShutdownAfterError
[2016.11.18-18.51.26:775][502]LogWindows: FPlatformMisc::RequestExit(1)
[2016.11.18-18.51.26:776][502]Log file closed, 11/18/16 11:51:26
